<?xml version="1.0" encoding="UTF-8"?>
<testsuite xmlns:xsi="http://www.w3.org/2001/XMLSchema-instance" xsi:noNamespaceSchemaLocation="https://maven.apache.org/surefire/maven-surefire-plugin/xsd/surefire-test-report-3.0.xsd" version="3.0" name="TestSuite" time="389.935" tests="53" errors="0" skipped="8" failures="21">
  <properties>
    <property name="sun.desktop" value="windows"/>
    <property name="awt.toolkit" value="sun.awt.windows.WToolkit"/>
    <property name="file.encoding.pkg" value="sun.io"/>
    <property name="java.specification.version" value="1.8"/>
    <property name="sun.cpu.isalist" value="amd64"/>
    <property name="sun.jnu.encoding" value="Cp1252"/>
    <property name="java.class.path" value="C:\Shams\PeopleNTech\Automation\ADVANCED_MAVEN\target\test-classes;C:\Shams\PeopleNTech\Automation\ADVANCED_MAVEN\target\classes;C:\Users\shams\.m2\repository\com\aventstack\extentreports\5.0.9\extentreports-5.0.9.jar;C:\Users\shams\.m2\repository\io\reactivex\rxjava3\rxjava\3.0.4\rxjava-3.0.4.jar;C:\Users\shams\.m2\repository\org\reactivestreams\reactive-streams\1.0.3\reactive-streams-1.0.3.jar;C:\Users\shams\.m2\repository\org\freemarker\freemarker\2.3.30\freemarker-2.3.30.jar;C:\Users\shams\.m2\repository\org\projectlombok\lombok\1.18.12\lombok-1.18.12.jar;C:\Users\shams\.m2\repository\com\google\code\gson\gson\2.8.6\gson-2.8.6.jar;C:\Users\shams\.m2\repository\com\github\ralfstuckert\pdfbox-layout\pdfbox2-layout\1.0.1\pdfbox2-layout-1.0.1.jar;C:\Users\shams\.m2\repository\org\apache\pdfbox\pdfbox\2.0.4\pdfbox-2.0.4.jar;C:\Users\shams\.m2\repository\org\apache\pdfbox\fontbox\2.0.4\fontbox-2.0.4.jar;C:\Program Files\Java\jdk1.8.0_351\lib\tools.jar;C:\Users\shams\.m2\repository\org\seleniumhq\selenium\selenium-java\4.8.3\selenium-java-4.8.3.jar;C:\Users\shams\.m2\repository\org\seleniumhq\selenium\selenium-api\4.8.3\selenium-api-4.8.3.jar;C:\Users\shams\.m2\repository\org\seleniumhq\selenium\selenium-chrome-driver\4.8.3\selenium-chrome-driver-4.8.3.jar;C:\Users\shams\.m2\repository\com\google\auto\service\auto-service-annotations\1.0.1\auto-service-annotations-1.0.1.jar;C:\Users\shams\.m2\repository\com\google\auto\service\auto-service\1.0.1\auto-service-1.0.1.jar;C:\Users\shams\.m2\repository\com\google\auto\auto-common\1.2\auto-common-1.2.jar;C:\Users\shams\.m2\repository\com\google\guava\guava\31.1-jre\guava-31.1-jre.jar;C:\Users\shams\.m2\repository\com\google\guava\failureaccess\1.0.1\failureaccess-1.0.1.jar;C:\Users\shams\.m2\repository\com\google\guava\listenablefuture\9999.0-empty-to-avoid-conflict-with-guava\listenablefuture-9999.0-empty-to-avoid-conflict-with-guava.jar;C:\Users\shams\.m2\repository\com\google\code\findbugs\jsr305\3.0.2\jsr305-3.0.2.jar;C:\Users\shams\.m2\repository\org\checkerframework\checker-qual\3.12.0\checker-qual-3.12.0.jar;C:\Users\shams\.m2\repository\com\google\errorprone\error_prone_annotations\2.11.0\error_prone_annotations-2.11.0.jar;C:\Users\shams\.m2\repository\com\google\j2objc\j2objc-annotations\1.3\j2objc-annotations-1.3.jar;C:\Users\shams\.m2\repository\org\seleniumhq\selenium\selenium-chromium-driver\4.8.3\selenium-chromium-driver-4.8.3.jar;C:\Users\shams\.m2\repository\org\seleniumhq\selenium\selenium-json\4.8.3\selenium-json-4.8.3.jar;C:\Users\shams\.m2\repository\org\seleniumhq\selenium\selenium-manager\4.8.3\selenium-manager-4.8.3.jar;C:\Users\shams\.m2\repository\org\seleniumhq\selenium\selenium-devtools-v109\4.8.3\selenium-devtools-v109-4.8.3.jar;C:\Users\shams\.m2\repository\org\seleniumhq\selenium\selenium-devtools-v110\4.8.3\selenium-devtools-v110-4.8.3.jar;C:\Users\shams\.m2\repository\org\seleniumhq\selenium\selenium-devtools-v111\4.8.3\selenium-devtools-v111-4.8.3.jar;C:\Users\shams\.m2\repository\org\seleniumhq\selenium\selenium-devtools-v85\4.8.3\selenium-devtools-v85-4.8.3.jar;C:\Users\shams\.m2\repository\org\seleniumhq\selenium\selenium-edge-driver\4.8.3\selenium-edge-driver-4.8.3.jar;C:\Users\shams\.m2\repository\org\seleniumhq\selenium\selenium-firefox-driver\4.8.3\selenium-firefox-driver-4.8.3.jar;C:\Users\shams\.m2\repository\org\seleniumhq\selenium\selenium-http\4.8.3\selenium-http-4.8.3.jar;C:\Users\shams\.m2\repository\dev\failsafe\failsafe\3.3.1\failsafe-3.3.1.jar;C:\Users\shams\.m2\repository\org\seleniumhq\selenium\selenium-ie-driver\4.8.3\selenium-ie-driver-4.8.3.jar;C:\Users\shams\.m2\repository\org\seleniumhq\selenium\selenium-remote-driver\4.8.3\selenium-remote-driver-4.8.3.jar;C:\Users\shams\.m2\repository\io\netty\netty-buffer\4.1.90.Final\netty-buffer-4.1.90.Final.jar;C:\Users\shams\.m2\repository\io\netty\netty-codec-http\4.1.90.Final\netty-codec-http-4.1.90.Final.jar;C:\Users\shams\.m2\repository\io\netty\netty-codec\4.1.90.Final\netty-codec-4.1.90.Final.jar;C:\Users\shams\.m2\repository\io\netty\netty-handler\4.1.90.Final\netty-handler-4.1.90.Final.jar;C:\Users\shams\.m2\repository\io\netty\netty-common\4.1.90.Final\netty-common-4.1.90.Final.jar;C:\Users\shams\.m2\repository\io\netty\netty-transport-classes-epoll\4.1.90.Final\netty-transport-classes-epoll-4.1.90.Final.jar;C:\Users\shams\.m2\repository\io\netty\netty-transport-classes-kqueue\4.1.90.Final\netty-transport-classes-kqueue-4.1.90.Final.jar;C:\Users\shams\.m2\repository\io\netty\netty-transport-native-epoll\4.1.90.Final\netty-transport-native-epoll-4.1.90.Final.jar;C:\Users\shams\.m2\repository\io\netty\netty-transport-native-kqueue\4.1.90.Final\netty-transport-native-kqueue-4.1.90.Final.jar;C:\Users\shams\.m2\repository\io\netty\netty-transport-native-unix-common\4.1.90.Final\netty-transport-native-unix-common-4.1.90.Final.jar;C:\Users\shams\.m2\repository\io\netty\netty-transport\4.1.90.Final\netty-transport-4.1.90.Final.jar;C:\Users\shams\.m2\repository\io\netty\netty-resolver\4.1.90.Final\netty-resolver-4.1.90.Final.jar;C:\Users\shams\.m2\repository\io\opentelemetry\opentelemetry-api\1.24.0\opentelemetry-api-1.24.0.jar;C:\Users\shams\.m2\repository\io\opentelemetry\opentelemetry-context\1.24.0\opentelemetry-context-1.24.0.jar;C:\Users\shams\.m2\repository\io\opentelemetry\opentelemetry-exporter-logging\1.24.0\opentelemetry-exporter-logging-1.24.0.jar;C:\Users\shams\.m2\repository\io\opentelemetry\opentelemetry-sdk-metrics\1.24.0\opentelemetry-sdk-metrics-1.24.0.jar;C:\Users\shams\.m2\repository\io\opentelemetry\opentelemetry-sdk-logs\1.24.0-alpha\opentelemetry-sdk-logs-1.24.0-alpha.jar;C:\Users\shams\.m2\repository\io\opentelemetry\opentelemetry-api-logs\1.24.0-alpha\opentelemetry-api-logs-1.24.0-alpha.jar;C:\Users\shams\.m2\repository\io\opentelemetry\opentelemetry-api-events\1.24.0-alpha\opentelemetry-api-events-1.24.0-alpha.jar;C:\Users\shams\.m2\repository\io\opentelemetry\opentelemetry-sdk-common\1.24.0\opentelemetry-sdk-common-1.24.0.jar;C:\Users\shams\.m2\repository\io\opentelemetry\opentelemetry-sdk-extension-autoconfigure-spi\1.24.0\opentelemetry-sdk-extension-autoconfigure-spi-1.24.0.jar;C:\Users\shams\.m2\repository\io\opentelemetry\opentelemetry-sdk-extension-autoconfigure\1.24.0-alpha\opentelemetry-sdk-extension-autoconfigure-1.24.0-alpha.jar;C:\Users\shams\.m2\repository\io\opentelemetry\opentelemetry-sdk-trace\1.24.0\opentelemetry-sdk-trace-1.24.0.jar;C:\Users\shams\.m2\repository\io\opentelemetry\opentelemetry-sdk\1.24.0\opentelemetry-sdk-1.24.0.jar;C:\Users\shams\.m2\repository\io\opentelemetry\opentelemetry-semconv\1.24.0-alpha\opentelemetry-semconv-1.24.0-alpha.jar;C:\Users\shams\.m2\repository\io\ous\jtoml\2.0.0\jtoml-2.0.0.jar;C:\Users\shams\.m2\repository\net\bytebuddy\byte-buddy\1.14.2\byte-buddy-1.14.2.jar;C:\Users\shams\.m2\repository\org\apache\commons\commons-exec\1.3\commons-exec-1.3.jar;C:\Users\shams\.m2\repository\org\asynchttpclient\async-http-client\2.12.3\async-http-client-2.12.3.jar;C:\Users\shams\.m2\repository\org\asynchttpclient\async-http-client-netty-utils\2.12.3\async-http-client-netty-utils-2.12.3.jar;C:\Users\shams\.m2\repository\io\netty\netty-codec-socks\4.1.60.Final\netty-codec-socks-4.1.60.Final.jar;C:\Users\shams\.m2\repository\io\netty\netty-handler-proxy\4.1.60.Final\netty-handler-proxy-4.1.60.Final.jar;C:\Users\shams\.m2\repository\io\netty\netty-transport-native-epoll\4.1.60.Final\netty-transport-native-epoll-4.1.60.Final-linux-x86_64.jar;C:\Users\shams\.m2\repository\io\netty\netty-transport-native-kqueue\4.1.60.Final\netty-transport-native-kqueue-4.1.60.Final-osx-x86_64.jar;C:\Users\shams\.m2\repository\com\typesafe\netty\netty-reactive-streams\2.0.4\netty-reactive-streams-2.0.4.jar;C:\Users\shams\.m2\repository\com\sun\activation\jakarta.activation\1.2.2\jakarta.activation-1.2.2.jar;C:\Users\shams\.m2\repository\org\seleniumhq\selenium\selenium-safari-driver\4.8.3\selenium-safari-driver-4.8.3.jar;C:\Users\shams\.m2\repository\org\seleniumhq\selenium\selenium-support\4.8.3\selenium-support-4.8.3.jar;C:\Users\shams\.m2\repository\org\testng\testng\6.14.3\testng-6.14.3.jar;C:\Users\shams\.m2\repository\com\beust\jcommander\1.72\jcommander-1.72.jar;C:\Users\shams\.m2\repository\org\apache-extras\beanshell\bsh\2.0b6\bsh-2.0b6.jar;C:\Users\shams\.m2\repository\io\appium\java-client\7.5.1\java-client-7.5.1.jar;C:\Users\shams\.m2\repository\org\apache\httpcomponents\httpclient\4.5.13\httpclient-4.5.13.jar;C:\Users\shams\.m2\repository\org\apache\httpcomponents\httpcore\4.4.13\httpcore-4.4.13.jar;C:\Users\shams\.m2\repository\cglib\cglib\3.3.0\cglib-3.3.0.jar;C:\Users\shams\.m2\repository\commons-validator\commons-validator\1.7\commons-validator-1.7.jar;C:\Users\shams\.m2\repository\commons-beanutils\commons-beanutils\1.9.4\commons-beanutils-1.9.4.jar;C:\Users\shams\.m2\repository\commons-digester\commons-digester\2.1\commons-digester-2.1.jar;C:\Users\shams\.m2\repository\org\apache\commons\commons-lang3\3.12.0\commons-lang3-3.12.0.jar;C:\Users\shams\.m2\repository\org\springframework\spring-context\5.3.4\spring-context-5.3.4.jar;C:\Users\shams\.m2\repository\org\springframework\spring-aop\5.3.4\spring-aop-5.3.4.jar;C:\Users\shams\.m2\repository\org\springframework\spring-beans\5.3.4\spring-beans-5.3.4.jar;C:\Users\shams\.m2\repository\org\springframework\spring-core\5.3.4\spring-core-5.3.4.jar;C:\Users\shams\.m2\repository\org\springframework\spring-jcl\5.3.4\spring-jcl-5.3.4.jar;C:\Users\shams\.m2\repository\org\springframework\spring-expression\5.3.4\spring-expression-5.3.4.jar;C:\Users\shams\.m2\repository\org\aspectj\aspectjweaver\1.9.6\aspectjweaver-1.9.6.jar;C:\Users\shams\.m2\repository\org\slf4j\slf4j-api\1.7.30\slf4j-api-1.7.30.jar;C:\Users\shams\.m2\repository\io\github\bonigarcia\webdrivermanager\5.2.1\webdrivermanager-5.2.1.jar;C:\Users\shams\.m2\repository\com\github\docker-java\docker-java\3.2.13\docker-java-3.2.13.jar;C:\Users\shams\.m2\repository\com\github\docker-java\docker-java-core\3.2.13\docker-java-core-3.2.13.jar;C:\Users\shams\.m2\repository\com\github\docker-java\docker-java-api\3.2.13\docker-java-api-3.2.13.jar;C:\Users\shams\.m2\repository\org\bouncycastle\bcpkix-jdk15on\1.64\bcpkix-jdk15on-1.64.jar;C:\Users\shams\.m2\repository\org\bouncycastle\bcprov-jdk15on\1.64\bcprov-jdk15on-1.64.jar;C:\Users\shams\.m2\repository\org\slf4j\jcl-over-slf4j\1.7.30\jcl-over-slf4j-1.7.30.jar;C:\Users\shams\.m2\repository\com\github\docker-java\docker-java-transport-httpclient5\3.2.13\docker-java-transport-httpclient5-3.2.13.jar;C:\Users\shams\.m2\repository\com\github\docker-java\docker-java-transport\3.2.13\docker-java-transport-3.2.13.jar;C:\Users\shams\.m2\repository\net\java\dev\jna\jna\5.8.0\jna-5.8.0.jar;C:\Users\shams\.m2\repository\org\brotli\dec\0.1.2\dec-0.1.2.jar;C:\Users\shams\.m2\repository\org\apache\httpcomponents\client5\httpclient5\5.1.3\httpclient5-5.1.3.jar;C:\Users\shams\.m2\repository\org\apache\httpcomponents\core5\httpcore5\5.1.3\httpcore5-5.1.3.jar;C:\Users\shams\.m2\repository\org\apache\httpcomponents\core5\httpcore5-h2\5.1.3\httpcore5-h2-5.1.3.jar;C:\Users\shams\.m2\repository\io\cucumber\cucumber-core\6.10.4\cucumber-core-6.10.4.jar;C:\Users\shams\.m2\repository\io\cucumber\cucumber-gherkin\6.10.4\cucumber-gherkin-6.10.4.jar;C:\Users\shams\.m2\repository\io\cucumber\cucumber-gherkin-messages\6.10.4\cucumber-gherkin-messages-6.10.4.jar;C:\Users\shams\.m2\repository\io\cucumber\messages\15.0.0\messages-15.0.0.jar;C:\Users\shams\.m2\repository\io\cucumber\tag-expressions\3.0.1\tag-expressions-3.0.1.jar;C:\Users\shams\.m2\repository\io\cucumber\cucumber-expressions\10.3.0\cucumber-expressions-10.3.0.jar;C:\Users\shams\.m2\repository\io\cucumber\datatable\3.5.0\datatable-3.5.0.jar;C:\Users\shams\.m2\repository\io\cucumber\cucumber-plugin\6.10.4\cucumber-plugin-6.10.4.jar;C:\Users\shams\.m2\repository\io\cucumber\docstring\6.10.4\docstring-6.10.4.jar;C:\Users\shams\.m2\repository\io\cucumber\html-formatter\13.0.0\html-formatter-13.0.0.jar;C:\Users\shams\.m2\repository\io\cucumber\create-meta\4.0.0\create-meta-4.0.0.jar;C:\Users\shams\.m2\repository\org\apiguardian\apiguardian-api\1.1.1\apiguardian-api-1.1.1.jar;C:\Users\shams\.m2\repository\io\cucumber\cucumber-java\6.10.4\cucumber-java-6.10.4.jar;C:\Users\shams\.m2\repository\io\cucumber\cucumber-junit\6.10.4\cucumber-junit-6.10.4.jar;C:\Users\shams\.m2\repository\io\cucumber\cucumber-testng\6.10.4\cucumber-testng-6.10.4.jar;C:\Users\shams\.m2\repository\io\cucumber\cucumber-jvm-deps\1.0.6\cucumber-jvm-deps-1.0.6.jar;C:\Users\shams\.m2\repository\net\masterthought\cucumber-reporting\5.5.3\cucumber-reporting-5.5.3.jar;C:\Users\shams\.m2\repository\com\fasterxml\jackson\core\jackson-databind\2.12.1\jackson-databind-2.12.1.jar;C:\Users\shams\.m2\repository\com\fasterxml\jackson\core\jackson-annotations\2.12.1\jackson-annotations-2.12.1.jar;C:\Users\shams\.m2\repository\com\fasterxml\jackson\core\jackson-core\2.12.1\jackson-core-2.12.1.jar;C:\Users\shams\.m2\repository\com\fasterxml\jackson\datatype\jackson-datatype-jsr310\2.12.1\jackson-datatype-jsr310-2.12.1.jar;C:\Users\shams\.m2\repository\org\apache\velocity\velocity-engine-core\2.2\velocity-engine-core-2.2.jar;C:\Users\shams\.m2\repository\commons-collections\commons-collections\3.2.2\commons-collections-3.2.2.jar;C:\Users\shams\.m2\repository\joda-time\joda-time\2.10.9\joda-time-2.10.9.jar;C:\Users\shams\.m2\repository\org\codehaus\plexus\plexus-utils\3.3.0\plexus-utils-3.3.0.jar;C:\Users\shams\.m2\repository\org\jsoup\jsoup\1.13.1\jsoup-1.13.1.jar;C:\Users\shams\.m2\repository\com\googlecode\owasp-java-html-sanitizer\owasp-java-html-sanitizer\20200713.1\owasp-java-html-sanitizer-20200713.1.jar;C:\Users\shams\.m2\repository\commons-configuration\commons-configuration\1.10\commons-configuration-1.10.jar;C:\Users\shams\.m2\repository\commons-lang\commons-lang\2.6\commons-lang-2.6.jar;C:\Users\shams\.m2\repository\org\hamcrest\hamcrest-core\2.2\hamcrest-core-2.2.jar;C:\Users\shams\.m2\repository\org\hamcrest\hamcrest\2.2\hamcrest-2.2.jar;C:\Users\shams\.m2\repository\io\cucumber\gherkin\5.1.0\gherkin-5.1.0.jar;C:\Users\shams\.m2\repository\io\cucumber\gherkin-jvm-deps\1.0.4\gherkin-jvm-deps-1.0.4.jar;C:\Users\shams\.m2\repository\net\sourceforge\cobertura\cobertura\2.1.1\cobertura-2.1.1.jar;C:\Users\shams\.m2\repository\org\ow2\asm\asm\5.0.1\asm-5.0.1.jar;C:\Users\shams\.m2\repository\org\ow2\asm\asm-tree\5.0.1\asm-tree-5.0.1.jar;C:\Users\shams\.m2\repository\org\ow2\asm\asm-commons\5.0.1\asm-commons-5.0.1.jar;C:\Users\shams\.m2\repository\org\ow2\asm\asm-util\5.0.1\asm-util-5.0.1.jar;C:\Users\shams\.m2\repository\org\ow2\asm\asm-analysis\5.0.1\asm-analysis-5.0.1.jar;C:\Users\shams\.m2\repository\oro\oro\2.0.8\oro-2.0.8.jar;C:\Users\shams\.m2\repository\jaxen\jaxen\1.1.4\jaxen-1.1.4.jar;C:\Users\shams\.m2\repository\org\apache\ant\ant\1.8.3\ant-1.8.3.jar;C:\Users\shams\.m2\repository\org\apache\ant\ant-launcher\1.8.3\ant-launcher-1.8.3.jar;C:\Users\shams\.m2\repository\org\apache\ant\ant-junit\1.8.3\ant-junit-1.8.3.jar;C:\Users\shams\.m2\repository\org\mortbay\jetty\servlet-api-2.5\6.1.14\servlet-api-2.5-6.1.14.jar;C:\Users\shams\.m2\repository\org\mortbay\jetty\jetty\6.1.14\jetty-6.1.14.jar;C:\Users\shams\.m2\repository\org\mortbay\jetty\jetty-util\6.1.14\jetty-util-6.1.14.jar;C:\Users\shams\.m2\repository\ch\qos\logback\logback-classic\1.0.13\logback-classic-1.0.13.jar;C:\Users\shams\.m2\repository\ch\qos\logback\logback-core\1.0.13\logback-core-1.0.13.jar;C:\Users\shams\.m2\repository\junit\junit\4.11\junit-4.11.jar;C:\Users\shams\.m2\repository\org\apache\poi\poi-ooxml\4.1.1\poi-ooxml-4.1.1.jar;C:\Users\shams\.m2\repository\org\apache\commons\commons-compress\1.19\commons-compress-1.19.jar;C:\Users\shams\.m2\repository\com\github\virtuald\curvesapi\1.06\curvesapi-1.06.jar;C:\Users\shams\.m2\repository\org\apache\poi\poi\4.1.1\poi-4.1.1.jar;C:\Users\shams\.m2\repository\commons-codec\commons-codec\1.13\commons-codec-1.13.jar;C:\Users\shams\.m2\repository\org\apache\commons\commons-collections4\4.4\commons-collections4-4.4.jar;C:\Users\shams\.m2\repository\org\apache\commons\commons-math3\3.6.1\commons-math3-3.6.1.jar;C:\Users\shams\.m2\repository\org\apache\poi\poi-ooxml-schemas\4.1.1\poi-ooxml-schemas-4.1.1.jar;C:\Users\shams\.m2\repository\org\apache\xmlbeans\xmlbeans\3.1.0\xmlbeans-3.1.0.jar;C:\Users\shams\.m2\repository\commons-io\commons-io\2.6\commons-io-2.6.jar;C:\Users\shams\.m2\repository\org\apache\httpcomponents\fluent-hc\4.5.13\fluent-hc-4.5.13.jar;C:\Users\shams\.m2\repository\commons-logging\commons-logging\1.2\commons-logging-1.2.jar;C:\Users\shams\.m2\repository\org\apache\poi\poi-scratchpad\4.1.1\poi-scratchpad-4.1.1.jar;C:\Users\shams\.m2\repository\org\apache\poi\openxml4j\1.0-beta\openxml4j-1.0-beta.jar;C:\Users\shams\.m2\repository\dom4j\dom4j\1.6.1\dom4j-1.6.1.jar;C:\Users\shams\.m2\repository\xml-apis\xml-apis\1.0.b2\xml-apis-1.0.b2.jar;C:\Users\shams\.m2\repository\log4j\log4j\1.2.8\log4j-1.2.8.jar;C:\Users\shams\.m2\repository\com\googlecode\json-simple\json-simple\1.1.1\json-simple-1.1.1.jar;C:\Users\shams\.m2\repository\tech\grasshopper\extentreports-cucumber6-adapter\2.6.0\extentreports-cucumber6-adapter-2.6.0.jar;C:\Users\shams\.m2\repository\tech\grasshopper\extent-pdf-report\1.5.0\extent-pdf-report-1.5.0.jar;C:\Users\shams\.m2\repository\tech\grasshopper\cucumber-pdf-report\1.7.0\cucumber-pdf-report-1.7.0.jar;C:\Users\shams\.m2\repository\org\knowm\xchart\xchart\3.6.5\xchart-3.6.5.jar;C:\Users\shams\.m2\repository\de\erichseifert\vectorgraphics2d\VectorGraphics2D\0.13\VectorGraphics2D-0.13.jar;C:\Users\shams\.m2\repository\de\rototor\pdfbox\graphics2d\0.27\graphics2d-0.27.jar;C:\Users\shams\.m2\repository\com\madgag\animated-gif-lib\1.4\animated-gif-lib-1.4.jar;C:\Users\shams\.m2\repository\com\github\vandeseer\easytable\0.7.1\easytable-0.7.1.jar;C:\Users\shams\.m2\repository\org\yaml\snakeyaml\1.27\snakeyaml-1.27.jar;C:\Users\shams\.m2\repository\com\aventstack\klov-reporter\5.0.5\klov-reporter-5.0.5.jar;C:\Users\shams\.m2\repository\org\mongodb\bson\3.6.4\bson-3.6.4.jar;C:\Users\shams\.m2\repository\org\apache\httpcomponents\httpmime\4.5.2\httpmime-4.5.2.jar;C:\Users\shams\.m2\repository\org\mongodb\mongodb-driver\3.3.0\mongodb-driver-3.3.0.jar;C:\Users\shams\.m2\repository\org\mongodb\mongodb-driver-core\3.3.0\mongodb-driver-core-3.3.0.jar;"/>
    <property name="java.vm.vendor" value="Oracle Corporation"/>
    <property name="sun.arch.data.model" value="64"/>
    <property name="user.variant" value=""/>
    <property name="java.vendor.url" value="http://java.oracle.com/"/>
    <property name="user.timezone" value="America/New_York"/>
    <property name="java.vm.specification.version" value="1.8"/>
    <property name="os.name" value="Windows 11"/>
    <property name="user.country" value="US"/>
    <property name="sun.java.launcher" value="SUN_STANDARD"/>
    <property name="sun.boot.library.path" value="C:\Program Files\Java\jdk1.8.0_351\jre\bin"/>
    <property name="sun.java.command" value="C:\Users\shams\AppData\Local\Temp\surefire4728138097802351394\surefirebooter-20230422160729213_3.jar C:\Users\shams\AppData\Local\Temp\surefire4728138097802351394 2023-04-22T16-07-27_233-jvmRun1 surefire-20230422160729213_1tmp surefire_0-20230422160729213_2tmp"/>
    <property name="surefire.test.class.path" value="C:\Shams\PeopleNTech\Automation\ADVANCED_MAVEN\target\test-classes;C:\Shams\PeopleNTech\Automation\ADVANCED_MAVEN\target\classes;C:\Users\shams\.m2\repository\com\aventstack\extentreports\5.0.9\extentreports-5.0.9.jar;C:\Users\shams\.m2\repository\io\reactivex\rxjava3\rxjava\3.0.4\rxjava-3.0.4.jar;C:\Users\shams\.m2\repository\org\reactivestreams\reactive-streams\1.0.3\reactive-streams-1.0.3.jar;C:\Users\shams\.m2\repository\org\freemarker\freemarker\2.3.30\freemarker-2.3.30.jar;C:\Users\shams\.m2\repository\org\projectlombok\lombok\1.18.12\lombok-1.18.12.jar;C:\Users\shams\.m2\repository\com\google\code\gson\gson\2.8.6\gson-2.8.6.jar;C:\Users\shams\.m2\repository\com\github\ralfstuckert\pdfbox-layout\pdfbox2-layout\1.0.1\pdfbox2-layout-1.0.1.jar;C:\Users\shams\.m2\repository\org\apache\pdfbox\pdfbox\2.0.4\pdfbox-2.0.4.jar;C:\Users\shams\.m2\repository\org\apache\pdfbox\fontbox\2.0.4\fontbox-2.0.4.jar;C:\Program Files\Java\jdk1.8.0_351\lib\tools.jar;C:\Users\shams\.m2\repository\org\seleniumhq\selenium\selenium-java\4.8.3\selenium-java-4.8.3.jar;C:\Users\shams\.m2\repository\org\seleniumhq\selenium\selenium-api\4.8.3\selenium-api-4.8.3.jar;C:\Users\shams\.m2\repository\org\seleniumhq\selenium\selenium-chrome-driver\4.8.3\selenium-chrome-driver-4.8.3.jar;C:\Users\shams\.m2\repository\com\google\auto\service\auto-service-annotations\1.0.1\auto-service-annotations-1.0.1.jar;C:\Users\shams\.m2\repository\com\google\auto\service\auto-service\1.0.1\auto-service-1.0.1.jar;C:\Users\shams\.m2\repository\com\google\auto\auto-common\1.2\auto-common-1.2.jar;C:\Users\shams\.m2\repository\com\google\guava\guava\31.1-jre\guava-31.1-jre.jar;C:\Users\shams\.m2\repository\com\google\guava\failureaccess\1.0.1\failureaccess-1.0.1.jar;C:\Users\shams\.m2\repository\com\google\guava\listenablefuture\9999.0-empty-to-avoid-conflict-with-guava\listenablefuture-9999.0-empty-to-avoid-conflict-with-guava.jar;C:\Users\shams\.m2\repository\com\google\code\findbugs\jsr305\3.0.2\jsr305-3.0.2.jar;C:\Users\shams\.m2\repository\org\checkerframework\checker-qual\3.12.0\checker-qual-3.12.0.jar;C:\Users\shams\.m2\repository\com\google\errorprone\error_prone_annotations\2.11.0\error_prone_annotations-2.11.0.jar;C:\Users\shams\.m2\repository\com\google\j2objc\j2objc-annotations\1.3\j2objc-annotations-1.3.jar;C:\Users\shams\.m2\repository\org\seleniumhq\selenium\selenium-chromium-driver\4.8.3\selenium-chromium-driver-4.8.3.jar;C:\Users\shams\.m2\repository\org\seleniumhq\selenium\selenium-json\4.8.3\selenium-json-4.8.3.jar;C:\Users\shams\.m2\repository\org\seleniumhq\selenium\selenium-manager\4.8.3\selenium-manager-4.8.3.jar;C:\Users\shams\.m2\repository\org\seleniumhq\selenium\selenium-devtools-v109\4.8.3\selenium-devtools-v109-4.8.3.jar;C:\Users\shams\.m2\repository\org\seleniumhq\selenium\selenium-devtools-v110\4.8.3\selenium-devtools-v110-4.8.3.jar;C:\Users\shams\.m2\repository\org\seleniumhq\selenium\selenium-devtools-v111\4.8.3\selenium-devtools-v111-4.8.3.jar;C:\Users\shams\.m2\repository\org\seleniumhq\selenium\selenium-devtools-v85\4.8.3\selenium-devtools-v85-4.8.3.jar;C:\Users\shams\.m2\repository\org\seleniumhq\selenium\selenium-edge-driver\4.8.3\selenium-edge-driver-4.8.3.jar;C:\Users\shams\.m2\repository\org\seleniumhq\selenium\selenium-firefox-driver\4.8.3\selenium-firefox-driver-4.8.3.jar;C:\Users\shams\.m2\repository\org\seleniumhq\selenium\selenium-http\4.8.3\selenium-http-4.8.3.jar;C:\Users\shams\.m2\repository\dev\failsafe\failsafe\3.3.1\failsafe-3.3.1.jar;C:\Users\shams\.m2\repository\org\seleniumhq\selenium\selenium-ie-driver\4.8.3\selenium-ie-driver-4.8.3.jar;C:\Users\shams\.m2\repository\org\seleniumhq\selenium\selenium-remote-driver\4.8.3\selenium-remote-driver-4.8.3.jar;C:\Users\shams\.m2\repository\io\netty\netty-buffer\4.1.90.Final\netty-buffer-4.1.90.Final.jar;C:\Users\shams\.m2\repository\io\netty\netty-codec-http\4.1.90.Final\netty-codec-http-4.1.90.Final.jar;C:\Users\shams\.m2\repository\io\netty\netty-codec\4.1.90.Final\netty-codec-4.1.90.Final.jar;C:\Users\shams\.m2\repository\io\netty\netty-handler\4.1.90.Final\netty-handler-4.1.90.Final.jar;C:\Users\shams\.m2\repository\io\netty\netty-common\4.1.90.Final\netty-common-4.1.90.Final.jar;C:\Users\shams\.m2\repository\io\netty\netty-transport-classes-epoll\4.1.90.Final\netty-transport-classes-epoll-4.1.90.Final.jar;C:\Users\shams\.m2\repository\io\netty\netty-transport-classes-kqueue\4.1.90.Final\netty-transport-classes-kqueue-4.1.90.Final.jar;C:\Users\shams\.m2\repository\io\netty\netty-transport-native-epoll\4.1.90.Final\netty-transport-native-epoll-4.1.90.Final.jar;C:\Users\shams\.m2\repository\io\netty\netty-transport-native-kqueue\4.1.90.Final\netty-transport-native-kqueue-4.1.90.Final.jar;C:\Users\shams\.m2\repository\io\netty\netty-transport-native-unix-common\4.1.90.Final\netty-transport-native-unix-common-4.1.90.Final.jar;C:\Users\shams\.m2\repository\io\netty\netty-transport\4.1.90.Final\netty-transport-4.1.90.Final.jar;C:\Users\shams\.m2\repository\io\netty\netty-resolver\4.1.90.Final\netty-resolver-4.1.90.Final.jar;C:\Users\shams\.m2\repository\io\opentelemetry\opentelemetry-api\1.24.0\opentelemetry-api-1.24.0.jar;C:\Users\shams\.m2\repository\io\opentelemetry\opentelemetry-context\1.24.0\opentelemetry-context-1.24.0.jar;C:\Users\shams\.m2\repository\io\opentelemetry\opentelemetry-exporter-logging\1.24.0\opentelemetry-exporter-logging-1.24.0.jar;C:\Users\shams\.m2\repository\io\opentelemetry\opentelemetry-sdk-metrics\1.24.0\opentelemetry-sdk-metrics-1.24.0.jar;C:\Users\shams\.m2\repository\io\opentelemetry\opentelemetry-sdk-logs\1.24.0-alpha\opentelemetry-sdk-logs-1.24.0-alpha.jar;C:\Users\shams\.m2\repository\io\opentelemetry\opentelemetry-api-logs\1.24.0-alpha\opentelemetry-api-logs-1.24.0-alpha.jar;C:\Users\shams\.m2\repository\io\opentelemetry\opentelemetry-api-events\1.24.0-alpha\opentelemetry-api-events-1.24.0-alpha.jar;C:\Users\shams\.m2\repository\io\opentelemetry\opentelemetry-sdk-common\1.24.0\opentelemetry-sdk-common-1.24.0.jar;C:\Users\shams\.m2\repository\io\opentelemetry\opentelemetry-sdk-extension-autoconfigure-spi\1.24.0\opentelemetry-sdk-extension-autoconfigure-spi-1.24.0.jar;C:\Users\shams\.m2\repository\io\opentelemetry\opentelemetry-sdk-extension-autoconfigure\1.24.0-alpha\opentelemetry-sdk-extension-autoconfigure-1.24.0-alpha.jar;C:\Users\shams\.m2\repository\io\opentelemetry\opentelemetry-sdk-trace\1.24.0\opentelemetry-sdk-trace-1.24.0.jar;C:\Users\shams\.m2\repository\io\opentelemetry\opentelemetry-sdk\1.24.0\opentelemetry-sdk-1.24.0.jar;C:\Users\shams\.m2\repository\io\opentelemetry\opentelemetry-semconv\1.24.0-alpha\opentelemetry-semconv-1.24.0-alpha.jar;C:\Users\shams\.m2\repository\io\ous\jtoml\2.0.0\jtoml-2.0.0.jar;C:\Users\shams\.m2\repository\net\bytebuddy\byte-buddy\1.14.2\byte-buddy-1.14.2.jar;C:\Users\shams\.m2\repository\org\apache\commons\commons-exec\1.3\commons-exec-1.3.jar;C:\Users\shams\.m2\repository\org\asynchttpclient\async-http-client\2.12.3\async-http-client-2.12.3.jar;C:\Users\shams\.m2\repository\org\asynchttpclient\async-http-client-netty-utils\2.12.3\async-http-client-netty-utils-2.12.3.jar;C:\Users\shams\.m2\repository\io\netty\netty-codec-socks\4.1.60.Final\netty-codec-socks-4.1.60.Final.jar;C:\Users\shams\.m2\repository\io\netty\netty-handler-proxy\4.1.60.Final\netty-handler-proxy-4.1.60.Final.jar;C:\Users\shams\.m2\repository\io\netty\netty-transport-native-epoll\4.1.60.Final\netty-transport-native-epoll-4.1.60.Final-linux-x86_64.jar;C:\Users\shams\.m2\repository\io\netty\netty-transport-native-kqueue\4.1.60.Final\netty-transport-native-kqueue-4.1.60.Final-osx-x86_64.jar;C:\Users\shams\.m2\repository\com\typesafe\netty\netty-reactive-streams\2.0.4\netty-reactive-streams-2.0.4.jar;C:\Users\shams\.m2\repository\com\sun\activation\jakarta.activation\1.2.2\jakarta.activation-1.2.2.jar;C:\Users\shams\.m2\repository\org\seleniumhq\selenium\selenium-safari-driver\4.8.3\selenium-safari-driver-4.8.3.jar;C:\Users\shams\.m2\repository\org\seleniumhq\selenium\selenium-support\4.8.3\selenium-support-4.8.3.jar;C:\Users\shams\.m2\repository\org\testng\testng\6.14.3\testng-6.14.3.jar;C:\Users\shams\.m2\repository\com\beust\jcommander\1.72\jcommander-1.72.jar;C:\Users\shams\.m2\repository\org\apache-extras\beanshell\bsh\2.0b6\bsh-2.0b6.jar;C:\Users\shams\.m2\repository\io\appium\java-client\7.5.1\java-client-7.5.1.jar;C:\Users\shams\.m2\repository\org\apache\httpcomponents\httpclient\4.5.13\httpclient-4.5.13.jar;C:\Users\shams\.m2\repository\org\apache\httpcomponents\httpcore\4.4.13\httpcore-4.4.13.jar;C:\Users\shams\.m2\repository\cglib\cglib\3.3.0\cglib-3.3.0.jar;C:\Users\shams\.m2\repository\commons-validator\commons-validator\1.7\commons-validator-1.7.jar;C:\Users\shams\.m2\repository\commons-beanutils\commons-beanutils\1.9.4\commons-beanutils-1.9.4.jar;C:\Users\shams\.m2\repository\commons-digester\commons-digester\2.1\commons-digester-2.1.jar;C:\Users\shams\.m2\repository\org\apache\commons\commons-lang3\3.12.0\commons-lang3-3.12.0.jar;C:\Users\shams\.m2\repository\org\springframework\spring-context\5.3.4\spring-context-5.3.4.jar;C:\Users\shams\.m2\repository\org\springframework\spring-aop\5.3.4\spring-aop-5.3.4.jar;C:\Users\shams\.m2\repository\org\springframework\spring-beans\5.3.4\spring-beans-5.3.4.jar;C:\Users\shams\.m2\repository\org\springframework\spring-core\5.3.4\spring-core-5.3.4.jar;C:\Users\shams\.m2\repository\org\springframework\spring-jcl\5.3.4\spring-jcl-5.3.4.jar;C:\Users\shams\.m2\repository\org\springframework\spring-expression\5.3.4\spring-expression-5.3.4.jar;C:\Users\shams\.m2\repository\org\aspectj\aspectjweaver\1.9.6\aspectjweaver-1.9.6.jar;C:\Users\shams\.m2\repository\org\slf4j\slf4j-api\1.7.30\slf4j-api-1.7.30.jar;C:\Users\shams\.m2\repository\io\github\bonigarcia\webdrivermanager\5.2.1\webdrivermanager-5.2.1.jar;C:\Users\shams\.m2\repository\com\github\docker-java\docker-java\3.2.13\docker-java-3.2.13.jar;C:\Users\shams\.m2\repository\com\github\docker-java\docker-java-core\3.2.13\docker-java-core-3.2.13.jar;C:\Users\shams\.m2\repository\com\github\docker-java\docker-java-api\3.2.13\docker-java-api-3.2.13.jar;C:\Users\shams\.m2\repository\org\bouncycastle\bcpkix-jdk15on\1.64\bcpkix-jdk15on-1.64.jar;C:\Users\shams\.m2\repository\org\bouncycastle\bcprov-jdk15on\1.64\bcprov-jdk15on-1.64.jar;C:\Users\shams\.m2\repository\org\slf4j\jcl-over-slf4j\1.7.30\jcl-over-slf4j-1.7.30.jar;C:\Users\shams\.m2\repository\com\github\docker-java\docker-java-transport-httpclient5\3.2.13\docker-java-transport-httpclient5-3.2.13.jar;C:\Users\shams\.m2\repository\com\github\docker-java\docker-java-transport\3.2.13\docker-java-transport-3.2.13.jar;C:\Users\shams\.m2\repository\net\java\dev\jna\jna\5.8.0\jna-5.8.0.jar;C:\Users\shams\.m2\repository\org\brotli\dec\0.1.2\dec-0.1.2.jar;C:\Users\shams\.m2\repository\org\apache\httpcomponents\client5\httpclient5\5.1.3\httpclient5-5.1.3.jar;C:\Users\shams\.m2\repository\org\apache\httpcomponents\core5\httpcore5\5.1.3\httpcore5-5.1.3.jar;C:\Users\shams\.m2\repository\org\apache\httpcomponents\core5\httpcore5-h2\5.1.3\httpcore5-h2-5.1.3.jar;C:\Users\shams\.m2\repository\io\cucumber\cucumber-core\6.10.4\cucumber-core-6.10.4.jar;C:\Users\shams\.m2\repository\io\cucumber\cucumber-gherkin\6.10.4\cucumber-gherkin-6.10.4.jar;C:\Users\shams\.m2\repository\io\cucumber\cucumber-gherkin-messages\6.10.4\cucumber-gherkin-messages-6.10.4.jar;C:\Users\shams\.m2\repository\io\cucumber\messages\15.0.0\messages-15.0.0.jar;C:\Users\shams\.m2\repository\io\cucumber\tag-expressions\3.0.1\tag-expressions-3.0.1.jar;C:\Users\shams\.m2\repository\io\cucumber\cucumber-expressions\10.3.0\cucumber-expressions-10.3.0.jar;C:\Users\shams\.m2\repository\io\cucumber\datatable\3.5.0\datatable-3.5.0.jar;C:\Users\shams\.m2\repository\io\cucumber\cucumber-plugin\6.10.4\cucumber-plugin-6.10.4.jar;C:\Users\shams\.m2\repository\io\cucumber\docstring\6.10.4\docstring-6.10.4.jar;C:\Users\shams\.m2\repository\io\cucumber\html-formatter\13.0.0\html-formatter-13.0.0.jar;C:\Users\shams\.m2\repository\io\cucumber\create-meta\4.0.0\create-meta-4.0.0.jar;C:\Users\shams\.m2\repository\org\apiguardian\apiguardian-api\1.1.1\apiguardian-api-1.1.1.jar;C:\Users\shams\.m2\repository\io\cucumber\cucumber-java\6.10.4\cucumber-java-6.10.4.jar;C:\Users\shams\.m2\repository\io\cucumber\cucumber-junit\6.10.4\cucumber-junit-6.10.4.jar;C:\Users\shams\.m2\repository\io\cucumber\cucumber-testng\6.10.4\cucumber-testng-6.10.4.jar;C:\Users\shams\.m2\repository\io\cucumber\cucumber-jvm-deps\1.0.6\cucumber-jvm-deps-1.0.6.jar;C:\Users\shams\.m2\repository\net\masterthought\cucumber-reporting\5.5.3\cucumber-reporting-5.5.3.jar;C:\Users\shams\.m2\repository\com\fasterxml\jackson\core\jackson-databind\2.12.1\jackson-databind-2.12.1.jar;C:\Users\shams\.m2\repository\com\fasterxml\jackson\core\jackson-annotations\2.12.1\jackson-annotations-2.12.1.jar;C:\Users\shams\.m2\repository\com\fasterxml\jackson\core\jackson-core\2.12.1\jackson-core-2.12.1.jar;C:\Users\shams\.m2\repository\com\fasterxml\jackson\datatype\jackson-datatype-jsr310\2.12.1\jackson-datatype-jsr310-2.12.1.jar;C:\Users\shams\.m2\repository\org\apache\velocity\velocity-engine-core\2.2\velocity-engine-core-2.2.jar;C:\Users\shams\.m2\repository\commons-collections\commons-collections\3.2.2\commons-collections-3.2.2.jar;C:\Users\shams\.m2\repository\joda-time\joda-time\2.10.9\joda-time-2.10.9.jar;C:\Users\shams\.m2\repository\org\codehaus\plexus\plexus-utils\3.3.0\plexus-utils-3.3.0.jar;C:\Users\shams\.m2\repository\org\jsoup\jsoup\1.13.1\jsoup-1.13.1.jar;C:\Users\shams\.m2\repository\com\googlecode\owasp-java-html-sanitizer\owasp-java-html-sanitizer\20200713.1\owasp-java-html-sanitizer-20200713.1.jar;C:\Users\shams\.m2\repository\commons-configuration\commons-configuration\1.10\commons-configuration-1.10.jar;C:\Users\shams\.m2\repository\commons-lang\commons-lang\2.6\commons-lang-2.6.jar;C:\Users\shams\.m2\repository\org\hamcrest\hamcrest-core\2.2\hamcrest-core-2.2.jar;C:\Users\shams\.m2\repository\org\hamcrest\hamcrest\2.2\hamcrest-2.2.jar;C:\Users\shams\.m2\repository\io\cucumber\gherkin\5.1.0\gherkin-5.1.0.jar;C:\Users\shams\.m2\repository\io\cucumber\gherkin-jvm-deps\1.0.4\gherkin-jvm-deps-1.0.4.jar;C:\Users\shams\.m2\repository\net\sourceforge\cobertura\cobertura\2.1.1\cobertura-2.1.1.jar;C:\Users\shams\.m2\repository\org\ow2\asm\asm\5.0.1\asm-5.0.1.jar;C:\Users\shams\.m2\repository\org\ow2\asm\asm-tree\5.0.1\asm-tree-5.0.1.jar;C:\Users\shams\.m2\repository\org\ow2\asm\asm-commons\5.0.1\asm-commons-5.0.1.jar;C:\Users\shams\.m2\repository\org\ow2\asm\asm-util\5.0.1\asm-util-5.0.1.jar;C:\Users\shams\.m2\repository\org\ow2\asm\asm-analysis\5.0.1\asm-analysis-5.0.1.jar;C:\Users\shams\.m2\repository\oro\oro\2.0.8\oro-2.0.8.jar;C:\Users\shams\.m2\repository\jaxen\jaxen\1.1.4\jaxen-1.1.4.jar;C:\Users\shams\.m2\repository\org\apache\ant\ant\1.8.3\ant-1.8.3.jar;C:\Users\shams\.m2\repository\org\apache\ant\ant-launcher\1.8.3\ant-launcher-1.8.3.jar;C:\Users\shams\.m2\repository\org\apache\ant\ant-junit\1.8.3\ant-junit-1.8.3.jar;C:\Users\shams\.m2\repository\org\mortbay\jetty\servlet-api-2.5\6.1.14\servlet-api-2.5-6.1.14.jar;C:\Users\shams\.m2\repository\org\mortbay\jetty\jetty\6.1.14\jetty-6.1.14.jar;C:\Users\shams\.m2\repository\org\mortbay\jetty\jetty-util\6.1.14\jetty-util-6.1.14.jar;C:\Users\shams\.m2\repository\ch\qos\logback\logback-classic\1.0.13\logback-classic-1.0.13.jar;C:\Users\shams\.m2\repository\ch\qos\logback\logback-core\1.0.13\logback-core-1.0.13.jar;C:\Users\shams\.m2\repository\junit\junit\4.11\junit-4.11.jar;C:\Users\shams\.m2\repository\org\apache\poi\poi-ooxml\4.1.1\poi-ooxml-4.1.1.jar;C:\Users\shams\.m2\repository\org\apache\commons\commons-compress\1.19\commons-compress-1.19.jar;C:\Users\shams\.m2\repository\com\github\virtuald\curvesapi\1.06\curvesapi-1.06.jar;C:\Users\shams\.m2\repository\org\apache\poi\poi\4.1.1\poi-4.1.1.jar;C:\Users\shams\.m2\repository\commons-codec\commons-codec\1.13\commons-codec-1.13.jar;C:\Users\shams\.m2\repository\org\apache\commons\commons-collections4\4.4\commons-collections4-4.4.jar;C:\Users\shams\.m2\repository\org\apache\commons\commons-math3\3.6.1\commons-math3-3.6.1.jar;C:\Users\shams\.m2\repository\org\apache\poi\poi-ooxml-schemas\4.1.1\poi-ooxml-schemas-4.1.1.jar;C:\Users\shams\.m2\repository\org\apache\xmlbeans\xmlbeans\3.1.0\xmlbeans-3.1.0.jar;C:\Users\shams\.m2\repository\commons-io\commons-io\2.6\commons-io-2.6.jar;C:\Users\shams\.m2\repository\org\apache\httpcomponents\fluent-hc\4.5.13\fluent-hc-4.5.13.jar;C:\Users\shams\.m2\repository\commons-logging\commons-logging\1.2\commons-logging-1.2.jar;C:\Users\shams\.m2\repository\org\apache\poi\poi-scratchpad\4.1.1\poi-scratchpad-4.1.1.jar;C:\Users\shams\.m2\repository\org\apache\poi\openxml4j\1.0-beta\openxml4j-1.0-beta.jar;C:\Users\shams\.m2\repository\dom4j\dom4j\1.6.1\dom4j-1.6.1.jar;C:\Users\shams\.m2\repository\xml-apis\xml-apis\1.0.b2\xml-apis-1.0.b2.jar;C:\Users\shams\.m2\repository\log4j\log4j\1.2.8\log4j-1.2.8.jar;C:\Users\shams\.m2\repository\com\googlecode\json-simple\json-simple\1.1.1\json-simple-1.1.1.jar;C:\Users\shams\.m2\repository\tech\grasshopper\extentreports-cucumber6-adapter\2.6.0\extentreports-cucumber6-adapter-2.6.0.jar;C:\Users\shams\.m2\repository\tech\grasshopper\extent-pdf-report\1.5.0\extent-pdf-report-1.5.0.jar;C:\Users\shams\.m2\repository\tech\grasshopper\cucumber-pdf-report\1.7.0\cucumber-pdf-report-1.7.0.jar;C:\Users\shams\.m2\repository\org\knowm\xchart\xchart\3.6.5\xchart-3.6.5.jar;C:\Users\shams\.m2\repository\de\erichseifert\vectorgraphics2d\VectorGraphics2D\0.13\VectorGraphics2D-0.13.jar;C:\Users\shams\.m2\repository\de\rototor\pdfbox\graphics2d\0.27\graphics2d-0.27.jar;C:\Users\shams\.m2\repository\com\madgag\animated-gif-lib\1.4\animated-gif-lib-1.4.jar;C:\Users\shams\.m2\repository\com\github\vandeseer\easytable\0.7.1\easytable-0.7.1.jar;C:\Users\shams\.m2\repository\org\yaml\snakeyaml\1.27\snakeyaml-1.27.jar;C:\Users\shams\.m2\repository\com\aventstack\klov-reporter\5.0.5\klov-reporter-5.0.5.jar;C:\Users\shams\.m2\repository\org\mongodb\bson\3.6.4\bson-3.6.4.jar;C:\Users\shams\.m2\repository\org\apache\httpcomponents\httpmime\4.5.2\httpmime-4.5.2.jar;C:\Users\shams\.m2\repository\org\mongodb\mongodb-driver\3.3.0\mongodb-driver-3.3.0.jar;C:\Users\shams\.m2\repository\org\mongodb\mongodb-driver-core\3.3.0\mongodb-driver-core-3.3.0.jar;"/>
    <property name="sun.cpu.endian" value="little"/>
    <property name="user.home" value="C:\Users\shams"/>
    <property name="user.language" value="en"/>
    <property name="java.specification.vendor" value="Oracle Corporation"/>
    <property name="java.home" value="C:\Program Files\Java\jdk1.8.0_351\jre"/>
    <property name="basedir" value="C:\Shams\PeopleNTech\Automation\ADVANCED_MAVEN"/>
    <property name="file.separator" value="\"/>
    <property name="line.separator" value="&#10;"/>
    <property name="java.vm.specification.vendor" value="Oracle Corporation"/>
    <property name="java.specification.name" value="Java Platform API Specification"/>
    <property name="java.awt.graphicsenv" value="sun.awt.Win32GraphicsEnvironment"/>
    <property name="surefire.real.class.path" value="C:\Users\shams\AppData\Local\Temp\surefire4728138097802351394\surefirebooter-20230422160729213_3.jar"/>
    <property name="sun.boot.class.path" value="C:\Program Files\Java\jdk1.8.0_351\jre\lib\resources.jar;C:\Program Files\Java\jdk1.8.0_351\jre\lib\rt.jar;C:\Program Files\Java\jdk1.8.0_351\jre\lib\jsse.jar;C:\Program Files\Java\jdk1.8.0_351\jre\lib\jce.jar;C:\Program Files\Java\jdk1.8.0_351\jre\lib\charsets.jar;C:\Program Files\Java\jdk1.8.0_351\jre\lib\jfr.jar;C:\Program Files\Java\jdk1.8.0_351\jre\classes"/>
    <property name="user.script" value=""/>
    <property name="sun.management.compiler" value="HotSpot 64-Bit Tiered Compilers"/>
    <property name="java.runtime.version" value="1.8.0_351-b10"/>
    <property name="user.name" value="shams"/>
    <property name="path.separator" value=";"/>
    <property name="os.version" value="10.0"/>
    <property name="java.endorsed.dirs" value="C:\Program Files\Java\jdk1.8.0_351\jre\lib\endorsed"/>
    <property name="java.runtime.name" value="Java(TM) SE Runtime Environment"/>
    <property name="file.encoding" value="Cp1252"/>
    <property name="java.vm.name" value="Java HotSpot(TM) 64-Bit Server VM"/>
    <property name="localRepository" value="C:\Users\shams\.m2\repository"/>
    <property name="java.vendor.url.bug" value="http://bugreport.sun.com/bugreport/"/>
    <property name="java.io.tmpdir" value="C:\Users\shams\AppData\Local\Temp\"/>
    <property name="java.version" value="1.8.0_351"/>
    <property name="user.dir" value="C:\Shams\PeopleNTech\Automation\ADVANCED_MAVEN"/>
    <property name="os.arch" value="amd64"/>
    <property name="java.vm.specification.name" value="Java Virtual Machine Specification"/>
    <property name="java.awt.printerjob" value="sun.awt.windows.WPrinterJob"/>
    <property name="sun.os.patch.level" value=""/>
    <property name="java.library.path" value="C:\Program Files\Java\jdk1.8.0_351\jre\bin;C:\WINDOWS\Sun\Java\bin;C:\WINDOWS\system32;C:\WINDOWS;C:\Program Files (x86)\VMware\VMware Workstation\bin\;C:\WINDOWS\system32;C:\WINDOWS;C:\WINDOWS\System32\Wbem;C:\WINDOWS\System32\WindowsPowerShell\v1.0\;C:\WINDOWS\System32\OpenSSH\;C:\Shams\PeopleNTech\Automation\apache-maven-3.9.0\bin;C:\Program Files\Git\cmd;C:\Program Files\Git\bin;C:\Program Files\Java\jdk1.8.0_351\bin;C:\Program Files\MySQL\MySQL Shell 8.0\bin\;C:\Users\shams\AppData\Local\Microsoft\WindowsApps;C:\Shams\Software\sqlite-tools-win32-x86-3380500;;C:\Program Files\JetBrains\IntelliJ IDEA Community Edition 2022.3.3\bin;;C:\Program Files\JetBrains\IntelliJ IDEA 2019.2.3\bin;;."/>
    <property name="java.vm.info" value="mixed mode"/>
    <property name="java.vendor" value="Oracle Corporation"/>
    <property name="java.vm.version" value="25.351-b10"/>
    <property name="java.specification.maintenance.version" value="4"/>
    <property name="java.ext.dirs" value="C:\Program Files\Java\jdk1.8.0_351\jre\lib\ext;C:\WINDOWS\Sun\Java\lib\ext"/>
    <property name="sun.io.unicode.encoding" value="UnicodeLittle"/>
    <property name="java.class.version" value="52.0"/>
  </properties>
  <testcase name="headerLinks" classname="com.automationcode_19thMarch_2023.HomeWork_Xpath" time="0.002">
    <system-out><![CDATA[[TestNGContentHandler] [WARN] It is strongly recommended to add "<!DOCTYPE suite SYSTEM "http://testng.org/testng-1.0.dtd" >" at the top of your file, otherwise TestNG may fail or not work as expected.
This is Before Suite
This is Before Test
[DEBUG] Using SLF4J as the default logging framework
[DEBUG] -Dio.netty.leakDetection.level: simple
[DEBUG] -Dio.netty.leakDetection.targetRecords: 4
[DEBUG] Loaded default ResourceLeakDetector: io.netty.util.ResourceLeakDetector@1787bc24
[DEBUG] -Dio.netty.noUnsafe: false
[DEBUG] Java version: 8
[DEBUG] sun.misc.Unsafe.theUnsafe: available
[DEBUG] sun.misc.Unsafe.copyMemory: available
[DEBUG] sun.misc.Unsafe.storeFence: available
[DEBUG] java.nio.Buffer.address: available
[DEBUG] direct buffer constructor: available
[DEBUG] java.nio.Bits.unaligned: available, true
[DEBUG] jdk.internal.misc.Unsafe.allocateUninitializedArray(int): unavailable prior to Java9
[DEBUG] java.nio.DirectByteBuffer.<init>(long, int): available
[DEBUG] sun.misc.Unsafe: available
[DEBUG] -Dio.netty.tmpdir: C:\Users\shams\AppData\Local\Temp (java.io.tmpdir)
[DEBUG] -Dio.netty.bitMode: 64 (sun.arch.data.model)
[DEBUG] Platform: Windows
[DEBUG] -Dio.netty.maxDirectMemory: 7578058752 bytes
[DEBUG] -Dio.netty.uninitializedArrayAllocationThreshold: -1
[DEBUG] java.nio.ByteBuffer.cleaner(): available
[DEBUG] -Dio.netty.noPreferDirect: false
[DEBUG] org.jctools-core.MpscChunkedArrayQueue: available
[DEBUG] -Dio.netty.threadLocalMap.stringBuilder.initialSize: 1024
[DEBUG] -Dio.netty.threadLocalMap.stringBuilder.maxSize: 4096
[DEBUG] Default protocols (JDK): [TLSv1.3, TLSv1.2] 
[DEBUG] Default cipher suites (JDK): [TLS_ECDHE_ECDSA_WITH_AES_256_GCM_SHA384, TLS_ECDHE_ECDSA_WITH_AES_128_GCM_SHA256, TLS_ECDHE_RSA_WITH_AES_128_GCM_SHA256, TLS_ECDHE_RSA_WITH_AES_256_GCM_SHA384, TLS_ECDHE_RSA_WITH_AES_128_CBC_SHA, TLS_ECDHE_RSA_WITH_AES_256_CBC_SHA, TLS_RSA_WITH_AES_128_GCM_SHA256, TLS_RSA_WITH_AES_128_CBC_SHA, TLS_RSA_WITH_AES_256_CBC_SHA, TLS_AES_128_GCM_SHA256, TLS_AES_256_GCM_SHA384]
[DEBUG] -Dio.netty.globalEventExecutor.quietPeriodSeconds: 1
[DEBUG] -Dio.netty.eventLoopThreads: 24
[DEBUG] -Dio.netty.noKeySetOptimization: false
[DEBUG] -Dio.netty.selectorAutoRebuildThreshold: 512
[DEBUG] -Dio.netty.allocator.numHeapArenas: 24
[DEBUG] -Dio.netty.allocator.numDirectArenas: 24
[DEBUG] -Dio.netty.allocator.pageSize: 8192
[DEBUG] -Dio.netty.allocator.maxOrder: 9
[DEBUG] -Dio.netty.allocator.chunkSize: 4194304
[DEBUG] -Dio.netty.allocator.smallCacheSize: 256
[DEBUG] -Dio.netty.allocator.normalCacheSize: 64
[DEBUG] -Dio.netty.allocator.maxCachedBufferCapacity: 32768
[DEBUG] -Dio.netty.allocator.cacheTrimInterval: 8192
[DEBUG] -Dio.netty.allocator.cacheTrimIntervalMillis: 0
[DEBUG] -Dio.netty.allocator.useCacheForAllThreads: false
[DEBUG] -Dio.netty.allocator.maxCachedByteBuffersPerChunk: 1023
[DEBUG] -Dio.netty.allocator.type: pooled
[DEBUG] -Dio.netty.threadLocalDirectBufferSize: 0
[DEBUG] -Dio.netty.maxThreadLocalCharBufferSize: 16384
[DEBUG] -Dio.netty.processId: 8056 (auto-detected)
[DEBUG] -Djava.net.preferIPv4Stack: false
[DEBUG] -Djava.net.preferIPv6Addresses: false
[DEBUG] Loopback interface: lo (Software Loopback Interface 1, 127.0.0.1)
[DEBUG] Failed to get SOMAXCONN from sysctl and file \proc\sys\net\core\somaxconn. Default: 200
[DEBUG] -Dio.netty.machineId: 00:50:56:ff:fe:c0:00:08 (auto-detected)
[DEBUG] -Dio.netty.buffer.checkAccessible: true
[DEBUG] -Dio.netty.buffer.checkBounds: true
[DEBUG] Loaded default ResourceLeakDetector: io.netty.util.ResourceLeakDetector@14d2b6
[DEBUG] Using new Channel '[id: 0x5746f1ff, L:/127.0.0.1:50675 - R:localhost/127.0.0.1:42607]' for 'POST' to '/session'
[DEBUG] -Dio.netty.recycler.maxCapacityPerThread: 4096
[DEBUG] -Dio.netty.recycler.ratio: 8
[DEBUG] -Dio.netty.recycler.chunkSize: 32
[DEBUG] -Dio.netty.recycler.blocking: false
[DEBUG] -Dio.netty.recycler.batchFastThreadLocalOnly: true
[DEBUG] brotli4j not in the classpath; Brotli support will be unavailable.
[DEBUG] 

Request DefaultHttpRequest(decodeResult: success, version: HTTP/1.1)
POST /session HTTP/1.1
User-Agent: selenium/4.8.3 (java windows)
Content-Length: 569
Content-Type: application/json; charset=utf-8
host: localhost:42607
accept: */*

Response DefaultHttpResponse(decodeResult: success, version: HTTP/1.1)
HTTP/1.1 200 OK
Content-Length: 857
Content-Type: application/json; charset=utf-8
cache-control: no-cache

[DEBUG] Adding key: http://localhost:42607 for channel [id: 0x5746f1ff, L:/127.0.0.1:50675 - R:localhost/127.0.0.1:42607]
[DEBUG] Using new Channel '[id: 0xc02e19d3, L:/127.0.0.1:50682 - R:localhost/127.0.0.1:50676]' for 'GET' to '/json/version'
[DEBUG] 

Request DefaultFullHttpRequest(decodeResult: success, version: HTTP/1.1, content: EmptyByteBufBE)
GET /json/version HTTP/1.1
User-Agent: selenium/4.8.3 (java windows)
host: localhost:50676
accept: */*

Response DefaultHttpResponse(decodeResult: success, version: HTTP/1.1)
HTTP/1.1 200 OK
Content-Security-Policy: frame-ancestors 'none'
Content-Length: 424
Content-Type: application/json; charset=UTF-8

[DEBUG] Adding key: http://localhost:50676 for channel [id: 0xc02e19d3, L:/127.0.0.1:50682 - R:localhost/127.0.0.1:50676]
[DEBUG] -Dio.netty.initialSeedUniquifier: 0x097c8cf4d3a377af
[DEBUG] Using new Channel '[id: 0x4c6e86fc, L:/127.0.0.1:50683 - R:localhost/127.0.0.1:50676]' for 'GET' to '/devtools/browser/4068de44-6441-4842-b30f-f33553d61977'
[DEBUG] 

Request DefaultFullHttpRequest(decodeResult: success, version: HTTP/1.1, content: EmptyByteBufBE)
GET /devtools/browser/4068de44-6441-4842-b30f-f33553d61977 HTTP/1.1
upgrade: websocket
connection: upgrade
sec-websocket-key: r9wI5YjjPvJx1DrerhgDMQ==
sec-websocket-version: 13
origin: http://localhost:50676
host: localhost:50676
accept: */*
user-agent: AHC/2.1

Response DefaultHttpResponse(decodeResult: success, version: HTTP/1.1)
HTTP/1.1 101 WebSocket Protocol Handshake
Upgrade: WebSocket
Connection: Upgrade
Sec-WebSocket-Accept: 8jJDR/Xh/7TSTWfCBkCuMiDXdVQ=

[DEBUG] Using pooled Channel '[id: 0x5746f1ff, L:/127.0.0.1:50675 - R:localhost/127.0.0.1:42607]' for 'POST' to 'http://localhost:42607/session/9e282f1fb62db8669eefa2a6896ae35a/url'
[DEBUG] Using open Channel [id: 0x5746f1ff, L:/127.0.0.1:50675 - R:localhost/127.0.0.1:42607] for POST '/session/9e282f1fb62db8669eefa2a6896ae35a/url'
[DEBUG] 

Request DefaultHttpRequest(decodeResult: success, version: HTTP/1.1)
POST /session/9e282f1fb62db8669eefa2a6896ae35a/url HTTP/1.1
User-Agent: selenium/4.8.3 (java windows)
Content-Length: 53
Content-Type: application/json; charset=utf-8
host: localhost:42607
accept: */*

Response DefaultHttpResponse(decodeResult: success, version: HTTP/1.1)
HTTP/1.1 200 OK
Content-Length: 14
Content-Type: application/json; charset=utf-8
cache-control: no-cache

[DEBUG] Adding key: http://localhost:42607 for channel [id: 0x5746f1ff, L:/127.0.0.1:50675 - R:localhost/127.0.0.1:42607]
]]></system-out>
    <system-err><![CDATA[Starting ChromeDriver 112.0.5615.49 (bd2a7bcb881c11e8cfe3078709382934e3916914-refs/branch-heads/5615@{#936}) on port 42607
Only local connections are allowed.
Please see https://chromedriver.chromium.org/security-considerations for suggestions on keeping ChromeDriver safe.
ChromeDriver was started successfully.
Apr 22, 2023 4:07:32 PM org.openqa.selenium.devtools.CdpVersionFinder findNearestMatch
WARNING: Unable to find an exact match for CDP version 112, so returning the closest version found: 111
]]></system-err>
  </testcase>
  <testcase name="AccountDetails" classname="com.automationcode_19thMarch_2023.Facebook" time="0.064">
    <failure message="no such element: Unable to locate element: {&quot;method&quot;:&quot;xpath&quot;,&quot;selector&quot;:&quot;//input[@name=&apos;firstname&apos;]&quot;}&#10;  (Session info: chrome=112.0.5615.138)&#10;For documentation on this error, please visit: https://selenium.dev/exceptions/#no_such_element&#10;Build info: version: &apos;4.8.3&apos;, revision: &apos;e5e76298c3&apos;&#10;System info: os.name: &apos;Windows 11&apos;, os.arch: &apos;amd64&apos;, os.version: &apos;10.0&apos;, java.version: &apos;1.8.0_351&apos;&#10;Driver info: org.openqa.selenium.chrome.ChromeDriver&#10;Command: [103ffa76a58b92585834fd436151f4ea, findElement {using=xpath, value=//input[@name=&apos;firstname&apos;]}]&#10;Capabilities {acceptInsecureCerts: false, browserName: chrome, browserVersion: 112.0.5615.138, chrome: {chromedriverVersion: 112.0.5615.49 (bd2a7bcb881c..., userDataDir: C:\Users\shams\AppData\Loca...}, goog:chromeOptions: {debuggerAddress: localhost:50689}, networkConnectionEnabled: false, pageLoadStrategy: eager, platformName: WINDOWS, proxy: Proxy(), se:cdp: ws://localhost:50689/devtoo..., se:cdpVersion: 112.0.5615.138, setWindowRect: true, strictFileInteractability: false, timeouts: {implicit: 0, pageLoad: 300000, script: 30000}, unhandledPromptBehavior: dismiss and notify, webauthn:extension:credBlob: true, webauthn:extension:largeBlob: true, webauthn:extension:minPinLength: true, webauthn:extension:prf: true, webauthn:virtualAuthenticators: true}&#10;Session ID: 103ffa76a58b92585834fd436151f4ea" type="org.openqa.selenium.NoSuchElementException"><![CDATA[org.openqa.selenium.NoSuchElementException: 
no such element: Unable to locate element: {"method":"xpath","selector":"//input[@name='firstname']"}
  (Session info: chrome=112.0.5615.138)
For documentation on this error, please visit: https://selenium.dev/exceptions/#no_such_element
Build info: version: '4.8.3', revision: 'e5e76298c3'
System info: os.name: 'Windows 11', os.arch: 'amd64', os.version: '10.0', java.version: '1.8.0_351'
Driver info: org.openqa.selenium.chrome.ChromeDriver
Command: [103ffa76a58b92585834fd436151f4ea, findElement {using=xpath, value=//input[@name='firstname']}]
Capabilities {acceptInsecureCerts: false, browserName: chrome, browserVersion: 112.0.5615.138, chrome: {chromedriverVersion: 112.0.5615.49 (bd2a7bcb881c..., userDataDir: C:\Users\shams\AppData\Loca...}, goog:chromeOptions: {debuggerAddress: localhost:50689}, networkConnectionEnabled: false, pageLoadStrategy: eager, platformName: WINDOWS, proxy: Proxy(), se:cdp: ws://localhost:50689/devtoo..., se:cdpVersion: 112.0.5615.138, setWindowRect: true, strictFileInteractability: false, timeouts: {implicit: 0, pageLoad: 300000, script: 30000}, unhandledPromptBehavior: dismiss and notify, webauthn:extension:credBlob: true, webauthn:extension:largeBlob: true, webauthn:extension:minPinLength: true, webauthn:extension:prf: true, webauthn:virtualAuthenticators: true}
Session ID: 103ffa76a58b92585834fd436151f4ea
	at sun.reflect.NativeConstructorAccessorImpl.newInstance0(Native Method)
	at sun.reflect.NativeConstructorAccessorImpl.newInstance(NativeConstructorAccessorImpl.java:62)
	at sun.reflect.DelegatingConstructorAccessorImpl.newInstance(DelegatingConstructorAccessorImpl.java:45)
	at java.lang.reflect.Constructor.newInstance(Constructor.java:423)
	at org.openqa.selenium.remote.codec.w3c.W3CHttpResponseCodec.createException(W3CHttpResponseCodec.java:200)
	at org.openqa.selenium.remote.codec.w3c.W3CHttpResponseCodec.decode(W3CHttpResponseCodec.java:133)
	at org.openqa.selenium.remote.codec.w3c.W3CHttpResponseCodec.decode(W3CHttpResponseCodec.java:53)
	at org.openqa.selenium.remote.HttpCommandExecutor.execute(HttpCommandExecutor.java:193)
	at org.openqa.selenium.remote.service.DriverCommandExecutor.invokeExecute(DriverCommandExecutor.java:183)
	at org.openqa.selenium.remote.service.DriverCommandExecutor.execute(DriverCommandExecutor.java:158)
	at org.openqa.selenium.remote.RemoteWebDriver.execute(RemoteWebDriver.java:543)
	at org.openqa.selenium.remote.ElementLocation$ElementFinder$2.findElement(ElementLocation.java:162)
	at org.openqa.selenium.remote.ElementLocation.findElement(ElementLocation.java:60)
	at org.openqa.selenium.remote.RemoteWebDriver.findElement(RemoteWebDriver.java:352)
	at org.openqa.selenium.remote.RemoteWebDriver.findElement(RemoteWebDriver.java:344)
	at com.automationcode_19thMarch_2023.Facebook.AccountDetails(Facebook.java:36)
	at sun.reflect.NativeMethodAccessorImpl.invoke0(Native Method)
	at sun.reflect.NativeMethodAccessorImpl.invoke(NativeMethodAccessorImpl.java:62)
	at sun.reflect.DelegatingMethodAccessorImpl.invoke(DelegatingMethodAccessorImpl.java:43)
	at java.lang.reflect.Method.invoke(Method.java:498)
	at org.testng.internal.MethodInvocationHelper.invokeMethod(MethodInvocationHelper.java:124)
	at org.testng.internal.Invoker.invokeMethod(Invoker.java:583)
	at org.testng.internal.Invoker.invokeTestMethod(Invoker.java:719)
	at org.testng.internal.Invoker.invokeTestMethods(Invoker.java:989)
	at org.testng.internal.TestMethodWorker.invokeTestMethods(TestMethodWorker.java:125)
	at org.testng.internal.TestMethodWorker.run(TestMethodWorker.java:109)
	at org.testng.TestRunner.privateRun(TestRunner.java:648)
	at org.testng.TestRunner.run(TestRunner.java:505)
	at org.testng.SuiteRunner.runTest(SuiteRunner.java:455)
	at org.testng.SuiteRunner.runSequentially(SuiteRunner.java:450)
	at org.testng.SuiteRunner.privateRun(SuiteRunner.java:415)
	at org.testng.SuiteRunner.run(SuiteRunner.java:364)
	at org.testng.SuiteRunnerWorker.runSuite(SuiteRunnerWorker.java:52)
	at org.testng.SuiteRunnerWorker.run(SuiteRunnerWorker.java:84)
	at org.testng.TestNG.runSuitesSequentially(TestNG.java:1208)
	at org.testng.TestNG.runSuitesLocally(TestNG.java:1137)
	at org.testng.TestNG.runSuites(TestNG.java:1049)
	at org.testng.TestNG.run(TestNG.java:1017)
	at org.apache.maven.surefire.testng.TestNGExecutor.run(TestNGExecutor.java:324)
	at org.apache.maven.surefire.testng.TestNGXmlTestSuite.execute(TestNGXmlTestSuite.java:74)
	at org.apache.maven.surefire.testng.TestNGProvider.invoke(TestNGProvider.java:123)
	at org.apache.maven.surefire.booter.ForkedBooter.runSuitesInProcess(ForkedBooter.java:456)
	at org.apache.maven.surefire.booter.ForkedBooter.execute(ForkedBooter.java:169)
	at org.apache.maven.surefire.booter.ForkedBooter.run(ForkedBooter.java:595)
	at org.apache.maven.surefire.booter.ForkedBooter.main(ForkedBooter.java:581)
]]></failure>
    <system-out><![CDATA[[DEBUG] Using new Channel '[id: 0x5fdc7d7f, L:/127.0.0.1:50688 - R:localhost/127.0.0.1:13874]' for 'POST' to '/session'
[DEBUG] 

Request DefaultHttpRequest(decodeResult: success, version: HTTP/1.1)
POST /session HTTP/1.1
User-Agent: selenium/4.8.3 (java windows)
Content-Length: 571
Content-Type: application/json; charset=utf-8
host: localhost:13874
accept: */*

Response DefaultHttpResponse(decodeResult: success, version: HTTP/1.1)
HTTP/1.1 200 OK
Content-Length: 858
Content-Type: application/json; charset=utf-8
cache-control: no-cache

[DEBUG] Adding key: http://localhost:13874 for channel [id: 0x5fdc7d7f, L:/127.0.0.1:50688 - R:localhost/127.0.0.1:13874]
[DEBUG] Using new Channel '[id: 0x52bef612, L:/127.0.0.1:50696 - R:localhost/127.0.0.1:50689]' for 'GET' to '/json/version'
[DEBUG] 

Request DefaultFullHttpRequest(decodeResult: success, version: HTTP/1.1, content: EmptyByteBufBE)
GET /json/version HTTP/1.1
User-Agent: selenium/4.8.3 (java windows)
host: localhost:50689
accept: */*

Response DefaultHttpResponse(decodeResult: success, version: HTTP/1.1)
HTTP/1.1 200 OK
Content-Security-Policy: frame-ancestors 'none'
Content-Length: 424
Content-Type: application/json; charset=UTF-8

[DEBUG] Adding key: http://localhost:50689 for channel [id: 0x52bef612, L:/127.0.0.1:50696 - R:localhost/127.0.0.1:50689]
[DEBUG] Using new Channel '[id: 0x778dfdba, L:/127.0.0.1:50697 - R:localhost/127.0.0.1:50689]' for 'GET' to '/devtools/browser/405556d1-82b9-49f6-8230-4a859d5b9e88'
[DEBUG] 

Request DefaultFullHttpRequest(decodeResult: success, version: HTTP/1.1, content: EmptyByteBufBE)
GET /devtools/browser/405556d1-82b9-49f6-8230-4a859d5b9e88 HTTP/1.1
upgrade: websocket
connection: upgrade
sec-websocket-key: +5zvMzGNIqsVjT3SquaB0Q==
sec-websocket-version: 13
origin: http://localhost:50689
host: localhost:50689
accept: */*
user-agent: AHC/2.1

Response DefaultHttpResponse(decodeResult: success, version: HTTP/1.1)
HTTP/1.1 101 WebSocket Protocol Handshake
Upgrade: WebSocket
Connection: Upgrade
Sec-WebSocket-Accept: jVn2G3qWZRuBRGfyUq4GgRGUm+E=

[DEBUG] Using pooled Channel '[id: 0x5fdc7d7f, L:/127.0.0.1:50688 - R:localhost/127.0.0.1:13874]' for 'POST' to 'http://localhost:13874/session/103ffa76a58b92585834fd436151f4ea/url'
[DEBUG] Using open Channel [id: 0x5fdc7d7f, L:/127.0.0.1:50688 - R:localhost/127.0.0.1:13874] for POST '/session/103ffa76a58b92585834fd436151f4ea/url'
[DEBUG] Entry count for : http://localhost:50676 : 1
[DEBUG] Entry count for : http://localhost:50689 : 1
[DEBUG] Entry count for : http://localhost:42607 : 1
[DEBUG] 

Request DefaultHttpRequest(decodeResult: success, version: HTTP/1.1)
POST /session/103ffa76a58b92585834fd436151f4ea/url HTTP/1.1
User-Agent: selenium/4.8.3 (java windows)
Content-Length: 55
Content-Type: application/json; charset=utf-8
host: localhost:13874
accept: */*

Response DefaultHttpResponse(decodeResult: success, version: HTTP/1.1)
HTTP/1.1 200 OK
Content-Length: 14
Content-Type: application/json; charset=utf-8
cache-control: no-cache

[DEBUG] Adding key: http://localhost:13874 for channel [id: 0x5fdc7d7f, L:/127.0.0.1:50688 - R:localhost/127.0.0.1:13874]
[DEBUG] Using pooled Channel '[id: 0x5fdc7d7f, L:/127.0.0.1:50688 - R:localhost/127.0.0.1:13874]' for 'POST' to 'http://localhost:13874/session/103ffa76a58b92585834fd436151f4ea/element'
[DEBUG] Using open Channel [id: 0x5fdc7d7f, L:/127.0.0.1:50688 - R:localhost/127.0.0.1:13874] for POST '/session/103ffa76a58b92585834fd436151f4ea/element'
[DEBUG] 

Request DefaultHttpRequest(decodeResult: success, version: HTTP/1.1)
POST /session/103ffa76a58b92585834fd436151f4ea/element HTTP/1.1
User-Agent: selenium/4.8.3 (java windows)
Content-Length: 73
Content-Type: application/json; charset=utf-8
host: localhost:13874
accept: */*

Response DefaultHttpResponse(decodeResult: success, version: HTTP/1.1)
HTTP/1.1 404 Not Found
Content-Length: 947
Content-Type: application/json; charset=utf-8
cache-control: no-cache

[DEBUG] Adding key: http://localhost:13874 for channel [id: 0x5fdc7d7f, L:/127.0.0.1:50688 - R:localhost/127.0.0.1:13874]
]]></system-out>
    <system-err><![CDATA[Starting ChromeDriver 112.0.5615.49 (bd2a7bcb881c11e8cfe3078709382934e3916914-refs/branch-heads/5615@{#936}) on port 13874
Only local connections are allowed.
Please see https://chromedriver.chromium.org/security-considerations for suggestions on keeping ChromeDriver safe.
ChromeDriver was started successfully.
Apr 22, 2023 4:07:33 PM org.openqa.selenium.devtools.CdpVersionFinder findNearestMatch
WARNING: Unable to find an exact match for CDP version 112, so returning the closest version found: 111
]]></system-err>
  </testcase>
  <testcase name="createAccount" classname="com.automationcode_19thMarch_2023.Facebook" time="0.327">
    <system-out><![CDATA[[DEBUG] Using new Channel '[id: 0x7b0b122d, L:/127.0.0.1:50735 - R:localhost/127.0.0.1:30179]' for 'POST' to '/session'
[DEBUG] Entry count for : http://localhost:50676 : 1
[DEBUG] Entry count for : http://localhost:13874 : 1
[DEBUG] Entry count for : http://localhost:50689 : 1
[DEBUG] Entry count for : http://localhost:42607 : 1
[DEBUG] 

Request DefaultHttpRequest(decodeResult: success, version: HTTP/1.1)
POST /session HTTP/1.1
User-Agent: selenium/4.8.3 (java windows)
Content-Length: 571
Content-Type: application/json; charset=utf-8
host: localhost:30179
accept: */*

Response DefaultHttpResponse(decodeResult: success, version: HTTP/1.1)
HTTP/1.1 200 OK
Content-Length: 857
Content-Type: application/json; charset=utf-8
cache-control: no-cache

[DEBUG] Adding key: http://localhost:30179 for channel [id: 0x7b0b122d, L:/127.0.0.1:50735 - R:localhost/127.0.0.1:30179]
[DEBUG] Using new Channel '[id: 0x5aa01259, L:/127.0.0.1:50752 - R:localhost/127.0.0.1:50740]' for 'GET' to '/json/version'
[DEBUG] 

Request DefaultFullHttpRequest(decodeResult: success, version: HTTP/1.1, content: EmptyByteBufBE)
GET /json/version HTTP/1.1
User-Agent: selenium/4.8.3 (java windows)
host: localhost:50740
accept: */*

Response DefaultHttpResponse(decodeResult: success, version: HTTP/1.1)
HTTP/1.1 200 OK
Content-Security-Policy: frame-ancestors 'none'
Content-Length: 424
Content-Type: application/json; charset=UTF-8

[DEBUG] Adding key: http://localhost:50740 for channel [id: 0x5aa01259, L:/127.0.0.1:50752 - R:localhost/127.0.0.1:50740]
[DEBUG] Using new Channel '[id: 0xc5f505b3, L:/127.0.0.1:50753 - R:localhost/127.0.0.1:50740]' for 'GET' to '/devtools/browser/33fa141a-732b-429c-882f-c91a211e9a14'
[DEBUG] 

Request DefaultFullHttpRequest(decodeResult: success, version: HTTP/1.1, content: EmptyByteBufBE)
GET /devtools/browser/33fa141a-732b-429c-882f-c91a211e9a14 HTTP/1.1
upgrade: websocket
connection: upgrade
sec-websocket-key: 1Z9SQSAzTiYQjJ+2QvKbUQ==
sec-websocket-version: 13
origin: http://localhost:50740
host: localhost:50740
accept: */*
user-agent: AHC/2.1

Response DefaultHttpResponse(decodeResult: success, version: HTTP/1.1)
HTTP/1.1 101 WebSocket Protocol Handshake
Upgrade: WebSocket
Connection: Upgrade
Sec-WebSocket-Accept: 4wv4/8PHCsKO2x+FWwvoLU4NWFE=

[DEBUG] Using pooled Channel '[id: 0x7b0b122d, L:/127.0.0.1:50735 - R:localhost/127.0.0.1:30179]' for 'POST' to 'http://localhost:30179/session/8f85a78a6ec370e8bfe3d2033e74cb27/url'
[DEBUG] Using open Channel [id: 0x7b0b122d, L:/127.0.0.1:50735 - R:localhost/127.0.0.1:30179] for POST '/session/8f85a78a6ec370e8bfe3d2033e74cb27/url'
[DEBUG] 

Request DefaultHttpRequest(decodeResult: success, version: HTTP/1.1)
POST /session/8f85a78a6ec370e8bfe3d2033e74cb27/url HTTP/1.1
User-Agent: selenium/4.8.3 (java windows)
Content-Length: 55
Content-Type: application/json; charset=utf-8
host: localhost:30179
accept: */*

Response DefaultHttpResponse(decodeResult: success, version: HTTP/1.1)
HTTP/1.1 200 OK
Content-Length: 14
Content-Type: application/json; charset=utf-8
cache-control: no-cache

[DEBUG] Adding key: http://localhost:30179 for channel [id: 0x7b0b122d, L:/127.0.0.1:50735 - R:localhost/127.0.0.1:30179]
[DEBUG] Using pooled Channel '[id: 0x7b0b122d, L:/127.0.0.1:50735 - R:localhost/127.0.0.1:30179]' for 'POST' to 'http://localhost:30179/session/8f85a78a6ec370e8bfe3d2033e74cb27/element'
[DEBUG] Using open Channel [id: 0x7b0b122d, L:/127.0.0.1:50735 - R:localhost/127.0.0.1:30179] for POST '/session/8f85a78a6ec370e8bfe3d2033e74cb27/element'
[DEBUG] 

Request DefaultHttpRequest(decodeResult: success, version: HTTP/1.1)
POST /session/8f85a78a6ec370e8bfe3d2033e74cb27/element HTTP/1.1
User-Agent: selenium/4.8.3 (java windows)
Content-Length: 59
Content-Type: application/json; charset=utf-8
host: localhost:30179
accept: */*

Response DefaultHttpResponse(decodeResult: success, version: HTTP/1.1)
HTTP/1.1 200 OK
Content-Length: 88
Content-Type: application/json; charset=utf-8
cache-control: no-cache

[DEBUG] Adding key: http://localhost:30179 for channel [id: 0x7b0b122d, L:/127.0.0.1:50735 - R:localhost/127.0.0.1:30179]
[DEBUG] Using pooled Channel '[id: 0x7b0b122d, L:/127.0.0.1:50735 - R:localhost/127.0.0.1:30179]' for 'POST' to 'http://localhost:30179/session/8f85a78a6ec370e8bfe3d2033e74cb27/element/18d142e6-5273-44a5-8574-3a09ee2fd774/click'
[DEBUG] Using open Channel [id: 0x7b0b122d, L:/127.0.0.1:50735 - R:localhost/127.0.0.1:30179] for POST '/session/8f85a78a6ec370e8bfe3d2033e74cb27/element/18d142e6-5273-44a5-8574-3a09ee2fd774/click'
[DEBUG] Entry count for : http://localhost:50676 : 1
[DEBUG] Entry count for : http://localhost:13874 : 1
[DEBUG] Entry count for : http://localhost:50689 : 1
[DEBUG] Entry count for : http://localhost:42607 : 1
[DEBUG] Entry count for : http://localhost:50740 : 1
[DEBUG] 

Request DefaultHttpRequest(decodeResult: success, version: HTTP/1.1)
POST /session/8f85a78a6ec370e8bfe3d2033e74cb27/element/18d142e6-5273-44a5-8574-3a09ee2fd774/click HTTP/1.1
User-Agent: selenium/4.8.3 (java windows)
Content-Length: 50
Content-Type: application/json; charset=utf-8
host: localhost:30179
accept: */*

Response DefaultHttpResponse(decodeResult: success, version: HTTP/1.1)
HTTP/1.1 200 OK
Content-Length: 14
Content-Type: application/json; charset=utf-8
cache-control: no-cache

[DEBUG] Adding key: http://localhost:30179 for channel [id: 0x7b0b122d, L:/127.0.0.1:50735 - R:localhost/127.0.0.1:30179]
]]></system-out>
    <system-err><![CDATA[Starting ChromeDriver 112.0.5615.49 (bd2a7bcb881c11e8cfe3078709382934e3916914-refs/branch-heads/5615@{#936}) on port 30179
Only local connections are allowed.
Please see https://chromedriver.chromium.org/security-considerations for suggestions on keeping ChromeDriver safe.
ChromeDriver was started successfully.
Apr 22, 2023 4:07:35 PM org.openqa.selenium.devtools.CdpVersionFinder findNearestMatch
WARNING: Unable to find an exact match for CDP version 112, so returning the closest version found: 111
]]></system-err>
  </testcase>
  <testcase name="TNLogin" classname="com.automationcode_08thApril_2023.RediffLoginTest" time="5.13">
    <system-out><![CDATA[[DEBUG] Using new Channel '[id: 0x109bee03, L:/127.0.0.1:50785 - R:localhost/127.0.0.1:38908]' for 'POST' to '/session'
[DEBUG] 

Request DefaultHttpRequest(decodeResult: success, version: HTTP/1.1)
POST /session HTTP/1.1
User-Agent: selenium/4.8.3 (java windows)
Content-Length: 439
Content-Type: application/json; charset=utf-8
host: localhost:38908
accept: */*

Response DefaultHttpResponse(decodeResult: success, version: HTTP/1.1)
HTTP/1.1 200 OK
Content-Length: 860
Content-Type: application/json; charset=utf-8
cache-control: no-cache

[DEBUG] Adding key: http://localhost:38908 for channel [id: 0x109bee03, L:/127.0.0.1:50785 - R:localhost/127.0.0.1:38908]
[DEBUG] Using new Channel '[id: 0x4ff3e52d, L:/127.0.0.1:50806 - R:localhost/127.0.0.1:50791]' for 'GET' to '/json/version'
[DEBUG] 

Request DefaultFullHttpRequest(decodeResult: success, version: HTTP/1.1, content: EmptyByteBufBE)
GET /json/version HTTP/1.1
User-Agent: selenium/4.8.3 (java windows)
host: localhost:50791
accept: */*

Response DefaultHttpResponse(decodeResult: success, version: HTTP/1.1)
HTTP/1.1 200 OK
Content-Security-Policy: frame-ancestors 'none'
Content-Length: 424
Content-Type: application/json; charset=UTF-8

[DEBUG] Adding key: http://localhost:50791 for channel [id: 0x4ff3e52d, L:/127.0.0.1:50806 - R:localhost/127.0.0.1:50791]
[DEBUG] Using new Channel '[id: 0x98197c5d, L:/127.0.0.1:50807 - R:localhost/127.0.0.1:50791]' for 'GET' to '/devtools/browser/450afaec-a5d9-4baa-87c2-a1546117e3f0'
[DEBUG] 

Request DefaultFullHttpRequest(decodeResult: success, version: HTTP/1.1, content: EmptyByteBufBE)
GET /devtools/browser/450afaec-a5d9-4baa-87c2-a1546117e3f0 HTTP/1.1
upgrade: websocket
connection: upgrade
sec-websocket-key: PT4cg1oHg8NM4rCsn+dMtA==
sec-websocket-version: 13
origin: http://localhost:50791
host: localhost:50791
accept: */*
user-agent: AHC/2.1

Response DefaultHttpResponse(decodeResult: success, version: HTTP/1.1)
HTTP/1.1 101 WebSocket Protocol Handshake
Upgrade: WebSocket
Connection: Upgrade
Sec-WebSocket-Accept: /PlFw2gigGEnVbeesxNFCTYXF08=

[DEBUG] Using pooled Channel '[id: 0x109bee03, L:/127.0.0.1:50785 - R:localhost/127.0.0.1:38908]' for 'POST' to 'http://localhost:38908/session/a7c9c29b09fb1a61e756390d66f808dd/window/maximize'
[DEBUG] Using open Channel [id: 0x109bee03, L:/127.0.0.1:50785 - R:localhost/127.0.0.1:38908] for POST '/session/a7c9c29b09fb1a61e756390d66f808dd/window/maximize'
[DEBUG] Entry count for : http://localhost:50676 : 1
[DEBUG] Entry count for : http://localhost:13874 : 1
[DEBUG] Entry count for : http://localhost:50689 : 1
[DEBUG] Entry count for : http://localhost:42607 : 1
[DEBUG] Entry count for : http://localhost:50791 : 1
[DEBUG] Entry count for : http://localhost:30179 : 1
[DEBUG] Entry count for : http://localhost:50740 : 1
[DEBUG] 

Request DefaultHttpRequest(decodeResult: success, version: HTTP/1.1)
POST /session/a7c9c29b09fb1a61e756390d66f808dd/window/maximize HTTP/1.1
User-Agent: selenium/4.8.3 (java windows)
Content-Length: 3
Content-Type: application/json; charset=utf-8
host: localhost:38908
accept: */*

Response DefaultHttpResponse(decodeResult: success, version: HTTP/1.1)
HTTP/1.1 200 OK
Content-Length: 52
Content-Type: application/json; charset=utf-8
cache-control: no-cache

[DEBUG] Adding key: http://localhost:38908 for channel [id: 0x109bee03, L:/127.0.0.1:50785 - R:localhost/127.0.0.1:38908]
[DEBUG] Using pooled Channel '[id: 0x109bee03, L:/127.0.0.1:50785 - R:localhost/127.0.0.1:38908]' for 'POST' to 'http://localhost:38908/session/a7c9c29b09fb1a61e756390d66f808dd/timeouts'
[DEBUG] Using open Channel [id: 0x109bee03, L:/127.0.0.1:50785 - R:localhost/127.0.0.1:38908] for POST '/session/a7c9c29b09fb1a61e756390d66f808dd/timeouts'
[DEBUG] 

Request DefaultHttpRequest(decodeResult: success, version: HTTP/1.1)
POST /session/a7c9c29b09fb1a61e756390d66f808dd/timeouts HTTP/1.1
User-Agent: selenium/4.8.3 (java windows)
Content-Length: 23
Content-Type: application/json; charset=utf-8
host: localhost:38908
accept: */*

Response DefaultHttpResponse(decodeResult: success, version: HTTP/1.1)
HTTP/1.1 200 OK
Content-Length: 14
Content-Type: application/json; charset=utf-8
cache-control: no-cache

[DEBUG] Adding key: http://localhost:38908 for channel [id: 0x109bee03, L:/127.0.0.1:50785 - R:localhost/127.0.0.1:38908]
[DEBUG] Using pooled Channel '[id: 0x109bee03, L:/127.0.0.1:50785 - R:localhost/127.0.0.1:38908]' for 'POST' to 'http://localhost:38908/session/a7c9c29b09fb1a61e756390d66f808dd/url'
[DEBUG] Using open Channel [id: 0x109bee03, L:/127.0.0.1:50785 - R:localhost/127.0.0.1:38908] for POST '/session/a7c9c29b09fb1a61e756390d66f808dd/url'
[DEBUG] Entry count for : http://localhost:50676 : 1
[DEBUG] Entry count for : http://localhost:13874 : 1
[DEBUG] Entry count for : http://localhost:50689 : 1
[DEBUG] Entry count for : http://localhost:42607 : 1
[DEBUG] Entry count for : http://localhost:50791 : 1
[DEBUG] Entry count for : http://localhost:30179 : 1
[DEBUG] Entry count for : http://localhost:50740 : 1
[DEBUG] Entry count for : http://localhost:50676 : 1
[DEBUG] Entry count for : http://localhost:13874 : 1
[DEBUG] Entry count for : http://localhost:50689 : 1
[DEBUG] Entry count for : http://localhost:42607 : 1
[DEBUG] Entry count for : http://localhost:50791 : 1
[DEBUG] Entry count for : http://localhost:30179 : 1
[DEBUG] Entry count for : http://localhost:50740 : 1
[DEBUG] 

Request DefaultHttpRequest(decodeResult: success, version: HTTP/1.1)
POST /session/a7c9c29b09fb1a61e756390d66f808dd/url HTTP/1.1
User-Agent: selenium/4.8.3 (java windows)
Content-Length: 67
Content-Type: application/json; charset=utf-8
host: localhost:38908
accept: */*

Response DefaultHttpResponse(decodeResult: success, version: HTTP/1.1)
HTTP/1.1 200 OK
Content-Length: 14
Content-Type: application/json; charset=utf-8
cache-control: no-cache

[DEBUG] Adding key: http://localhost:38908 for channel [id: 0x109bee03, L:/127.0.0.1:50785 - R:localhost/127.0.0.1:38908]
[DEBUG] Using pooled Channel '[id: 0x109bee03, L:/127.0.0.1:50785 - R:localhost/127.0.0.1:38908]' for 'POST' to 'http://localhost:38908/session/a7c9c29b09fb1a61e756390d66f808dd/element'
[DEBUG] Using open Channel [id: 0x109bee03, L:/127.0.0.1:50785 - R:localhost/127.0.0.1:38908] for POST '/session/a7c9c29b09fb1a61e756390d66f808dd/element'
[DEBUG] 

Request DefaultHttpRequest(decodeResult: success, version: HTTP/1.1)
POST /session/a7c9c29b09fb1a61e756390d66f808dd/element HTTP/1.1
User-Agent: selenium/4.8.3 (java windows)
Content-Length: 51
Content-Type: application/json; charset=utf-8
host: localhost:38908
accept: */*

Response DefaultHttpResponse(decodeResult: success, version: HTTP/1.1)
HTTP/1.1 200 OK
Content-Length: 88
Content-Type: application/json; charset=utf-8
cache-control: no-cache

[DEBUG] Adding key: http://localhost:38908 for channel [id: 0x109bee03, L:/127.0.0.1:50785 - R:localhost/127.0.0.1:38908]
[DEBUG] Using pooled Channel '[id: 0x109bee03, L:/127.0.0.1:50785 - R:localhost/127.0.0.1:38908]' for 'POST' to 'http://localhost:38908/session/a7c9c29b09fb1a61e756390d66f808dd/element/6ab72ea2-6a63-40f8-8765-ea3178d5e1f6/click'
[DEBUG] Using open Channel [id: 0x109bee03, L:/127.0.0.1:50785 - R:localhost/127.0.0.1:38908] for POST '/session/a7c9c29b09fb1a61e756390d66f808dd/element/6ab72ea2-6a63-40f8-8765-ea3178d5e1f6/click'
[DEBUG] Entry count for : http://localhost:50676 : 1
[DEBUG] Entry count for : http://localhost:13874 : 1
[DEBUG] Entry count for : http://localhost:50689 : 1
[DEBUG] Entry count for : http://localhost:42607 : 1
[DEBUG] Entry count for : http://localhost:50791 : 1
[DEBUG] Entry count for : http://localhost:30179 : 1
[DEBUG] Entry count for : http://localhost:50740 : 1
[DEBUG] 

Request DefaultHttpRequest(decodeResult: success, version: HTTP/1.1)
POST /session/a7c9c29b09fb1a61e756390d66f808dd/element/6ab72ea2-6a63-40f8-8765-ea3178d5e1f6/click HTTP/1.1
User-Agent: selenium/4.8.3 (java windows)
Content-Length: 50
Content-Type: application/json; charset=utf-8
host: localhost:38908
accept: */*

Response DefaultHttpResponse(decodeResult: success, version: HTTP/1.1)
HTTP/1.1 200 OK
Content-Length: 14
Content-Type: application/json; charset=utf-8
cache-control: no-cache

[DEBUG] Adding key: http://localhost:38908 for channel [id: 0x109bee03, L:/127.0.0.1:50785 - R:localhost/127.0.0.1:38908]
[DEBUG] Using pooled Channel '[id: 0x109bee03, L:/127.0.0.1:50785 - R:localhost/127.0.0.1:38908]' for 'POST' to 'http://localhost:38908/session/a7c9c29b09fb1a61e756390d66f808dd/element'
[DEBUG] Using open Channel [id: 0x109bee03, L:/127.0.0.1:50785 - R:localhost/127.0.0.1:38908] for POST '/session/a7c9c29b09fb1a61e756390d66f808dd/element'
[DEBUG] 

Request DefaultHttpRequest(decodeResult: success, version: HTTP/1.1)
POST /session/a7c9c29b09fb1a61e756390d66f808dd/element HTTP/1.1
User-Agent: selenium/4.8.3 (java windows)
Content-Length: 46
Content-Type: application/json; charset=utf-8
host: localhost:38908
accept: */*

Response DefaultHttpResponse(decodeResult: success, version: HTTP/1.1)
HTTP/1.1 200 OK
Content-Length: 88
Content-Type: application/json; charset=utf-8
cache-control: no-cache

[DEBUG] Adding key: http://localhost:38908 for channel [id: 0x109bee03, L:/127.0.0.1:50785 - R:localhost/127.0.0.1:38908]
[DEBUG] Using pooled Channel '[id: 0x109bee03, L:/127.0.0.1:50785 - R:localhost/127.0.0.1:38908]' for 'POST' to 'http://localhost:38908/session/a7c9c29b09fb1a61e756390d66f808dd/element/29df51ad-ae43-4b22-aac2-1dda5e3b504e/click'
[DEBUG] Using open Channel [id: 0x109bee03, L:/127.0.0.1:50785 - R:localhost/127.0.0.1:38908] for POST '/session/a7c9c29b09fb1a61e756390d66f808dd/element/29df51ad-ae43-4b22-aac2-1dda5e3b504e/click'
[DEBUG] 

Request DefaultHttpRequest(decodeResult: success, version: HTTP/1.1)
POST /session/a7c9c29b09fb1a61e756390d66f808dd/element/29df51ad-ae43-4b22-aac2-1dda5e3b504e/click HTTP/1.1
User-Agent: selenium/4.8.3 (java windows)
Content-Length: 50
Content-Type: application/json; charset=utf-8
host: localhost:38908
accept: */*

Response DefaultHttpResponse(decodeResult: success, version: HTTP/1.1)
HTTP/1.1 200 OK
Content-Length: 14
Content-Type: application/json; charset=utf-8
cache-control: no-cache

[DEBUG] Adding key: http://localhost:38908 for channel [id: 0x109bee03, L:/127.0.0.1:50785 - R:localhost/127.0.0.1:38908]
[DEBUG] Using pooled Channel '[id: 0x109bee03, L:/127.0.0.1:50785 - R:localhost/127.0.0.1:38908]' for 'POST' to 'http://localhost:38908/session/a7c9c29b09fb1a61e756390d66f808dd/element'
[DEBUG] Using open Channel [id: 0x109bee03, L:/127.0.0.1:50785 - R:localhost/127.0.0.1:38908] for POST '/session/a7c9c29b09fb1a61e756390d66f808dd/element'
[DEBUG] 

Request DefaultHttpRequest(decodeResult: success, version: HTTP/1.1)
POST /session/a7c9c29b09fb1a61e756390d66f808dd/element HTTP/1.1
User-Agent: selenium/4.8.3 (java windows)
Content-Length: 58
Content-Type: application/json; charset=utf-8
host: localhost:38908
accept: */*

Response DefaultHttpResponse(decodeResult: success, version: HTTP/1.1)
HTTP/1.1 200 OK
Content-Length: 88
Content-Type: application/json; charset=utf-8
cache-control: no-cache

[DEBUG] Adding key: http://localhost:38908 for channel [id: 0x109bee03, L:/127.0.0.1:50785 - R:localhost/127.0.0.1:38908]
[DEBUG] Using pooled Channel '[id: 0x109bee03, L:/127.0.0.1:50785 - R:localhost/127.0.0.1:38908]' for 'POST' to 'http://localhost:38908/session/a7c9c29b09fb1a61e756390d66f808dd/element/9bcdc1f7-5157-4d1c-8076-215f540bdea7/value'
[DEBUG] Using open Channel [id: 0x109bee03, L:/127.0.0.1:50785 - R:localhost/127.0.0.1:38908] for POST '/session/a7c9c29b09fb1a61e756390d66f808dd/element/9bcdc1f7-5157-4d1c-8076-215f540bdea7/value'
[DEBUG] 

Request DefaultHttpRequest(decodeResult: success, version: HTTP/1.1)
POST /session/a7c9c29b09fb1a61e756390d66f808dd/element/9bcdc1f7-5157-4d1c-8076-215f540bdea7/value HTTP/1.1
User-Agent: selenium/4.8.3 (java windows)
Content-Length: 281
Content-Type: application/json; charset=utf-8
host: localhost:38908
accept: */*

Response DefaultHttpResponse(decodeResult: success, version: HTTP/1.1)
HTTP/1.1 200 OK
Content-Length: 14
Content-Type: application/json; charset=utf-8
cache-control: no-cache

[DEBUG] Adding key: http://localhost:38908 for channel [id: 0x109bee03, L:/127.0.0.1:50785 - R:localhost/127.0.0.1:38908]
[DEBUG] Using pooled Channel '[id: 0x109bee03, L:/127.0.0.1:50785 - R:localhost/127.0.0.1:38908]' for 'POST' to 'http://localhost:38908/session/a7c9c29b09fb1a61e756390d66f808dd/element'
[DEBUG] Using open Channel [id: 0x109bee03, L:/127.0.0.1:50785 - R:localhost/127.0.0.1:38908] for POST '/session/a7c9c29b09fb1a61e756390d66f808dd/element'
[DEBUG] 

Request DefaultHttpRequest(decodeResult: success, version: HTTP/1.1)
POST /session/a7c9c29b09fb1a61e756390d66f808dd/element HTTP/1.1
User-Agent: selenium/4.8.3 (java windows)
Content-Length: 61
Content-Type: application/json; charset=utf-8
host: localhost:38908
accept: */*

Response DefaultHttpResponse(decodeResult: success, version: HTTP/1.1)
HTTP/1.1 200 OK
Content-Length: 88
Content-Type: application/json; charset=utf-8
cache-control: no-cache

[DEBUG] Adding key: http://localhost:38908 for channel [id: 0x109bee03, L:/127.0.0.1:50785 - R:localhost/127.0.0.1:38908]
[DEBUG] Using pooled Channel '[id: 0x109bee03, L:/127.0.0.1:50785 - R:localhost/127.0.0.1:38908]' for 'POST' to 'http://localhost:38908/session/a7c9c29b09fb1a61e756390d66f808dd/element/e118e5cf-d3ec-4a9d-aa3b-20184826c240/value'
[DEBUG] Using open Channel [id: 0x109bee03, L:/127.0.0.1:50785 - R:localhost/127.0.0.1:38908] for POST '/session/a7c9c29b09fb1a61e756390d66f808dd/element/e118e5cf-d3ec-4a9d-aa3b-20184826c240/value'
[DEBUG] 

Request DefaultHttpRequest(decodeResult: success, version: HTTP/1.1)
POST /session/a7c9c29b09fb1a61e756390d66f808dd/element/e118e5cf-d3ec-4a9d-aa3b-20184826c240/value HTTP/1.1
User-Agent: selenium/4.8.3 (java windows)
Content-Length: 121
Content-Type: application/json; charset=utf-8
host: localhost:38908
accept: */*

Response DefaultHttpResponse(decodeResult: success, version: HTTP/1.1)
HTTP/1.1 200 OK
Content-Length: 14
Content-Type: application/json; charset=utf-8
cache-control: no-cache

[DEBUG] Adding key: http://localhost:38908 for channel [id: 0x109bee03, L:/127.0.0.1:50785 - R:localhost/127.0.0.1:38908]
[DEBUG] Using pooled Channel '[id: 0x109bee03, L:/127.0.0.1:50785 - R:localhost/127.0.0.1:38908]' for 'POST' to 'http://localhost:38908/session/a7c9c29b09fb1a61e756390d66f808dd/element'
[DEBUG] Using open Channel [id: 0x109bee03, L:/127.0.0.1:50785 - R:localhost/127.0.0.1:38908] for POST '/session/a7c9c29b09fb1a61e756390d66f808dd/element'
[DEBUG] 

Request DefaultHttpRequest(decodeResult: success, version: HTTP/1.1)
POST /session/a7c9c29b09fb1a61e756390d66f808dd/element HTTP/1.1
User-Agent: selenium/4.8.3 (java windows)
Content-Length: 80
Content-Type: application/json; charset=utf-8
host: localhost:38908
accept: */*

Response DefaultHttpResponse(decodeResult: success, version: HTTP/1.1)
HTTP/1.1 200 OK
Content-Length: 88
Content-Type: application/json; charset=utf-8
cache-control: no-cache

[DEBUG] Adding key: http://localhost:38908 for channel [id: 0x109bee03, L:/127.0.0.1:50785 - R:localhost/127.0.0.1:38908]
[DEBUG] Using pooled Channel '[id: 0x109bee03, L:/127.0.0.1:50785 - R:localhost/127.0.0.1:38908]' for 'POST' to 'http://localhost:38908/session/a7c9c29b09fb1a61e756390d66f808dd/element/62645487-2e7a-486e-a4ff-3fabf9e7b62d/click'
[DEBUG] Using open Channel [id: 0x109bee03, L:/127.0.0.1:50785 - R:localhost/127.0.0.1:38908] for POST '/session/a7c9c29b09fb1a61e756390d66f808dd/element/62645487-2e7a-486e-a4ff-3fabf9e7b62d/click'
[DEBUG] 

Request DefaultHttpRequest(decodeResult: success, version: HTTP/1.1)
POST /session/a7c9c29b09fb1a61e756390d66f808dd/element/62645487-2e7a-486e-a4ff-3fabf9e7b62d/click HTTP/1.1
User-Agent: selenium/4.8.3 (java windows)
Content-Length: 50
Content-Type: application/json; charset=utf-8
host: localhost:38908
accept: */*

Response DefaultHttpResponse(decodeResult: success, version: HTTP/1.1)
HTTP/1.1 200 OK
Content-Length: 14
Content-Type: application/json; charset=utf-8
cache-control: no-cache

[DEBUG] Adding key: http://localhost:38908 for channel [id: 0x109bee03, L:/127.0.0.1:50785 - R:localhost/127.0.0.1:38908]
]]></system-out>
    <system-err><![CDATA[Starting ChromeDriver 112.0.5615.49 (bd2a7bcb881c11e8cfe3078709382934e3916914-refs/branch-heads/5615@{#936}) on port 38908
Only local connections are allowed.
Please see https://chromedriver.chromium.org/security-considerations for suggestions on keeping ChromeDriver safe.
ChromeDriver was started successfully.
Apr 22, 2023 4:07:37 PM org.openqa.selenium.devtools.CdpVersionFinder findNearestMatch
WARNING: Unable to find an exact match for CDP version 112, so returning the closest version found: 111
]]></system-err>
  </testcase>
  <testcase name="rediffLogin" classname="com.automationcode_08thApril_2023.RediffLoginTest" time="5.572">
    <system-out><![CDATA[[DEBUG] Using pooled Channel '[id: 0x109bee03, L:/127.0.0.1:50785 - R:localhost/127.0.0.1:38908]' for 'DELETE' to 'http://localhost:38908/session/a7c9c29b09fb1a61e756390d66f808dd'
[DEBUG] Using open Channel [id: 0x109bee03, L:/127.0.0.1:50785 - R:localhost/127.0.0.1:38908] for DELETE '/session/a7c9c29b09fb1a61e756390d66f808dd'
[DEBUG] Channel Closed: [id: 0x98197c5d, L:/127.0.0.1:50807 ! R:localhost/127.0.0.1:50791] with attribute NettyResponseFuture{currentRetry=0,
	isDone=1,
	isCancelled=0,
	asyncHandler=org.asynchttpclient.ws.WebSocketUpgradeHandler@46fb4b99,
	nettyRequest=org.asynchttpclient.netty.request.NettyRequest@7eac4e65,
	future=java.util.concurrent.CompletableFuture@69a4631e[Completed normally],
	uri=ws://localhost:50791/devtools/browser/450afaec-a5d9-4baa-87c2-a1546117e3f0,
	keepAlive=true,
	redirectCount=0,
	timeoutsHolder=null,
	inAuth=0,
	touch=1682194057086}
[DEBUG] Closing Channel [id: 0x98197c5d, L:/127.0.0.1:50807 ! R:localhost/127.0.0.1:50791] 
[DEBUG] Unexpected I/O exception on channel [id: 0x4ff3e52d, L:/127.0.0.1:50806 - R:localhost/127.0.0.1:50791]
java.io.IOException: An existing connection was forcibly closed by the remote host
	at sun.nio.ch.SocketDispatcher.read0(Native Method) ~[na:1.8.0_351]
	at sun.nio.ch.SocketDispatcher.read(SocketDispatcher.java:43) ~[na:1.8.0_351]
	at sun.nio.ch.IOUtil.readIntoNativeBuffer(IOUtil.java:223) ~[na:1.8.0_351]
	at sun.nio.ch.IOUtil.read(IOUtil.java:192) ~[na:1.8.0_351]
	at sun.nio.ch.SocketChannelImpl.read(SocketChannelImpl.java:378) ~[na:1.8.0_351]
	at io.netty.buffer.PooledByteBuf.setBytes(PooledByteBuf.java:256) ~[netty-buffer-4.1.90.Final.jar:4.1.90.Final]
	at io.netty.buffer.AbstractByteBuf.writeBytes(AbstractByteBuf.java:1132) ~[netty-buffer-4.1.90.Final.jar:4.1.90.Final]
	at io.netty.channel.socket.nio.NioSocketChannel.doReadBytes(NioSocketChannel.java:357) ~[netty-transport-4.1.90.Final.jar:4.1.90.Final]
	at io.netty.channel.nio.AbstractNioByteChannel$NioByteUnsafe.read(AbstractNioByteChannel.java:151) ~[netty-transport-4.1.90.Final.jar:4.1.90.Final]
	at io.netty.channel.nio.NioEventLoop.processSelectedKey(NioEventLoop.java:788) [netty-transport-4.1.90.Final.jar:4.1.90.Final]
	at io.netty.channel.nio.NioEventLoop.processSelectedKeysOptimized(NioEventLoop.java:724) [netty-transport-4.1.90.Final.jar:4.1.90.Final]
	at io.netty.channel.nio.NioEventLoop.processSelectedKeys(NioEventLoop.java:650) [netty-transport-4.1.90.Final.jar:4.1.90.Final]
	at io.netty.channel.nio.NioEventLoop.run(NioEventLoop.java:562) [netty-transport-4.1.90.Final.jar:4.1.90.Final]
	at io.netty.util.concurrent.SingleThreadEventExecutor$4.run(SingleThreadEventExecutor.java:997) [netty-common-4.1.90.Final.jar:4.1.90.Final]
	at io.netty.util.internal.ThreadExecutorMap$2.run(ThreadExecutorMap.java:74) [netty-common-4.1.90.Final.jar:4.1.90.Final]
	at io.netty.util.concurrent.FastThreadLocalRunnable.run(FastThreadLocalRunnable.java:30) [netty-common-4.1.90.Final.jar:4.1.90.Final]
	at java.lang.Thread.run(Thread.java:750) [na:1.8.0_351]
[DEBUG] Closing Channel [id: 0x4ff3e52d, L:/127.0.0.1:50806 - R:localhost/127.0.0.1:50791] 
[DEBUG] Channel Closed: [id: 0x4ff3e52d, L:/127.0.0.1:50806 ! R:localhost/127.0.0.1:50791] with attribute DISCARD
[DEBUG] 

Request DefaultFullHttpRequest(decodeResult: success, version: HTTP/1.1, content: EmptyByteBufBE)
DELETE /session/a7c9c29b09fb1a61e756390d66f808dd HTTP/1.1
User-Agent: selenium/4.8.3 (java windows)
Content-Type: application/json; charset=utf-8
host: localhost:38908
accept: */*

Response DefaultHttpResponse(decodeResult: success, version: HTTP/1.1)
HTTP/1.1 200 OK
Content-Length: 14
Content-Type: application/json; charset=utf-8
cache-control: no-cache

[DEBUG] Adding key: http://localhost:38908 for channel [id: 0x109bee03, L:/127.0.0.1:50785 - R:localhost/127.0.0.1:38908]
[DEBUG] Channel Closed: [id: 0x109bee03, L:/127.0.0.1:50785 ! R:localhost/127.0.0.1:38908] with attribute DISCARD
[DEBUG] Entry count for : http://localhost:50676 : 1
[DEBUG] Entry count for : http://localhost:13874 : 1
[DEBUG] Entry count for : http://localhost:50689 : 1
[DEBUG] Entry count for : http://localhost:38908 : 1
[DEBUG] Entry count for : http://localhost:42607 : 1
[DEBUG] Entry count for : http://localhost:50791 : 1
[DEBUG] Entry count for : http://localhost:30179 : 1
[DEBUG] Entry count for : http://localhost:50740 : 1
[DEBUG] Adding Candidate expired Channel [id: 0x109bee03, L:/127.0.0.1:50785 ! R:localhost/127.0.0.1:38908] isIdleTimeoutExpired=false isRemotelyClosed=true isTtlExpired=false
[DEBUG] Closing Idle Channel [id: 0x109bee03, L:/127.0.0.1:50785 ! R:localhost/127.0.0.1:38908]
[DEBUG] Adding Candidate expired Channel [id: 0x4ff3e52d, L:/127.0.0.1:50806 ! R:localhost/127.0.0.1:50791] isIdleTimeoutExpired=false isRemotelyClosed=true isTtlExpired=false
[DEBUG] Closing Idle Channel [id: 0x4ff3e52d, L:/127.0.0.1:50806 ! R:localhost/127.0.0.1:50791]
[DEBUG] Closed 2 connections out of 8 in 0 ms
[DEBUG] Using new Channel '[id: 0x5775ce52, L:/127.0.0.1:50950 - R:localhost/127.0.0.1:22282]' for 'POST' to '/session'
[DEBUG] Entry count for : http://localhost:50676 : 1
[DEBUG] Entry count for : http://localhost:13874 : 1
[DEBUG] Entry count for : http://localhost:50689 : 1
[DEBUG] Entry count for : http://localhost:42607 : 1
[DEBUG] Entry count for : http://localhost:30179 : 1
[DEBUG] Entry count for : http://localhost:50740 : 1
[DEBUG] 

Request DefaultHttpRequest(decodeResult: success, version: HTTP/1.1)
POST /session HTTP/1.1
User-Agent: selenium/4.8.3 (java windows)
Content-Length: 439
Content-Type: application/json; charset=utf-8
host: localhost:22282
accept: */*

Response DefaultHttpResponse(decodeResult: success, version: HTTP/1.1)
HTTP/1.1 200 OK
Content-Length: 858
Content-Type: application/json; charset=utf-8
cache-control: no-cache

[DEBUG] Adding key: http://localhost:22282 for channel [id: 0x5775ce52, L:/127.0.0.1:50950 - R:localhost/127.0.0.1:22282]
[DEBUG] Using new Channel '[id: 0x87d35413, L:/127.0.0.1:50957 - R:localhost/127.0.0.1:50951]' for 'GET' to '/json/version'
[DEBUG] 

Request DefaultFullHttpRequest(decodeResult: success, version: HTTP/1.1, content: EmptyByteBufBE)
GET /json/version HTTP/1.1
User-Agent: selenium/4.8.3 (java windows)
host: localhost:50951
accept: */*

Response DefaultHttpResponse(decodeResult: success, version: HTTP/1.1)
HTTP/1.1 200 OK
Content-Security-Policy: frame-ancestors 'none'
Content-Length: 424
Content-Type: application/json; charset=UTF-8

[DEBUG] Adding key: http://localhost:50951 for channel [id: 0x87d35413, L:/127.0.0.1:50957 - R:localhost/127.0.0.1:50951]
[DEBUG] Using new Channel '[id: 0xf67cdd65, L:/127.0.0.1:50958 - R:localhost/127.0.0.1:50951]' for 'GET' to '/devtools/browser/2060c452-49c7-41f6-88fa-24903ca0652a'
[DEBUG] 

Request DefaultFullHttpRequest(decodeResult: success, version: HTTP/1.1, content: EmptyByteBufBE)
GET /devtools/browser/2060c452-49c7-41f6-88fa-24903ca0652a HTTP/1.1
upgrade: websocket
connection: upgrade
sec-websocket-key: /Te5Wo1U5xoiOubV7sDbiw==
sec-websocket-version: 13
origin: http://localhost:50951
host: localhost:50951
accept: */*
user-agent: AHC/2.1

Response DefaultHttpResponse(decodeResult: success, version: HTTP/1.1)
HTTP/1.1 101 WebSocket Protocol Handshake
Upgrade: WebSocket
Connection: Upgrade
Sec-WebSocket-Accept: X7p+sHZ56jIYiOTlrTAfEcZTEbE=

[DEBUG] Using pooled Channel '[id: 0x5775ce52, L:/127.0.0.1:50950 - R:localhost/127.0.0.1:22282]' for 'POST' to 'http://localhost:22282/session/78afe024e2d6873371d28077bdc56b5f/window/maximize'
[DEBUG] Using open Channel [id: 0x5775ce52, L:/127.0.0.1:50950 - R:localhost/127.0.0.1:22282] for POST '/session/78afe024e2d6873371d28077bdc56b5f/window/maximize'
[DEBUG] 

Request DefaultHttpRequest(decodeResult: success, version: HTTP/1.1)
POST /session/78afe024e2d6873371d28077bdc56b5f/window/maximize HTTP/1.1
User-Agent: selenium/4.8.3 (java windows)
Content-Length: 3
Content-Type: application/json; charset=utf-8
host: localhost:22282
accept: */*

Response DefaultHttpResponse(decodeResult: success, version: HTTP/1.1)
HTTP/1.1 200 OK
Content-Length: 52
Content-Type: application/json; charset=utf-8
cache-control: no-cache

[DEBUG] Adding key: http://localhost:22282 for channel [id: 0x5775ce52, L:/127.0.0.1:50950 - R:localhost/127.0.0.1:22282]
[DEBUG] Using pooled Channel '[id: 0x5775ce52, L:/127.0.0.1:50950 - R:localhost/127.0.0.1:22282]' for 'POST' to 'http://localhost:22282/session/78afe024e2d6873371d28077bdc56b5f/timeouts'
[DEBUG] Using open Channel [id: 0x5775ce52, L:/127.0.0.1:50950 - R:localhost/127.0.0.1:22282] for POST '/session/78afe024e2d6873371d28077bdc56b5f/timeouts'
[DEBUG] 

Request DefaultHttpRequest(decodeResult: success, version: HTTP/1.1)
POST /session/78afe024e2d6873371d28077bdc56b5f/timeouts HTTP/1.1
User-Agent: selenium/4.8.3 (java windows)
Content-Length: 23
Content-Type: application/json; charset=utf-8
host: localhost:22282
accept: */*

Response DefaultHttpResponse(decodeResult: success, version: HTTP/1.1)
HTTP/1.1 200 OK
Content-Length: 14
Content-Type: application/json; charset=utf-8
cache-control: no-cache

[DEBUG] Adding key: http://localhost:22282 for channel [id: 0x5775ce52, L:/127.0.0.1:50950 - R:localhost/127.0.0.1:22282]
[DEBUG] Using pooled Channel '[id: 0x5775ce52, L:/127.0.0.1:50950 - R:localhost/127.0.0.1:22282]' for 'POST' to 'http://localhost:22282/session/78afe024e2d6873371d28077bdc56b5f/url'
[DEBUG] Using open Channel [id: 0x5775ce52, L:/127.0.0.1:50950 - R:localhost/127.0.0.1:22282] for POST '/session/78afe024e2d6873371d28077bdc56b5f/url'
[DEBUG] Entry count for : http://localhost:50676 : 1
[DEBUG] Entry count for : http://localhost:50951 : 1
[DEBUG] Entry count for : http://localhost:13874 : 1
[DEBUG] Entry count for : http://localhost:50689 : 1
[DEBUG] Entry count for : http://localhost:42607 : 1
[DEBUG] Entry count for : http://localhost:30179 : 1
[DEBUG] Entry count for : http://localhost:50740 : 1
[DEBUG] Entry count for : http://localhost:50676 : 1
[DEBUG] Entry count for : http://localhost:50951 : 1
[DEBUG] Entry count for : http://localhost:13874 : 1
[DEBUG] Entry count for : http://localhost:50689 : 1
[DEBUG] Entry count for : http://localhost:42607 : 1
[DEBUG] Entry count for : http://localhost:30179 : 1
[DEBUG] Entry count for : http://localhost:50740 : 1
[DEBUG] Entry count for : http://localhost:50676 : 1
[DEBUG] Entry count for : http://localhost:50951 : 1
[DEBUG] Entry count for : http://localhost:13874 : 1
[DEBUG] Entry count for : http://localhost:50689 : 1
[DEBUG] Entry count for : http://localhost:42607 : 1
[DEBUG] Entry count for : http://localhost:30179 : 1
[DEBUG] Entry count for : http://localhost:50740 : 1
[DEBUG] 

Request DefaultHttpRequest(decodeResult: success, version: HTTP/1.1)
POST /session/78afe024e2d6873371d28077bdc56b5f/url HTTP/1.1
User-Agent: selenium/4.8.3 (java windows)
Content-Length: 76
Content-Type: application/json; charset=utf-8
host: localhost:22282
accept: */*

Response DefaultHttpResponse(decodeResult: success, version: HTTP/1.1)
HTTP/1.1 200 OK
Content-Length: 14
Content-Type: application/json; charset=utf-8
cache-control: no-cache

[DEBUG] Adding key: http://localhost:22282 for channel [id: 0x5775ce52, L:/127.0.0.1:50950 - R:localhost/127.0.0.1:22282]
[DEBUG] Using pooled Channel '[id: 0x5775ce52, L:/127.0.0.1:50950 - R:localhost/127.0.0.1:22282]' for 'POST' to 'http://localhost:22282/session/78afe024e2d6873371d28077bdc56b5f/element'
[DEBUG] Using open Channel [id: 0x5775ce52, L:/127.0.0.1:50950 - R:localhost/127.0.0.1:22282] for POST '/session/78afe024e2d6873371d28077bdc56b5f/element'
[DEBUG] 

Request DefaultHttpRequest(decodeResult: success, version: HTTP/1.1)
POST /session/78afe024e2d6873371d28077bdc56b5f/element HTTP/1.1
User-Agent: selenium/4.8.3 (java windows)
Content-Length: 51
Content-Type: application/json; charset=utf-8
host: localhost:22282
accept: */*

Response DefaultHttpResponse(decodeResult: success, version: HTTP/1.1)
HTTP/1.1 200 OK
Content-Length: 88
Content-Type: application/json; charset=utf-8
cache-control: no-cache

[DEBUG] Adding key: http://localhost:22282 for channel [id: 0x5775ce52, L:/127.0.0.1:50950 - R:localhost/127.0.0.1:22282]
[DEBUG] Using pooled Channel '[id: 0x5775ce52, L:/127.0.0.1:50950 - R:localhost/127.0.0.1:22282]' for 'POST' to 'http://localhost:22282/session/78afe024e2d6873371d28077bdc56b5f/element/74daa70f-6a2c-46d4-b1fe-2d03097bb4d4/value'
[DEBUG] Using open Channel [id: 0x5775ce52, L:/127.0.0.1:50950 - R:localhost/127.0.0.1:22282] for POST '/session/78afe024e2d6873371d28077bdc56b5f/element/74daa70f-6a2c-46d4-b1fe-2d03097bb4d4/value'
[DEBUG] 

Request DefaultHttpRequest(decodeResult: success, version: HTTP/1.1)
POST /session/78afe024e2d6873371d28077bdc56b5f/element/74daa70f-6a2c-46d4-b1fe-2d03097bb4d4/value HTTP/1.1
User-Agent: selenium/4.8.3 (java windows)
Content-Length: 121
Content-Type: application/json; charset=utf-8
host: localhost:22282
accept: */*

Response DefaultHttpResponse(decodeResult: success, version: HTTP/1.1)
HTTP/1.1 200 OK
Content-Length: 14
Content-Type: application/json; charset=utf-8
cache-control: no-cache

[DEBUG] Adding key: http://localhost:22282 for channel [id: 0x5775ce52, L:/127.0.0.1:50950 - R:localhost/127.0.0.1:22282]
[DEBUG] Using pooled Channel '[id: 0x5775ce52, L:/127.0.0.1:50950 - R:localhost/127.0.0.1:22282]' for 'POST' to 'http://localhost:22282/session/78afe024e2d6873371d28077bdc56b5f/element'
[DEBUG] Using open Channel [id: 0x5775ce52, L:/127.0.0.1:50950 - R:localhost/127.0.0.1:22282] for POST '/session/78afe024e2d6873371d28077bdc56b5f/element'
[DEBUG] 

Request DefaultHttpRequest(decodeResult: success, version: HTTP/1.1)
POST /session/78afe024e2d6873371d28077bdc56b5f/element HTTP/1.1
User-Agent: selenium/4.8.3 (java windows)
Content-Length: 53
Content-Type: application/json; charset=utf-8
host: localhost:22282
accept: */*

Response DefaultHttpResponse(decodeResult: success, version: HTTP/1.1)
HTTP/1.1 200 OK
Content-Length: 88
Content-Type: application/json; charset=utf-8
cache-control: no-cache

[DEBUG] Adding key: http://localhost:22282 for channel [id: 0x5775ce52, L:/127.0.0.1:50950 - R:localhost/127.0.0.1:22282]
[DEBUG] Using pooled Channel '[id: 0x5775ce52, L:/127.0.0.1:50950 - R:localhost/127.0.0.1:22282]' for 'POST' to 'http://localhost:22282/session/78afe024e2d6873371d28077bdc56b5f/element/a9d096b8-3e1d-4760-88c9-4eaa9150ae9c/value'
[DEBUG] Using open Channel [id: 0x5775ce52, L:/127.0.0.1:50950 - R:localhost/127.0.0.1:22282] for POST '/session/78afe024e2d6873371d28077bdc56b5f/element/a9d096b8-3e1d-4760-88c9-4eaa9150ae9c/value'
[DEBUG] 

Request DefaultHttpRequest(decodeResult: success, version: HTTP/1.1)
POST /session/78afe024e2d6873371d28077bdc56b5f/element/a9d096b8-3e1d-4760-88c9-4eaa9150ae9c/value HTTP/1.1
User-Agent: selenium/4.8.3 (java windows)
Content-Length: 121
Content-Type: application/json; charset=utf-8
host: localhost:22282
accept: */*

Response DefaultHttpResponse(decodeResult: success, version: HTTP/1.1)
HTTP/1.1 200 OK
Content-Length: 14
Content-Type: application/json; charset=utf-8
cache-control: no-cache

[DEBUG] Adding key: http://localhost:22282 for channel [id: 0x5775ce52, L:/127.0.0.1:50950 - R:localhost/127.0.0.1:22282]
[DEBUG] Using pooled Channel '[id: 0x5775ce52, L:/127.0.0.1:50950 - R:localhost/127.0.0.1:22282]' for 'POST' to 'http://localhost:22282/session/78afe024e2d6873371d28077bdc56b5f/element'
[DEBUG] Using open Channel [id: 0x5775ce52, L:/127.0.0.1:50950 - R:localhost/127.0.0.1:22282] for POST '/session/78afe024e2d6873371d28077bdc56b5f/element'
[DEBUG] 

Request DefaultHttpRequest(decodeResult: success, version: HTTP/1.1)
POST /session/78afe024e2d6873371d28077bdc56b5f/element HTTP/1.1
User-Agent: selenium/4.8.3 (java windows)
Content-Length: 74
Content-Type: application/json; charset=utf-8
host: localhost:22282
accept: */*

Response DefaultHttpResponse(decodeResult: success, version: HTTP/1.1)
HTTP/1.1 200 OK
Content-Length: 88
Content-Type: application/json; charset=utf-8
cache-control: no-cache

[DEBUG] Adding key: http://localhost:22282 for channel [id: 0x5775ce52, L:/127.0.0.1:50950 - R:localhost/127.0.0.1:22282]
[DEBUG] Using pooled Channel '[id: 0x5775ce52, L:/127.0.0.1:50950 - R:localhost/127.0.0.1:22282]' for 'POST' to 'http://localhost:22282/session/78afe024e2d6873371d28077bdc56b5f/element/9e1954f2-a7b7-4c42-99ac-d82112ffb4d3/click'
[DEBUG] Using open Channel [id: 0x5775ce52, L:/127.0.0.1:50950 - R:localhost/127.0.0.1:22282] for POST '/session/78afe024e2d6873371d28077bdc56b5f/element/9e1954f2-a7b7-4c42-99ac-d82112ffb4d3/click'
[DEBUG] Entry count for : http://localhost:50676 : 1
[DEBUG] Entry count for : http://localhost:50951 : 1
[DEBUG] Entry count for : http://localhost:13874 : 1
[DEBUG] Entry count for : http://localhost:50689 : 1
[DEBUG] Entry count for : http://localhost:42607 : 1
[DEBUG] Entry count for : http://localhost:30179 : 1
[DEBUG] Entry count for : http://localhost:50740 : 1
[DEBUG] 

Request DefaultHttpRequest(decodeResult: success, version: HTTP/1.1)
POST /session/78afe024e2d6873371d28077bdc56b5f/element/9e1954f2-a7b7-4c42-99ac-d82112ffb4d3/click HTTP/1.1
User-Agent: selenium/4.8.3 (java windows)
Content-Length: 50
Content-Type: application/json; charset=utf-8
host: localhost:22282
accept: */*

Response DefaultHttpResponse(decodeResult: success, version: HTTP/1.1)
HTTP/1.1 200 OK
Content-Length: 14
Content-Type: application/json; charset=utf-8
cache-control: no-cache

[DEBUG] Adding key: http://localhost:22282 for channel [id: 0x5775ce52, L:/127.0.0.1:50950 - R:localhost/127.0.0.1:22282]
]]></system-out>
    <system-err><![CDATA[Starting ChromeDriver 112.0.5615.49 (bd2a7bcb881c11e8cfe3078709382934e3916914-refs/branch-heads/5615@{#936}) on port 22282
Only local connections are allowed.
Please see https://chromedriver.chromium.org/security-considerations for suggestions on keeping ChromeDriver safe.
ChromeDriver was started successfully.
Apr 22, 2023 4:07:42 PM org.openqa.selenium.devtools.CdpVersionFinder findNearestMatch
WARNING: Unable to find an exact match for CDP version 112, so returning the closest version found: 111
]]></system-err>
  </testcase>
  <testcase name="keyBoardActionsItems" classname="com.automationcode_01stApril_2023.Actions_keyboard" time="8.851">
    <system-out><![CDATA[[DEBUG] Channel Closed: [id: 0xf67cdd65, L:/127.0.0.1:50958 ! R:localhost/127.0.0.1:50951] with attribute NettyResponseFuture{currentRetry=0,
	isDone=1,
	isCancelled=0,
	asyncHandler=org.asynchttpclient.ws.WebSocketUpgradeHandler@1f185c4e,
	nettyRequest=org.asynchttpclient.netty.request.NettyRequest@5a1ad1c9,
	future=java.util.concurrent.CompletableFuture@4ed74473[Completed normally],
	uri=ws://localhost:50951/devtools/browser/2060c452-49c7-41f6-88fa-24903ca0652a,
	keepAlive=true,
	redirectCount=0,
	timeoutsHolder=null,
	inAuth=0,
	touch=1682194062784}
[DEBUG] Using pooled Channel '[id: 0x5775ce52, L:/127.0.0.1:50950 - R:localhost/127.0.0.1:22282]' for 'DELETE' to 'http://localhost:22282/session/78afe024e2d6873371d28077bdc56b5f'
[DEBUG] Closing Channel [id: 0xf67cdd65, L:/127.0.0.1:50958 ! R:localhost/127.0.0.1:50951] 
[DEBUG] Using open Channel [id: 0x5775ce52, L:/127.0.0.1:50950 - R:localhost/127.0.0.1:22282] for DELETE '/session/78afe024e2d6873371d28077bdc56b5f'
[DEBUG] Unexpected I/O exception on channel [id: 0x87d35413, L:/127.0.0.1:50957 - R:localhost/127.0.0.1:50951]
java.io.IOException: An existing connection was forcibly closed by the remote host
	at sun.nio.ch.SocketDispatcher.read0(Native Method) ~[na:1.8.0_351]
	at sun.nio.ch.SocketDispatcher.read(SocketDispatcher.java:43) ~[na:1.8.0_351]
	at sun.nio.ch.IOUtil.readIntoNativeBuffer(IOUtil.java:223) ~[na:1.8.0_351]
	at sun.nio.ch.IOUtil.read(IOUtil.java:192) ~[na:1.8.0_351]
	at sun.nio.ch.SocketChannelImpl.read(SocketChannelImpl.java:378) ~[na:1.8.0_351]
	at io.netty.buffer.PooledByteBuf.setBytes(PooledByteBuf.java:256) ~[netty-buffer-4.1.90.Final.jar:4.1.90.Final]
	at io.netty.buffer.AbstractByteBuf.writeBytes(AbstractByteBuf.java:1132) ~[netty-buffer-4.1.90.Final.jar:4.1.90.Final]
	at io.netty.channel.socket.nio.NioSocketChannel.doReadBytes(NioSocketChannel.java:357) ~[netty-transport-4.1.90.Final.jar:4.1.90.Final]
	at io.netty.channel.nio.AbstractNioByteChannel$NioByteUnsafe.read(AbstractNioByteChannel.java:151) ~[netty-transport-4.1.90.Final.jar:4.1.90.Final]
	at io.netty.channel.nio.NioEventLoop.processSelectedKey(NioEventLoop.java:788) [netty-transport-4.1.90.Final.jar:4.1.90.Final]
	at io.netty.channel.nio.NioEventLoop.processSelectedKeysOptimized(NioEventLoop.java:724) [netty-transport-4.1.90.Final.jar:4.1.90.Final]
	at io.netty.channel.nio.NioEventLoop.processSelectedKeys(NioEventLoop.java:650) [netty-transport-4.1.90.Final.jar:4.1.90.Final]
	at io.netty.channel.nio.NioEventLoop.run(NioEventLoop.java:562) [netty-transport-4.1.90.Final.jar:4.1.90.Final]
	at io.netty.util.concurrent.SingleThreadEventExecutor$4.run(SingleThreadEventExecutor.java:997) [netty-common-4.1.90.Final.jar:4.1.90.Final]
	at io.netty.util.internal.ThreadExecutorMap$2.run(ThreadExecutorMap.java:74) [netty-common-4.1.90.Final.jar:4.1.90.Final]
	at io.netty.util.concurrent.FastThreadLocalRunnable.run(FastThreadLocalRunnable.java:30) [netty-common-4.1.90.Final.jar:4.1.90.Final]
	at java.lang.Thread.run(Thread.java:750) [na:1.8.0_351]
[DEBUG] Closing Channel [id: 0x87d35413, L:/127.0.0.1:50957 - R:localhost/127.0.0.1:50951] 
[DEBUG] Channel Closed: [id: 0x87d35413, L:/127.0.0.1:50957 ! R:localhost/127.0.0.1:50951] with attribute DISCARD
[DEBUG] 

Request DefaultFullHttpRequest(decodeResult: success, version: HTTP/1.1, content: EmptyByteBufBE)
DELETE /session/78afe024e2d6873371d28077bdc56b5f HTTP/1.1
User-Agent: selenium/4.8.3 (java windows)
Content-Type: application/json; charset=utf-8
host: localhost:22282
accept: */*

Response DefaultHttpResponse(decodeResult: success, version: HTTP/1.1)
HTTP/1.1 200 OK
Content-Length: 14
Content-Type: application/json; charset=utf-8
cache-control: no-cache

[DEBUG] Adding key: http://localhost:22282 for channel [id: 0x5775ce52, L:/127.0.0.1:50950 - R:localhost/127.0.0.1:22282]
[DEBUG] Channel Closed: [id: 0x5775ce52, L:/127.0.0.1:50950 ! R:localhost/127.0.0.1:22282] with attribute DISCARD
[DEBUG] Entry count for : http://localhost:50676 : 1
[DEBUG] Entry count for : http://localhost:50951 : 1
[DEBUG] Entry count for : http://localhost:13874 : 1
[DEBUG] Entry count for : http://localhost:50689 : 1
[DEBUG] Entry count for : http://localhost:42607 : 1
[DEBUG] Entry count for : http://localhost:22282 : 1
[DEBUG] Entry count for : http://localhost:30179 : 1
[DEBUG] Entry count for : http://localhost:50740 : 1
[DEBUG] Adding Candidate expired Channel [id: 0x87d35413, L:/127.0.0.1:50957 ! R:localhost/127.0.0.1:50951] isIdleTimeoutExpired=false isRemotelyClosed=true isTtlExpired=false
[DEBUG] Closing Idle Channel [id: 0x87d35413, L:/127.0.0.1:50957 ! R:localhost/127.0.0.1:50951]
[DEBUG] Adding Candidate expired Channel [id: 0x5775ce52, L:/127.0.0.1:50950 ! R:localhost/127.0.0.1:22282] isIdleTimeoutExpired=false isRemotelyClosed=true isTtlExpired=false
[DEBUG] Closing Idle Channel [id: 0x5775ce52, L:/127.0.0.1:50950 ! R:localhost/127.0.0.1:22282]
[DEBUG] Closed 2 connections out of 8 in 0 ms
[DEBUG] Using new Channel '[id: 0xf5f6ae50, L:/127.0.0.1:51003 - R:localhost/127.0.0.1:39624]' for 'POST' to '/session'
[DEBUG] Entry count for : http://localhost:50676 : 1
[DEBUG] Entry count for : http://localhost:13874 : 1
[DEBUG] Entry count for : http://localhost:50689 : 1
[DEBUG] Entry count for : http://localhost:42607 : 1
[DEBUG] Entry count for : http://localhost:30179 : 1
[DEBUG] Entry count for : http://localhost:50740 : 1
[DEBUG] Entry count for : http://localhost:50676 : 1
[DEBUG] Entry count for : http://localhost:13874 : 1
[DEBUG] Entry count for : http://localhost:50689 : 1
[DEBUG] Entry count for : http://localhost:42607 : 1
[DEBUG] Entry count for : http://localhost:30179 : 1
[DEBUG] Entry count for : http://localhost:50740 : 1
[DEBUG] Entry count for : http://localhost:50676 : 1
[DEBUG] Entry count for : http://localhost:13874 : 1
[DEBUG] Entry count for : http://localhost:50689 : 1
[DEBUG] Entry count for : http://localhost:42607 : 1
[DEBUG] Entry count for : http://localhost:30179 : 1
[DEBUG] Entry count for : http://localhost:50740 : 1
[DEBUG] 

Request DefaultHttpRequest(decodeResult: success, version: HTTP/1.1)
POST /session HTTP/1.1
User-Agent: selenium/4.8.3 (java windows)
Content-Length: 381
Content-Type: application/json; charset=utf-8
host: localhost:39624
accept: */*

Response DefaultHttpResponse(decodeResult: success, version: HTTP/1.1)
HTTP/1.1 200 OK
content-type: application/json; charset=utf-8
cache-control: no-cache
content-length: 791
date: Sat, 22 Apr 2023 20:07:49 GMT

[DEBUG] Adding key: http://localhost:39624 for channel [id: 0xf5f6ae50, L:/127.0.0.1:51003 - R:localhost/127.0.0.1:39624]
[DEBUG] Using new Channel '[id: 0xe6d2d630, L:/127.0.0.1:51026 - R:/127.0.0.1:35620]' for 'GET' to '/json/version'
[DEBUG] 

Request DefaultFullHttpRequest(decodeResult: success, version: HTTP/1.1, content: EmptyByteBufBE)
GET /json/version HTTP/1.1
User-Agent: selenium/4.8.3 (java windows)
host: 127.0.0.1:35620
accept: */*

Response DefaultHttpResponse(decodeResult: success, version: HTTP/1.1)
HTTP/1.1 200 OK
content-type: application/json
connection: close
server: httpd.js
date: Sat, 22 Apr 2023 20:07:51 GMT
content-length: 311

[DEBUG] Closing Channel [id: 0xe6d2d630, L:/127.0.0.1:51026 - R:/127.0.0.1:35620] 
[DEBUG] Channel Closed: [id: 0xe6d2d630, L:/127.0.0.1:51026 ! R:/127.0.0.1:35620] with attribute DISCARD
[DEBUG] Using pooled Channel '[id: 0xf5f6ae50, L:/127.0.0.1:51003 - R:localhost/127.0.0.1:39624]' for 'POST' to 'http://localhost:39624/session/3e3da78c-bc98-418b-a695-e20824191d16/window/maximize'
[DEBUG] Using open Channel [id: 0xf5f6ae50, L:/127.0.0.1:51003 - R:localhost/127.0.0.1:39624] for POST '/session/3e3da78c-bc98-418b-a695-e20824191d16/window/maximize'
[DEBUG] 

Request DefaultHttpRequest(decodeResult: success, version: HTTP/1.1)
POST /session/3e3da78c-bc98-418b-a695-e20824191d16/window/maximize HTTP/1.1
User-Agent: selenium/4.8.3 (java windows)
Content-Length: 3
Content-Type: application/json; charset=utf-8
host: localhost:39624
accept: */*

Response DefaultHttpResponse(decodeResult: success, version: HTTP/1.1)
HTTP/1.1 200 OK
content-type: application/json; charset=utf-8
cache-control: no-cache
content-length: 52
date: Sat, 22 Apr 2023 20:07:51 GMT

[DEBUG] Adding key: http://localhost:39624 for channel [id: 0xf5f6ae50, L:/127.0.0.1:51003 - R:localhost/127.0.0.1:39624]
[DEBUG] Using pooled Channel '[id: 0xf5f6ae50, L:/127.0.0.1:51003 - R:localhost/127.0.0.1:39624]' for 'POST' to 'http://localhost:39624/session/3e3da78c-bc98-418b-a695-e20824191d16/url'
[DEBUG] Using open Channel [id: 0xf5f6ae50, L:/127.0.0.1:51003 - R:localhost/127.0.0.1:39624] for POST '/session/3e3da78c-bc98-418b-a695-e20824191d16/url'
[DEBUG] Entry count for : http://localhost:50676 : 1
[DEBUG] Entry count for : http://localhost:13874 : 1
[DEBUG] Entry count for : http://localhost:50689 : 1
[DEBUG] Entry count for : http://localhost:42607 : 1
[DEBUG] Entry count for : http://localhost:30179 : 1
[DEBUG] Entry count for : http://localhost:50740 : 1
[DEBUG] Entry count for : http://localhost:50676 : 1
[DEBUG] Entry count for : http://localhost:13874 : 1
[DEBUG] Entry count for : http://localhost:50689 : 1
[DEBUG] Entry count for : http://localhost:42607 : 1
[DEBUG] Entry count for : http://localhost:30179 : 1
[DEBUG] Entry count for : http://localhost:50740 : 1
[DEBUG] Entry count for : http://localhost:50676 : 1
[DEBUG] Entry count for : http://localhost:13874 : 1
[DEBUG] Entry count for : http://localhost:50689 : 1
[DEBUG] Entry count for : http://localhost:42607 : 1
[DEBUG] Entry count for : http://localhost:30179 : 1
[DEBUG] Entry count for : http://localhost:50740 : 1
[DEBUG] Entry count for : http://localhost:50676 : 1
[DEBUG] Entry count for : http://localhost:13874 : 1
[DEBUG] Entry count for : http://localhost:50689 : 1
[DEBUG] Entry count for : http://localhost:42607 : 1
[DEBUG] Entry count for : http://localhost:30179 : 1
[DEBUG] Entry count for : http://localhost:50740 : 1
[DEBUG] 

Request DefaultHttpRequest(decodeResult: success, version: HTTP/1.1)
POST /session/3e3da78c-bc98-418b-a695-e20824191d16/url HTTP/1.1
User-Agent: selenium/4.8.3 (java windows)
Content-Length: 66
Content-Type: application/json; charset=utf-8
host: localhost:39624
accept: */*

Response DefaultHttpResponse(decodeResult: success, version: HTTP/1.1)
HTTP/1.1 200 OK
content-type: application/json; charset=utf-8
cache-control: no-cache
content-length: 14
date: Sat, 22 Apr 2023 20:07:51 GMT

[DEBUG] Adding key: http://localhost:39624 for channel [id: 0xf5f6ae50, L:/127.0.0.1:51003 - R:localhost/127.0.0.1:39624]
[DEBUG] Using pooled Channel '[id: 0xf5f6ae50, L:/127.0.0.1:51003 - R:localhost/127.0.0.1:39624]' for 'POST' to 'http://localhost:39624/session/3e3da78c-bc98-418b-a695-e20824191d16/element'
[DEBUG] Using open Channel [id: 0xf5f6ae50, L:/127.0.0.1:51003 - R:localhost/127.0.0.1:39624] for POST '/session/3e3da78c-bc98-418b-a695-e20824191d16/element'
[DEBUG] 

Request DefaultHttpRequest(decodeResult: success, version: HTTP/1.1)
POST /session/3e3da78c-bc98-418b-a695-e20824191d16/element HTTP/1.1
User-Agent: selenium/4.8.3 (java windows)
Content-Length: 51
Content-Type: application/json; charset=utf-8
host: localhost:39624
accept: */*

Response DefaultHttpResponse(decodeResult: success, version: HTTP/1.1)
HTTP/1.1 200 OK
content-type: application/json; charset=utf-8
cache-control: no-cache
content-length: 88
date: Sat, 22 Apr 2023 20:07:56 GMT

[DEBUG] Adding key: http://localhost:39624 for channel [id: 0xf5f6ae50, L:/127.0.0.1:51003 - R:localhost/127.0.0.1:39624]
[DEBUG] Using pooled Channel '[id: 0xf5f6ae50, L:/127.0.0.1:51003 - R:localhost/127.0.0.1:39624]' for 'POST' to 'http://localhost:39624/session/3e3da78c-bc98-418b-a695-e20824191d16/element/ffb6679c-e7a9-44fb-b1e0-19e394a42bbd/click'
[DEBUG] Using open Channel [id: 0xf5f6ae50, L:/127.0.0.1:51003 - R:localhost/127.0.0.1:39624] for POST '/session/3e3da78c-bc98-418b-a695-e20824191d16/element/ffb6679c-e7a9-44fb-b1e0-19e394a42bbd/click'
[DEBUG] Entry count for : http://localhost:50676 : 1
[DEBUG] Entry count for : http://localhost:13874 : 1
[DEBUG] Entry count for : http://localhost:50689 : 1
[DEBUG] Entry count for : http://localhost:42607 : 1
[DEBUG] Entry count for : http://localhost:30179 : 1
[DEBUG] Entry count for : http://localhost:50740 : 1
[DEBUG] 

Request DefaultHttpRequest(decodeResult: success, version: HTTP/1.1)
POST /session/3e3da78c-bc98-418b-a695-e20824191d16/element/ffb6679c-e7a9-44fb-b1e0-19e394a42bbd/click HTTP/1.1
User-Agent: selenium/4.8.3 (java windows)
Content-Length: 50
Content-Type: application/json; charset=utf-8
host: localhost:39624
accept: */*

Response DefaultHttpResponse(decodeResult: success, version: HTTP/1.1)
HTTP/1.1 200 OK
content-type: application/json; charset=utf-8
cache-control: no-cache
content-length: 14
date: Sat, 22 Apr 2023 20:07:56 GMT

[DEBUG] Adding key: http://localhost:39624 for channel [id: 0xf5f6ae50, L:/127.0.0.1:51003 - R:localhost/127.0.0.1:39624]
]]></system-out>
    <system-err><![CDATA[1682194069005	geckodriver	INFO	Listening on 127.0.0.1:39624
1682194069063	mozrunner::runner	INFO	Running command: "C:\\Program Files\\Mozilla Firefox\\firefox.exe" "--marionette" "--remote-debugging-port" "35620" "--remote ... localhost:35620/,http://[::1]:35620/" "-no-remote" "-profile" "C:\\Users\\shams\\AppData\\Local\\Temp\\rust_mozprofilePwXp1V"
console.warn: services.settings: Ignoring preference override of remote settings server
console.warn: services.settings: Allow by setting MOZ_REMOTE_SETTINGS_DEVTOOLS=1 in the environment
1682194069466	Marionette	INFO	Marionette enabled
Dynamically enable window occlusion 0
1682194069473	Marionette	INFO	Listening on port 51007
Read port: 51007
WebDriver BiDi listening on ws://127.0.0.1:35620
1682194069625	RemoteAgent	WARN	TLS certificate errors will be ignored for this session
console.warn: SearchSettings: "get: No settings file exists, new profile?" (new NotFoundError("Could not open the file at C:\\Users\\shams\\AppData\\Local\\Temp\\rust_mozprofilePwXp1V\\search.json.mozlz4", (void 0)))
[ERROR glean_core] Error setting metrics feature config: Json(Error("EOF while parsing a value", line: 1, column: 0))
DevTools listening on ws://127.0.0.1:35620/devtools/browser/a6e126ea-0429-4344-8f18-4d7957b4bad9
]]></system-err>
  </testcase>
  <testcase name="testCase1Annotation" classname="learningTestNG.TestNG_Annotations" time="0">
    <system-out><![CDATA[This is Before Class
This is Before Method
This is Test Case 1
]]></system-out>
  </testcase>
  <testcase name="testCase2Annotation" classname="learningTestNG.TestNG_Annotations" time="0">
    <system-out><![CDATA[This is After Method
This is Before Method
This is Test Case 2
]]></system-out>
  </testcase>
  <testcase name="testCase3Annotation" classname="learningTestNG.TestNG_Annotations" time="0.001">
    <failure message="null" type="java.lang.AssertionError"><![CDATA[java.lang.AssertionError: null
	at org.testng.Assert.fail(Assert.java:96)
	at org.testng.Assert.fail(Assert.java:103)
	at learningTestNG.TestNG_Annotations.testCase3Annotation(TestNG_Annotations.java:20)
	at sun.reflect.NativeMethodAccessorImpl.invoke0(Native Method)
	at sun.reflect.NativeMethodAccessorImpl.invoke(NativeMethodAccessorImpl.java:62)
	at sun.reflect.DelegatingMethodAccessorImpl.invoke(DelegatingMethodAccessorImpl.java:43)
	at java.lang.reflect.Method.invoke(Method.java:498)
	at org.testng.internal.MethodInvocationHelper.invokeMethod(MethodInvocationHelper.java:124)
	at org.testng.internal.Invoker.invokeMethod(Invoker.java:583)
	at org.testng.internal.Invoker.invokeTestMethod(Invoker.java:719)
	at org.testng.internal.Invoker.invokeTestMethods(Invoker.java:989)
	at org.testng.internal.TestMethodWorker.invokeTestMethods(TestMethodWorker.java:125)
	at org.testng.internal.TestMethodWorker.run(TestMethodWorker.java:109)
	at org.testng.TestRunner.privateRun(TestRunner.java:648)
	at org.testng.TestRunner.run(TestRunner.java:505)
	at org.testng.SuiteRunner.runTest(SuiteRunner.java:455)
	at org.testng.SuiteRunner.runSequentially(SuiteRunner.java:450)
	at org.testng.SuiteRunner.privateRun(SuiteRunner.java:415)
	at org.testng.SuiteRunner.run(SuiteRunner.java:364)
	at org.testng.SuiteRunnerWorker.runSuite(SuiteRunnerWorker.java:52)
	at org.testng.SuiteRunnerWorker.run(SuiteRunnerWorker.java:84)
	at org.testng.TestNG.runSuitesSequentially(TestNG.java:1208)
	at org.testng.TestNG.runSuitesLocally(TestNG.java:1137)
	at org.testng.TestNG.runSuites(TestNG.java:1049)
	at org.testng.TestNG.run(TestNG.java:1017)
	at org.apache.maven.surefire.testng.TestNGExecutor.run(TestNGExecutor.java:324)
	at org.apache.maven.surefire.testng.TestNGXmlTestSuite.execute(TestNGXmlTestSuite.java:74)
	at org.apache.maven.surefire.testng.TestNGProvider.invoke(TestNGProvider.java:123)
	at org.apache.maven.surefire.booter.ForkedBooter.runSuitesInProcess(ForkedBooter.java:456)
	at org.apache.maven.surefire.booter.ForkedBooter.execute(ForkedBooter.java:169)
	at org.apache.maven.surefire.booter.ForkedBooter.run(ForkedBooter.java:595)
	at org.apache.maven.surefire.booter.ForkedBooter.main(ForkedBooter.java:581)
]]></failure>
    <system-out><![CDATA[This is After Method
This is Before Method
This is Test Case 3
]]></system-out>
  </testcase>
  <testcase name="dropDowntest" classname="com.automationcode_25thMarch_2023.BlogSpotDropDown" time="0.164">
    <system-out><![CDATA[This is After Method
This is After Class
[DEBUG] Using new Channel '[id: 0x9876c871, L:/127.0.0.1:51061 - R:localhost/127.0.0.1:1177]' for 'POST' to '/session'
[DEBUG] 

Request DefaultHttpRequest(decodeResult: success, version: HTTP/1.1)
POST /session HTTP/1.1
User-Agent: selenium/4.8.3 (java windows)
Content-Length: 439
Content-Type: application/json; charset=utf-8
host: localhost:1177
accept: */*

Response DefaultHttpResponse(decodeResult: success, version: HTTP/1.1)
HTTP/1.1 200 OK
Content-Length: 858
Content-Type: application/json; charset=utf-8
cache-control: no-cache

[DEBUG] Adding key: http://localhost:1177 for channel [id: 0x9876c871, L:/127.0.0.1:51061 - R:localhost/127.0.0.1:1177]
[DEBUG] Using new Channel '[id: 0xe4061673, L:/127.0.0.1:51068 - R:localhost/127.0.0.1:51062]' for 'GET' to '/json/version'
[DEBUG] 

Request DefaultFullHttpRequest(decodeResult: success, version: HTTP/1.1, content: EmptyByteBufBE)
GET /json/version HTTP/1.1
User-Agent: selenium/4.8.3 (java windows)
host: localhost:51062
accept: */*

Response DefaultHttpResponse(decodeResult: success, version: HTTP/1.1)
HTTP/1.1 200 OK
Content-Security-Policy: frame-ancestors 'none'
Content-Length: 424
Content-Type: application/json; charset=UTF-8

[DEBUG] Adding key: http://localhost:51062 for channel [id: 0xe4061673, L:/127.0.0.1:51068 - R:localhost/127.0.0.1:51062]
[DEBUG] Using new Channel '[id: 0x7d2a8f26, L:/127.0.0.1:51069 - R:localhost/127.0.0.1:51062]' for 'GET' to '/devtools/browser/3134eb00-3bad-4f7a-aac6-fd42e1a8ff6b'
[DEBUG] 

Request DefaultFullHttpRequest(decodeResult: success, version: HTTP/1.1, content: EmptyByteBufBE)
GET /devtools/browser/3134eb00-3bad-4f7a-aac6-fd42e1a8ff6b HTTP/1.1
upgrade: websocket
connection: upgrade
sec-websocket-key: CyLpmCQx3cAk6f4LGb5V4w==
sec-websocket-version: 13
origin: http://localhost:51062
host: localhost:51062
accept: */*
user-agent: AHC/2.1

Response DefaultHttpResponse(decodeResult: success, version: HTTP/1.1)
HTTP/1.1 101 WebSocket Protocol Handshake
Upgrade: WebSocket
Connection: Upgrade
Sec-WebSocket-Accept: Fbo2eiMJVTDdGP94m2drBC5ta34=

[DEBUG] Using pooled Channel '[id: 0x9876c871, L:/127.0.0.1:51061 - R:localhost/127.0.0.1:1177]' for 'POST' to 'http://localhost:1177/session/0d703d6dfb85409f5bea6bc1c4eecd57/window/maximize'
[DEBUG] Using open Channel [id: 0x9876c871, L:/127.0.0.1:51061 - R:localhost/127.0.0.1:1177] for POST '/session/0d703d6dfb85409f5bea6bc1c4eecd57/window/maximize'
[DEBUG] 

Request DefaultHttpRequest(decodeResult: success, version: HTTP/1.1)
POST /session/0d703d6dfb85409f5bea6bc1c4eecd57/window/maximize HTTP/1.1
User-Agent: selenium/4.8.3 (java windows)
Content-Length: 3
Content-Type: application/json; charset=utf-8
host: localhost:1177
accept: */*

Response DefaultHttpResponse(decodeResult: success, version: HTTP/1.1)
HTTP/1.1 200 OK
Content-Length: 52
Content-Type: application/json; charset=utf-8
cache-control: no-cache

[DEBUG] Adding key: http://localhost:1177 for channel [id: 0x9876c871, L:/127.0.0.1:51061 - R:localhost/127.0.0.1:1177]
[DEBUG] Using pooled Channel '[id: 0x9876c871, L:/127.0.0.1:51061 - R:localhost/127.0.0.1:1177]' for 'POST' to 'http://localhost:1177/session/0d703d6dfb85409f5bea6bc1c4eecd57/url'
[DEBUG] Using open Channel [id: 0x9876c871, L:/127.0.0.1:51061 - R:localhost/127.0.0.1:1177] for POST '/session/0d703d6dfb85409f5bea6bc1c4eecd57/url'
[DEBUG] Entry count for : http://localhost:39624 : 1
[DEBUG] Entry count for : http://localhost:13874 : 1
[DEBUG] Entry count for : http://localhost:42607 : 1
[DEBUG] Entry count for : http://localhost:51062 : 1
[DEBUG] Entry count for : http://localhost:30179 : 1
[DEBUG] Entry count for : http://localhost:50740 : 1
[DEBUG] Entry count for : http://localhost:50676 : 1
[DEBUG] Entry count for : http://localhost:50689 : 1
[DEBUG] 

Request DefaultHttpRequest(decodeResult: success, version: HTTP/1.1)
POST /session/0d703d6dfb85409f5bea6bc1c4eecd57/url HTTP/1.1
User-Agent: selenium/4.8.3 (java windows)
Content-Length: 116
Content-Type: application/json; charset=utf-8
host: localhost:1177
accept: */*

Response DefaultHttpResponse(decodeResult: success, version: HTTP/1.1)
HTTP/1.1 200 OK
Content-Length: 14
Content-Type: application/json; charset=utf-8
cache-control: no-cache

[DEBUG] Adding key: http://localhost:1177 for channel [id: 0x9876c871, L:/127.0.0.1:51061 - R:localhost/127.0.0.1:1177]
[DEBUG] Using pooled Channel '[id: 0x9876c871, L:/127.0.0.1:51061 - R:localhost/127.0.0.1:1177]' for 'POST' to 'http://localhost:1177/session/0d703d6dfb85409f5bea6bc1c4eecd57/element'
[DEBUG] Using open Channel [id: 0x9876c871, L:/127.0.0.1:51061 - R:localhost/127.0.0.1:1177] for POST '/session/0d703d6dfb85409f5bea6bc1c4eecd57/element'
[DEBUG] Entry count for : http://localhost:39624 : 1
[DEBUG] Entry count for : http://localhost:13874 : 1
[DEBUG] Entry count for : http://localhost:42607 : 1
[DEBUG] Entry count for : http://localhost:51062 : 1
[DEBUG] Entry count for : http://localhost:30179 : 1
[DEBUG] Entry count for : http://localhost:50740 : 1
[DEBUG] Entry count for : http://localhost:50676 : 1
[DEBUG] Entry count for : http://localhost:50689 : 1
[DEBUG] 

Request DefaultHttpRequest(decodeResult: success, version: HTTP/1.1)
POST /session/0d703d6dfb85409f5bea6bc1c4eecd57/element HTTP/1.1
User-Agent: selenium/4.8.3 (java windows)
Content-Length: 50
Content-Type: application/json; charset=utf-8
host: localhost:1177
accept: */*

Response DefaultHttpResponse(decodeResult: success, version: HTTP/1.1)
HTTP/1.1 200 OK
Content-Length: 88
Content-Type: application/json; charset=utf-8
cache-control: no-cache

[DEBUG] Adding key: http://localhost:1177 for channel [id: 0x9876c871, L:/127.0.0.1:51061 - R:localhost/127.0.0.1:1177]
[DEBUG] Using pooled Channel '[id: 0x9876c871, L:/127.0.0.1:51061 - R:localhost/127.0.0.1:1177]' for 'GET' to 'http://localhost:1177/session/0d703d6dfb85409f5bea6bc1c4eecd57/element/83a8c1c3-8f8b-4c37-83ae-88c6fea4637a/name'
[DEBUG] Using open Channel [id: 0x9876c871, L:/127.0.0.1:51061 - R:localhost/127.0.0.1:1177] for GET '/session/0d703d6dfb85409f5bea6bc1c4eecd57/element/83a8c1c3-8f8b-4c37-83ae-88c6fea4637a/name'
[DEBUG] 

Request DefaultFullHttpRequest(decodeResult: success, version: HTTP/1.1, content: EmptyByteBufBE)
GET /session/0d703d6dfb85409f5bea6bc1c4eecd57/element/83a8c1c3-8f8b-4c37-83ae-88c6fea4637a/name HTTP/1.1
User-Agent: selenium/4.8.3 (java windows)
Cache-Control: no-cache
Content-Type: application/json; charset=utf-8
host: localhost:1177
accept: */*

Response DefaultHttpResponse(decodeResult: success, version: HTTP/1.1)
HTTP/1.1 200 OK
Content-Length: 18
Content-Type: application/json; charset=utf-8
cache-control: no-cache

[DEBUG] Adding key: http://localhost:1177 for channel [id: 0x9876c871, L:/127.0.0.1:51061 - R:localhost/127.0.0.1:1177]
[DEBUG] Using pooled Channel '[id: 0x9876c871, L:/127.0.0.1:51061 - R:localhost/127.0.0.1:1177]' for 'GET' to 'http://localhost:1177/session/0d703d6dfb85409f5bea6bc1c4eecd57/element/83a8c1c3-8f8b-4c37-83ae-88c6fea4637a/attribute/multiple'
[DEBUG] Using open Channel [id: 0x9876c871, L:/127.0.0.1:51061 - R:localhost/127.0.0.1:1177] for GET '/session/0d703d6dfb85409f5bea6bc1c4eecd57/element/83a8c1c3-8f8b-4c37-83ae-88c6fea4637a/attribute/multiple'
[DEBUG] 

Request DefaultFullHttpRequest(decodeResult: success, version: HTTP/1.1, content: EmptyByteBufBE)
GET /session/0d703d6dfb85409f5bea6bc1c4eecd57/element/83a8c1c3-8f8b-4c37-83ae-88c6fea4637a/attribute/multiple HTTP/1.1
User-Agent: selenium/4.8.3 (java windows)
Cache-Control: no-cache
Content-Type: application/json; charset=utf-8
host: localhost:1177
accept: */*

Response DefaultHttpResponse(decodeResult: success, version: HTTP/1.1)
HTTP/1.1 200 OK
Content-Length: 14
Content-Type: application/json; charset=utf-8
cache-control: no-cache

[DEBUG] Adding key: http://localhost:1177 for channel [id: 0x9876c871, L:/127.0.0.1:51061 - R:localhost/127.0.0.1:1177]
[DEBUG] Using pooled Channel '[id: 0x9876c871, L:/127.0.0.1:51061 - R:localhost/127.0.0.1:1177]' for 'GET' to 'http://localhost:1177/session/0d703d6dfb85409f5bea6bc1c4eecd57/element/83a8c1c3-8f8b-4c37-83ae-88c6fea4637a/enabled'
[DEBUG] Using open Channel [id: 0x9876c871, L:/127.0.0.1:51061 - R:localhost/127.0.0.1:1177] for GET '/session/0d703d6dfb85409f5bea6bc1c4eecd57/element/83a8c1c3-8f8b-4c37-83ae-88c6fea4637a/enabled'
[DEBUG] 

Request DefaultFullHttpRequest(decodeResult: success, version: HTTP/1.1, content: EmptyByteBufBE)
GET /session/0d703d6dfb85409f5bea6bc1c4eecd57/element/83a8c1c3-8f8b-4c37-83ae-88c6fea4637a/enabled HTTP/1.1
User-Agent: selenium/4.8.3 (java windows)
Cache-Control: no-cache
Content-Type: application/json; charset=utf-8
host: localhost:1177
accept: */*

Response DefaultHttpResponse(decodeResult: success, version: HTTP/1.1)
HTTP/1.1 200 OK
Content-Length: 14
Content-Type: application/json; charset=utf-8
cache-control: no-cache

[DEBUG] Adding key: http://localhost:1177 for channel [id: 0x9876c871, L:/127.0.0.1:51061 - R:localhost/127.0.0.1:1177]
[DEBUG] Using pooled Channel '[id: 0x9876c871, L:/127.0.0.1:51061 - R:localhost/127.0.0.1:1177]' for 'POST' to 'http://localhost:1177/session/0d703d6dfb85409f5bea6bc1c4eecd57/element/83a8c1c3-8f8b-4c37-83ae-88c6fea4637a/elements'
[DEBUG] Using open Channel [id: 0x9876c871, L:/127.0.0.1:51061 - R:localhost/127.0.0.1:1177] for POST '/session/0d703d6dfb85409f5bea6bc1c4eecd57/element/83a8c1c3-8f8b-4c37-83ae-88c6fea4637a/elements'
[DEBUG] 

Request DefaultHttpRequest(decodeResult: success, version: HTTP/1.1)
POST /session/0d703d6dfb85409f5bea6bc1c4eecd57/element/83a8c1c3-8f8b-4c37-83ae-88c6fea4637a/elements HTTP/1.1
User-Agent: selenium/4.8.3 (java windows)
Content-Length: 139
Content-Type: application/json; charset=utf-8
host: localhost:1177
accept: */*

Response DefaultHttpResponse(decodeResult: success, version: HTTP/1.1)
HTTP/1.1 200 OK
Content-Length: 90
Content-Type: application/json; charset=utf-8
cache-control: no-cache

[DEBUG] Adding key: http://localhost:1177 for channel [id: 0x9876c871, L:/127.0.0.1:51061 - R:localhost/127.0.0.1:1177]
[DEBUG] Using pooled Channel '[id: 0x9876c871, L:/127.0.0.1:51061 - R:localhost/127.0.0.1:1177]' for 'GET' to 'http://localhost:1177/session/0d703d6dfb85409f5bea6bc1c4eecd57/element/8d429c2d-c9a7-4a10-9786-53d3884f07e3/enabled'
[DEBUG] Using open Channel [id: 0x9876c871, L:/127.0.0.1:51061 - R:localhost/127.0.0.1:1177] for GET '/session/0d703d6dfb85409f5bea6bc1c4eecd57/element/8d429c2d-c9a7-4a10-9786-53d3884f07e3/enabled'
[DEBUG] 

Request DefaultFullHttpRequest(decodeResult: success, version: HTTP/1.1, content: EmptyByteBufBE)
GET /session/0d703d6dfb85409f5bea6bc1c4eecd57/element/8d429c2d-c9a7-4a10-9786-53d3884f07e3/enabled HTTP/1.1
User-Agent: selenium/4.8.3 (java windows)
Cache-Control: no-cache
Content-Type: application/json; charset=utf-8
host: localhost:1177
accept: */*

Response DefaultHttpResponse(decodeResult: success, version: HTTP/1.1)
HTTP/1.1 200 OK
Content-Length: 14
Content-Type: application/json; charset=utf-8
cache-control: no-cache

[DEBUG] Adding key: http://localhost:1177 for channel [id: 0x9876c871, L:/127.0.0.1:51061 - R:localhost/127.0.0.1:1177]
[DEBUG] Using pooled Channel '[id: 0x9876c871, L:/127.0.0.1:51061 - R:localhost/127.0.0.1:1177]' for 'GET' to 'http://localhost:1177/session/0d703d6dfb85409f5bea6bc1c4eecd57/element/8d429c2d-c9a7-4a10-9786-53d3884f07e3/selected'
[DEBUG] Using open Channel [id: 0x9876c871, L:/127.0.0.1:51061 - R:localhost/127.0.0.1:1177] for GET '/session/0d703d6dfb85409f5bea6bc1c4eecd57/element/8d429c2d-c9a7-4a10-9786-53d3884f07e3/selected'
[DEBUG] 

Request DefaultFullHttpRequest(decodeResult: success, version: HTTP/1.1, content: EmptyByteBufBE)
GET /session/0d703d6dfb85409f5bea6bc1c4eecd57/element/8d429c2d-c9a7-4a10-9786-53d3884f07e3/selected HTTP/1.1
User-Agent: selenium/4.8.3 (java windows)
Cache-Control: no-cache
Content-Type: application/json; charset=utf-8
host: localhost:1177
accept: */*

Response DefaultHttpResponse(decodeResult: success, version: HTTP/1.1)
HTTP/1.1 200 OK
Content-Length: 15
Content-Type: application/json; charset=utf-8
cache-control: no-cache

[DEBUG] Adding key: http://localhost:1177 for channel [id: 0x9876c871, L:/127.0.0.1:51061 - R:localhost/127.0.0.1:1177]
[DEBUG] Using pooled Channel '[id: 0x9876c871, L:/127.0.0.1:51061 - R:localhost/127.0.0.1:1177]' for 'POST' to 'http://localhost:1177/session/0d703d6dfb85409f5bea6bc1c4eecd57/element/8d429c2d-c9a7-4a10-9786-53d3884f07e3/click'
[DEBUG] Using open Channel [id: 0x9876c871, L:/127.0.0.1:51061 - R:localhost/127.0.0.1:1177] for POST '/session/0d703d6dfb85409f5bea6bc1c4eecd57/element/8d429c2d-c9a7-4a10-9786-53d3884f07e3/click'
[DEBUG] 

Request DefaultHttpRequest(decodeResult: success, version: HTTP/1.1)
POST /session/0d703d6dfb85409f5bea6bc1c4eecd57/element/8d429c2d-c9a7-4a10-9786-53d3884f07e3/click HTTP/1.1
User-Agent: selenium/4.8.3 (java windows)
Content-Length: 50
Content-Type: application/json; charset=utf-8
host: localhost:1177
accept: */*

Response DefaultHttpResponse(decodeResult: success, version: HTTP/1.1)
HTTP/1.1 200 OK
Content-Length: 14
Content-Type: application/json; charset=utf-8
cache-control: no-cache

[DEBUG] Adding key: http://localhost:1177 for channel [id: 0x9876c871, L:/127.0.0.1:51061 - R:localhost/127.0.0.1:1177]
[DEBUG] Using pooled Channel '[id: 0x9876c871, L:/127.0.0.1:51061 - R:localhost/127.0.0.1:1177]' for 'POST' to 'http://localhost:1177/session/0d703d6dfb85409f5bea6bc1c4eecd57/element'
[DEBUG] Using open Channel [id: 0x9876c871, L:/127.0.0.1:51061 - R:localhost/127.0.0.1:1177] for POST '/session/0d703d6dfb85409f5bea6bc1c4eecd57/element'
[DEBUG] 

Request DefaultHttpRequest(decodeResult: success, version: HTTP/1.1)
POST /session/0d703d6dfb85409f5bea6bc1c4eecd57/element HTTP/1.1
User-Agent: selenium/4.8.3 (java windows)
Content-Length: 51
Content-Type: application/json; charset=utf-8
host: localhost:1177
accept: */*

Response DefaultHttpResponse(decodeResult: success, version: HTTP/1.1)
HTTP/1.1 200 OK
Content-Length: 88
Content-Type: application/json; charset=utf-8
cache-control: no-cache

[DEBUG] Adding key: http://localhost:1177 for channel [id: 0x9876c871, L:/127.0.0.1:51061 - R:localhost/127.0.0.1:1177]
[DEBUG] Using pooled Channel '[id: 0x9876c871, L:/127.0.0.1:51061 - R:localhost/127.0.0.1:1177]' for 'GET' to 'http://localhost:1177/session/0d703d6dfb85409f5bea6bc1c4eecd57/element/0c17337e-29a1-45ff-a738-a16fd8c010f3/name'
[DEBUG] Using open Channel [id: 0x9876c871, L:/127.0.0.1:51061 - R:localhost/127.0.0.1:1177] for GET '/session/0d703d6dfb85409f5bea6bc1c4eecd57/element/0c17337e-29a1-45ff-a738-a16fd8c010f3/name'
[DEBUG] 

Request DefaultFullHttpRequest(decodeResult: success, version: HTTP/1.1, content: EmptyByteBufBE)
GET /session/0d703d6dfb85409f5bea6bc1c4eecd57/element/0c17337e-29a1-45ff-a738-a16fd8c010f3/name HTTP/1.1
User-Agent: selenium/4.8.3 (java windows)
Cache-Control: no-cache
Content-Type: application/json; charset=utf-8
host: localhost:1177
accept: */*

Response DefaultHttpResponse(decodeResult: success, version: HTTP/1.1)
HTTP/1.1 200 OK
Content-Length: 18
Content-Type: application/json; charset=utf-8
cache-control: no-cache

[DEBUG] Adding key: http://localhost:1177 for channel [id: 0x9876c871, L:/127.0.0.1:51061 - R:localhost/127.0.0.1:1177]
[DEBUG] Using pooled Channel '[id: 0x9876c871, L:/127.0.0.1:51061 - R:localhost/127.0.0.1:1177]' for 'GET' to 'http://localhost:1177/session/0d703d6dfb85409f5bea6bc1c4eecd57/element/0c17337e-29a1-45ff-a738-a16fd8c010f3/attribute/multiple'
[DEBUG] Using open Channel [id: 0x9876c871, L:/127.0.0.1:51061 - R:localhost/127.0.0.1:1177] for GET '/session/0d703d6dfb85409f5bea6bc1c4eecd57/element/0c17337e-29a1-45ff-a738-a16fd8c010f3/attribute/multiple'
[DEBUG] 

Request DefaultFullHttpRequest(decodeResult: success, version: HTTP/1.1, content: EmptyByteBufBE)
GET /session/0d703d6dfb85409f5bea6bc1c4eecd57/element/0c17337e-29a1-45ff-a738-a16fd8c010f3/attribute/multiple HTTP/1.1
User-Agent: selenium/4.8.3 (java windows)
Cache-Control: no-cache
Content-Type: application/json; charset=utf-8
host: localhost:1177
accept: */*

Response DefaultHttpResponse(decodeResult: success, version: HTTP/1.1)
HTTP/1.1 200 OK
Content-Length: 14
Content-Type: application/json; charset=utf-8
cache-control: no-cache

[DEBUG] Adding key: http://localhost:1177 for channel [id: 0x9876c871, L:/127.0.0.1:51061 - R:localhost/127.0.0.1:1177]
[DEBUG] Using pooled Channel '[id: 0x9876c871, L:/127.0.0.1:51061 - R:localhost/127.0.0.1:1177]' for 'GET' to 'http://localhost:1177/session/0d703d6dfb85409f5bea6bc1c4eecd57/element/0c17337e-29a1-45ff-a738-a16fd8c010f3/enabled'
[DEBUG] Using open Channel [id: 0x9876c871, L:/127.0.0.1:51061 - R:localhost/127.0.0.1:1177] for GET '/session/0d703d6dfb85409f5bea6bc1c4eecd57/element/0c17337e-29a1-45ff-a738-a16fd8c010f3/enabled'
[DEBUG] 

Request DefaultFullHttpRequest(decodeResult: success, version: HTTP/1.1, content: EmptyByteBufBE)
GET /session/0d703d6dfb85409f5bea6bc1c4eecd57/element/0c17337e-29a1-45ff-a738-a16fd8c010f3/enabled HTTP/1.1
User-Agent: selenium/4.8.3 (java windows)
Cache-Control: no-cache
Content-Type: application/json; charset=utf-8
host: localhost:1177
accept: */*

Response DefaultHttpResponse(decodeResult: success, version: HTTP/1.1)
HTTP/1.1 200 OK
Content-Length: 14
Content-Type: application/json; charset=utf-8
cache-control: no-cache

[DEBUG] Adding key: http://localhost:1177 for channel [id: 0x9876c871, L:/127.0.0.1:51061 - R:localhost/127.0.0.1:1177]
[DEBUG] Using pooled Channel '[id: 0x9876c871, L:/127.0.0.1:51061 - R:localhost/127.0.0.1:1177]' for 'POST' to 'http://localhost:1177/session/0d703d6dfb85409f5bea6bc1c4eecd57/element/0c17337e-29a1-45ff-a738-a16fd8c010f3/elements'
[DEBUG] Using open Channel [id: 0x9876c871, L:/127.0.0.1:51061 - R:localhost/127.0.0.1:1177] for POST '/session/0d703d6dfb85409f5bea6bc1c4eecd57/element/0c17337e-29a1-45ff-a738-a16fd8c010f3/elements'
[DEBUG] 

Request DefaultHttpRequest(decodeResult: success, version: HTTP/1.1)
POST /session/0d703d6dfb85409f5bea6bc1c4eecd57/element/0c17337e-29a1-45ff-a738-a16fd8c010f3/elements HTTP/1.1
User-Agent: selenium/4.8.3 (java windows)
Content-Length: 137
Content-Type: application/json; charset=utf-8
host: localhost:1177
accept: */*

Response DefaultHttpResponse(decodeResult: success, version: HTTP/1.1)
HTTP/1.1 200 OK
Content-Length: 90
Content-Type: application/json; charset=utf-8
cache-control: no-cache

[DEBUG] Adding key: http://localhost:1177 for channel [id: 0x9876c871, L:/127.0.0.1:51061 - R:localhost/127.0.0.1:1177]
[DEBUG] Using pooled Channel '[id: 0x9876c871, L:/127.0.0.1:51061 - R:localhost/127.0.0.1:1177]' for 'GET' to 'http://localhost:1177/session/0d703d6dfb85409f5bea6bc1c4eecd57/element/39a271d2-06b8-4e39-87ce-7bcf922c461c/enabled'
[DEBUG] Using open Channel [id: 0x9876c871, L:/127.0.0.1:51061 - R:localhost/127.0.0.1:1177] for GET '/session/0d703d6dfb85409f5bea6bc1c4eecd57/element/39a271d2-06b8-4e39-87ce-7bcf922c461c/enabled'
[DEBUG] 

Request DefaultFullHttpRequest(decodeResult: success, version: HTTP/1.1, content: EmptyByteBufBE)
GET /session/0d703d6dfb85409f5bea6bc1c4eecd57/element/39a271d2-06b8-4e39-87ce-7bcf922c461c/enabled HTTP/1.1
User-Agent: selenium/4.8.3 (java windows)
Cache-Control: no-cache
Content-Type: application/json; charset=utf-8
host: localhost:1177
accept: */*

Response DefaultHttpResponse(decodeResult: success, version: HTTP/1.1)
HTTP/1.1 200 OK
Content-Length: 14
Content-Type: application/json; charset=utf-8
cache-control: no-cache

[DEBUG] Adding key: http://localhost:1177 for channel [id: 0x9876c871, L:/127.0.0.1:51061 - R:localhost/127.0.0.1:1177]
[DEBUG] Using pooled Channel '[id: 0x9876c871, L:/127.0.0.1:51061 - R:localhost/127.0.0.1:1177]' for 'GET' to 'http://localhost:1177/session/0d703d6dfb85409f5bea6bc1c4eecd57/element/39a271d2-06b8-4e39-87ce-7bcf922c461c/selected'
[DEBUG] Using open Channel [id: 0x9876c871, L:/127.0.0.1:51061 - R:localhost/127.0.0.1:1177] for GET '/session/0d703d6dfb85409f5bea6bc1c4eecd57/element/39a271d2-06b8-4e39-87ce-7bcf922c461c/selected'
[DEBUG] 

Request DefaultFullHttpRequest(decodeResult: success, version: HTTP/1.1, content: EmptyByteBufBE)
GET /session/0d703d6dfb85409f5bea6bc1c4eecd57/element/39a271d2-06b8-4e39-87ce-7bcf922c461c/selected HTTP/1.1
User-Agent: selenium/4.8.3 (java windows)
Cache-Control: no-cache
Content-Type: application/json; charset=utf-8
host: localhost:1177
accept: */*

Response DefaultHttpResponse(decodeResult: success, version: HTTP/1.1)
HTTP/1.1 200 OK
Content-Length: 15
Content-Type: application/json; charset=utf-8
cache-control: no-cache

[DEBUG] Adding key: http://localhost:1177 for channel [id: 0x9876c871, L:/127.0.0.1:51061 - R:localhost/127.0.0.1:1177]
[DEBUG] Using pooled Channel '[id: 0x9876c871, L:/127.0.0.1:51061 - R:localhost/127.0.0.1:1177]' for 'POST' to 'http://localhost:1177/session/0d703d6dfb85409f5bea6bc1c4eecd57/element/39a271d2-06b8-4e39-87ce-7bcf922c461c/click'
[DEBUG] Using open Channel [id: 0x9876c871, L:/127.0.0.1:51061 - R:localhost/127.0.0.1:1177] for POST '/session/0d703d6dfb85409f5bea6bc1c4eecd57/element/39a271d2-06b8-4e39-87ce-7bcf922c461c/click'
[DEBUG] 

Request DefaultHttpRequest(decodeResult: success, version: HTTP/1.1)
POST /session/0d703d6dfb85409f5bea6bc1c4eecd57/element/39a271d2-06b8-4e39-87ce-7bcf922c461c/click HTTP/1.1
User-Agent: selenium/4.8.3 (java windows)
Content-Length: 50
Content-Type: application/json; charset=utf-8
host: localhost:1177
accept: */*

Response DefaultHttpResponse(decodeResult: success, version: HTTP/1.1)
HTTP/1.1 200 OK
Content-Length: 14
Content-Type: application/json; charset=utf-8
cache-control: no-cache

[DEBUG] Adding key: http://localhost:1177 for channel [id: 0x9876c871, L:/127.0.0.1:51061 - R:localhost/127.0.0.1:1177]
]]></system-out>
    <system-err><![CDATA[Starting ChromeDriver 112.0.5615.49 (bd2a7bcb881c11e8cfe3078709382934e3916914-refs/branch-heads/5615@{#936}) on port 1177
Only local connections are allowed.
Please see https://chromedriver.chromium.org/security-considerations for suggestions on keeping ChromeDriver safe.
ChromeDriver was started successfully.
Apr 22, 2023 4:07:57 PM org.openqa.selenium.devtools.CdpVersionFinder findNearestMatch
WARNING: Unable to find an exact match for CDP version 112, so returning the closest version found: 111
]]></system-err>
  </testcase>
  <testcase name="logicTest" classname="com.testng.assertion_2ndApril_2023.Soft_Assert_concept" time="0.002">
    <failure message="The following asserts failed:&#10;	null" type="java.lang.AssertionError"><![CDATA[java.lang.AssertionError: 
The following asserts failed:
	null
	at org.testng.asserts.SoftAssert.assertAll(SoftAssert.java:43)
	at com.testng.assertion_2ndApril_2023.Soft_Assert_concept.logicTest(Soft_Assert_concept.java:22)
	at sun.reflect.NativeMethodAccessorImpl.invoke0(Native Method)
	at sun.reflect.NativeMethodAccessorImpl.invoke(NativeMethodAccessorImpl.java:62)
	at sun.reflect.DelegatingMethodAccessorImpl.invoke(DelegatingMethodAccessorImpl.java:43)
	at java.lang.reflect.Method.invoke(Method.java:498)
	at org.testng.internal.MethodInvocationHelper.invokeMethod(MethodInvocationHelper.java:124)
	at org.testng.internal.Invoker.invokeMethod(Invoker.java:583)
	at org.testng.internal.Invoker.invokeTestMethod(Invoker.java:719)
	at org.testng.internal.Invoker.invokeTestMethods(Invoker.java:989)
	at org.testng.internal.TestMethodWorker.invokeTestMethods(TestMethodWorker.java:125)
	at org.testng.internal.TestMethodWorker.run(TestMethodWorker.java:109)
	at org.testng.TestRunner.privateRun(TestRunner.java:648)
	at org.testng.TestRunner.run(TestRunner.java:505)
	at org.testng.SuiteRunner.runTest(SuiteRunner.java:455)
	at org.testng.SuiteRunner.runSequentially(SuiteRunner.java:450)
	at org.testng.SuiteRunner.privateRun(SuiteRunner.java:415)
	at org.testng.SuiteRunner.run(SuiteRunner.java:364)
	at org.testng.SuiteRunnerWorker.runSuite(SuiteRunnerWorker.java:52)
	at org.testng.SuiteRunnerWorker.run(SuiteRunnerWorker.java:84)
	at org.testng.TestNG.runSuitesSequentially(TestNG.java:1208)
	at org.testng.TestNG.runSuitesLocally(TestNG.java:1137)
	at org.testng.TestNG.runSuites(TestNG.java:1049)
	at org.testng.TestNG.run(TestNG.java:1017)
	at org.apache.maven.surefire.testng.TestNGExecutor.run(TestNGExecutor.java:324)
	at org.apache.maven.surefire.testng.TestNGXmlTestSuite.execute(TestNGXmlTestSuite.java:74)
	at org.apache.maven.surefire.testng.TestNGProvider.invoke(TestNGProvider.java:123)
	at org.apache.maven.surefire.booter.ForkedBooter.runSuitesInProcess(ForkedBooter.java:456)
	at org.apache.maven.surefire.booter.ForkedBooter.execute(ForkedBooter.java:169)
	at org.apache.maven.surefire.booter.ForkedBooter.run(ForkedBooter.java:595)
	at org.apache.maven.surefire.booter.ForkedBooter.main(ForkedBooter.java:581)
]]></failure>
    <system-out><![CDATA[[DEBUG] Channel Closed: [id: 0x7d2a8f26, L:/127.0.0.1:51069 ! R:localhost/127.0.0.1:51062] with attribute NettyResponseFuture{currentRetry=0,
	isDone=1,
	isCancelled=0,
	asyncHandler=org.asynchttpclient.ws.WebSocketUpgradeHandler@468ffec3,
	nettyRequest=org.asynchttpclient.netty.request.NettyRequest@38d7876,
	future=java.util.concurrent.CompletableFuture@7327afb9[Completed normally],
	uri=ws://localhost:51062/devtools/browser/3134eb00-3bad-4f7a-aac6-fd42e1a8ff6b,
	keepAlive=true,
	redirectCount=0,
	timeoutsHolder=null,
	inAuth=0,
	touch=1682194077795}
[DEBUG] Using pooled Channel '[id: 0x9876c871, L:/127.0.0.1:51061 - R:localhost/127.0.0.1:1177]' for 'DELETE' to 'http://localhost:1177/session/0d703d6dfb85409f5bea6bc1c4eecd57'
[DEBUG] Closing Channel [id: 0x7d2a8f26, L:/127.0.0.1:51069 ! R:localhost/127.0.0.1:51062] 
[DEBUG] Using open Channel [id: 0x9876c871, L:/127.0.0.1:51061 - R:localhost/127.0.0.1:1177] for DELETE '/session/0d703d6dfb85409f5bea6bc1c4eecd57'
[DEBUG] Unexpected I/O exception on channel [id: 0xe4061673, L:/127.0.0.1:51068 - R:localhost/127.0.0.1:51062]
java.io.IOException: An existing connection was forcibly closed by the remote host
	at sun.nio.ch.SocketDispatcher.read0(Native Method) ~[na:1.8.0_351]
	at sun.nio.ch.SocketDispatcher.read(SocketDispatcher.java:43) ~[na:1.8.0_351]
	at sun.nio.ch.IOUtil.readIntoNativeBuffer(IOUtil.java:223) ~[na:1.8.0_351]
	at sun.nio.ch.IOUtil.read(IOUtil.java:192) ~[na:1.8.0_351]
	at sun.nio.ch.SocketChannelImpl.read(SocketChannelImpl.java:378) ~[na:1.8.0_351]
	at io.netty.buffer.PooledByteBuf.setBytes(PooledByteBuf.java:256) ~[netty-buffer-4.1.90.Final.jar:4.1.90.Final]
	at io.netty.buffer.AbstractByteBuf.writeBytes(AbstractByteBuf.java:1132) ~[netty-buffer-4.1.90.Final.jar:4.1.90.Final]
	at io.netty.channel.socket.nio.NioSocketChannel.doReadBytes(NioSocketChannel.java:357) ~[netty-transport-4.1.90.Final.jar:4.1.90.Final]
	at io.netty.channel.nio.AbstractNioByteChannel$NioByteUnsafe.read(AbstractNioByteChannel.java:151) ~[netty-transport-4.1.90.Final.jar:4.1.90.Final]
	at io.netty.channel.nio.NioEventLoop.processSelectedKey(NioEventLoop.java:788) [netty-transport-4.1.90.Final.jar:4.1.90.Final]
	at io.netty.channel.nio.NioEventLoop.processSelectedKeysOptimized(NioEventLoop.java:724) [netty-transport-4.1.90.Final.jar:4.1.90.Final]
	at io.netty.channel.nio.NioEventLoop.processSelectedKeys(NioEventLoop.java:650) [netty-transport-4.1.90.Final.jar:4.1.90.Final]
	at io.netty.channel.nio.NioEventLoop.run(NioEventLoop.java:562) [netty-transport-4.1.90.Final.jar:4.1.90.Final]
	at io.netty.util.concurrent.SingleThreadEventExecutor$4.run(SingleThreadEventExecutor.java:997) [netty-common-4.1.90.Final.jar:4.1.90.Final]
	at io.netty.util.internal.ThreadExecutorMap$2.run(ThreadExecutorMap.java:74) [netty-common-4.1.90.Final.jar:4.1.90.Final]
	at io.netty.util.concurrent.FastThreadLocalRunnable.run(FastThreadLocalRunnable.java:30) [netty-common-4.1.90.Final.jar:4.1.90.Final]
	at java.lang.Thread.run(Thread.java:750) [na:1.8.0_351]
[DEBUG] Closing Channel [id: 0xe4061673, L:/127.0.0.1:51068 - R:localhost/127.0.0.1:51062] 
[DEBUG] Channel Closed: [id: 0xe4061673, L:/127.0.0.1:51068 ! R:localhost/127.0.0.1:51062] with attribute DISCARD
[DEBUG] 

Request DefaultFullHttpRequest(decodeResult: success, version: HTTP/1.1, content: EmptyByteBufBE)
DELETE /session/0d703d6dfb85409f5bea6bc1c4eecd57 HTTP/1.1
User-Agent: selenium/4.8.3 (java windows)
Content-Type: application/json; charset=utf-8
host: localhost:1177
accept: */*

Response DefaultHttpResponse(decodeResult: success, version: HTTP/1.1)
HTTP/1.1 200 OK
Content-Length: 14
Content-Type: application/json; charset=utf-8
cache-control: no-cache

[DEBUG] Adding key: http://localhost:1177 for channel [id: 0x9876c871, L:/127.0.0.1:51061 - R:localhost/127.0.0.1:1177]
[DEBUG] Channel Closed: [id: 0x9876c871, L:/127.0.0.1:51061 ! R:localhost/127.0.0.1:1177] with attribute DISCARD
5
My logic is true
]]></system-out>
  </testcase>
  <testcase name="TNLogin" classname="com.automationcode_08thApril_2023.TutorialNinjaLoginTest" time="4.703">
    <system-out><![CDATA[[DEBUG] Using new Channel '[id: 0xe96edcc4, L:/127.0.0.1:51087 - R:localhost/127.0.0.1:25134]' for 'POST' to '/session'
[DEBUG] Entry count for : http://localhost:39624 : 1
[DEBUG] Entry count for : http://localhost:13874 : 1
[DEBUG] Entry count for : http://localhost:1177 : 1
[DEBUG] Entry count for : http://localhost:42607 : 1
[DEBUG] Entry count for : http://localhost:51062 : 1
[DEBUG] Entry count for : http://localhost:30179 : 1
[DEBUG] Entry count for : http://localhost:50740 : 1
[DEBUG] Entry count for : http://localhost:50676 : 1
[DEBUG] Entry count for : http://localhost:50689 : 1
[DEBUG] Adding Candidate expired Channel [id: 0x9876c871, L:/127.0.0.1:51061 ! R:localhost/127.0.0.1:1177] isIdleTimeoutExpired=false isRemotelyClosed=true isTtlExpired=false
[DEBUG] Closing Idle Channel [id: 0x9876c871, L:/127.0.0.1:51061 ! R:localhost/127.0.0.1:1177]
[DEBUG] Adding Candidate expired Channel [id: 0xe4061673, L:/127.0.0.1:51068 ! R:localhost/127.0.0.1:51062] isIdleTimeoutExpired=false isRemotelyClosed=true isTtlExpired=false
[DEBUG] Closing Idle Channel [id: 0xe4061673, L:/127.0.0.1:51068 ! R:localhost/127.0.0.1:51062]
[DEBUG] Closed 2 connections out of 9 in 0 ms
[DEBUG] 

Request DefaultHttpRequest(decodeResult: success, version: HTTP/1.1)
POST /session HTTP/1.1
User-Agent: selenium/4.8.3 (java windows)
Content-Length: 439
Content-Type: application/json; charset=utf-8
host: localhost:25134
accept: */*

Response DefaultHttpResponse(decodeResult: success, version: HTTP/1.1)
HTTP/1.1 200 OK
Content-Length: 857
Content-Type: application/json; charset=utf-8
cache-control: no-cache

[DEBUG] Adding key: http://localhost:25134 for channel [id: 0xe96edcc4, L:/127.0.0.1:51087 - R:localhost/127.0.0.1:25134]
[DEBUG] Using new Channel '[id: 0xffc12576, L:/127.0.0.1:51094 - R:localhost/127.0.0.1:51088]' for 'GET' to '/json/version'
[DEBUG] 

Request DefaultFullHttpRequest(decodeResult: success, version: HTTP/1.1, content: EmptyByteBufBE)
GET /json/version HTTP/1.1
User-Agent: selenium/4.8.3 (java windows)
host: localhost:51088
accept: */*

Response DefaultHttpResponse(decodeResult: success, version: HTTP/1.1)
HTTP/1.1 200 OK
Content-Security-Policy: frame-ancestors 'none'
Content-Length: 424
Content-Type: application/json; charset=UTF-8

[DEBUG] Adding key: http://localhost:51088 for channel [id: 0xffc12576, L:/127.0.0.1:51094 - R:localhost/127.0.0.1:51088]
[DEBUG] Using new Channel '[id: 0xbb29c316, L:/127.0.0.1:51095 - R:localhost/127.0.0.1:51088]' for 'GET' to '/devtools/browser/fa9ad25f-4151-43da-9333-badee2120604'
[DEBUG] 

Request DefaultFullHttpRequest(decodeResult: success, version: HTTP/1.1, content: EmptyByteBufBE)
GET /devtools/browser/fa9ad25f-4151-43da-9333-badee2120604 HTTP/1.1
upgrade: websocket
connection: upgrade
sec-websocket-key: Rb3jeNcMpKT1urnRkvg0kw==
sec-websocket-version: 13
origin: http://localhost:51088
host: localhost:51088
accept: */*
user-agent: AHC/2.1

Response DefaultHttpResponse(decodeResult: success, version: HTTP/1.1)
HTTP/1.1 101 WebSocket Protocol Handshake
Upgrade: WebSocket
Connection: Upgrade
Sec-WebSocket-Accept: 0XjBrLaziR4aJepgY0ZQgAxQIT0=

[DEBUG] Using pooled Channel '[id: 0xe96edcc4, L:/127.0.0.1:51087 - R:localhost/127.0.0.1:25134]' for 'POST' to 'http://localhost:25134/session/fd9e0b6fb387bca50e42dcecd12c17e2/window/maximize'
[DEBUG] Using open Channel [id: 0xe96edcc4, L:/127.0.0.1:51087 - R:localhost/127.0.0.1:25134] for POST '/session/fd9e0b6fb387bca50e42dcecd12c17e2/window/maximize'
[DEBUG] 

Request DefaultHttpRequest(decodeResult: success, version: HTTP/1.1)
POST /session/fd9e0b6fb387bca50e42dcecd12c17e2/window/maximize HTTP/1.1
User-Agent: selenium/4.8.3 (java windows)
Content-Length: 3
Content-Type: application/json; charset=utf-8
host: localhost:25134
accept: */*

Response DefaultHttpResponse(decodeResult: success, version: HTTP/1.1)
HTTP/1.1 200 OK
Content-Length: 52
Content-Type: application/json; charset=utf-8
cache-control: no-cache

[DEBUG] Adding key: http://localhost:25134 for channel [id: 0xe96edcc4, L:/127.0.0.1:51087 - R:localhost/127.0.0.1:25134]
[DEBUG] Using pooled Channel '[id: 0xe96edcc4, L:/127.0.0.1:51087 - R:localhost/127.0.0.1:25134]' for 'POST' to 'http://localhost:25134/session/fd9e0b6fb387bca50e42dcecd12c17e2/timeouts'
[DEBUG] Using open Channel [id: 0xe96edcc4, L:/127.0.0.1:51087 - R:localhost/127.0.0.1:25134] for POST '/session/fd9e0b6fb387bca50e42dcecd12c17e2/timeouts'
[DEBUG] 

Request DefaultHttpRequest(decodeResult: success, version: HTTP/1.1)
POST /session/fd9e0b6fb387bca50e42dcecd12c17e2/timeouts HTTP/1.1
User-Agent: selenium/4.8.3 (java windows)
Content-Length: 23
Content-Type: application/json; charset=utf-8
host: localhost:25134
accept: */*

Response DefaultHttpResponse(decodeResult: success, version: HTTP/1.1)
HTTP/1.1 200 OK
Content-Length: 14
Content-Type: application/json; charset=utf-8
cache-control: no-cache

[DEBUG] Adding key: http://localhost:25134 for channel [id: 0xe96edcc4, L:/127.0.0.1:51087 - R:localhost/127.0.0.1:25134]
[DEBUG] Using pooled Channel '[id: 0xe96edcc4, L:/127.0.0.1:51087 - R:localhost/127.0.0.1:25134]' for 'POST' to 'http://localhost:25134/session/fd9e0b6fb387bca50e42dcecd12c17e2/url'
[DEBUG] Using open Channel [id: 0xe96edcc4, L:/127.0.0.1:51087 - R:localhost/127.0.0.1:25134] for POST '/session/fd9e0b6fb387bca50e42dcecd12c17e2/url'
[DEBUG] Entry count for : http://localhost:39624 : 1
[DEBUG] Entry count for : http://localhost:13874 : 1
[DEBUG] Entry count for : http://localhost:42607 : 1
[DEBUG] Entry count for : http://localhost:51088 : 1
[DEBUG] Entry count for : http://localhost:30179 : 1
[DEBUG] Entry count for : http://localhost:50740 : 1
[DEBUG] Entry count for : http://localhost:50676 : 1
[DEBUG] Entry count for : http://localhost:50689 : 1
[DEBUG] Entry count for : http://localhost:39624 : 1
[DEBUG] Entry count for : http://localhost:13874 : 1
[DEBUG] Entry count for : http://localhost:42607 : 1
[DEBUG] Entry count for : http://localhost:51088 : 1
[DEBUG] Entry count for : http://localhost:30179 : 1
[DEBUG] Entry count for : http://localhost:50740 : 1
[DEBUG] Entry count for : http://localhost:50676 : 1
[DEBUG] Entry count for : http://localhost:50689 : 1
[DEBUG] Entry count for : http://localhost:39624 : 1
[DEBUG] Entry count for : http://localhost:13874 : 1
[DEBUG] Entry count for : http://localhost:42607 : 1
[DEBUG] Entry count for : http://localhost:51088 : 1
[DEBUG] Entry count for : http://localhost:30179 : 1
[DEBUG] Entry count for : http://localhost:50740 : 1
[DEBUG] Entry count for : http://localhost:50676 : 1
[DEBUG] Entry count for : http://localhost:50689 : 1
[DEBUG] 

Request DefaultHttpRequest(decodeResult: success, version: HTTP/1.1)
POST /session/fd9e0b6fb387bca50e42dcecd12c17e2/url HTTP/1.1
User-Agent: selenium/4.8.3 (java windows)
Content-Length: 67
Content-Type: application/json; charset=utf-8
host: localhost:25134
accept: */*

Response DefaultHttpResponse(decodeResult: success, version: HTTP/1.1)
HTTP/1.1 200 OK
Content-Length: 14
Content-Type: application/json; charset=utf-8
cache-control: no-cache

[DEBUG] Adding key: http://localhost:25134 for channel [id: 0xe96edcc4, L:/127.0.0.1:51087 - R:localhost/127.0.0.1:25134]
[DEBUG] Using pooled Channel '[id: 0xe96edcc4, L:/127.0.0.1:51087 - R:localhost/127.0.0.1:25134]' for 'POST' to 'http://localhost:25134/session/fd9e0b6fb387bca50e42dcecd12c17e2/element'
[DEBUG] Using open Channel [id: 0xe96edcc4, L:/127.0.0.1:51087 - R:localhost/127.0.0.1:25134] for POST '/session/fd9e0b6fb387bca50e42dcecd12c17e2/element'
[DEBUG] 

Request DefaultHttpRequest(decodeResult: success, version: HTTP/1.1)
POST /session/fd9e0b6fb387bca50e42dcecd12c17e2/element HTTP/1.1
User-Agent: selenium/4.8.3 (java windows)
Content-Length: 51
Content-Type: application/json; charset=utf-8
host: localhost:25134
accept: */*

Response DefaultHttpResponse(decodeResult: success, version: HTTP/1.1)
HTTP/1.1 200 OK
Content-Length: 88
Content-Type: application/json; charset=utf-8
cache-control: no-cache

[DEBUG] Adding key: http://localhost:25134 for channel [id: 0xe96edcc4, L:/127.0.0.1:51087 - R:localhost/127.0.0.1:25134]
[DEBUG] Using pooled Channel '[id: 0xe96edcc4, L:/127.0.0.1:51087 - R:localhost/127.0.0.1:25134]' for 'POST' to 'http://localhost:25134/session/fd9e0b6fb387bca50e42dcecd12c17e2/element/6c86cfe1-60b2-4083-b673-ad9af870def8/click'
[DEBUG] Using open Channel [id: 0xe96edcc4, L:/127.0.0.1:51087 - R:localhost/127.0.0.1:25134] for POST '/session/fd9e0b6fb387bca50e42dcecd12c17e2/element/6c86cfe1-60b2-4083-b673-ad9af870def8/click'
[DEBUG] 

Request DefaultHttpRequest(decodeResult: success, version: HTTP/1.1)
POST /session/fd9e0b6fb387bca50e42dcecd12c17e2/element/6c86cfe1-60b2-4083-b673-ad9af870def8/click HTTP/1.1
User-Agent: selenium/4.8.3 (java windows)
Content-Length: 50
Content-Type: application/json; charset=utf-8
host: localhost:25134
accept: */*

Response DefaultHttpResponse(decodeResult: success, version: HTTP/1.1)
HTTP/1.1 200 OK
Content-Length: 14
Content-Type: application/json; charset=utf-8
cache-control: no-cache

[DEBUG] Adding key: http://localhost:25134 for channel [id: 0xe96edcc4, L:/127.0.0.1:51087 - R:localhost/127.0.0.1:25134]
[DEBUG] Using pooled Channel '[id: 0xe96edcc4, L:/127.0.0.1:51087 - R:localhost/127.0.0.1:25134]' for 'POST' to 'http://localhost:25134/session/fd9e0b6fb387bca50e42dcecd12c17e2/element'
[DEBUG] Using open Channel [id: 0xe96edcc4, L:/127.0.0.1:51087 - R:localhost/127.0.0.1:25134] for POST '/session/fd9e0b6fb387bca50e42dcecd12c17e2/element'
[DEBUG] 

Request DefaultHttpRequest(decodeResult: success, version: HTTP/1.1)
POST /session/fd9e0b6fb387bca50e42dcecd12c17e2/element HTTP/1.1
User-Agent: selenium/4.8.3 (java windows)
Content-Length: 46
Content-Type: application/json; charset=utf-8
host: localhost:25134
accept: */*

Response DefaultHttpResponse(decodeResult: success, version: HTTP/1.1)
HTTP/1.1 200 OK
Content-Length: 88
Content-Type: application/json; charset=utf-8
cache-control: no-cache

[DEBUG] Adding key: http://localhost:25134 for channel [id: 0xe96edcc4, L:/127.0.0.1:51087 - R:localhost/127.0.0.1:25134]
[DEBUG] Using pooled Channel '[id: 0xe96edcc4, L:/127.0.0.1:51087 - R:localhost/127.0.0.1:25134]' for 'POST' to 'http://localhost:25134/session/fd9e0b6fb387bca50e42dcecd12c17e2/element/fd1f3363-32c3-4390-a2e1-8411c8980a7c/click'
[DEBUG] Using open Channel [id: 0xe96edcc4, L:/127.0.0.1:51087 - R:localhost/127.0.0.1:25134] for POST '/session/fd9e0b6fb387bca50e42dcecd12c17e2/element/fd1f3363-32c3-4390-a2e1-8411c8980a7c/click'
[DEBUG] 

Request DefaultHttpRequest(decodeResult: success, version: HTTP/1.1)
POST /session/fd9e0b6fb387bca50e42dcecd12c17e2/element/fd1f3363-32c3-4390-a2e1-8411c8980a7c/click HTTP/1.1
User-Agent: selenium/4.8.3 (java windows)
Content-Length: 50
Content-Type: application/json; charset=utf-8
host: localhost:25134
accept: */*

Response DefaultHttpResponse(decodeResult: success, version: HTTP/1.1)
HTTP/1.1 200 OK
Content-Length: 14
Content-Type: application/json; charset=utf-8
cache-control: no-cache

[DEBUG] Adding key: http://localhost:25134 for channel [id: 0xe96edcc4, L:/127.0.0.1:51087 - R:localhost/127.0.0.1:25134]
[DEBUG] Using pooled Channel '[id: 0xe96edcc4, L:/127.0.0.1:51087 - R:localhost/127.0.0.1:25134]' for 'POST' to 'http://localhost:25134/session/fd9e0b6fb387bca50e42dcecd12c17e2/element'
[DEBUG] Using open Channel [id: 0xe96edcc4, L:/127.0.0.1:51087 - R:localhost/127.0.0.1:25134] for POST '/session/fd9e0b6fb387bca50e42dcecd12c17e2/element'
[DEBUG] 

Request DefaultHttpRequest(decodeResult: success, version: HTTP/1.1)
POST /session/fd9e0b6fb387bca50e42dcecd12c17e2/element HTTP/1.1
User-Agent: selenium/4.8.3 (java windows)
Content-Length: 58
Content-Type: application/json; charset=utf-8
host: localhost:25134
accept: */*

Response DefaultHttpResponse(decodeResult: success, version: HTTP/1.1)
HTTP/1.1 200 OK
Content-Length: 88
Content-Type: application/json; charset=utf-8
cache-control: no-cache

[DEBUG] Adding key: http://localhost:25134 for channel [id: 0xe96edcc4, L:/127.0.0.1:51087 - R:localhost/127.0.0.1:25134]
[DEBUG] Using pooled Channel '[id: 0xe96edcc4, L:/127.0.0.1:51087 - R:localhost/127.0.0.1:25134]' for 'POST' to 'http://localhost:25134/session/fd9e0b6fb387bca50e42dcecd12c17e2/element/e49de276-b1b8-457d-8851-cb458a5315f6/value'
[DEBUG] Using open Channel [id: 0xe96edcc4, L:/127.0.0.1:51087 - R:localhost/127.0.0.1:25134] for POST '/session/fd9e0b6fb387bca50e42dcecd12c17e2/element/e49de276-b1b8-457d-8851-cb458a5315f6/value'
[DEBUG] 

Request DefaultHttpRequest(decodeResult: success, version: HTTP/1.1)
POST /session/fd9e0b6fb387bca50e42dcecd12c17e2/element/e49de276-b1b8-457d-8851-cb458a5315f6/value HTTP/1.1
User-Agent: selenium/4.8.3 (java windows)
Content-Length: 281
Content-Type: application/json; charset=utf-8
host: localhost:25134
accept: */*

Response DefaultHttpResponse(decodeResult: success, version: HTTP/1.1)
HTTP/1.1 200 OK
Content-Length: 14
Content-Type: application/json; charset=utf-8
cache-control: no-cache

[DEBUG] Adding key: http://localhost:25134 for channel [id: 0xe96edcc4, L:/127.0.0.1:51087 - R:localhost/127.0.0.1:25134]
[DEBUG] Using pooled Channel '[id: 0xe96edcc4, L:/127.0.0.1:51087 - R:localhost/127.0.0.1:25134]' for 'POST' to 'http://localhost:25134/session/fd9e0b6fb387bca50e42dcecd12c17e2/element'
[DEBUG] Using open Channel [id: 0xe96edcc4, L:/127.0.0.1:51087 - R:localhost/127.0.0.1:25134] for POST '/session/fd9e0b6fb387bca50e42dcecd12c17e2/element'
[DEBUG] 

Request DefaultHttpRequest(decodeResult: success, version: HTTP/1.1)
POST /session/fd9e0b6fb387bca50e42dcecd12c17e2/element HTTP/1.1
User-Agent: selenium/4.8.3 (java windows)
Content-Length: 61
Content-Type: application/json; charset=utf-8
host: localhost:25134
accept: */*

Response DefaultHttpResponse(decodeResult: success, version: HTTP/1.1)
HTTP/1.1 200 OK
Content-Length: 88
Content-Type: application/json; charset=utf-8
cache-control: no-cache

[DEBUG] Adding key: http://localhost:25134 for channel [id: 0xe96edcc4, L:/127.0.0.1:51087 - R:localhost/127.0.0.1:25134]
[DEBUG] Using pooled Channel '[id: 0xe96edcc4, L:/127.0.0.1:51087 - R:localhost/127.0.0.1:25134]' for 'POST' to 'http://localhost:25134/session/fd9e0b6fb387bca50e42dcecd12c17e2/element/a734da5d-aa8e-4640-9931-c266d471a239/value'
[DEBUG] Using open Channel [id: 0xe96edcc4, L:/127.0.0.1:51087 - R:localhost/127.0.0.1:25134] for POST '/session/fd9e0b6fb387bca50e42dcecd12c17e2/element/a734da5d-aa8e-4640-9931-c266d471a239/value'
[DEBUG] 

Request DefaultHttpRequest(decodeResult: success, version: HTTP/1.1)
POST /session/fd9e0b6fb387bca50e42dcecd12c17e2/element/a734da5d-aa8e-4640-9931-c266d471a239/value HTTP/1.1
User-Agent: selenium/4.8.3 (java windows)
Content-Length: 121
Content-Type: application/json; charset=utf-8
host: localhost:25134
accept: */*

Response DefaultHttpResponse(decodeResult: success, version: HTTP/1.1)
HTTP/1.1 200 OK
Content-Length: 14
Content-Type: application/json; charset=utf-8
cache-control: no-cache

[DEBUG] Adding key: http://localhost:25134 for channel [id: 0xe96edcc4, L:/127.0.0.1:51087 - R:localhost/127.0.0.1:25134]
[DEBUG] Using pooled Channel '[id: 0xe96edcc4, L:/127.0.0.1:51087 - R:localhost/127.0.0.1:25134]' for 'POST' to 'http://localhost:25134/session/fd9e0b6fb387bca50e42dcecd12c17e2/element'
[DEBUG] Using open Channel [id: 0xe96edcc4, L:/127.0.0.1:51087 - R:localhost/127.0.0.1:25134] for POST '/session/fd9e0b6fb387bca50e42dcecd12c17e2/element'
[DEBUG] 

Request DefaultHttpRequest(decodeResult: success, version: HTTP/1.1)
POST /session/fd9e0b6fb387bca50e42dcecd12c17e2/element HTTP/1.1
User-Agent: selenium/4.8.3 (java windows)
Content-Length: 80
Content-Type: application/json; charset=utf-8
host: localhost:25134
accept: */*

Response DefaultHttpResponse(decodeResult: success, version: HTTP/1.1)
HTTP/1.1 200 OK
Content-Length: 88
Content-Type: application/json; charset=utf-8
cache-control: no-cache

[DEBUG] Adding key: http://localhost:25134 for channel [id: 0xe96edcc4, L:/127.0.0.1:51087 - R:localhost/127.0.0.1:25134]
[DEBUG] Using pooled Channel '[id: 0xe96edcc4, L:/127.0.0.1:51087 - R:localhost/127.0.0.1:25134]' for 'POST' to 'http://localhost:25134/session/fd9e0b6fb387bca50e42dcecd12c17e2/element/dff6156a-734c-4951-8f83-584bf4522e2d/click'
[DEBUG] Using open Channel [id: 0xe96edcc4, L:/127.0.0.1:51087 - R:localhost/127.0.0.1:25134] for POST '/session/fd9e0b6fb387bca50e42dcecd12c17e2/element/dff6156a-734c-4951-8f83-584bf4522e2d/click'
[DEBUG] 

Request DefaultHttpRequest(decodeResult: success, version: HTTP/1.1)
POST /session/fd9e0b6fb387bca50e42dcecd12c17e2/element/dff6156a-734c-4951-8f83-584bf4522e2d/click HTTP/1.1
User-Agent: selenium/4.8.3 (java windows)
Content-Length: 50
Content-Type: application/json; charset=utf-8
host: localhost:25134
accept: */*

Response DefaultHttpResponse(decodeResult: success, version: HTTP/1.1)
HTTP/1.1 200 OK
Content-Length: 14
Content-Type: application/json; charset=utf-8
cache-control: no-cache

[DEBUG] Adding key: http://localhost:25134 for channel [id: 0xe96edcc4, L:/127.0.0.1:51087 - R:localhost/127.0.0.1:25134]
]]></system-out>
    <system-err><![CDATA[Starting ChromeDriver 112.0.5615.49 (bd2a7bcb881c11e8cfe3078709382934e3916914-refs/branch-heads/5615@{#936}) on port 25134
Only local connections are allowed.
Please see https://chromedriver.chromium.org/security-considerations for suggestions on keeping ChromeDriver safe.
ChromeDriver was started successfully.
Apr 22, 2023 4:08:00 PM org.openqa.selenium.devtools.CdpVersionFinder findNearestMatch
WARNING: Unable to find an exact match for CDP version 112, so returning the closest version found: 111
]]></system-err>
  </testcase>
  <testcase name="clickOnSignInLink" classname="com.automationcode_25thMarch_2023.Rediff_CssSelector" time="180.018">
    <failure message="java.util.concurrent.TimeoutException&#10;Build info: version: &apos;4.8.3&apos;, revision: &apos;e5e76298c3&apos;&#10;System info: os.name: &apos;Windows 11&apos;, os.arch: &apos;amd64&apos;, os.version: &apos;10.0&apos;, java.version: &apos;1.8.0_351&apos;&#10;Driver info: org.openqa.selenium.chrome.ChromeDriver&#10;Command: [73790a71fc237c79cf1005b6c2dfe784, clickElement {id=0ea9067e-7aee-49c6-9281-a83e577dc28e}]&#10;Capabilities {acceptInsecureCerts: false, browserName: chrome, browserVersion: 112.0.5615.138, chrome: {chromedriverVersion: 112.0.5615.49 (bd2a7bcb881c..., userDataDir: C:\Users\shams\AppData\Loca...}, goog:chromeOptions: {debuggerAddress: localhost:51113}, networkConnectionEnabled: false, pageLoadStrategy: normal, platformName: WINDOWS, proxy: Proxy(), se:cdp: ws://localhost:51113/devtoo..., se:cdpVersion: 112.0.5615.138, setWindowRect: true, strictFileInteractability: false, timeouts: {implicit: 0, pageLoad: 300000, script: 30000}, unhandledPromptBehavior: dismiss and notify, webauthn:extension:credBlob: true, webauthn:extension:largeBlob: true, webauthn:extension:minPinLength: true, webauthn:extension:prf: true, webauthn:virtualAuthenticators: true}&#10;Element: [[ChromeDriver: chrome on WINDOWS (73790a71fc237c79cf1005b6c2dfe784)] -&gt; css selector: a[class=signin]]&#10;Session ID: 73790a71fc237c79cf1005b6c2dfe784" type="org.openqa.selenium.TimeoutException"><![CDATA[org.openqa.selenium.TimeoutException: 
java.util.concurrent.TimeoutException
Build info: version: '4.8.3', revision: 'e5e76298c3'
System info: os.name: 'Windows 11', os.arch: 'amd64', os.version: '10.0', java.version: '1.8.0_351'
Driver info: org.openqa.selenium.chrome.ChromeDriver
Command: [73790a71fc237c79cf1005b6c2dfe784, clickElement {id=0ea9067e-7aee-49c6-9281-a83e577dc28e}]
Capabilities {acceptInsecureCerts: false, browserName: chrome, browserVersion: 112.0.5615.138, chrome: {chromedriverVersion: 112.0.5615.49 (bd2a7bcb881c..., userDataDir: C:\Users\shams\AppData\Loca...}, goog:chromeOptions: {debuggerAddress: localhost:51113}, networkConnectionEnabled: false, pageLoadStrategy: normal, platformName: WINDOWS, proxy: Proxy(), se:cdp: ws://localhost:51113/devtoo..., se:cdpVersion: 112.0.5615.138, setWindowRect: true, strictFileInteractability: false, timeouts: {implicit: 0, pageLoad: 300000, script: 30000}, unhandledPromptBehavior: dismiss and notify, webauthn:extension:credBlob: true, webauthn:extension:largeBlob: true, webauthn:extension:minPinLength: true, webauthn:extension:prf: true, webauthn:virtualAuthenticators: true}
Element: [[ChromeDriver: chrome on WINDOWS (73790a71fc237c79cf1005b6c2dfe784)] -> css selector: a[class=signin]]
Session ID: 73790a71fc237c79cf1005b6c2dfe784
	at org.openqa.selenium.remote.http.netty.NettyHttpHandler.makeCall(NettyHttpHandler.java:65)
	at org.openqa.selenium.remote.http.AddSeleniumUserAgent.lambda$apply$0(AddSeleniumUserAgent.java:42)
	at org.openqa.selenium.remote.http.Filter.lambda$andFinally$1(Filter.java:56)
	at org.openqa.selenium.remote.http.netty.NettyHttpHandler.execute(NettyHttpHandler.java:49)
	at org.openqa.selenium.remote.http.AddSeleniumUserAgent.lambda$apply$0(AddSeleniumUserAgent.java:42)
	at org.openqa.selenium.remote.http.Filter.lambda$andFinally$1(Filter.java:56)
	at org.openqa.selenium.remote.http.netty.NettyClient.execute(NettyClient.java:99)
	at org.openqa.selenium.remote.HttpCommandExecutor.execute(HttpCommandExecutor.java:190)
	at org.openqa.selenium.remote.service.DriverCommandExecutor.invokeExecute(DriverCommandExecutor.java:183)
	at org.openqa.selenium.remote.service.DriverCommandExecutor.execute(DriverCommandExecutor.java:158)
	at org.openqa.selenium.remote.RemoteWebDriver.execute(RemoteWebDriver.java:543)
	at org.openqa.selenium.remote.RemoteWebElement.execute(RemoteWebElement.java:257)
	at org.openqa.selenium.remote.RemoteWebElement.click(RemoteWebElement.java:78)
	at com.automationcode_25thMarch_2023.Rediff_CssSelector.clickOnSignInLink(Rediff_CssSelector.java:26)
	at sun.reflect.NativeMethodAccessorImpl.invoke0(Native Method)
	at sun.reflect.NativeMethodAccessorImpl.invoke(NativeMethodAccessorImpl.java:62)
	at sun.reflect.DelegatingMethodAccessorImpl.invoke(DelegatingMethodAccessorImpl.java:43)
	at java.lang.reflect.Method.invoke(Method.java:498)
	at org.testng.internal.MethodInvocationHelper.invokeMethod(MethodInvocationHelper.java:124)
	at org.testng.internal.Invoker.invokeMethod(Invoker.java:583)
	at org.testng.internal.Invoker.invokeTestMethod(Invoker.java:719)
	at org.testng.internal.Invoker.invokeTestMethods(Invoker.java:989)
	at org.testng.internal.TestMethodWorker.invokeTestMethods(TestMethodWorker.java:125)
	at org.testng.internal.TestMethodWorker.run(TestMethodWorker.java:109)
	at org.testng.TestRunner.privateRun(TestRunner.java:648)
	at org.testng.TestRunner.run(TestRunner.java:505)
	at org.testng.SuiteRunner.runTest(SuiteRunner.java:455)
	at org.testng.SuiteRunner.runSequentially(SuiteRunner.java:450)
	at org.testng.SuiteRunner.privateRun(SuiteRunner.java:415)
	at org.testng.SuiteRunner.run(SuiteRunner.java:364)
	at org.testng.SuiteRunnerWorker.runSuite(SuiteRunnerWorker.java:52)
	at org.testng.SuiteRunnerWorker.run(SuiteRunnerWorker.java:84)
	at org.testng.TestNG.runSuitesSequentially(TestNG.java:1208)
	at org.testng.TestNG.runSuitesLocally(TestNG.java:1137)
	at org.testng.TestNG.runSuites(TestNG.java:1049)
	at org.testng.TestNG.run(TestNG.java:1017)
	at org.apache.maven.surefire.testng.TestNGExecutor.run(TestNGExecutor.java:324)
	at org.apache.maven.surefire.testng.TestNGXmlTestSuite.execute(TestNGXmlTestSuite.java:74)
	at org.apache.maven.surefire.testng.TestNGProvider.invoke(TestNGProvider.java:123)
	at org.apache.maven.surefire.booter.ForkedBooter.runSuitesInProcess(ForkedBooter.java:456)
	at org.apache.maven.surefire.booter.ForkedBooter.execute(ForkedBooter.java:169)
	at org.apache.maven.surefire.booter.ForkedBooter.run(ForkedBooter.java:595)
	at org.apache.maven.surefire.booter.ForkedBooter.main(ForkedBooter.java:581)
Caused by: java.util.concurrent.TimeoutException
	at java.util.concurrent.CompletableFuture.timedGet(CompletableFuture.java:1784)
	at java.util.concurrent.CompletableFuture.get(CompletableFuture.java:1928)
	at org.asynchttpclient.netty.NettyResponseFuture.get(NettyResponseFuture.java:206)
	at org.openqa.selenium.remote.http.netty.NettyHttpHandler.makeCall(NettyHttpHandler.java:59)
	... 42 more
]]></failure>
    <system-out><![CDATA[[DEBUG] Channel Closed: [id: 0xbb29c316, L:/127.0.0.1:51095 ! R:localhost/127.0.0.1:51088] with attribute NettyResponseFuture{currentRetry=0,
	isDone=1,
	isCancelled=0,
	asyncHandler=org.asynchttpclient.ws.WebSocketUpgradeHandler@7ba5c7d7,
	nettyRequest=org.asynchttpclient.netty.request.NettyRequest@3ea746c7,
	future=java.util.concurrent.CompletableFuture@2283ed20[Completed normally],
	uri=ws://localhost:51088/devtools/browser/fa9ad25f-4151-43da-9333-badee2120604,
	keepAlive=true,
	redirectCount=0,
	timeoutsHolder=null,
	inAuth=0,
	touch=1682194080641}
[DEBUG] Using pooled Channel '[id: 0xe96edcc4, L:/127.0.0.1:51087 - R:localhost/127.0.0.1:25134]' for 'DELETE' to 'http://localhost:25134/session/fd9e0b6fb387bca50e42dcecd12c17e2'
[DEBUG] Closing Channel [id: 0xbb29c316, L:/127.0.0.1:51095 ! R:localhost/127.0.0.1:51088] 
[DEBUG] Using open Channel [id: 0xe96edcc4, L:/127.0.0.1:51087 - R:localhost/127.0.0.1:25134] for DELETE '/session/fd9e0b6fb387bca50e42dcecd12c17e2'
[DEBUG] Unexpected I/O exception on channel [id: 0xffc12576, L:/127.0.0.1:51094 - R:localhost/127.0.0.1:51088]
java.io.IOException: An existing connection was forcibly closed by the remote host
	at sun.nio.ch.SocketDispatcher.read0(Native Method) ~[na:1.8.0_351]
	at sun.nio.ch.SocketDispatcher.read(SocketDispatcher.java:43) ~[na:1.8.0_351]
	at sun.nio.ch.IOUtil.readIntoNativeBuffer(IOUtil.java:223) ~[na:1.8.0_351]
	at sun.nio.ch.IOUtil.read(IOUtil.java:192) ~[na:1.8.0_351]
	at sun.nio.ch.SocketChannelImpl.read(SocketChannelImpl.java:378) ~[na:1.8.0_351]
	at io.netty.buffer.PooledByteBuf.setBytes(PooledByteBuf.java:256) ~[netty-buffer-4.1.90.Final.jar:4.1.90.Final]
	at io.netty.buffer.AbstractByteBuf.writeBytes(AbstractByteBuf.java:1132) ~[netty-buffer-4.1.90.Final.jar:4.1.90.Final]
	at io.netty.channel.socket.nio.NioSocketChannel.doReadBytes(NioSocketChannel.java:357) ~[netty-transport-4.1.90.Final.jar:4.1.90.Final]
	at io.netty.channel.nio.AbstractNioByteChannel$NioByteUnsafe.read(AbstractNioByteChannel.java:151) ~[netty-transport-4.1.90.Final.jar:4.1.90.Final]
	at io.netty.channel.nio.NioEventLoop.processSelectedKey(NioEventLoop.java:788) [netty-transport-4.1.90.Final.jar:4.1.90.Final]
	at io.netty.channel.nio.NioEventLoop.processSelectedKeysOptimized(NioEventLoop.java:724) [netty-transport-4.1.90.Final.jar:4.1.90.Final]
	at io.netty.channel.nio.NioEventLoop.processSelectedKeys(NioEventLoop.java:650) [netty-transport-4.1.90.Final.jar:4.1.90.Final]
	at io.netty.channel.nio.NioEventLoop.run(NioEventLoop.java:562) [netty-transport-4.1.90.Final.jar:4.1.90.Final]
	at io.netty.util.concurrent.SingleThreadEventExecutor$4.run(SingleThreadEventExecutor.java:997) [netty-common-4.1.90.Final.jar:4.1.90.Final]
	at io.netty.util.internal.ThreadExecutorMap$2.run(ThreadExecutorMap.java:74) [netty-common-4.1.90.Final.jar:4.1.90.Final]
	at io.netty.util.concurrent.FastThreadLocalRunnable.run(FastThreadLocalRunnable.java:30) [netty-common-4.1.90.Final.jar:4.1.90.Final]
	at java.lang.Thread.run(Thread.java:750) [na:1.8.0_351]
[DEBUG] Closing Channel [id: 0xffc12576, L:/127.0.0.1:51094 - R:localhost/127.0.0.1:51088] 
[DEBUG] Channel Closed: [id: 0xffc12576, L:/127.0.0.1:51094 ! R:localhost/127.0.0.1:51088] with attribute DISCARD
[DEBUG] 

Request DefaultFullHttpRequest(decodeResult: success, version: HTTP/1.1, content: EmptyByteBufBE)
DELETE /session/fd9e0b6fb387bca50e42dcecd12c17e2 HTTP/1.1
User-Agent: selenium/4.8.3 (java windows)
Content-Type: application/json; charset=utf-8
host: localhost:25134
accept: */*

Response DefaultHttpResponse(decodeResult: success, version: HTTP/1.1)
HTTP/1.1 200 OK
Content-Length: 14
Content-Type: application/json; charset=utf-8
cache-control: no-cache

[DEBUG] Adding key: http://localhost:25134 for channel [id: 0xe96edcc4, L:/127.0.0.1:51087 - R:localhost/127.0.0.1:25134]
[DEBUG] Entry count for : http://localhost:39624 : 1
[DEBUG] Entry count for : http://localhost:13874 : 1
[DEBUG] Entry count for : http://localhost:42607 : 1
[DEBUG] Entry count for : http://localhost:51088 : 1
[DEBUG] Entry count for : http://localhost:30179 : 1
[DEBUG] Entry count for : http://localhost:50740 : 1
[DEBUG] Entry count for : http://localhost:50676 : 1
[DEBUG] Entry count for : http://localhost:50689 : 1
[DEBUG] Entry count for : http://localhost:25134 : 1
[DEBUG] Adding Candidate expired Channel [id: 0xffc12576, L:/127.0.0.1:51094 ! R:localhost/127.0.0.1:51088] isIdleTimeoutExpired=false isRemotelyClosed=true isTtlExpired=false
[DEBUG] Closing Idle Channel [id: 0xffc12576, L:/127.0.0.1:51094 ! R:localhost/127.0.0.1:51088]
[DEBUG] Closed 1 connections out of 9 in 0 ms
[DEBUG] Channel Closed: [id: 0xe96edcc4, L:/127.0.0.1:51087 ! R:localhost/127.0.0.1:25134] with attribute DISCARD
[DEBUG] Using new Channel '[id: 0x20a667cb, L:/127.0.0.1:51112 - R:localhost/127.0.0.1:3594]' for 'POST' to '/session'
[DEBUG] Entry count for : http://localhost:39624 : 1
[DEBUG] Entry count for : http://localhost:13874 : 1
[DEBUG] Entry count for : http://localhost:42607 : 1
[DEBUG] Entry count for : http://localhost:30179 : 1
[DEBUG] Entry count for : http://localhost:50740 : 1
[DEBUG] Entry count for : http://localhost:50676 : 1
[DEBUG] Entry count for : http://localhost:50689 : 1
[DEBUG] Entry count for : http://localhost:25134 : 1
[DEBUG] Adding Candidate expired Channel [id: 0xe96edcc4, L:/127.0.0.1:51087 ! R:localhost/127.0.0.1:25134] isIdleTimeoutExpired=false isRemotelyClosed=true isTtlExpired=false
[DEBUG] Closing Idle Channel [id: 0xe96edcc4, L:/127.0.0.1:51087 ! R:localhost/127.0.0.1:25134]
[DEBUG] Closed 1 connections out of 8 in 0 ms
[DEBUG] 

Request DefaultHttpRequest(decodeResult: success, version: HTTP/1.1)
POST /session HTTP/1.1
User-Agent: selenium/4.8.3 (java windows)
Content-Length: 439
Content-Type: application/json; charset=utf-8
host: localhost:3594
accept: */*

Response DefaultHttpResponse(decodeResult: success, version: HTTP/1.1)
HTTP/1.1 200 OK
Content-Length: 860
Content-Type: application/json; charset=utf-8
cache-control: no-cache

[DEBUG] Adding key: http://localhost:3594 for channel [id: 0x20a667cb, L:/127.0.0.1:51112 - R:localhost/127.0.0.1:3594]
[DEBUG] Using new Channel '[id: 0x14c2a0bc, L:/127.0.0.1:51119 - R:localhost/127.0.0.1:51113]' for 'GET' to '/json/version'
[DEBUG] 

Request DefaultFullHttpRequest(decodeResult: success, version: HTTP/1.1, content: EmptyByteBufBE)
GET /json/version HTTP/1.1
User-Agent: selenium/4.8.3 (java windows)
host: localhost:51113
accept: */*

Response DefaultHttpResponse(decodeResult: success, version: HTTP/1.1)
HTTP/1.1 200 OK
Content-Security-Policy: frame-ancestors 'none'
Content-Length: 424
Content-Type: application/json; charset=UTF-8

[DEBUG] Adding key: http://localhost:51113 for channel [id: 0x14c2a0bc, L:/127.0.0.1:51119 - R:localhost/127.0.0.1:51113]
[DEBUG] Using new Channel '[id: 0xe542c940, L:/127.0.0.1:51120 - R:localhost/127.0.0.1:51113]' for 'GET' to '/devtools/browser/f0e8029b-9395-4954-9adf-40ae3dc180c0'
[DEBUG] 

Request DefaultFullHttpRequest(decodeResult: success, version: HTTP/1.1, content: EmptyByteBufBE)
GET /devtools/browser/f0e8029b-9395-4954-9adf-40ae3dc180c0 HTTP/1.1
upgrade: websocket
connection: upgrade
sec-websocket-key: IfYj/DKcWxdHcStuNwuDCQ==
sec-websocket-version: 13
origin: http://localhost:51113
host: localhost:51113
accept: */*
user-agent: AHC/2.1

Response DefaultHttpResponse(decodeResult: success, version: HTTP/1.1)
HTTP/1.1 101 WebSocket Protocol Handshake
Upgrade: WebSocket
Connection: Upgrade
Sec-WebSocket-Accept: Cfk7B+LsleLplyyDT0gnA+ISgvw=

[DEBUG] Using pooled Channel '[id: 0x20a667cb, L:/127.0.0.1:51112 - R:localhost/127.0.0.1:3594]' for 'POST' to 'http://localhost:3594/session/73790a71fc237c79cf1005b6c2dfe784/window/maximize'
[DEBUG] Using open Channel [id: 0x20a667cb, L:/127.0.0.1:51112 - R:localhost/127.0.0.1:3594] for POST '/session/73790a71fc237c79cf1005b6c2dfe784/window/maximize'
[DEBUG] 

Request DefaultHttpRequest(decodeResult: success, version: HTTP/1.1)
POST /session/73790a71fc237c79cf1005b6c2dfe784/window/maximize HTTP/1.1
User-Agent: selenium/4.8.3 (java windows)
Content-Length: 3
Content-Type: application/json; charset=utf-8
host: localhost:3594
accept: */*

Response DefaultHttpResponse(decodeResult: success, version: HTTP/1.1)
HTTP/1.1 200 OK
Content-Length: 52
Content-Type: application/json; charset=utf-8
cache-control: no-cache

[DEBUG] Adding key: http://localhost:3594 for channel [id: 0x20a667cb, L:/127.0.0.1:51112 - R:localhost/127.0.0.1:3594]
[DEBUG] Using pooled Channel '[id: 0x20a667cb, L:/127.0.0.1:51112 - R:localhost/127.0.0.1:3594]' for 'POST' to 'http://localhost:3594/session/73790a71fc237c79cf1005b6c2dfe784/url'
[DEBUG] Using open Channel [id: 0x20a667cb, L:/127.0.0.1:51112 - R:localhost/127.0.0.1:3594] for POST '/session/73790a71fc237c79cf1005b6c2dfe784/url'
[DEBUG] Entry count for : http://localhost:39624 : 1
[DEBUG] Entry count for : http://localhost:13874 : 1
[DEBUG] Entry count for : http://localhost:42607 : 1
[DEBUG] Entry count for : http://localhost:30179 : 1
[DEBUG] Entry count for : http://localhost:51113 : 1
[DEBUG] Entry count for : http://localhost:50740 : 1
[DEBUG] Entry count for : http://localhost:50676 : 1
[DEBUG] Entry count for : http://localhost:50689 : 1
[DEBUG] Entry count for : http://localhost:39624 : 1
[DEBUG] Entry count for : http://localhost:13874 : 1
[DEBUG] Entry count for : http://localhost:42607 : 1
[DEBUG] Entry count for : http://localhost:30179 : 1
[DEBUG] Entry count for : http://localhost:51113 : 1
[DEBUG] Entry count for : http://localhost:50740 : 1
[DEBUG] Entry count for : http://localhost:50676 : 1
[DEBUG] Entry count for : http://localhost:50689 : 1
[DEBUG] 

Request DefaultHttpRequest(decodeResult: success, version: HTTP/1.1)
POST /session/73790a71fc237c79cf1005b6c2dfe784/url HTTP/1.1
User-Agent: selenium/4.8.3 (java windows)
Content-Length: 53
Content-Type: application/json; charset=utf-8
host: localhost:3594
accept: */*

Response DefaultHttpResponse(decodeResult: success, version: HTTP/1.1)
HTTP/1.1 200 OK
Content-Length: 14
Content-Type: application/json; charset=utf-8
cache-control: no-cache

[DEBUG] Adding key: http://localhost:3594 for channel [id: 0x20a667cb, L:/127.0.0.1:51112 - R:localhost/127.0.0.1:3594]
[DEBUG] Using pooled Channel '[id: 0x20a667cb, L:/127.0.0.1:51112 - R:localhost/127.0.0.1:3594]' for 'POST' to 'http://localhost:3594/session/73790a71fc237c79cf1005b6c2dfe784/element'
[DEBUG] Using open Channel [id: 0x20a667cb, L:/127.0.0.1:51112 - R:localhost/127.0.0.1:3594] for POST '/session/73790a71fc237c79cf1005b6c2dfe784/element'
[DEBUG] 

Request DefaultHttpRequest(decodeResult: success, version: HTTP/1.1)
POST /session/73790a71fc237c79cf1005b6c2dfe784/element HTTP/1.1
User-Agent: selenium/4.8.3 (java windows)
Content-Length: 59
Content-Type: application/json; charset=utf-8
host: localhost:3594
accept: */*

Response DefaultHttpResponse(decodeResult: success, version: HTTP/1.1)
HTTP/1.1 200 OK
Content-Length: 88
Content-Type: application/json; charset=utf-8
cache-control: no-cache

[DEBUG] Adding key: http://localhost:3594 for channel [id: 0x20a667cb, L:/127.0.0.1:51112 - R:localhost/127.0.0.1:3594]
[DEBUG] Using pooled Channel '[id: 0x20a667cb, L:/127.0.0.1:51112 - R:localhost/127.0.0.1:3594]' for 'POST' to 'http://localhost:3594/session/73790a71fc237c79cf1005b6c2dfe784/element/0ea9067e-7aee-49c6-9281-a83e577dc28e/click'
[DEBUG] Using open Channel [id: 0x20a667cb, L:/127.0.0.1:51112 - R:localhost/127.0.0.1:3594] for POST '/session/73790a71fc237c79cf1005b6c2dfe784/element/0ea9067e-7aee-49c6-9281-a83e577dc28e/click'
[DEBUG] Entry count for : http://localhost:39624 : 1
[DEBUG] Entry count for : http://localhost:13874 : 1
[DEBUG] Entry count for : http://localhost:42607 : 1
[DEBUG] Entry count for : http://localhost:30179 : 1
[DEBUG] Entry count for : http://localhost:51113 : 1
[DEBUG] Entry count for : http://localhost:50740 : 1
[DEBUG] Entry count for : http://localhost:50676 : 1
[DEBUG] Entry count for : http://localhost:50689 : 1
[DEBUG] Entry count for : http://localhost:39624 : 1
[DEBUG] Entry count for : http://localhost:13874 : 1
[DEBUG] Entry count for : http://localhost:42607 : 1
[DEBUG] Entry count for : http://localhost:30179 : 1
[DEBUG] Entry count for : http://localhost:51113 : 1
[DEBUG] Entry count for : http://localhost:50740 : 1
[DEBUG] Entry count for : http://localhost:50676 : 1
[DEBUG] Entry count for : http://localhost:50689 : 1
[DEBUG] Entry count for : http://localhost:39624 : 1
[DEBUG] Entry count for : http://localhost:13874 : 1
[DEBUG] Entry count for : http://localhost:42607 : 1
[DEBUG] Entry count for : http://localhost:30179 : 1
[DEBUG] Entry count for : http://localhost:51113 : 1
[DEBUG] Entry count for : http://localhost:50740 : 1
[DEBUG] Entry count for : http://localhost:50676 : 1
[DEBUG] Entry count for : http://localhost:50689 : 1
[DEBUG] Entry count for : http://localhost:39624 : 1
[DEBUG] Entry count for : http://localhost:13874 : 1
[DEBUG] Entry count for : http://localhost:42607 : 1
[DEBUG] Entry count for : http://localhost:30179 : 1
[DEBUG] Entry count for : http://localhost:51113 : 1
[DEBUG] Entry count for : http://localhost:50740 : 1
[DEBUG] Entry count for : http://localhost:50676 : 1
[DEBUG] Entry count for : http://localhost:50689 : 1
[DEBUG] Entry count for : http://localhost:39624 : 1
[DEBUG] Entry count for : http://localhost:13874 : 1
[DEBUG] Entry count for : http://localhost:42607 : 1
[DEBUG] Entry count for : http://localhost:30179 : 1
[DEBUG] Entry count for : http://localhost:51113 : 1
[DEBUG] Entry count for : http://localhost:50740 : 1
[DEBUG] Entry count for : http://localhost:50676 : 1
[DEBUG] Entry count for : http://localhost:50689 : 1
[DEBUG] Entry count for : http://localhost:39624 : 1
[DEBUG] Entry count for : http://localhost:13874 : 1
[DEBUG] Entry count for : http://localhost:42607 : 1
[DEBUG] Entry count for : http://localhost:30179 : 1
[DEBUG] Entry count for : http://localhost:51113 : 1
[DEBUG] Entry count for : http://localhost:50740 : 1
[DEBUG] Entry count for : http://localhost:50676 : 1
[DEBUG] Entry count for : http://localhost:50689 : 1
[DEBUG] Entry count for : http://localhost:39624 : 1
[DEBUG] Entry count for : http://localhost:13874 : 1
[DEBUG] Entry count for : http://localhost:42607 : 1
[DEBUG] Entry count for : http://localhost:30179 : 1
[DEBUG] Entry count for : http://localhost:51113 : 1
[DEBUG] Entry count for : http://localhost:50740 : 1
[DEBUG] Entry count for : http://localhost:50676 : 1
[DEBUG] Entry count for : http://localhost:50689 : 1
[DEBUG] Entry count for : http://localhost:39624 : 1
[DEBUG] Entry count for : http://localhost:13874 : 1
[DEBUG] Entry count for : http://localhost:42607 : 1
[DEBUG] Entry count for : http://localhost:30179 : 1
[DEBUG] Entry count for : http://localhost:51113 : 1
[DEBUG] Entry count for : http://localhost:50740 : 1
[DEBUG] Entry count for : http://localhost:50676 : 1
[DEBUG] Entry count for : http://localhost:50689 : 1
[DEBUG] Entry count for : http://localhost:39624 : 1
[DEBUG] Entry count for : http://localhost:13874 : 1
[DEBUG] Entry count for : http://localhost:42607 : 1
[DEBUG] Entry count for : http://localhost:30179 : 1
[DEBUG] Entry count for : http://localhost:51113 : 1
[DEBUG] Entry count for : http://localhost:50740 : 1
[DEBUG] Entry count for : http://localhost:50676 : 1
[DEBUG] Entry count for : http://localhost:50689 : 1
[DEBUG] Entry count for : http://localhost:39624 : 1
[DEBUG] Entry count for : http://localhost:13874 : 1
[DEBUG] Entry count for : http://localhost:42607 : 1
[DEBUG] Entry count for : http://localhost:30179 : 1
[DEBUG] Entry count for : http://localhost:51113 : 1
[DEBUG] Entry count for : http://localhost:50740 : 1
[DEBUG] Entry count for : http://localhost:50676 : 1
[DEBUG] Entry count for : http://localhost:50689 : 1
[DEBUG] Entry count for : http://localhost:39624 : 1
[DEBUG] Entry count for : http://localhost:13874 : 1
[DEBUG] Entry count for : http://localhost:42607 : 1
[DEBUG] Entry count for : http://localhost:30179 : 1
[DEBUG] Entry count for : http://localhost:51113 : 1
[DEBUG] Entry count for : http://localhost:50740 : 1
[DEBUG] Entry count for : http://localhost:50676 : 1
[DEBUG] Entry count for : http://localhost:50689 : 1
[DEBUG] Entry count for : http://localhost:39624 : 1
[DEBUG] Entry count for : http://localhost:13874 : 1
[DEBUG] Entry count for : http://localhost:42607 : 1
[DEBUG] Entry count for : http://localhost:30179 : 1
[DEBUG] Entry count for : http://localhost:51113 : 1
[DEBUG] Entry count for : http://localhost:50740 : 1
[DEBUG] Entry count for : http://localhost:50676 : 1
[DEBUG] Entry count for : http://localhost:50689 : 1
[DEBUG] Entry count for : http://localhost:39624 : 1
[DEBUG] Entry count for : http://localhost:13874 : 1
[DEBUG] Entry count for : http://localhost:42607 : 1
[DEBUG] Entry count for : http://localhost:30179 : 1
[DEBUG] Entry count for : http://localhost:51113 : 1
[DEBUG] Entry count for : http://localhost:50740 : 1
[DEBUG] Entry count for : http://localhost:50676 : 1
[DEBUG] Entry count for : http://localhost:50689 : 1
[DEBUG] Entry count for : http://localhost:39624 : 1
[DEBUG] Entry count for : http://localhost:13874 : 1
[DEBUG] Entry count for : http://localhost:42607 : 1
[DEBUG] Entry count for : http://localhost:30179 : 1
[DEBUG] Entry count for : http://localhost:51113 : 1
[DEBUG] Entry count for : http://localhost:50740 : 1
[DEBUG] Entry count for : http://localhost:50676 : 1
[DEBUG] Entry count for : http://localhost:50689 : 1
[DEBUG] Entry count for : http://localhost:39624 : 1
[DEBUG] Entry count for : http://localhost:13874 : 1
[DEBUG] Entry count for : http://localhost:42607 : 1
[DEBUG] Entry count for : http://localhost:30179 : 1
[DEBUG] Entry count for : http://localhost:51113 : 1
[DEBUG] Entry count for : http://localhost:50740 : 1
[DEBUG] Entry count for : http://localhost:50676 : 1
[DEBUG] Entry count for : http://localhost:50689 : 1
[DEBUG] Entry count for : http://localhost:39624 : 1
[DEBUG] Entry count for : http://localhost:13874 : 1
[DEBUG] Entry count for : http://localhost:42607 : 1
[DEBUG] Entry count for : http://localhost:30179 : 1
[DEBUG] Entry count for : http://localhost:51113 : 1
[DEBUG] Entry count for : http://localhost:50740 : 1
[DEBUG] Entry count for : http://localhost:50676 : 1
[DEBUG] Entry count for : http://localhost:50689 : 1
[DEBUG] Entry count for : http://localhost:39624 : 1
[DEBUG] Entry count for : http://localhost:13874 : 1
[DEBUG] Entry count for : http://localhost:42607 : 1
[DEBUG] Entry count for : http://localhost:30179 : 1
[DEBUG] Entry count for : http://localhost:51113 : 1
[DEBUG] Entry count for : http://localhost:50740 : 1
[DEBUG] Entry count for : http://localhost:50676 : 1
[DEBUG] Entry count for : http://localhost:50689 : 1
[DEBUG] Entry count for : http://localhost:39624 : 1
[DEBUG] Entry count for : http://localhost:13874 : 1
[DEBUG] Entry count for : http://localhost:42607 : 1
[DEBUG] Entry count for : http://localhost:30179 : 1
[DEBUG] Entry count for : http://localhost:51113 : 1
[DEBUG] Entry count for : http://localhost:50740 : 1
[DEBUG] Entry count for : http://localhost:50676 : 1
[DEBUG] Entry count for : http://localhost:50689 : 1
[DEBUG] Entry count for : http://localhost:39624 : 1
[DEBUG] Entry count for : http://localhost:13874 : 1
[DEBUG] Entry count for : http://localhost:42607 : 1
[DEBUG] Entry count for : http://localhost:30179 : 1
[DEBUG] Entry count for : http://localhost:51113 : 1
[DEBUG] Entry count for : http://localhost:50740 : 1
[DEBUG] Entry count for : http://localhost:50676 : 1
[DEBUG] Entry count for : http://localhost:50689 : 1
[DEBUG] Entry count for : http://localhost:39624 : 1
[DEBUG] Entry count for : http://localhost:13874 : 1
[DEBUG] Entry count for : http://localhost:42607 : 1
[DEBUG] Entry count for : http://localhost:30179 : 1
[DEBUG] Entry count for : http://localhost:51113 : 1
[DEBUG] Entry count for : http://localhost:50740 : 1
[DEBUG] Entry count for : http://localhost:50676 : 1
[DEBUG] Entry count for : http://localhost:50689 : 1
[DEBUG] Entry count for : http://localhost:39624 : 1
[DEBUG] Entry count for : http://localhost:13874 : 1
[DEBUG] Entry count for : http://localhost:42607 : 1
[DEBUG] Entry count for : http://localhost:30179 : 1
[DEBUG] Entry count for : http://localhost:51113 : 1
[DEBUG] Entry count for : http://localhost:50740 : 1
[DEBUG] Entry count for : http://localhost:50676 : 1
[DEBUG] Entry count for : http://localhost:50689 : 1
[DEBUG] Entry count for : http://localhost:39624 : 1
[DEBUG] Entry count for : http://localhost:13874 : 1
[DEBUG] Entry count for : http://localhost:42607 : 1
[DEBUG] Entry count for : http://localhost:30179 : 1
[DEBUG] Entry count for : http://localhost:51113 : 1
[DEBUG] Entry count for : http://localhost:50740 : 1
[DEBUG] Entry count for : http://localhost:50676 : 1
[DEBUG] Entry count for : http://localhost:50689 : 1
[DEBUG] Entry count for : http://localhost:39624 : 1
[DEBUG] Entry count for : http://localhost:13874 : 1
[DEBUG] Entry count for : http://localhost:42607 : 1
[DEBUG] Entry count for : http://localhost:30179 : 1
[DEBUG] Entry count for : http://localhost:51113 : 1
[DEBUG] Entry count for : http://localhost:50740 : 1
[DEBUG] Entry count for : http://localhost:50676 : 1
[DEBUG] Entry count for : http://localhost:50689 : 1
[DEBUG] Adding Candidate expired Channel [id: 0x5746f1ff, L:/127.0.0.1:50675 - R:localhost/127.0.0.1:42607] isIdleTimeoutExpired=true isRemotelyClosed=false isTtlExpired=false
[DEBUG] Closing Idle Channel [id: 0x5746f1ff, L:/127.0.0.1:50675 - R:localhost/127.0.0.1:42607]
[DEBUG] Adding Candidate expired Channel [id: 0xc02e19d3, L:/127.0.0.1:50682 - R:localhost/127.0.0.1:50676] isIdleTimeoutExpired=true isRemotelyClosed=false isTtlExpired=false
[DEBUG] Closing Idle Channel [id: 0xc02e19d3, L:/127.0.0.1:50682 - R:localhost/127.0.0.1:50676]
[DEBUG] Closed 2 connections out of 8 in 1 ms
[DEBUG] Channel Closed: [id: 0xc02e19d3, L:/127.0.0.1:50682 ! R:localhost/127.0.0.1:50676] with attribute DISCARD
[DEBUG] Channel Closed: [id: 0x5746f1ff, L:/127.0.0.1:50675 ! R:localhost/127.0.0.1:42607] with attribute DISCARD
[DEBUG] Entry count for : http://localhost:39624 : 1
[DEBUG] Entry count for : http://localhost:13874 : 1
[DEBUG] Entry count for : http://localhost:30179 : 1
[DEBUG] Entry count for : http://localhost:51113 : 1
[DEBUG] Entry count for : http://localhost:50740 : 1
[DEBUG] Entry count for : http://localhost:50689 : 1
[DEBUG] Adding Candidate expired Channel [id: 0x52bef612, L:/127.0.0.1:50696 - R:localhost/127.0.0.1:50689] isIdleTimeoutExpired=true isRemotelyClosed=false isTtlExpired=false
[DEBUG] Closing Idle Channel [id: 0x52bef612, L:/127.0.0.1:50696 - R:localhost/127.0.0.1:50689]
[DEBUG] Closed 1 connections out of 6 in 0 ms
[DEBUG] Channel Closed: [id: 0x52bef612, L:/127.0.0.1:50696 ! R:localhost/127.0.0.1:50689] with attribute DISCARD
[DEBUG] Entry count for : http://localhost:39624 : 1
[DEBUG] Entry count for : http://localhost:13874 : 1
[DEBUG] Entry count for : http://localhost:30179 : 1
[DEBUG] Entry count for : http://localhost:51113 : 1
[DEBUG] Entry count for : http://localhost:50740 : 1
[DEBUG] Adding Candidate expired Channel [id: 0x5fdc7d7f, L:/127.0.0.1:50688 - R:localhost/127.0.0.1:13874] isIdleTimeoutExpired=true isRemotelyClosed=false isTtlExpired=false
[DEBUG] Closing Idle Channel [id: 0x5fdc7d7f, L:/127.0.0.1:50688 - R:localhost/127.0.0.1:13874]
[DEBUG] Adding Candidate expired Channel [id: 0x5aa01259, L:/127.0.0.1:50752 - R:localhost/127.0.0.1:50740] isIdleTimeoutExpired=true isRemotelyClosed=false isTtlExpired=false
[DEBUG] Closing Idle Channel [id: 0x5aa01259, L:/127.0.0.1:50752 - R:localhost/127.0.0.1:50740]
[DEBUG] Closed 2 connections out of 5 in 0 ms
[DEBUG] Channel Closed: [id: 0x5fdc7d7f, L:/127.0.0.1:50688 ! R:localhost/127.0.0.1:13874] with attribute DISCARD
[DEBUG] Channel Closed: [id: 0x5aa01259, L:/127.0.0.1:50752 ! R:localhost/127.0.0.1:50740] with attribute DISCARD
[DEBUG] Entry count for : http://localhost:39624 : 1
[DEBUG] Entry count for : http://localhost:30179 : 1
[DEBUG] Entry count for : http://localhost:51113 : 1
[DEBUG] Adding Candidate expired Channel [id: 0x7b0b122d, L:/127.0.0.1:50735 - R:localhost/127.0.0.1:30179] isIdleTimeoutExpired=true isRemotelyClosed=false isTtlExpired=false
[DEBUG] Closing Idle Channel [id: 0x7b0b122d, L:/127.0.0.1:50735 - R:localhost/127.0.0.1:30179]
[DEBUG] Closed 1 connections out of 3 in 0 ms
[DEBUG] Channel Closed: [id: 0x7b0b122d, L:/127.0.0.1:50735 ! R:localhost/127.0.0.1:30179] with attribute DISCARD
[DEBUG] Entry count for : http://localhost:39624 : 1
[DEBUG] Entry count for : http://localhost:51113 : 1
[DEBUG] Entry count for : http://localhost:39624 : 1
[DEBUG] Entry count for : http://localhost:51113 : 1
[DEBUG] Entry count for : http://localhost:39624 : 1
[DEBUG] Entry count for : http://localhost:51113 : 1
[DEBUG] Entry count for : http://localhost:39624 : 1
[DEBUG] Entry count for : http://localhost:51113 : 1
[DEBUG] Entry count for : http://localhost:39624 : 1
[DEBUG] Entry count for : http://localhost:51113 : 1
[DEBUG] Entry count for : http://localhost:39624 : 1
[DEBUG] Entry count for : http://localhost:51113 : 1
[DEBUG] Entry count for : http://localhost:39624 : 1
[DEBUG] Entry count for : http://localhost:51113 : 1
[DEBUG] Entry count for : http://localhost:39624 : 1
[DEBUG] Entry count for : http://localhost:51113 : 1
[DEBUG] Entry count for : http://localhost:39624 : 1
[DEBUG] Entry count for : http://localhost:51113 : 1
[DEBUG] Entry count for : http://localhost:39624 : 1
[DEBUG] Entry count for : http://localhost:51113 : 1
[DEBUG] Entry count for : http://localhost:39624 : 1
[DEBUG] Entry count for : http://localhost:51113 : 1
[DEBUG] Entry count for : http://localhost:39624 : 1
[DEBUG] Entry count for : http://localhost:51113 : 1
[DEBUG] Entry count for : http://localhost:39624 : 1
[DEBUG] Entry count for : http://localhost:51113 : 1
[DEBUG] Entry count for : http://localhost:39624 : 1
[DEBUG] Entry count for : http://localhost:51113 : 1
[DEBUG] Entry count for : http://localhost:39624 : 1
[DEBUG] Entry count for : http://localhost:51113 : 1
[DEBUG] Entry count for : http://localhost:39624 : 1
[DEBUG] Entry count for : http://localhost:51113 : 1
[DEBUG] Entry count for : http://localhost:39624 : 1
[DEBUG] Entry count for : http://localhost:51113 : 1
[DEBUG] Entry count for : http://localhost:39624 : 1
[DEBUG] Entry count for : http://localhost:51113 : 1
[DEBUG] Entry count for : http://localhost:39624 : 1
[DEBUG] Entry count for : http://localhost:51113 : 1
[DEBUG] Adding Candidate expired Channel [id: 0xf5f6ae50, L:/127.0.0.1:51003 - R:localhost/127.0.0.1:39624] isIdleTimeoutExpired=true isRemotelyClosed=false isTtlExpired=false
[DEBUG] Closing Idle Channel [id: 0xf5f6ae50, L:/127.0.0.1:51003 - R:localhost/127.0.0.1:39624]
[DEBUG] Closed 1 connections out of 2 in 0 ms
[DEBUG] Channel Closed: [id: 0xf5f6ae50, L:/127.0.0.1:51003 ! R:localhost/127.0.0.1:39624] with attribute DISCARD
[DEBUG] Entry count for : http://localhost:51113 : 1
[DEBUG] Entry count for : http://localhost:51113 : 1
[DEBUG] Entry count for : http://localhost:51113 : 1
[DEBUG] Entry count for : http://localhost:51113 : 1
[DEBUG] Entry count for : http://localhost:51113 : 1
[DEBUG] Entry count for : http://localhost:51113 : 1
[DEBUG] Entry count for : http://localhost:51113 : 1
[DEBUG] Entry count for : http://localhost:51113 : 1
[DEBUG] Adding Candidate expired Channel [id: 0x14c2a0bc, L:/127.0.0.1:51119 - R:localhost/127.0.0.1:51113] isIdleTimeoutExpired=true isRemotelyClosed=false isTtlExpired=false
[DEBUG] Closing Idle Channel [id: 0x14c2a0bc, L:/127.0.0.1:51119 - R:localhost/127.0.0.1:51113]
[DEBUG] Closed 1 connections out of 1 in 0 ms
[DEBUG] Channel Closed: [id: 0x14c2a0bc, L:/127.0.0.1:51119 ! R:localhost/127.0.0.1:51113] with attribute DISCARD
]]></system-out>
    <system-err><![CDATA[Starting ChromeDriver 112.0.5615.49 (bd2a7bcb881c11e8cfe3078709382934e3916914-refs/branch-heads/5615@{#936}) on port 3594
Only local connections are allowed.
Please see https://chromedriver.chromium.org/security-considerations for suggestions on keeping ChromeDriver safe.
ChromeDriver was started successfully.
Apr 22, 2023 4:08:05 PM org.openqa.selenium.devtools.CdpVersionFinder findNearestMatch
WARNING: Unable to find an exact match for CDP version 112, so returning the closest version found: 111
]]></system-err>
  </testcase>
  <testcase name="tearDown" classname="com.automationcode_25thMarch_2023.Rediff_CssSelector" time="205.062">
    <failure message="Timed out waiting for driver server to stop.&#10;Build info: version: &apos;4.8.3&apos;, revision: &apos;e5e76298c3&apos;&#10;System info: os.name: &apos;Windows 11&apos;, os.arch: &apos;amd64&apos;, os.version: &apos;10.0&apos;, java.version: &apos;1.8.0_351&apos;&#10;Driver info: org.openqa.selenium.chrome.ChromeDriver&#10;Command: [73790a71fc237c79cf1005b6c2dfe784, quit {}]&#10;Capabilities {acceptInsecureCerts: false, browserName: chrome, browserVersion: 112.0.5615.138, chrome: {chromedriverVersion: 112.0.5615.49 (bd2a7bcb881c..., userDataDir: C:\Users\shams\AppData\Loca...}, goog:chromeOptions: {debuggerAddress: localhost:51113}, networkConnectionEnabled: false, pageLoadStrategy: normal, platformName: WINDOWS, proxy: Proxy(), se:cdp: ws://localhost:51113/devtoo..., se:cdpVersion: 112.0.5615.138, setWindowRect: true, strictFileInteractability: false, timeouts: {implicit: 0, pageLoad: 300000, script: 30000}, unhandledPromptBehavior: dismiss and notify, webauthn:extension:credBlob: true, webauthn:extension:largeBlob: true, webauthn:extension:minPinLength: true, webauthn:extension:prf: true, webauthn:virtualAuthenticators: true}&#10;Session ID: 73790a71fc237c79cf1005b6c2dfe784" type="org.openqa.selenium.WebDriverException"><![CDATA[org.openqa.selenium.WebDriverException: 
Timed out waiting for driver server to stop.
Build info: version: '4.8.3', revision: 'e5e76298c3'
System info: os.name: 'Windows 11', os.arch: 'amd64', os.version: '10.0', java.version: '1.8.0_351'
Driver info: org.openqa.selenium.chrome.ChromeDriver
Command: [73790a71fc237c79cf1005b6c2dfe784, quit {}]
Capabilities {acceptInsecureCerts: false, browserName: chrome, browserVersion: 112.0.5615.138, chrome: {chromedriverVersion: 112.0.5615.49 (bd2a7bcb881c..., userDataDir: C:\Users\shams\AppData\Loca...}, goog:chromeOptions: {debuggerAddress: localhost:51113}, networkConnectionEnabled: false, pageLoadStrategy: normal, platformName: WINDOWS, proxy: Proxy(), se:cdp: ws://localhost:51113/devtoo..., se:cdpVersion: 112.0.5615.138, setWindowRect: true, strictFileInteractability: false, timeouts: {implicit: 0, pageLoad: 300000, script: 30000}, unhandledPromptBehavior: dismiss and notify, webauthn:extension:credBlob: true, webauthn:extension:largeBlob: true, webauthn:extension:minPinLength: true, webauthn:extension:prf: true, webauthn:virtualAuthenticators: true}
Session ID: 73790a71fc237c79cf1005b6c2dfe784
	at org.openqa.selenium.remote.service.DriverCommandExecutor.execute(DriverCommandExecutor.java:148)
	at org.openqa.selenium.remote.RemoteWebDriver.execute(RemoteWebDriver.java:543)
	at org.openqa.selenium.remote.RemoteWebDriver.execute(RemoteWebDriver.java:598)
	at org.openqa.selenium.remote.RemoteWebDriver.execute(RemoteWebDriver.java:602)
	at org.openqa.selenium.remote.RemoteWebDriver.quit(RemoteWebDriver.java:445)
	at org.openqa.selenium.chromium.ChromiumDriver.quit(ChromiumDriver.java:279)
	at com.automationcode_25thMarch_2023.Rediff_CssSelector.tearDown(Rediff_CssSelector.java:49)
	at sun.reflect.NativeMethodAccessorImpl.invoke0(Native Method)
	at sun.reflect.NativeMethodAccessorImpl.invoke(NativeMethodAccessorImpl.java:62)
	at sun.reflect.DelegatingMethodAccessorImpl.invoke(DelegatingMethodAccessorImpl.java:43)
	at java.lang.reflect.Method.invoke(Method.java:498)
	at org.testng.internal.MethodInvocationHelper.invokeMethod(MethodInvocationHelper.java:124)
	at org.testng.internal.MethodInvocationHelper.invokeMethodConsideringTimeout(MethodInvocationHelper.java:59)
	at org.testng.internal.Invoker.invokeConfigurationMethod(Invoker.java:458)
	at org.testng.internal.Invoker.invokeConfigurations(Invoker.java:222)
	at org.testng.internal.Invoker.invokeMethod(Invoker.java:646)
	at org.testng.internal.Invoker.invokeTestMethod(Invoker.java:719)
	at org.testng.internal.Invoker.invokeTestMethods(Invoker.java:989)
	at org.testng.internal.TestMethodWorker.invokeTestMethods(TestMethodWorker.java:125)
	at org.testng.internal.TestMethodWorker.run(TestMethodWorker.java:109)
	at org.testng.TestRunner.privateRun(TestRunner.java:648)
	at org.testng.TestRunner.run(TestRunner.java:505)
	at org.testng.SuiteRunner.runTest(SuiteRunner.java:455)
	at org.testng.SuiteRunner.runSequentially(SuiteRunner.java:450)
	at org.testng.SuiteRunner.privateRun(SuiteRunner.java:415)
	at org.testng.SuiteRunner.run(SuiteRunner.java:364)
	at org.testng.SuiteRunnerWorker.runSuite(SuiteRunnerWorker.java:52)
	at org.testng.SuiteRunnerWorker.run(SuiteRunnerWorker.java:84)
	at org.testng.TestNG.runSuitesSequentially(TestNG.java:1208)
	at org.testng.TestNG.runSuitesLocally(TestNG.java:1137)
	at org.testng.TestNG.runSuites(TestNG.java:1049)
	at org.testng.TestNG.run(TestNG.java:1017)
	at org.apache.maven.surefire.testng.TestNGExecutor.run(TestNGExecutor.java:324)
	at org.apache.maven.surefire.testng.TestNGXmlTestSuite.execute(TestNGXmlTestSuite.java:74)
	at org.apache.maven.surefire.testng.TestNGProvider.invoke(TestNGProvider.java:123)
	at org.apache.maven.surefire.booter.ForkedBooter.runSuitesInProcess(ForkedBooter.java:456)
	at org.apache.maven.surefire.booter.ForkedBooter.execute(ForkedBooter.java:169)
	at org.apache.maven.surefire.booter.ForkedBooter.run(ForkedBooter.java:595)
	at org.apache.maven.surefire.booter.ForkedBooter.main(ForkedBooter.java:581)
Caused by: java.util.concurrent.ExecutionException: org.openqa.selenium.TimeoutException: Process timed out after waiting for 20000 ms.
Build info: version: '4.8.3', revision: 'e5e76298c3'
System info: os.name: 'Windows 11', os.arch: 'amd64', os.version: '10.0', java.version: '1.8.0_351'
Driver info: driver.version: unknown
	at java.util.concurrent.CompletableFuture.reportGet(CompletableFuture.java:357)
	at java.util.concurrent.CompletableFuture.get(CompletableFuture.java:1928)
	at org.openqa.selenium.remote.service.DriverCommandExecutor.execute(DriverCommandExecutor.java:144)
	... 38 more
Caused by: org.openqa.selenium.TimeoutException: Process timed out after waiting for 20000 ms.
Build info: version: '4.8.3', revision: 'e5e76298c3'
System info: os.name: 'Windows 11', os.arch: 'amd64', os.version: '10.0', java.version: '1.8.0_351'
Driver info: driver.version: unknown
	at org.openqa.selenium.os.OsProcess.waitFor(OsProcess.java:181)
	at org.openqa.selenium.os.CommandLine.waitFor(CommandLine.java:119)
	at org.openqa.selenium.remote.service.DriverCommandExecutor.lambda$execute$2(DriverCommandExecutor.java:138)
	at java.util.concurrent.CompletableFuture$AsyncSupply.run(CompletableFuture.java:1604)
	at java.util.concurrent.ThreadPoolExecutor.runWorker(ThreadPoolExecutor.java:1149)
	at java.util.concurrent.ThreadPoolExecutor$Worker.run(ThreadPoolExecutor.java:624)
	at java.lang.Thread.run(Thread.java:750)
]]></failure>
    <system-out><![CDATA[[DEBUG] Channel Closed: [id: 0xe542c940, L:/127.0.0.1:51120 ! R:localhost/127.0.0.1:51113] with attribute NettyResponseFuture{currentRetry=0,
	isDone=1,
	isCancelled=0,
	asyncHandler=org.asynchttpclient.ws.WebSocketUpgradeHandler@3526b56d,
	nettyRequest=org.asynchttpclient.netty.request.NettyRequest@a65598b,
	future=java.util.concurrent.CompletableFuture@2280f189[Completed normally],
	uri=ws://localhost:51113/devtools/browser/f0e8029b-9395-4954-9adf-40ae3dc180c0,
	keepAlive=true,
	redirectCount=0,
	timeoutsHolder=null,
	inAuth=0,
	touch=1682194085961}
[DEBUG] Closing Channel [id: 0xe542c940, L:/127.0.0.1:51120 ! R:localhost/127.0.0.1:51113] 
[DEBUG] Using new Channel '[id: 0xfc3ee6dd, L:/127.0.0.1:51323 - R:localhost/127.0.0.1:3594]' for 'DELETE' to '/session/73790a71fc237c79cf1005b6c2dfe784'
[DEBUG] Request timeout to localhost/127.0.0.1:3594 after 180000 ms for NettyResponseFuture{currentRetry=0,
	isDone=0,
	isCancelled=0,
	asyncHandler=org.asynchttpclient.AsyncCompletionHandlerBase@5b4aa9a4,
	nettyRequest=org.asynchttpclient.netty.request.NettyRequest@3623d32d,
	future=java.util.concurrent.CompletableFuture@a453943[Not completed],
	uri=http://localhost:3594/session/73790a71fc237c79cf1005b6c2dfe784/element/0ea9067e-7aee-49c6-9281-a83e577dc28e/click,
	keepAlive=true,
	redirectCount=0,
	timeoutsHolder=org.asynchttpclient.netty.timeout.TimeoutsHolder@bbce203,
	inAuth=0,
	touch=1682194088960} after 180100 ms
[DEBUG] Closing Channel [id: 0x20a667cb, L:/127.0.0.1:51112 - R:localhost/127.0.0.1:3594] 
[DEBUG] Aborting Future NettyResponseFuture{currentRetry=0,
	isDone=0,
	isCancelled=0,
	asyncHandler=org.asynchttpclient.AsyncCompletionHandlerBase@5b4aa9a4,
	nettyRequest=org.asynchttpclient.netty.request.NettyRequest@3623d32d,
	future=java.util.concurrent.CompletableFuture@a453943[Not completed],
	uri=http://localhost:3594/session/73790a71fc237c79cf1005b6c2dfe784/element/0ea9067e-7aee-49c6-9281-a83e577dc28e/click,
	keepAlive=true,
	redirectCount=0,
	timeoutsHolder=org.asynchttpclient.netty.timeout.TimeoutsHolder@bbce203,
	inAuth=0,
	touch=1682194088960}

[DEBUG] Request timeout to localhost/127.0.0.1:3594 after 180000 ms
java.util.concurrent.TimeoutException: Request timeout to localhost/127.0.0.1:3594 after 180000 ms
	at org.asynchttpclient.netty.timeout.TimeoutTimerTask.expire(TimeoutTimerTask.java:43) [async-http-client-2.12.3.jar:na]
	at org.asynchttpclient.netty.timeout.RequestTimeoutTimerTask.run(RequestTimeoutTimerTask.java:50) [async-http-client-2.12.3.jar:na]
	at io.netty.util.HashedWheelTimer$HashedWheelTimeout.run(HashedWheelTimer.java:715) [netty-common-4.1.90.Final.jar:4.1.90.Final]
	at io.netty.util.concurrent.ImmediateExecutor.execute(ImmediateExecutor.java:34) [netty-common-4.1.90.Final.jar:4.1.90.Final]
	at io.netty.util.HashedWheelTimer$HashedWheelTimeout.expire(HashedWheelTimer.java:703) [netty-common-4.1.90.Final.jar:4.1.90.Final]
	at io.netty.util.HashedWheelTimer$HashedWheelBucket.expireTimeouts(HashedWheelTimer.java:790) [netty-common-4.1.90.Final.jar:4.1.90.Final]
	at io.netty.util.HashedWheelTimer$Worker.run(HashedWheelTimer.java:503) [netty-common-4.1.90.Final.jar:4.1.90.Final]
	at io.netty.util.concurrent.FastThreadLocalRunnable.run(FastThreadLocalRunnable.java:30) [netty-common-4.1.90.Final.jar:4.1.90.Final]
	at java.lang.Thread.run(Thread.java:750) [na:1.8.0_351]
[DEBUG] Channel Closed: [id: 0x20a667cb, L:/127.0.0.1:51112 ! R:localhost/127.0.0.1:3594] with attribute DISCARD
[DEBUG] Request timeout to localhost/127.0.0.1:3594 after 180000 ms
java.util.concurrent.TimeoutException: Request timeout to localhost/127.0.0.1:3594 after 180000 ms
	at org.asynchttpclient.netty.timeout.TimeoutTimerTask.expire(TimeoutTimerTask.java:43) [async-http-client-2.12.3.jar:na]
	at org.asynchttpclient.netty.timeout.RequestTimeoutTimerTask.run(RequestTimeoutTimerTask.java:50) [async-http-client-2.12.3.jar:na]
	at io.netty.util.HashedWheelTimer$HashedWheelTimeout.run(HashedWheelTimer.java:715) [netty-common-4.1.90.Final.jar:4.1.90.Final]
	at io.netty.util.concurrent.ImmediateExecutor.execute(ImmediateExecutor.java:34) [netty-common-4.1.90.Final.jar:4.1.90.Final]
	at io.netty.util.HashedWheelTimer$HashedWheelTimeout.expire(HashedWheelTimer.java:703) [netty-common-4.1.90.Final.jar:4.1.90.Final]
	at io.netty.util.HashedWheelTimer$HashedWheelBucket.expireTimeouts(HashedWheelTimer.java:790) [netty-common-4.1.90.Final.jar:4.1.90.Final]
	at io.netty.util.HashedWheelTimer$Worker.run(HashedWheelTimer.java:503) [netty-common-4.1.90.Final.jar:4.1.90.Final]
	at io.netty.util.concurrent.FastThreadLocalRunnable.run(FastThreadLocalRunnable.java:30) [netty-common-4.1.90.Final.jar:4.1.90.Final]
	at java.lang.Thread.run(Thread.java:750) [na:1.8.0_351]
]]></system-out>
    <system-err><![CDATA[Apr 22, 2023 4:11:34 PM org.openqa.selenium.concurrent.ExecutorServices shutdownGracefully
WARNING: Failed to shutdown Driver Command Executor
]]></system-err>
  </testcase>
  <testcase name="tearDown" classname="com.automationcode_25thMarch_2023.Rediff_CssSelector" time="0">
    <skipped/>
  </testcase>
  <testcase name="tearDown" classname="com.automationcode_25thMarch_2023.Rediff_CssSelector" time="0">
    <skipped/>
  </testcase>
  <testcase name="openUrl" classname="com.automationcode_25thMarch_2023.Rediff_CssSelector" time="0">
    <skipped/>
  </testcase>
  <testcase name="openUrl" classname="com.automationcode_25thMarch_2023.Rediff_CssSelector" time="0">
    <skipped/>
  </testcase>
  <testcase name="logInCredentials" classname="com.automationcode_25thMarch_2023.Rediff_CssSelector" time="0">
    <skipped message="Timed out waiting for driver server to stop.&#10;Build info: version: &apos;4.8.3&apos;, revision: &apos;e5e76298c3&apos;&#10;System info: os.name: &apos;Windows 11&apos;, os.arch: &apos;amd64&apos;, os.version: &apos;10.0&apos;, java.version: &apos;1.8.0_351&apos;&#10;Driver info: org.openqa.selenium.chrome.ChromeDriver&#10;Command: [73790a71fc237c79cf1005b6c2dfe784, quit {}]&#10;Capabilities {acceptInsecureCerts: false, browserName: chrome, browserVersion: 112.0.5615.138, chrome: {chromedriverVersion: 112.0.5615.49 (bd2a7bcb881c..., userDataDir: C:\Users\shams\AppData\Loca...}, goog:chromeOptions: {debuggerAddress: localhost:51113}, networkConnectionEnabled: false, pageLoadStrategy: normal, platformName: WINDOWS, proxy: Proxy(), se:cdp: ws://localhost:51113/devtoo..., se:cdpVersion: 112.0.5615.138, setWindowRect: true, strictFileInteractability: false, timeouts: {implicit: 0, pageLoad: 300000, script: 30000}, unhandledPromptBehavior: dismiss and notify, webauthn:extension:credBlob: true, webauthn:extension:largeBlob: true, webauthn:extension:minPinLength: true, webauthn:extension:prf: true, webauthn:virtualAuthenticators: true}&#10;Session ID: 73790a71fc237c79cf1005b6c2dfe784"/>
  </testcase>
  <testcase name="logOut" classname="com.automationcode_25thMarch_2023.Rediff_CssSelector" time="0">
    <skipped message="Timed out waiting for driver server to stop.&#10;Build info: version: &apos;4.8.3&apos;, revision: &apos;e5e76298c3&apos;&#10;System info: os.name: &apos;Windows 11&apos;, os.arch: &apos;amd64&apos;, os.version: &apos;10.0&apos;, java.version: &apos;1.8.0_351&apos;&#10;Driver info: org.openqa.selenium.chrome.ChromeDriver&#10;Command: [73790a71fc237c79cf1005b6c2dfe784, quit {}]&#10;Capabilities {acceptInsecureCerts: false, browserName: chrome, browserVersion: 112.0.5615.138, chrome: {chromedriverVersion: 112.0.5615.49 (bd2a7bcb881c..., userDataDir: C:\Users\shams\AppData\Loca...}, goog:chromeOptions: {debuggerAddress: localhost:51113}, networkConnectionEnabled: false, pageLoadStrategy: normal, platformName: WINDOWS, proxy: Proxy(), se:cdp: ws://localhost:51113/devtoo..., se:cdpVersion: 112.0.5615.138, setWindowRect: true, strictFileInteractability: false, timeouts: {implicit: 0, pageLoad: 300000, script: 30000}, unhandledPromptBehavior: dismiss and notify, webauthn:extension:credBlob: true, webauthn:extension:largeBlob: true, webauthn:extension:minPinLength: true, webauthn:extension:prf: true, webauthn:virtualAuthenticators: true}&#10;Session ID: 73790a71fc237c79cf1005b6c2dfe784"/>
  </testcase>
  <testcase name="TNLogin" classname="com.testngcode_08thApr_2023.Parameterize_TN" time="205.065">
    <failure message="&#10;Parameter &apos;Browser&apos; is required by @Test on method TNLogin but has not been marked @Optional or defined&#10;in C:\Shams\PeopleNTech\Automation\ADVANCED_MAVEN\testng.xml" type="org.testng.TestNGException"><![CDATA[org.testng.TestNGException: 

Parameter 'Browser' is required by @Test on method TNLogin but has not been marked @Optional or defined
in C:\Shams\PeopleNTech\Automation\ADVANCED_MAVEN\testng.xml
	at org.testng.internal.Parameters.createParams(Parameters.java:290)
	at org.testng.internal.Parameters.createParametersForMethod(Parameters.java:359)
	at org.testng.internal.Parameters.createParameters(Parameters.java:620)
	at org.testng.internal.Parameters.handleParameters(Parameters.java:769)
	at org.testng.internal.ParameterHandler.handleParameters(ParameterHandler.java:49)
	at org.testng.internal.ParameterHandler.createParameters(ParameterHandler.java:37)
	at org.testng.internal.Invoker.invokeTestMethods(Invoker.java:924)
	at org.testng.internal.TestMethodWorker.invokeTestMethods(TestMethodWorker.java:125)
	at org.testng.internal.TestMethodWorker.run(TestMethodWorker.java:109)
	at org.testng.TestRunner.privateRun(TestRunner.java:648)
	at org.testng.TestRunner.run(TestRunner.java:505)
	at org.testng.SuiteRunner.runTest(SuiteRunner.java:455)
	at org.testng.SuiteRunner.runSequentially(SuiteRunner.java:450)
	at org.testng.SuiteRunner.privateRun(SuiteRunner.java:415)
	at org.testng.SuiteRunner.run(SuiteRunner.java:364)
	at org.testng.SuiteRunnerWorker.runSuite(SuiteRunnerWorker.java:52)
	at org.testng.SuiteRunnerWorker.run(SuiteRunnerWorker.java:84)
	at org.testng.TestNG.runSuitesSequentially(TestNG.java:1208)
	at org.testng.TestNG.runSuitesLocally(TestNG.java:1137)
	at org.testng.TestNG.runSuites(TestNG.java:1049)
	at org.testng.TestNG.run(TestNG.java:1017)
	at org.apache.maven.surefire.testng.TestNGExecutor.run(TestNGExecutor.java:324)
	at org.apache.maven.surefire.testng.TestNGXmlTestSuite.execute(TestNGXmlTestSuite.java:74)
	at org.apache.maven.surefire.testng.TestNGProvider.invoke(TestNGProvider.java:123)
	at org.apache.maven.surefire.booter.ForkedBooter.runSuitesInProcess(ForkedBooter.java:456)
	at org.apache.maven.surefire.booter.ForkedBooter.execute(ForkedBooter.java:169)
	at org.apache.maven.surefire.booter.ForkedBooter.run(ForkedBooter.java:595)
	at org.apache.maven.surefire.booter.ForkedBooter.main(ForkedBooter.java:581)
]]></failure>
    <system-err><![CDATA[[Utils] [ERROR] [Error] org.testng.TestNGException: 
Parameter &apos;Browser&apos; is required by @Test on method TNLogin but has not been marked @Optional or defined
in C:\Shams\PeopleNTech\Automation\ADVANCED_MAVEN\testng.xml
	at org.testng.internal.Parameters.createParams(Parameters.java:290)
	at org.testng.internal.Parameters.createParametersForMethod(Parameters.java:359)
	at org.testng.internal.Parameters.createParameters(Parameters.java:620)
	at org.testng.internal.Parameters.handleParameters(Parameters.java:769)
	at org.testng.internal.ParameterHandler.handleParameters(ParameterHandler.java:49)
	at org.testng.internal.ParameterHandler.createParameters(ParameterHandler.java:37)
	at org.testng.internal.Invoker.invokeTestMethods(Invoker.java:924)
	at org.testng.internal.TestMethodWorker.invokeTestMethods(TestMethodWorker.java:125)
	at org.testng.internal.TestMethodWorker.run(TestMethodWorker.java:109)
	at org.testng.TestRunner.privateRun(TestRunner.java:648)
	at org.testng.TestRunner.run(TestRunner.java:505)
	at org.testng.SuiteRunner.runTest(SuiteRunner.java:455)
	at org.testng.SuiteRunner.runSequentially(SuiteRunner.java:450)
	at org.testng.SuiteRunner.privateRun(SuiteRunner.java:415)
	at org.testng.SuiteRunner.run(SuiteRunner.java:364)
	at org.testng.SuiteRunnerWorker.runSuite(SuiteRunnerWorker.java:52)
	at org.testng.SuiteRunnerWorker.run(SuiteRunnerWorker.java:84)
	at org.testng.TestNG.runSuitesSequentially(TestNG.java:1208)
	at org.testng.TestNG.runSuitesLocally(TestNG.java:1137)
	at org.testng.TestNG.runSuites(TestNG.java:1049)
	at org.testng.TestNG.run(TestNG.java:1017)
	at org.apache.maven.surefire.testng.TestNGExecutor.run(TestNGExecutor.java:324)
	at org.apache.maven.surefire.testng.TestNGXmlTestSuite.execute(TestNGXmlTestSuite.java:74)
	at org.apache.maven.surefire.testng.TestNGProvider.invoke(TestNGProvider.java:123)
	at org.apache.maven.surefire.booter.ForkedBooter.runSuitesInProcess(ForkedBooter.java:456)
	at org.apache.maven.surefire.booter.ForkedBooter.execute(ForkedBooter.java:169)
	at org.apache.maven.surefire.booter.ForkedBooter.run(ForkedBooter.java:595)
	at org.apache.maven.surefire.booter.ForkedBooter.main(ForkedBooter.java:581)

]]></system-err>
  </testcase>
  <testcase name="rediffLogin" classname="com.testngcode_9thApr_2023_Retry_Failed_TestCases.TNRediffTest" time="5.68">
    <system-out><![CDATA[[DEBUG] Using new Channel '[id: 0x0dd29aa8, L:/127.0.0.1:51326 - R:localhost/127.0.0.1:5078]' for 'POST' to '/session'
[DEBUG] 

Request DefaultHttpRequest(decodeResult: success, version: HTTP/1.1)
POST /session HTTP/1.1
User-Agent: selenium/4.8.3 (java windows)
Content-Length: 439
Content-Type: application/json; charset=utf-8
host: localhost:5078
accept: */*

Response DefaultHttpResponse(decodeResult: success, version: HTTP/1.1)
HTTP/1.1 200 OK
Content-Length: 860
Content-Type: application/json; charset=utf-8
cache-control: no-cache

[DEBUG] Adding key: http://localhost:5078 for channel [id: 0x0dd29aa8, L:/127.0.0.1:51326 - R:localhost/127.0.0.1:5078]
[DEBUG] Using new Channel '[id: 0xd6515d8e, L:/127.0.0.1:51334 - R:localhost/127.0.0.1:51327]' for 'GET' to '/json/version'
[DEBUG] 

Request DefaultFullHttpRequest(decodeResult: success, version: HTTP/1.1, content: EmptyByteBufBE)
GET /json/version HTTP/1.1
User-Agent: selenium/4.8.3 (java windows)
host: localhost:51327
accept: */*

Response DefaultHttpResponse(decodeResult: success, version: HTTP/1.1)
HTTP/1.1 200 OK
Content-Security-Policy: frame-ancestors 'none'
Content-Length: 424
Content-Type: application/json; charset=UTF-8

[DEBUG] Adding key: http://localhost:51327 for channel [id: 0xd6515d8e, L:/127.0.0.1:51334 - R:localhost/127.0.0.1:51327]
[DEBUG] Using new Channel '[id: 0x5c6452ad, L:/127.0.0.1:51335 - R:localhost/127.0.0.1:51327]' for 'GET' to '/devtools/browser/40b2e437-77bd-403a-9eaf-c3df21ab942f'
[DEBUG] 

Request DefaultFullHttpRequest(decodeResult: success, version: HTTP/1.1, content: EmptyByteBufBE)
GET /devtools/browser/40b2e437-77bd-403a-9eaf-c3df21ab942f HTTP/1.1
upgrade: websocket
connection: upgrade
sec-websocket-key: L72Y8azJa7umSvm/oroWCw==
sec-websocket-version: 13
origin: http://localhost:51327
host: localhost:51327
accept: */*
user-agent: AHC/2.1

Response DefaultHttpResponse(decodeResult: success, version: HTTP/1.1)
HTTP/1.1 101 WebSocket Protocol Handshake
Upgrade: WebSocket
Connection: Upgrade
Sec-WebSocket-Accept: jywJpHNkNUaUxUV67v7nA6nI7FU=

[DEBUG] Using pooled Channel '[id: 0x0dd29aa8, L:/127.0.0.1:51326 - R:localhost/127.0.0.1:5078]' for 'POST' to 'http://localhost:5078/session/539843f7792560b5bb995b0193ca4752/window/maximize'
[DEBUG] Using open Channel [id: 0x0dd29aa8, L:/127.0.0.1:51326 - R:localhost/127.0.0.1:5078] for POST '/session/539843f7792560b5bb995b0193ca4752/window/maximize'
[DEBUG] 

Request DefaultHttpRequest(decodeResult: success, version: HTTP/1.1)
POST /session/539843f7792560b5bb995b0193ca4752/window/maximize HTTP/1.1
User-Agent: selenium/4.8.3 (java windows)
Content-Length: 3
Content-Type: application/json; charset=utf-8
host: localhost:5078
accept: */*

Response DefaultHttpResponse(decodeResult: success, version: HTTP/1.1)
HTTP/1.1 200 OK
Content-Length: 52
Content-Type: application/json; charset=utf-8
cache-control: no-cache

[DEBUG] Adding key: http://localhost:5078 for channel [id: 0x0dd29aa8, L:/127.0.0.1:51326 - R:localhost/127.0.0.1:5078]
[DEBUG] Using pooled Channel '[id: 0x0dd29aa8, L:/127.0.0.1:51326 - R:localhost/127.0.0.1:5078]' for 'POST' to 'http://localhost:5078/session/539843f7792560b5bb995b0193ca4752/timeouts'
[DEBUG] Using open Channel [id: 0x0dd29aa8, L:/127.0.0.1:51326 - R:localhost/127.0.0.1:5078] for POST '/session/539843f7792560b5bb995b0193ca4752/timeouts'
[DEBUG] 

Request DefaultHttpRequest(decodeResult: success, version: HTTP/1.1)
POST /session/539843f7792560b5bb995b0193ca4752/timeouts HTTP/1.1
User-Agent: selenium/4.8.3 (java windows)
Content-Length: 23
Content-Type: application/json; charset=utf-8
host: localhost:5078
accept: */*

Response DefaultHttpResponse(decodeResult: success, version: HTTP/1.1)
HTTP/1.1 200 OK
Content-Length: 14
Content-Type: application/json; charset=utf-8
cache-control: no-cache

[DEBUG] Adding key: http://localhost:5078 for channel [id: 0x0dd29aa8, L:/127.0.0.1:51326 - R:localhost/127.0.0.1:5078]
[DEBUG] Using pooled Channel '[id: 0x0dd29aa8, L:/127.0.0.1:51326 - R:localhost/127.0.0.1:5078]' for 'POST' to 'http://localhost:5078/session/539843f7792560b5bb995b0193ca4752/url'
[DEBUG] Using open Channel [id: 0x0dd29aa8, L:/127.0.0.1:51326 - R:localhost/127.0.0.1:5078] for POST '/session/539843f7792560b5bb995b0193ca4752/url'
[DEBUG] Entry count for : http://localhost:51327 : 1
[DEBUG] Entry count for : http://localhost:51327 : 1
[DEBUG] Entry count for : http://localhost:51327 : 1
[DEBUG] 

Request DefaultHttpRequest(decodeResult: success, version: HTTP/1.1)
POST /session/539843f7792560b5bb995b0193ca4752/url HTTP/1.1
User-Agent: selenium/4.8.3 (java windows)
Content-Length: 76
Content-Type: application/json; charset=utf-8
host: localhost:5078
accept: */*

Response DefaultHttpResponse(decodeResult: success, version: HTTP/1.1)
HTTP/1.1 200 OK
Content-Length: 14
Content-Type: application/json; charset=utf-8
cache-control: no-cache

[DEBUG] Adding key: http://localhost:5078 for channel [id: 0x0dd29aa8, L:/127.0.0.1:51326 - R:localhost/127.0.0.1:5078]
[DEBUG] Using pooled Channel '[id: 0x0dd29aa8, L:/127.0.0.1:51326 - R:localhost/127.0.0.1:5078]' for 'POST' to 'http://localhost:5078/session/539843f7792560b5bb995b0193ca4752/element'
[DEBUG] Using open Channel [id: 0x0dd29aa8, L:/127.0.0.1:51326 - R:localhost/127.0.0.1:5078] for POST '/session/539843f7792560b5bb995b0193ca4752/element'
[DEBUG] 

Request DefaultHttpRequest(decodeResult: success, version: HTTP/1.1)
POST /session/539843f7792560b5bb995b0193ca4752/element HTTP/1.1
User-Agent: selenium/4.8.3 (java windows)
Content-Length: 51
Content-Type: application/json; charset=utf-8
host: localhost:5078
accept: */*

Response DefaultHttpResponse(decodeResult: success, version: HTTP/1.1)
HTTP/1.1 200 OK
Content-Length: 88
Content-Type: application/json; charset=utf-8
cache-control: no-cache

[DEBUG] Adding key: http://localhost:5078 for channel [id: 0x0dd29aa8, L:/127.0.0.1:51326 - R:localhost/127.0.0.1:5078]
[DEBUG] Using pooled Channel '[id: 0x0dd29aa8, L:/127.0.0.1:51326 - R:localhost/127.0.0.1:5078]' for 'POST' to 'http://localhost:5078/session/539843f7792560b5bb995b0193ca4752/element/8ddec60f-b09c-4d93-aaea-b0da0b1df827/value'
[DEBUG] Using open Channel [id: 0x0dd29aa8, L:/127.0.0.1:51326 - R:localhost/127.0.0.1:5078] for POST '/session/539843f7792560b5bb995b0193ca4752/element/8ddec60f-b09c-4d93-aaea-b0da0b1df827/value'
[DEBUG] 

Request DefaultHttpRequest(decodeResult: success, version: HTTP/1.1)
POST /session/539843f7792560b5bb995b0193ca4752/element/8ddec60f-b09c-4d93-aaea-b0da0b1df827/value HTTP/1.1
User-Agent: selenium/4.8.3 (java windows)
Content-Length: 121
Content-Type: application/json; charset=utf-8
host: localhost:5078
accept: */*

Response DefaultHttpResponse(decodeResult: success, version: HTTP/1.1)
HTTP/1.1 200 OK
Content-Length: 14
Content-Type: application/json; charset=utf-8
cache-control: no-cache

[DEBUG] Adding key: http://localhost:5078 for channel [id: 0x0dd29aa8, L:/127.0.0.1:51326 - R:localhost/127.0.0.1:5078]
[DEBUG] Using pooled Channel '[id: 0x0dd29aa8, L:/127.0.0.1:51326 - R:localhost/127.0.0.1:5078]' for 'POST' to 'http://localhost:5078/session/539843f7792560b5bb995b0193ca4752/element'
[DEBUG] Using open Channel [id: 0x0dd29aa8, L:/127.0.0.1:51326 - R:localhost/127.0.0.1:5078] for POST '/session/539843f7792560b5bb995b0193ca4752/element'
[DEBUG] 

Request DefaultHttpRequest(decodeResult: success, version: HTTP/1.1)
POST /session/539843f7792560b5bb995b0193ca4752/element HTTP/1.1
User-Agent: selenium/4.8.3 (java windows)
Content-Length: 53
Content-Type: application/json; charset=utf-8
host: localhost:5078
accept: */*

Response DefaultHttpResponse(decodeResult: success, version: HTTP/1.1)
HTTP/1.1 200 OK
Content-Length: 88
Content-Type: application/json; charset=utf-8
cache-control: no-cache

[DEBUG] Adding key: http://localhost:5078 for channel [id: 0x0dd29aa8, L:/127.0.0.1:51326 - R:localhost/127.0.0.1:5078]
[DEBUG] Using pooled Channel '[id: 0x0dd29aa8, L:/127.0.0.1:51326 - R:localhost/127.0.0.1:5078]' for 'POST' to 'http://localhost:5078/session/539843f7792560b5bb995b0193ca4752/element/c34fd515-df7e-47a5-97ef-bf185be4647c/value'
[DEBUG] Using open Channel [id: 0x0dd29aa8, L:/127.0.0.1:51326 - R:localhost/127.0.0.1:5078] for POST '/session/539843f7792560b5bb995b0193ca4752/element/c34fd515-df7e-47a5-97ef-bf185be4647c/value'
[DEBUG] 

Request DefaultHttpRequest(decodeResult: success, version: HTTP/1.1)
POST /session/539843f7792560b5bb995b0193ca4752/element/c34fd515-df7e-47a5-97ef-bf185be4647c/value HTTP/1.1
User-Agent: selenium/4.8.3 (java windows)
Content-Length: 121
Content-Type: application/json; charset=utf-8
host: localhost:5078
accept: */*

Response DefaultHttpResponse(decodeResult: success, version: HTTP/1.1)
HTTP/1.1 200 OK
Content-Length: 14
Content-Type: application/json; charset=utf-8
cache-control: no-cache

[DEBUG] Adding key: http://localhost:5078 for channel [id: 0x0dd29aa8, L:/127.0.0.1:51326 - R:localhost/127.0.0.1:5078]
[DEBUG] Using pooled Channel '[id: 0x0dd29aa8, L:/127.0.0.1:51326 - R:localhost/127.0.0.1:5078]' for 'POST' to 'http://localhost:5078/session/539843f7792560b5bb995b0193ca4752/element'
[DEBUG] Using open Channel [id: 0x0dd29aa8, L:/127.0.0.1:51326 - R:localhost/127.0.0.1:5078] for POST '/session/539843f7792560b5bb995b0193ca4752/element'
[DEBUG] 

Request DefaultHttpRequest(decodeResult: success, version: HTTP/1.1)
POST /session/539843f7792560b5bb995b0193ca4752/element HTTP/1.1
User-Agent: selenium/4.8.3 (java windows)
Content-Length: 74
Content-Type: application/json; charset=utf-8
host: localhost:5078
accept: */*

Response DefaultHttpResponse(decodeResult: success, version: HTTP/1.1)
HTTP/1.1 200 OK
Content-Length: 88
Content-Type: application/json; charset=utf-8
cache-control: no-cache

[DEBUG] Adding key: http://localhost:5078 for channel [id: 0x0dd29aa8, L:/127.0.0.1:51326 - R:localhost/127.0.0.1:5078]
[DEBUG] Using pooled Channel '[id: 0x0dd29aa8, L:/127.0.0.1:51326 - R:localhost/127.0.0.1:5078]' for 'POST' to 'http://localhost:5078/session/539843f7792560b5bb995b0193ca4752/element/413c1aa8-5c1a-4a81-ba1a-156f38558139/click'
[DEBUG] Using open Channel [id: 0x0dd29aa8, L:/127.0.0.1:51326 - R:localhost/127.0.0.1:5078] for POST '/session/539843f7792560b5bb995b0193ca4752/element/413c1aa8-5c1a-4a81-ba1a-156f38558139/click'
[DEBUG] Entry count for : http://localhost:51327 : 1
[DEBUG] 

Request DefaultHttpRequest(decodeResult: success, version: HTTP/1.1)
POST /session/539843f7792560b5bb995b0193ca4752/element/413c1aa8-5c1a-4a81-ba1a-156f38558139/click HTTP/1.1
User-Agent: selenium/4.8.3 (java windows)
Content-Length: 50
Content-Type: application/json; charset=utf-8
host: localhost:5078
accept: */*

Response DefaultHttpResponse(decodeResult: success, version: HTTP/1.1)
HTTP/1.1 200 OK
Content-Length: 14
Content-Type: application/json; charset=utf-8
cache-control: no-cache

[DEBUG] Adding key: http://localhost:5078 for channel [id: 0x0dd29aa8, L:/127.0.0.1:51326 - R:localhost/127.0.0.1:5078]
]]></system-out>
    <system-err><![CDATA[Starting ChromeDriver 112.0.5615.49 (bd2a7bcb881c11e8cfe3078709382934e3916914-refs/branch-heads/5615@{#936}) on port 5078
Only local connections are allowed.
Please see https://chromedriver.chromium.org/security-considerations for suggestions on keeping ChromeDriver safe.
ChromeDriver was started successfully.
Apr 22, 2023 4:11:34 PM org.openqa.selenium.devtools.CdpVersionFinder findNearestMatch
WARNING: Unable to find an exact match for CDP version 112, so returning the closest version found: 111
]]></system-err>
  </testcase>
  <testcase name="test" classname="com.automationcode_25thMarch_2023.SelfPractice_Advanced_Xpath" time="0.072">
    <system-out><![CDATA[[DEBUG] Channel Closed: [id: 0x5c6452ad, L:/127.0.0.1:51335 ! R:localhost/127.0.0.1:51327] with attribute NettyResponseFuture{currentRetry=0,
	isDone=1,
	isCancelled=0,
	asyncHandler=org.asynchttpclient.ws.WebSocketUpgradeHandler@566f2466,
	nettyRequest=org.asynchttpclient.netty.request.NettyRequest@20c2329f,
	future=java.util.concurrent.CompletableFuture@2ede8d91[Completed normally],
	uri=ws://localhost:51327/devtools/browser/40b2e437-77bd-403a-9eaf-c3df21ab942f,
	keepAlive=true,
	redirectCount=0,
	timeoutsHolder=null,
	inAuth=0,
	touch=1682194294768}
[DEBUG] Closing Channel [id: 0x5c6452ad, L:/127.0.0.1:51335 ! R:localhost/127.0.0.1:51327] 
[DEBUG] Using pooled Channel '[id: 0x0dd29aa8, L:/127.0.0.1:51326 - R:localhost/127.0.0.1:5078]' for 'DELETE' to 'http://localhost:5078/session/539843f7792560b5bb995b0193ca4752'
[DEBUG] Using open Channel [id: 0x0dd29aa8, L:/127.0.0.1:51326 - R:localhost/127.0.0.1:5078] for DELETE '/session/539843f7792560b5bb995b0193ca4752'
[DEBUG] Unexpected I/O exception on channel [id: 0xd6515d8e, L:/127.0.0.1:51334 - R:localhost/127.0.0.1:51327]
java.io.IOException: An existing connection was forcibly closed by the remote host
	at sun.nio.ch.SocketDispatcher.read0(Native Method) ~[na:1.8.0_351]
	at sun.nio.ch.SocketDispatcher.read(SocketDispatcher.java:43) ~[na:1.8.0_351]
	at sun.nio.ch.IOUtil.readIntoNativeBuffer(IOUtil.java:223) ~[na:1.8.0_351]
	at sun.nio.ch.IOUtil.read(IOUtil.java:192) ~[na:1.8.0_351]
	at sun.nio.ch.SocketChannelImpl.read(SocketChannelImpl.java:378) ~[na:1.8.0_351]
	at io.netty.buffer.PooledByteBuf.setBytes(PooledByteBuf.java:256) ~[netty-buffer-4.1.90.Final.jar:4.1.90.Final]
	at io.netty.buffer.AbstractByteBuf.writeBytes(AbstractByteBuf.java:1132) ~[netty-buffer-4.1.90.Final.jar:4.1.90.Final]
	at io.netty.channel.socket.nio.NioSocketChannel.doReadBytes(NioSocketChannel.java:357) ~[netty-transport-4.1.90.Final.jar:4.1.90.Final]
	at io.netty.channel.nio.AbstractNioByteChannel$NioByteUnsafe.read(AbstractNioByteChannel.java:151) ~[netty-transport-4.1.90.Final.jar:4.1.90.Final]
	at io.netty.channel.nio.NioEventLoop.processSelectedKey(NioEventLoop.java:788) [netty-transport-4.1.90.Final.jar:4.1.90.Final]
	at io.netty.channel.nio.NioEventLoop.processSelectedKeysOptimized(NioEventLoop.java:724) [netty-transport-4.1.90.Final.jar:4.1.90.Final]
	at io.netty.channel.nio.NioEventLoop.processSelectedKeys(NioEventLoop.java:650) [netty-transport-4.1.90.Final.jar:4.1.90.Final]
	at io.netty.channel.nio.NioEventLoop.run(NioEventLoop.java:562) [netty-transport-4.1.90.Final.jar:4.1.90.Final]
	at io.netty.util.concurrent.SingleThreadEventExecutor$4.run(SingleThreadEventExecutor.java:997) [netty-common-4.1.90.Final.jar:4.1.90.Final]
	at io.netty.util.internal.ThreadExecutorMap$2.run(ThreadExecutorMap.java:74) [netty-common-4.1.90.Final.jar:4.1.90.Final]
	at io.netty.util.concurrent.FastThreadLocalRunnable.run(FastThreadLocalRunnable.java:30) [netty-common-4.1.90.Final.jar:4.1.90.Final]
	at java.lang.Thread.run(Thread.java:750) [na:1.8.0_351]
[DEBUG] Closing Channel [id: 0xd6515d8e, L:/127.0.0.1:51334 - R:localhost/127.0.0.1:51327] 
[DEBUG] Channel Closed: [id: 0xd6515d8e, L:/127.0.0.1:51334 ! R:localhost/127.0.0.1:51327] with attribute DISCARD
[DEBUG] 

Request DefaultFullHttpRequest(decodeResult: success, version: HTTP/1.1, content: EmptyByteBufBE)
DELETE /session/539843f7792560b5bb995b0193ca4752 HTTP/1.1
User-Agent: selenium/4.8.3 (java windows)
Content-Type: application/json; charset=utf-8
host: localhost:5078
accept: */*

Response DefaultHttpResponse(decodeResult: success, version: HTTP/1.1)
HTTP/1.1 200 OK
Content-Length: 14
Content-Type: application/json; charset=utf-8
cache-control: no-cache

[DEBUG] Adding key: http://localhost:5078 for channel [id: 0x0dd29aa8, L:/127.0.0.1:51326 - R:localhost/127.0.0.1:5078]
[DEBUG] Channel Closed: [id: 0x0dd29aa8, L:/127.0.0.1:51326 ! R:localhost/127.0.0.1:5078] with attribute DISCARD
[DEBUG] Entry count for : http://localhost:5078 : 1
[DEBUG] Entry count for : http://localhost:51327 : 1
[DEBUG] Adding Candidate expired Channel [id: 0x0dd29aa8, L:/127.0.0.1:51326 ! R:localhost/127.0.0.1:5078] isIdleTimeoutExpired=false isRemotelyClosed=true isTtlExpired=false
[DEBUG] Closing Idle Channel [id: 0x0dd29aa8, L:/127.0.0.1:51326 ! R:localhost/127.0.0.1:5078]
[DEBUG] Adding Candidate expired Channel [id: 0xd6515d8e, L:/127.0.0.1:51334 ! R:localhost/127.0.0.1:51327] isIdleTimeoutExpired=false isRemotelyClosed=true isTtlExpired=false
[DEBUG] Closing Idle Channel [id: 0xd6515d8e, L:/127.0.0.1:51334 ! R:localhost/127.0.0.1:51327]
[DEBUG] Closed 2 connections out of 2 in 0 ms
[DEBUG] Using new Channel '[id: 0x251806f3, L:/127.0.0.1:51377 - R:localhost/127.0.0.1:36498]' for 'POST' to '/session'
[DEBUG] 

Request DefaultHttpRequest(decodeResult: success, version: HTTP/1.1)
POST /session HTTP/1.1
User-Agent: selenium/4.8.3 (java windows)
Content-Length: 439
Content-Type: application/json; charset=utf-8
host: localhost:36498
accept: */*

Response DefaultHttpResponse(decodeResult: success, version: HTTP/1.1)
HTTP/1.1 200 OK
Content-Length: 858
Content-Type: application/json; charset=utf-8
cache-control: no-cache

[DEBUG] Adding key: http://localhost:36498 for channel [id: 0x251806f3, L:/127.0.0.1:51377 - R:localhost/127.0.0.1:36498]
[DEBUG] Using new Channel '[id: 0xb7a24203, L:/127.0.0.1:51384 - R:localhost/127.0.0.1:51378]' for 'GET' to '/json/version'
[DEBUG] 

Request DefaultFullHttpRequest(decodeResult: success, version: HTTP/1.1, content: EmptyByteBufBE)
GET /json/version HTTP/1.1
User-Agent: selenium/4.8.3 (java windows)
host: localhost:51378
accept: */*

Response DefaultHttpResponse(decodeResult: success, version: HTTP/1.1)
HTTP/1.1 200 OK
Content-Security-Policy: frame-ancestors 'none'
Content-Length: 424
Content-Type: application/json; charset=UTF-8

[DEBUG] Adding key: http://localhost:51378 for channel [id: 0xb7a24203, L:/127.0.0.1:51384 - R:localhost/127.0.0.1:51378]
[DEBUG] Using new Channel '[id: 0x31bae5ef, L:/127.0.0.1:51385 - R:localhost/127.0.0.1:51378]' for 'GET' to '/devtools/browser/57a29879-c06f-43aa-bff2-2fbe8dea08b3'
[DEBUG] 

Request DefaultFullHttpRequest(decodeResult: success, version: HTTP/1.1, content: EmptyByteBufBE)
GET /devtools/browser/57a29879-c06f-43aa-bff2-2fbe8dea08b3 HTTP/1.1
upgrade: websocket
connection: upgrade
sec-websocket-key: iwkJJk+BiQGq3vhCboK5Jg==
sec-websocket-version: 13
origin: http://localhost:51378
host: localhost:51378
accept: */*
user-agent: AHC/2.1

Response DefaultHttpResponse(decodeResult: success, version: HTTP/1.1)
HTTP/1.1 101 WebSocket Protocol Handshake
Upgrade: WebSocket
Connection: Upgrade
Sec-WebSocket-Accept: 22ehdOoH7tRwyIEIxHJOuHQJm5Y=

[DEBUG] Using pooled Channel '[id: 0x251806f3, L:/127.0.0.1:51377 - R:localhost/127.0.0.1:36498]' for 'POST' to 'http://localhost:36498/session/5cf5652acf950ffcc070d58ec3d94379/window/maximize'
[DEBUG] Using open Channel [id: 0x251806f3, L:/127.0.0.1:51377 - R:localhost/127.0.0.1:36498] for POST '/session/5cf5652acf950ffcc070d58ec3d94379/window/maximize'
[DEBUG] 

Request DefaultHttpRequest(decodeResult: success, version: HTTP/1.1)
POST /session/5cf5652acf950ffcc070d58ec3d94379/window/maximize HTTP/1.1
User-Agent: selenium/4.8.3 (java windows)
Content-Length: 3
Content-Type: application/json; charset=utf-8
host: localhost:36498
accept: */*

Response DefaultHttpResponse(decodeResult: success, version: HTTP/1.1)
HTTP/1.1 200 OK
Content-Length: 52
Content-Type: application/json; charset=utf-8
cache-control: no-cache

[DEBUG] Adding key: http://localhost:36498 for channel [id: 0x251806f3, L:/127.0.0.1:51377 - R:localhost/127.0.0.1:36498]
[DEBUG] Using pooled Channel '[id: 0x251806f3, L:/127.0.0.1:51377 - R:localhost/127.0.0.1:36498]' for 'POST' to 'http://localhost:36498/session/5cf5652acf950ffcc070d58ec3d94379/url'
[DEBUG] Using open Channel [id: 0x251806f3, L:/127.0.0.1:51377 - R:localhost/127.0.0.1:36498] for POST '/session/5cf5652acf950ffcc070d58ec3d94379/url'
[DEBUG] Entry count for : http://localhost:51378 : 1
[DEBUG] Entry count for : http://localhost:51378 : 1
[DEBUG] 

Request DefaultHttpRequest(decodeResult: success, version: HTTP/1.1)
POST /session/5cf5652acf950ffcc070d58ec3d94379/url HTTP/1.1
User-Agent: selenium/4.8.3 (java windows)
Content-Length: 50
Content-Type: application/json; charset=utf-8
host: localhost:36498
accept: */*

Response DefaultHttpResponse(decodeResult: success, version: HTTP/1.1)
HTTP/1.1 200 OK
Content-Length: 14
Content-Type: application/json; charset=utf-8
cache-control: no-cache

[DEBUG] Adding key: http://localhost:36498 for channel [id: 0x251806f3, L:/127.0.0.1:51377 - R:localhost/127.0.0.1:36498]
[DEBUG] Using pooled Channel '[id: 0x251806f3, L:/127.0.0.1:51377 - R:localhost/127.0.0.1:36498]' for 'POST' to 'http://localhost:36498/session/5cf5652acf950ffcc070d58ec3d94379/element'
[DEBUG] Using open Channel [id: 0x251806f3, L:/127.0.0.1:51377 - R:localhost/127.0.0.1:36498] for POST '/session/5cf5652acf950ffcc070d58ec3d94379/element'
[DEBUG] 

Request DefaultHttpRequest(decodeResult: success, version: HTTP/1.1)
POST /session/5cf5652acf950ffcc070d58ec3d94379/element HTTP/1.1
User-Agent: selenium/4.8.3 (java windows)
Content-Length: 96
Content-Type: application/json; charset=utf-8
host: localhost:36498
accept: */*

Response DefaultHttpResponse(decodeResult: success, version: HTTP/1.1)
HTTP/1.1 200 OK
Content-Length: 88
Content-Type: application/json; charset=utf-8
cache-control: no-cache

[DEBUG] Adding key: http://localhost:36498 for channel [id: 0x251806f3, L:/127.0.0.1:51377 - R:localhost/127.0.0.1:36498]
[DEBUG] Using pooled Channel '[id: 0x251806f3, L:/127.0.0.1:51377 - R:localhost/127.0.0.1:36498]' for 'POST' to 'http://localhost:36498/session/5cf5652acf950ffcc070d58ec3d94379/element'
[DEBUG] Using open Channel [id: 0x251806f3, L:/127.0.0.1:51377 - R:localhost/127.0.0.1:36498] for POST '/session/5cf5652acf950ffcc070d58ec3d94379/element'
[DEBUG] 

Request DefaultHttpRequest(decodeResult: success, version: HTTP/1.1)
POST /session/5cf5652acf950ffcc070d58ec3d94379/element HTTP/1.1
User-Agent: selenium/4.8.3 (java windows)
Content-Length: 102
Content-Type: application/json; charset=utf-8
host: localhost:36498
accept: */*

Response DefaultHttpResponse(decodeResult: success, version: HTTP/1.1)
HTTP/1.1 200 OK
Content-Length: 88
Content-Type: application/json; charset=utf-8
cache-control: no-cache

[DEBUG] Adding key: http://localhost:36498 for channel [id: 0x251806f3, L:/127.0.0.1:51377 - R:localhost/127.0.0.1:36498]
[DEBUG] Using pooled Channel '[id: 0x251806f3, L:/127.0.0.1:51377 - R:localhost/127.0.0.1:36498]' for 'POST' to 'http://localhost:36498/session/5cf5652acf950ffcc070d58ec3d94379/element'
[DEBUG] Using open Channel [id: 0x251806f3, L:/127.0.0.1:51377 - R:localhost/127.0.0.1:36498] for POST '/session/5cf5652acf950ffcc070d58ec3d94379/element'
[DEBUG] 

Request DefaultHttpRequest(decodeResult: success, version: HTTP/1.1)
POST /session/5cf5652acf950ffcc070d58ec3d94379/element HTTP/1.1
User-Agent: selenium/4.8.3 (java windows)
Content-Length: 84
Content-Type: application/json; charset=utf-8
host: localhost:36498
accept: */*

Response DefaultHttpResponse(decodeResult: success, version: HTTP/1.1)
HTTP/1.1 200 OK
Content-Length: 88
Content-Type: application/json; charset=utf-8
cache-control: no-cache

[DEBUG] Adding key: http://localhost:36498 for channel [id: 0x251806f3, L:/127.0.0.1:51377 - R:localhost/127.0.0.1:36498]
[DEBUG] Using pooled Channel '[id: 0x251806f3, L:/127.0.0.1:51377 - R:localhost/127.0.0.1:36498]' for 'POST' to 'http://localhost:36498/session/5cf5652acf950ffcc070d58ec3d94379/element'
[DEBUG] Using open Channel [id: 0x251806f3, L:/127.0.0.1:51377 - R:localhost/127.0.0.1:36498] for POST '/session/5cf5652acf950ffcc070d58ec3d94379/element'
[DEBUG] 

Request DefaultHttpRequest(decodeResult: success, version: HTTP/1.1)
POST /session/5cf5652acf950ffcc070d58ec3d94379/element HTTP/1.1
User-Agent: selenium/4.8.3 (java windows)
Content-Length: 81
Content-Type: application/json; charset=utf-8
host: localhost:36498
accept: */*

Response DefaultHttpResponse(decodeResult: success, version: HTTP/1.1)
HTTP/1.1 200 OK
Content-Length: 88
Content-Type: application/json; charset=utf-8
cache-control: no-cache

[DEBUG] Adding key: http://localhost:36498 for channel [id: 0x251806f3, L:/127.0.0.1:51377 - R:localhost/127.0.0.1:36498]
[DEBUG] Using pooled Channel '[id: 0x251806f3, L:/127.0.0.1:51377 - R:localhost/127.0.0.1:36498]' for 'POST' to 'http://localhost:36498/session/5cf5652acf950ffcc070d58ec3d94379/element'
[DEBUG] Using open Channel [id: 0x251806f3, L:/127.0.0.1:51377 - R:localhost/127.0.0.1:36498] for POST '/session/5cf5652acf950ffcc070d58ec3d94379/element'
[DEBUG] 

Request DefaultHttpRequest(decodeResult: success, version: HTTP/1.1)
POST /session/5cf5652acf950ffcc070d58ec3d94379/element HTTP/1.1
User-Agent: selenium/4.8.3 (java windows)
Content-Length: 90
Content-Type: application/json; charset=utf-8
host: localhost:36498
accept: */*

Response DefaultHttpResponse(decodeResult: success, version: HTTP/1.1)
HTTP/1.1 200 OK
Content-Length: 88
Content-Type: application/json; charset=utf-8
cache-control: no-cache

[DEBUG] Adding key: http://localhost:36498 for channel [id: 0x251806f3, L:/127.0.0.1:51377 - R:localhost/127.0.0.1:36498]
[DEBUG] Using pooled Channel '[id: 0x251806f3, L:/127.0.0.1:51377 - R:localhost/127.0.0.1:36498]' for 'POST' to 'http://localhost:36498/session/5cf5652acf950ffcc070d58ec3d94379/element'
[DEBUG] Using open Channel [id: 0x251806f3, L:/127.0.0.1:51377 - R:localhost/127.0.0.1:36498] for POST '/session/5cf5652acf950ffcc070d58ec3d94379/element'
[DEBUG] 

Request DefaultHttpRequest(decodeResult: success, version: HTTP/1.1)
POST /session/5cf5652acf950ffcc070d58ec3d94379/element HTTP/1.1
User-Agent: selenium/4.8.3 (java windows)
Content-Length: 87
Content-Type: application/json; charset=utf-8
host: localhost:36498
accept: */*

Response DefaultHttpResponse(decodeResult: success, version: HTTP/1.1)
HTTP/1.1 200 OK
Content-Length: 88
Content-Type: application/json; charset=utf-8
cache-control: no-cache

[DEBUG] Adding key: http://localhost:36498 for channel [id: 0x251806f3, L:/127.0.0.1:51377 - R:localhost/127.0.0.1:36498]
]]></system-out>
    <system-err><![CDATA[Starting ChromeDriver 112.0.5615.49 (bd2a7bcb881c11e8cfe3078709382934e3916914-refs/branch-heads/5615@{#936}) on port 36498
Only local connections are allowed.
Please see https://chromedriver.chromium.org/security-considerations for suggestions on keeping ChromeDriver safe.
ChromeDriver was started successfully.
Apr 22, 2023 4:11:41 PM org.openqa.selenium.devtools.CdpVersionFinder findNearestMatch
WARNING: Unable to find an exact match for CDP version 112, so returning the closest version found: 111
]]></system-err>
  </testcase>
  <testcase name="clickOnLogOutLink" classname="com.automationcode_18thMarch_2023.MoreConcepts_Automation" time="5.227">
    <failure message="no such element: Unable to locate element: {&quot;method&quot;:&quot;css selector&quot;,&quot;selector&quot;:&quot;.rd_logout&quot;}&#10;  (Session info: chrome=112.0.5615.138)&#10;For documentation on this error, please visit: https://selenium.dev/exceptions/#no_such_element&#10;Build info: version: &apos;4.8.3&apos;, revision: &apos;e5e76298c3&apos;&#10;System info: os.name: &apos;Windows 11&apos;, os.arch: &apos;amd64&apos;, os.version: &apos;10.0&apos;, java.version: &apos;1.8.0_351&apos;&#10;Driver info: org.openqa.selenium.chrome.ChromeDriver&#10;Command: [56cadf588f4ed23d39fed090baa7ebe3, findElement {using=class name, value=rd_logout}]&#10;Capabilities {acceptInsecureCerts: false, browserName: chrome, browserVersion: 112.0.5615.138, chrome: {chromedriverVersion: 112.0.5615.49 (bd2a7bcb881c..., userDataDir: C:\Users\shams\AppData\Loca...}, goog:chromeOptions: {debuggerAddress: localhost:51397}, networkConnectionEnabled: false, pageLoadStrategy: eager, platformName: WINDOWS, proxy: Proxy(), se:cdp: ws://localhost:51397/devtoo..., se:cdpVersion: 112.0.5615.138, setWindowRect: true, strictFileInteractability: false, timeouts: {implicit: 0, pageLoad: 300000, script: 30000}, unhandledPromptBehavior: dismiss and notify, webauthn:extension:credBlob: true, webauthn:extension:largeBlob: true, webauthn:extension:minPinLength: true, webauthn:extension:prf: true, webauthn:virtualAuthenticators: true}&#10;Session ID: 56cadf588f4ed23d39fed090baa7ebe3" type="org.openqa.selenium.NoSuchElementException"><![CDATA[org.openqa.selenium.NoSuchElementException: 
no such element: Unable to locate element: {"method":"css selector","selector":".rd_logout"}
  (Session info: chrome=112.0.5615.138)
For documentation on this error, please visit: https://selenium.dev/exceptions/#no_such_element
Build info: version: '4.8.3', revision: 'e5e76298c3'
System info: os.name: 'Windows 11', os.arch: 'amd64', os.version: '10.0', java.version: '1.8.0_351'
Driver info: org.openqa.selenium.chrome.ChromeDriver
Command: [56cadf588f4ed23d39fed090baa7ebe3, findElement {using=class name, value=rd_logout}]
Capabilities {acceptInsecureCerts: false, browserName: chrome, browserVersion: 112.0.5615.138, chrome: {chromedriverVersion: 112.0.5615.49 (bd2a7bcb881c..., userDataDir: C:\Users\shams\AppData\Loca...}, goog:chromeOptions: {debuggerAddress: localhost:51397}, networkConnectionEnabled: false, pageLoadStrategy: eager, platformName: WINDOWS, proxy: Proxy(), se:cdp: ws://localhost:51397/devtoo..., se:cdpVersion: 112.0.5615.138, setWindowRect: true, strictFileInteractability: false, timeouts: {implicit: 0, pageLoad: 300000, script: 30000}, unhandledPromptBehavior: dismiss and notify, webauthn:extension:credBlob: true, webauthn:extension:largeBlob: true, webauthn:extension:minPinLength: true, webauthn:extension:prf: true, webauthn:virtualAuthenticators: true}
Session ID: 56cadf588f4ed23d39fed090baa7ebe3
	at sun.reflect.NativeConstructorAccessorImpl.newInstance0(Native Method)
	at sun.reflect.NativeConstructorAccessorImpl.newInstance(NativeConstructorAccessorImpl.java:62)
	at sun.reflect.DelegatingConstructorAccessorImpl.newInstance(DelegatingConstructorAccessorImpl.java:45)
	at java.lang.reflect.Constructor.newInstance(Constructor.java:423)
	at org.openqa.selenium.remote.codec.w3c.W3CHttpResponseCodec.createException(W3CHttpResponseCodec.java:200)
	at org.openqa.selenium.remote.codec.w3c.W3CHttpResponseCodec.decode(W3CHttpResponseCodec.java:133)
	at org.openqa.selenium.remote.codec.w3c.W3CHttpResponseCodec.decode(W3CHttpResponseCodec.java:53)
	at org.openqa.selenium.remote.HttpCommandExecutor.execute(HttpCommandExecutor.java:193)
	at org.openqa.selenium.remote.service.DriverCommandExecutor.invokeExecute(DriverCommandExecutor.java:183)
	at org.openqa.selenium.remote.service.DriverCommandExecutor.execute(DriverCommandExecutor.java:158)
	at org.openqa.selenium.remote.RemoteWebDriver.execute(RemoteWebDriver.java:543)
	at org.openqa.selenium.remote.ElementLocation$ElementFinder$2.findElement(ElementLocation.java:162)
	at org.openqa.selenium.remote.ElementLocation.findElement(ElementLocation.java:60)
	at org.openqa.selenium.remote.RemoteWebDriver.findElement(RemoteWebDriver.java:352)
	at org.openqa.selenium.remote.RemoteWebDriver.findElement(RemoteWebDriver.java:344)
	at com.automationcode_18thMarch_2023.MoreConcepts_Automation.clickOnLogOutLink(MoreConcepts_Automation.java:55)
	at sun.reflect.NativeMethodAccessorImpl.invoke0(Native Method)
	at sun.reflect.NativeMethodAccessorImpl.invoke(NativeMethodAccessorImpl.java:62)
	at sun.reflect.DelegatingMethodAccessorImpl.invoke(DelegatingMethodAccessorImpl.java:43)
	at java.lang.reflect.Method.invoke(Method.java:498)
	at org.testng.internal.MethodInvocationHelper.invokeMethod(MethodInvocationHelper.java:124)
	at org.testng.internal.Invoker.invokeMethod(Invoker.java:583)
	at org.testng.internal.Invoker.invokeTestMethod(Invoker.java:719)
	at org.testng.internal.Invoker.invokeTestMethods(Invoker.java:989)
	at org.testng.internal.TestMethodWorker.invokeTestMethods(TestMethodWorker.java:125)
	at org.testng.internal.TestMethodWorker.run(TestMethodWorker.java:109)
	at org.testng.TestRunner.privateRun(TestRunner.java:648)
	at org.testng.TestRunner.run(TestRunner.java:505)
	at org.testng.SuiteRunner.runTest(SuiteRunner.java:455)
	at org.testng.SuiteRunner.runSequentially(SuiteRunner.java:450)
	at org.testng.SuiteRunner.privateRun(SuiteRunner.java:415)
	at org.testng.SuiteRunner.run(SuiteRunner.java:364)
	at org.testng.SuiteRunnerWorker.runSuite(SuiteRunnerWorker.java:52)
	at org.testng.SuiteRunnerWorker.run(SuiteRunnerWorker.java:84)
	at org.testng.TestNG.runSuitesSequentially(TestNG.java:1208)
	at org.testng.TestNG.runSuitesLocally(TestNG.java:1137)
	at org.testng.TestNG.runSuites(TestNG.java:1049)
	at org.testng.TestNG.run(TestNG.java:1017)
	at org.apache.maven.surefire.testng.TestNGExecutor.run(TestNGExecutor.java:324)
	at org.apache.maven.surefire.testng.TestNGXmlTestSuite.execute(TestNGXmlTestSuite.java:74)
	at org.apache.maven.surefire.testng.TestNGProvider.invoke(TestNGProvider.java:123)
	at org.apache.maven.surefire.booter.ForkedBooter.runSuitesInProcess(ForkedBooter.java:456)
	at org.apache.maven.surefire.booter.ForkedBooter.execute(ForkedBooter.java:169)
	at org.apache.maven.surefire.booter.ForkedBooter.run(ForkedBooter.java:595)
	at org.apache.maven.surefire.booter.ForkedBooter.main(ForkedBooter.java:581)
]]></failure>
    <system-out><![CDATA[[DEBUG] Using new Channel '[id: 0xd7d8e860, L:/127.0.0.1:51395 - R:localhost/127.0.0.1:41823]' for 'POST' to '/session'
[DEBUG] Entry count for : http://localhost:36498 : 1
[DEBUG] Entry count for : http://localhost:51378 : 1
[DEBUG] 

Request DefaultHttpRequest(decodeResult: success, version: HTTP/1.1)
POST /session HTTP/1.1
User-Agent: selenium/4.8.3 (java windows)
Content-Length: 571
Content-Type: application/json; charset=utf-8
host: localhost:41823
accept: */*

Response DefaultHttpResponse(decodeResult: success, version: HTTP/1.1)
HTTP/1.1 200 OK
Content-Length: 858
Content-Type: application/json; charset=utf-8
cache-control: no-cache

[DEBUG] Adding key: http://localhost:41823 for channel [id: 0xd7d8e860, L:/127.0.0.1:51395 - R:localhost/127.0.0.1:41823]
[DEBUG] Using new Channel '[id: 0x395b1811, L:/127.0.0.1:51403 - R:localhost/127.0.0.1:51397]' for 'GET' to '/json/version'
[DEBUG] 

Request DefaultFullHttpRequest(decodeResult: success, version: HTTP/1.1, content: EmptyByteBufBE)
GET /json/version HTTP/1.1
User-Agent: selenium/4.8.3 (java windows)
host: localhost:51397
accept: */*

Response DefaultHttpResponse(decodeResult: success, version: HTTP/1.1)
HTTP/1.1 200 OK
Content-Security-Policy: frame-ancestors 'none'
Content-Length: 424
Content-Type: application/json; charset=UTF-8

[DEBUG] Adding key: http://localhost:51397 for channel [id: 0x395b1811, L:/127.0.0.1:51403 - R:localhost/127.0.0.1:51397]
[DEBUG] Using new Channel '[id: 0x69e7dd00, L:/127.0.0.1:51404 - R:localhost/127.0.0.1:51397]' for 'GET' to '/devtools/browser/a1e10934-8241-41f7-b915-75a0006eefe8'
[DEBUG] 

Request DefaultFullHttpRequest(decodeResult: success, version: HTTP/1.1, content: EmptyByteBufBE)
GET /devtools/browser/a1e10934-8241-41f7-b915-75a0006eefe8 HTTP/1.1
upgrade: websocket
connection: upgrade
sec-websocket-key: l43iixCbyACjMfZHQGVMpw==
sec-websocket-version: 13
origin: http://localhost:51397
host: localhost:51397
accept: */*
user-agent: AHC/2.1

Response DefaultHttpResponse(decodeResult: success, version: HTTP/1.1)
HTTP/1.1 101 WebSocket Protocol Handshake
Upgrade: WebSocket
Connection: Upgrade
Sec-WebSocket-Accept: r52Fx5F6ex3WvC/geZXMLph5kv0=

[DEBUG] Using pooled Channel '[id: 0xd7d8e860, L:/127.0.0.1:51395 - R:localhost/127.0.0.1:41823]' for 'POST' to 'http://localhost:41823/session/56cadf588f4ed23d39fed090baa7ebe3/url'
[DEBUG] Using open Channel [id: 0xd7d8e860, L:/127.0.0.1:51395 - R:localhost/127.0.0.1:41823] for POST '/session/56cadf588f4ed23d39fed090baa7ebe3/url'
[DEBUG] Entry count for : http://localhost:36498 : 1
[DEBUG] Entry count for : http://localhost:51397 : 1
[DEBUG] Entry count for : http://localhost:51378 : 1
[DEBUG] 

Request DefaultHttpRequest(decodeResult: success, version: HTTP/1.1)
POST /session/56cadf588f4ed23d39fed090baa7ebe3/url HTTP/1.1
User-Agent: selenium/4.8.3 (java windows)
Content-Length: 43
Content-Type: application/json; charset=utf-8
host: localhost:41823
accept: */*

Response DefaultHttpResponse(decodeResult: success, version: HTTP/1.1)
HTTP/1.1 200 OK
Content-Length: 14
Content-Type: application/json; charset=utf-8
cache-control: no-cache

[DEBUG] Adding key: http://localhost:41823 for channel [id: 0xd7d8e860, L:/127.0.0.1:51395 - R:localhost/127.0.0.1:41823]
[DEBUG] Using pooled Channel '[id: 0xd7d8e860, L:/127.0.0.1:51395 - R:localhost/127.0.0.1:41823]' for 'POST' to 'http://localhost:41823/session/56cadf588f4ed23d39fed090baa7ebe3/element'
[DEBUG] Using open Channel [id: 0xd7d8e860, L:/127.0.0.1:51395 - R:localhost/127.0.0.1:41823] for POST '/session/56cadf588f4ed23d39fed090baa7ebe3/element'
[DEBUG] 

Request DefaultHttpRequest(decodeResult: success, version: HTTP/1.1)
POST /session/56cadf588f4ed23d39fed090baa7ebe3/element HTTP/1.1
User-Agent: selenium/4.8.3 (java windows)
Content-Length: 51
Content-Type: application/json; charset=utf-8
host: localhost:41823
accept: */*

Response DefaultHttpResponse(decodeResult: success, version: HTTP/1.1)
HTTP/1.1 200 OK
Content-Length: 88
Content-Type: application/json; charset=utf-8
cache-control: no-cache

[DEBUG] Adding key: http://localhost:41823 for channel [id: 0xd7d8e860, L:/127.0.0.1:51395 - R:localhost/127.0.0.1:41823]
[DEBUG] Using pooled Channel '[id: 0xd7d8e860, L:/127.0.0.1:51395 - R:localhost/127.0.0.1:41823]' for 'POST' to 'http://localhost:41823/session/56cadf588f4ed23d39fed090baa7ebe3/element/a00889c3-6665-43f5-b993-9bae7d47f8ff/click'
[DEBUG] Using open Channel [id: 0xd7d8e860, L:/127.0.0.1:51395 - R:localhost/127.0.0.1:41823] for POST '/session/56cadf588f4ed23d39fed090baa7ebe3/element/a00889c3-6665-43f5-b993-9bae7d47f8ff/click'
[DEBUG] Entry count for : http://localhost:36498 : 1
[DEBUG] Entry count for : http://localhost:51397 : 1
[DEBUG] Entry count for : http://localhost:51378 : 1
[DEBUG] Entry count for : http://localhost:36498 : 1
[DEBUG] Entry count for : http://localhost:51397 : 1
[DEBUG] Entry count for : http://localhost:51378 : 1
[DEBUG] 

Request DefaultHttpRequest(decodeResult: success, version: HTTP/1.1)
POST /session/56cadf588f4ed23d39fed090baa7ebe3/element/a00889c3-6665-43f5-b993-9bae7d47f8ff/click HTTP/1.1
User-Agent: selenium/4.8.3 (java windows)
Content-Length: 50
Content-Type: application/json; charset=utf-8
host: localhost:41823
accept: */*

Response DefaultHttpResponse(decodeResult: success, version: HTTP/1.1)
HTTP/1.1 200 OK
Content-Length: 14
Content-Type: application/json; charset=utf-8
cache-control: no-cache

[DEBUG] Adding key: http://localhost:41823 for channel [id: 0xd7d8e860, L:/127.0.0.1:51395 - R:localhost/127.0.0.1:41823]
[DEBUG] Using pooled Channel '[id: 0xd7d8e860, L:/127.0.0.1:51395 - R:localhost/127.0.0.1:41823]' for 'POST' to 'http://localhost:41823/session/56cadf588f4ed23d39fed090baa7ebe3/element'
[DEBUG] Using open Channel [id: 0xd7d8e860, L:/127.0.0.1:51395 - R:localhost/127.0.0.1:41823] for POST '/session/56cadf588f4ed23d39fed090baa7ebe3/element'
[DEBUG] 

Request DefaultHttpRequest(decodeResult: success, version: HTTP/1.1)
POST /session/56cadf588f4ed23d39fed090baa7ebe3/element HTTP/1.1
User-Agent: selenium/4.8.3 (java windows)
Content-Length: 51
Content-Type: application/json; charset=utf-8
host: localhost:41823
accept: */*

Response DefaultHttpResponse(decodeResult: success, version: HTTP/1.1)
HTTP/1.1 200 OK
Content-Length: 88
Content-Type: application/json; charset=utf-8
cache-control: no-cache

[DEBUG] Adding key: http://localhost:41823 for channel [id: 0xd7d8e860, L:/127.0.0.1:51395 - R:localhost/127.0.0.1:41823]
[DEBUG] Using pooled Channel '[id: 0xd7d8e860, L:/127.0.0.1:51395 - R:localhost/127.0.0.1:41823]' for 'POST' to 'http://localhost:41823/session/56cadf588f4ed23d39fed090baa7ebe3/element/31ec0f8b-2839-44c2-bf6d-a36a8cbc7823/value'
[DEBUG] Using open Channel [id: 0xd7d8e860, L:/127.0.0.1:51395 - R:localhost/127.0.0.1:41823] for POST '/session/56cadf588f4ed23d39fed090baa7ebe3/element/31ec0f8b-2839-44c2-bf6d-a36a8cbc7823/value'
[DEBUG] 

Request DefaultHttpRequest(decodeResult: success, version: HTTP/1.1)
POST /session/56cadf588f4ed23d39fed090baa7ebe3/element/31ec0f8b-2839-44c2-bf6d-a36a8cbc7823/value HTTP/1.1
User-Agent: selenium/4.8.3 (java windows)
Content-Length: 361
Content-Type: application/json; charset=utf-8
host: localhost:41823
accept: */*

Response DefaultHttpResponse(decodeResult: success, version: HTTP/1.1)
HTTP/1.1 200 OK
Content-Length: 14
Content-Type: application/json; charset=utf-8
cache-control: no-cache

[DEBUG] Adding key: http://localhost:41823 for channel [id: 0xd7d8e860, L:/127.0.0.1:51395 - R:localhost/127.0.0.1:41823]
[DEBUG] Using pooled Channel '[id: 0xd7d8e860, L:/127.0.0.1:51395 - R:localhost/127.0.0.1:41823]' for 'POST' to 'http://localhost:41823/session/56cadf588f4ed23d39fed090baa7ebe3/element'
[DEBUG] Using open Channel [id: 0xd7d8e860, L:/127.0.0.1:51395 - R:localhost/127.0.0.1:41823] for POST '/session/56cadf588f4ed23d39fed090baa7ebe3/element'
[DEBUG] 

Request DefaultHttpRequest(decodeResult: success, version: HTTP/1.1)
POST /session/56cadf588f4ed23d39fed090baa7ebe3/element HTTP/1.1
User-Agent: selenium/4.8.3 (java windows)
Content-Length: 53
Content-Type: application/json; charset=utf-8
host: localhost:41823
accept: */*

Response DefaultHttpResponse(decodeResult: success, version: HTTP/1.1)
HTTP/1.1 200 OK
Content-Length: 88
Content-Type: application/json; charset=utf-8
cache-control: no-cache

[DEBUG] Adding key: http://localhost:41823 for channel [id: 0xd7d8e860, L:/127.0.0.1:51395 - R:localhost/127.0.0.1:41823]
[DEBUG] Using pooled Channel '[id: 0xd7d8e860, L:/127.0.0.1:51395 - R:localhost/127.0.0.1:41823]' for 'POST' to 'http://localhost:41823/session/56cadf588f4ed23d39fed090baa7ebe3/element/b7455da0-12cc-4709-a797-690f280ecf40/value'
[DEBUG] Using open Channel [id: 0xd7d8e860, L:/127.0.0.1:51395 - R:localhost/127.0.0.1:41823] for POST '/session/56cadf588f4ed23d39fed090baa7ebe3/element/b7455da0-12cc-4709-a797-690f280ecf40/value'
[DEBUG] 

Request DefaultHttpRequest(decodeResult: success, version: HTTP/1.1)
POST /session/56cadf588f4ed23d39fed090baa7ebe3/element/b7455da0-12cc-4709-a797-690f280ecf40/value HTTP/1.1
User-Agent: selenium/4.8.3 (java windows)
Content-Length: 201
Content-Type: application/json; charset=utf-8
host: localhost:41823
accept: */*

Response DefaultHttpResponse(decodeResult: success, version: HTTP/1.1)
HTTP/1.1 200 OK
Content-Length: 14
Content-Type: application/json; charset=utf-8
cache-control: no-cache

[DEBUG] Adding key: http://localhost:41823 for channel [id: 0xd7d8e860, L:/127.0.0.1:51395 - R:localhost/127.0.0.1:41823]
[DEBUG] Using pooled Channel '[id: 0xd7d8e860, L:/127.0.0.1:51395 - R:localhost/127.0.0.1:41823]' for 'POST' to 'http://localhost:41823/session/56cadf588f4ed23d39fed090baa7ebe3/element'
[DEBUG] Using open Channel [id: 0xd7d8e860, L:/127.0.0.1:51395 - R:localhost/127.0.0.1:41823] for POST '/session/56cadf588f4ed23d39fed090baa7ebe3/element'
[DEBUG] 

Request DefaultHttpRequest(decodeResult: success, version: HTTP/1.1)
POST /session/56cadf588f4ed23d39fed090baa7ebe3/element HTTP/1.1
User-Agent: selenium/4.8.3 (java windows)
Content-Length: 54
Content-Type: application/json; charset=utf-8
host: localhost:41823
accept: */*

Response DefaultHttpResponse(decodeResult: success, version: HTTP/1.1)
HTTP/1.1 200 OK
Content-Length: 88
Content-Type: application/json; charset=utf-8
cache-control: no-cache

[DEBUG] Adding key: http://localhost:41823 for channel [id: 0xd7d8e860, L:/127.0.0.1:51395 - R:localhost/127.0.0.1:41823]
[DEBUG] Using pooled Channel '[id: 0xd7d8e860, L:/127.0.0.1:51395 - R:localhost/127.0.0.1:41823]' for 'POST' to 'http://localhost:41823/session/56cadf588f4ed23d39fed090baa7ebe3/element/60882a4c-4be0-49f4-be9d-7fa3c34d03e6/click'
[DEBUG] Using open Channel [id: 0xd7d8e860, L:/127.0.0.1:51395 - R:localhost/127.0.0.1:41823] for POST '/session/56cadf588f4ed23d39fed090baa7ebe3/element/60882a4c-4be0-49f4-be9d-7fa3c34d03e6/click'
[DEBUG] 

Request DefaultHttpRequest(decodeResult: success, version: HTTP/1.1)
POST /session/56cadf588f4ed23d39fed090baa7ebe3/element/60882a4c-4be0-49f4-be9d-7fa3c34d03e6/click HTTP/1.1
User-Agent: selenium/4.8.3 (java windows)
Content-Length: 50
Content-Type: application/json; charset=utf-8
host: localhost:41823
accept: */*

Response DefaultHttpResponse(decodeResult: success, version: HTTP/1.1)
HTTP/1.1 200 OK
Content-Length: 14
Content-Type: application/json; charset=utf-8
cache-control: no-cache

[DEBUG] Adding key: http://localhost:41823 for channel [id: 0xd7d8e860, L:/127.0.0.1:51395 - R:localhost/127.0.0.1:41823]
[DEBUG] Using pooled Channel '[id: 0xd7d8e860, L:/127.0.0.1:51395 - R:localhost/127.0.0.1:41823]' for 'POST' to 'http://localhost:41823/session/56cadf588f4ed23d39fed090baa7ebe3/element'
[DEBUG] Using open Channel [id: 0xd7d8e860, L:/127.0.0.1:51395 - R:localhost/127.0.0.1:41823] for POST '/session/56cadf588f4ed23d39fed090baa7ebe3/element'
[DEBUG] Entry count for : http://localhost:36498 : 1
[DEBUG] Entry count for : http://localhost:51397 : 1
[DEBUG] Entry count for : http://localhost:51378 : 1
[DEBUG] Entry count for : http://localhost:36498 : 1
[DEBUG] Entry count for : http://localhost:51397 : 1
[DEBUG] Entry count for : http://localhost:51378 : 1
[DEBUG] 

Request DefaultHttpRequest(decodeResult: success, version: HTTP/1.1)
POST /session/56cadf588f4ed23d39fed090baa7ebe3/element HTTP/1.1
User-Agent: selenium/4.8.3 (java windows)
Content-Length: 54
Content-Type: application/json; charset=utf-8
host: localhost:41823
accept: */*

Response DefaultHttpResponse(decodeResult: success, version: HTTP/1.1)
HTTP/1.1 404 Not Found
Content-Length: 938
Content-Type: application/json; charset=utf-8
cache-control: no-cache

[DEBUG] Adding key: http://localhost:41823 for channel [id: 0xd7d8e860, L:/127.0.0.1:51395 - R:localhost/127.0.0.1:41823]
]]></system-out>
    <system-err><![CDATA[Starting ChromeDriver 112.0.5615.49 (bd2a7bcb881c11e8cfe3078709382934e3916914-refs/branch-heads/5615@{#936}) on port 41823
Only local connections are allowed.
Please see https://chromedriver.chromium.org/security-considerations for suggestions on keeping ChromeDriver safe.
ChromeDriver was started successfully.
Apr 22, 2023 4:11:44 PM org.openqa.selenium.devtools.CdpVersionFinder findNearestMatch
WARNING: Unable to find an exact match for CDP version 112, so returning the closest version found: 111
]]></system-err>
  </testcase>
  <testcase name="handlingFrames" classname="com.automationcode_01stApril_2023.Actions_Frame" time="3.792">
    <failure message="Unable to locate element: #droppable&#10;For documentation on this error, please visit: https://selenium.dev/exceptions/#no_such_element&#10;Build info: version: &apos;4.8.3&apos;, revision: &apos;e5e76298c3&apos;&#10;System info: os.name: &apos;Windows 11&apos;, os.arch: &apos;amd64&apos;, os.version: &apos;10.0&apos;, java.version: &apos;1.8.0_351&apos;&#10;Driver info: org.openqa.selenium.firefox.FirefoxDriver&#10;Command: [d9efb7a8-da94-43cd-bb23-710054444786, findElement {using=id, value=droppable}]&#10;Capabilities {acceptInsecureCerts: true, browserName: firefox, browserVersion: 112.0.1, moz:accessibilityChecks: false, moz:buildID: 20230414125621, moz:debuggerAddress: 127.0.0.1:46902, moz:geckodriverVersion: 0.33.0, moz:headless: false, moz:platformVersion: 10.0, moz:processID: 9696, moz:profile: C:\Users\shams\AppData\Loca..., moz:shutdownTimeout: 60000, moz:useNonSpecCompliantPointerOrigin: false, moz:webdriverClick: true, moz:windowless: false, pageLoadStrategy: normal, platformName: WINDOWS, proxy: Proxy(), se:cdp: ws://127.0.0.1:46902/devtoo..., se:cdpVersion: 85.0, setWindowRect: true, strictFileInteractability: false, timeouts: {implicit: 0, pageLoad: 300000, script: 30000}, unhandledPromptBehavior: dismiss and notify}&#10;Session ID: d9efb7a8-da94-43cd-bb23-710054444786" type="org.openqa.selenium.NoSuchElementException"><![CDATA[org.openqa.selenium.NoSuchElementException: 
Unable to locate element: #droppable
For documentation on this error, please visit: https://selenium.dev/exceptions/#no_such_element
Build info: version: '4.8.3', revision: 'e5e76298c3'
System info: os.name: 'Windows 11', os.arch: 'amd64', os.version: '10.0', java.version: '1.8.0_351'
Driver info: org.openqa.selenium.firefox.FirefoxDriver
Command: [d9efb7a8-da94-43cd-bb23-710054444786, findElement {using=id, value=droppable}]
Capabilities {acceptInsecureCerts: true, browserName: firefox, browserVersion: 112.0.1, moz:accessibilityChecks: false, moz:buildID: 20230414125621, moz:debuggerAddress: 127.0.0.1:46902, moz:geckodriverVersion: 0.33.0, moz:headless: false, moz:platformVersion: 10.0, moz:processID: 9696, moz:profile: C:\Users\shams\AppData\Loca..., moz:shutdownTimeout: 60000, moz:useNonSpecCompliantPointerOrigin: false, moz:webdriverClick: true, moz:windowless: false, pageLoadStrategy: normal, platformName: WINDOWS, proxy: Proxy(), se:cdp: ws://127.0.0.1:46902/devtoo..., se:cdpVersion: 85.0, setWindowRect: true, strictFileInteractability: false, timeouts: {implicit: 0, pageLoad: 300000, script: 30000}, unhandledPromptBehavior: dismiss and notify}
Session ID: d9efb7a8-da94-43cd-bb23-710054444786
	at sun.reflect.NativeConstructorAccessorImpl.newInstance0(Native Method)
	at sun.reflect.NativeConstructorAccessorImpl.newInstance(NativeConstructorAccessorImpl.java:62)
	at sun.reflect.DelegatingConstructorAccessorImpl.newInstance(DelegatingConstructorAccessorImpl.java:45)
	at java.lang.reflect.Constructor.newInstance(Constructor.java:423)
	at org.openqa.selenium.remote.codec.w3c.W3CHttpResponseCodec.createException(W3CHttpResponseCodec.java:200)
	at org.openqa.selenium.remote.codec.w3c.W3CHttpResponseCodec.decode(W3CHttpResponseCodec.java:133)
	at org.openqa.selenium.remote.codec.w3c.W3CHttpResponseCodec.decode(W3CHttpResponseCodec.java:53)
	at org.openqa.selenium.remote.HttpCommandExecutor.execute(HttpCommandExecutor.java:193)
	at org.openqa.selenium.remote.service.DriverCommandExecutor.invokeExecute(DriverCommandExecutor.java:183)
	at org.openqa.selenium.remote.service.DriverCommandExecutor.execute(DriverCommandExecutor.java:158)
	at org.openqa.selenium.remote.RemoteWebDriver.execute(RemoteWebDriver.java:543)
	at org.openqa.selenium.remote.ElementLocation$ElementFinder$2.findElement(ElementLocation.java:162)
	at org.openqa.selenium.remote.ElementLocation.findElement(ElementLocation.java:60)
	at org.openqa.selenium.remote.RemoteWebDriver.findElement(RemoteWebDriver.java:352)
	at org.openqa.selenium.remote.RemoteWebDriver.findElement(RemoteWebDriver.java:344)
	at com.automationcode_01stApril_2023.Actions_Frame.handlingFrames(Actions_Frame.java:25)
	at sun.reflect.NativeMethodAccessorImpl.invoke0(Native Method)
	at sun.reflect.NativeMethodAccessorImpl.invoke(NativeMethodAccessorImpl.java:62)
	at sun.reflect.DelegatingMethodAccessorImpl.invoke(DelegatingMethodAccessorImpl.java:43)
	at java.lang.reflect.Method.invoke(Method.java:498)
	at org.testng.internal.MethodInvocationHelper.invokeMethod(MethodInvocationHelper.java:124)
	at org.testng.internal.Invoker.invokeMethod(Invoker.java:583)
	at org.testng.internal.Invoker.invokeTestMethod(Invoker.java:719)
	at org.testng.internal.Invoker.invokeTestMethods(Invoker.java:989)
	at org.testng.internal.TestMethodWorker.invokeTestMethods(TestMethodWorker.java:125)
	at org.testng.internal.TestMethodWorker.run(TestMethodWorker.java:109)
	at org.testng.TestRunner.privateRun(TestRunner.java:648)
	at org.testng.TestRunner.run(TestRunner.java:505)
	at org.testng.SuiteRunner.runTest(SuiteRunner.java:455)
	at org.testng.SuiteRunner.runSequentially(SuiteRunner.java:450)
	at org.testng.SuiteRunner.privateRun(SuiteRunner.java:415)
	at org.testng.SuiteRunner.run(SuiteRunner.java:364)
	at org.testng.SuiteRunnerWorker.runSuite(SuiteRunnerWorker.java:52)
	at org.testng.SuiteRunnerWorker.run(SuiteRunnerWorker.java:84)
	at org.testng.TestNG.runSuitesSequentially(TestNG.java:1208)
	at org.testng.TestNG.runSuitesLocally(TestNG.java:1137)
	at org.testng.TestNG.runSuites(TestNG.java:1049)
	at org.testng.TestNG.run(TestNG.java:1017)
	at org.apache.maven.surefire.testng.TestNGExecutor.run(TestNGExecutor.java:324)
	at org.apache.maven.surefire.testng.TestNGXmlTestSuite.execute(TestNGXmlTestSuite.java:74)
	at org.apache.maven.surefire.testng.TestNGProvider.invoke(TestNGProvider.java:123)
	at org.apache.maven.surefire.booter.ForkedBooter.runSuitesInProcess(ForkedBooter.java:456)
	at org.apache.maven.surefire.booter.ForkedBooter.execute(ForkedBooter.java:169)
	at org.apache.maven.surefire.booter.ForkedBooter.run(ForkedBooter.java:595)
	at org.apache.maven.surefire.booter.ForkedBooter.main(ForkedBooter.java:581)
]]></failure>
    <system-out><![CDATA[[DEBUG] Channel Closed: [id: 0x69e7dd00, L:/127.0.0.1:51404 ! R:localhost/127.0.0.1:51397] with attribute NettyResponseFuture{currentRetry=0,
	isDone=1,
	isCancelled=0,
	asyncHandler=org.asynchttpclient.ws.WebSocketUpgradeHandler@72848720,
	nettyRequest=org.asynchttpclient.netty.request.NettyRequest@38f2b6fd,
	future=java.util.concurrent.CompletableFuture@2a51f9a4[Completed normally],
	uri=ws://localhost:51397/devtools/browser/a1e10934-8241-41f7-b915-75a0006eefe8,
	keepAlive=true,
	redirectCount=0,
	timeoutsHolder=null,
	inAuth=0,
	touch=1682194304046}
[DEBUG] Closing Channel [id: 0x69e7dd00, L:/127.0.0.1:51404 ! R:localhost/127.0.0.1:51397] 
[DEBUG] Using pooled Channel '[id: 0xd7d8e860, L:/127.0.0.1:51395 - R:localhost/127.0.0.1:41823]' for 'DELETE' to 'http://localhost:41823/session/56cadf588f4ed23d39fed090baa7ebe3'
[DEBUG] Using open Channel [id: 0xd7d8e860, L:/127.0.0.1:51395 - R:localhost/127.0.0.1:41823] for DELETE '/session/56cadf588f4ed23d39fed090baa7ebe3'
[DEBUG] Unexpected I/O exception on channel [id: 0x395b1811, L:/127.0.0.1:51403 - R:localhost/127.0.0.1:51397]
java.io.IOException: An existing connection was forcibly closed by the remote host
	at sun.nio.ch.SocketDispatcher.read0(Native Method) ~[na:1.8.0_351]
	at sun.nio.ch.SocketDispatcher.read(SocketDispatcher.java:43) ~[na:1.8.0_351]
	at sun.nio.ch.IOUtil.readIntoNativeBuffer(IOUtil.java:223) ~[na:1.8.0_351]
	at sun.nio.ch.IOUtil.read(IOUtil.java:192) ~[na:1.8.0_351]
	at sun.nio.ch.SocketChannelImpl.read(SocketChannelImpl.java:378) ~[na:1.8.0_351]
	at io.netty.buffer.PooledByteBuf.setBytes(PooledByteBuf.java:256) ~[netty-buffer-4.1.90.Final.jar:4.1.90.Final]
	at io.netty.buffer.AbstractByteBuf.writeBytes(AbstractByteBuf.java:1132) ~[netty-buffer-4.1.90.Final.jar:4.1.90.Final]
	at io.netty.channel.socket.nio.NioSocketChannel.doReadBytes(NioSocketChannel.java:357) ~[netty-transport-4.1.90.Final.jar:4.1.90.Final]
	at io.netty.channel.nio.AbstractNioByteChannel$NioByteUnsafe.read(AbstractNioByteChannel.java:151) ~[netty-transport-4.1.90.Final.jar:4.1.90.Final]
	at io.netty.channel.nio.NioEventLoop.processSelectedKey(NioEventLoop.java:788) [netty-transport-4.1.90.Final.jar:4.1.90.Final]
	at io.netty.channel.nio.NioEventLoop.processSelectedKeysOptimized(NioEventLoop.java:724) [netty-transport-4.1.90.Final.jar:4.1.90.Final]
	at io.netty.channel.nio.NioEventLoop.processSelectedKeys(NioEventLoop.java:650) [netty-transport-4.1.90.Final.jar:4.1.90.Final]
	at io.netty.channel.nio.NioEventLoop.run(NioEventLoop.java:562) [netty-transport-4.1.90.Final.jar:4.1.90.Final]
	at io.netty.util.concurrent.SingleThreadEventExecutor$4.run(SingleThreadEventExecutor.java:997) [netty-common-4.1.90.Final.jar:4.1.90.Final]
	at io.netty.util.internal.ThreadExecutorMap$2.run(ThreadExecutorMap.java:74) [netty-common-4.1.90.Final.jar:4.1.90.Final]
	at io.netty.util.concurrent.FastThreadLocalRunnable.run(FastThreadLocalRunnable.java:30) [netty-common-4.1.90.Final.jar:4.1.90.Final]
	at java.lang.Thread.run(Thread.java:750) [na:1.8.0_351]
[DEBUG] Closing Channel [id: 0x395b1811, L:/127.0.0.1:51403 - R:localhost/127.0.0.1:51397] 
[DEBUG] Channel Closed: [id: 0x395b1811, L:/127.0.0.1:51403 ! R:localhost/127.0.0.1:51397] with attribute DISCARD
[DEBUG] 

Request DefaultFullHttpRequest(decodeResult: success, version: HTTP/1.1, content: EmptyByteBufBE)
DELETE /session/56cadf588f4ed23d39fed090baa7ebe3 HTTP/1.1
User-Agent: selenium/4.8.3 (java windows)
Content-Type: application/json; charset=utf-8
host: localhost:41823
accept: */*

Response DefaultHttpResponse(decodeResult: success, version: HTTP/1.1)
HTTP/1.1 200 OK
Content-Length: 14
Content-Type: application/json; charset=utf-8
cache-control: no-cache

[DEBUG] Adding key: http://localhost:41823 for channel [id: 0xd7d8e860, L:/127.0.0.1:51395 - R:localhost/127.0.0.1:41823]
[DEBUG] Channel Closed: [id: 0xd7d8e860, L:/127.0.0.1:51395 ! R:localhost/127.0.0.1:41823] with attribute DISCARD
[DEBUG] Entry count for : http://localhost:36498 : 1
[DEBUG] Entry count for : http://localhost:41823 : 1
[DEBUG] Entry count for : http://localhost:51397 : 1
[DEBUG] Entry count for : http://localhost:51378 : 1
[DEBUG] Adding Candidate expired Channel [id: 0xd7d8e860, L:/127.0.0.1:51395 ! R:localhost/127.0.0.1:41823] isIdleTimeoutExpired=false isRemotelyClosed=true isTtlExpired=false
[DEBUG] Closing Idle Channel [id: 0xd7d8e860, L:/127.0.0.1:51395 ! R:localhost/127.0.0.1:41823]
[DEBUG] Adding Candidate expired Channel [id: 0x395b1811, L:/127.0.0.1:51403 ! R:localhost/127.0.0.1:51397] isIdleTimeoutExpired=false isRemotelyClosed=true isTtlExpired=false
[DEBUG] Closing Idle Channel [id: 0x395b1811, L:/127.0.0.1:51403 ! R:localhost/127.0.0.1:51397]
[DEBUG] Closed 2 connections out of 4 in 0 ms
[DEBUG] Using new Channel '[id: 0x27c11ffa, L:/127.0.0.1:51501 - R:localhost/127.0.0.1:15044]' for 'POST' to '/session'
[DEBUG] Entry count for : http://localhost:36498 : 1
[DEBUG] Entry count for : http://localhost:51378 : 1
[DEBUG] Entry count for : http://localhost:36498 : 1
[DEBUG] Entry count for : http://localhost:51378 : 1
[DEBUG] 

Request DefaultHttpRequest(decodeResult: success, version: HTTP/1.1)
POST /session HTTP/1.1
User-Agent: selenium/4.8.3 (java windows)
Content-Length: 381
Content-Type: application/json; charset=utf-8
host: localhost:15044
accept: */*

Response DefaultHttpResponse(decodeResult: success, version: HTTP/1.1)
HTTP/1.1 200 OK
content-type: application/json; charset=utf-8
cache-control: no-cache
content-length: 790
date: Sat, 22 Apr 2023 20:11:50 GMT

[DEBUG] Adding key: http://localhost:15044 for channel [id: 0x27c11ffa, L:/127.0.0.1:51501 - R:localhost/127.0.0.1:15044]
[DEBUG] Using new Channel '[id: 0xbf828034, L:/127.0.0.1:51516 - R:/127.0.0.1:46902]' for 'GET' to '/json/version'
[DEBUG] 

Request DefaultFullHttpRequest(decodeResult: success, version: HTTP/1.1, content: EmptyByteBufBE)
GET /json/version HTTP/1.1
User-Agent: selenium/4.8.3 (java windows)
host: 127.0.0.1:46902
accept: */*

Response DefaultHttpResponse(decodeResult: success, version: HTTP/1.1)
HTTP/1.1 200 OK
content-type: application/json
connection: close
server: httpd.js
date: Sat, 22 Apr 2023 20:11:52 GMT
content-length: 311

[DEBUG] Closing Channel [id: 0xbf828034, L:/127.0.0.1:51516 - R:/127.0.0.1:46902] 
[DEBUG] Channel Closed: [id: 0xbf828034, L:/127.0.0.1:51516 ! R:/127.0.0.1:46902] with attribute DISCARD
[DEBUG] Using pooled Channel '[id: 0x27c11ffa, L:/127.0.0.1:51501 - R:localhost/127.0.0.1:15044]' for 'POST' to 'http://localhost:15044/session/d9efb7a8-da94-43cd-bb23-710054444786/window/maximize'
[DEBUG] Using open Channel [id: 0x27c11ffa, L:/127.0.0.1:51501 - R:localhost/127.0.0.1:15044] for POST '/session/d9efb7a8-da94-43cd-bb23-710054444786/window/maximize'
[DEBUG] 

Request DefaultHttpRequest(decodeResult: success, version: HTTP/1.1)
POST /session/d9efb7a8-da94-43cd-bb23-710054444786/window/maximize HTTP/1.1
User-Agent: selenium/4.8.3 (java windows)
Content-Length: 3
Content-Type: application/json; charset=utf-8
host: localhost:15044
accept: */*

Response DefaultHttpResponse(decodeResult: success, version: HTTP/1.1)
HTTP/1.1 200 OK
content-type: application/json; charset=utf-8
cache-control: no-cache
content-length: 52
date: Sat, 22 Apr 2023 20:11:52 GMT

[DEBUG] Adding key: http://localhost:15044 for channel [id: 0x27c11ffa, L:/127.0.0.1:51501 - R:localhost/127.0.0.1:15044]
[DEBUG] Using pooled Channel '[id: 0x27c11ffa, L:/127.0.0.1:51501 - R:localhost/127.0.0.1:15044]' for 'POST' to 'http://localhost:15044/session/d9efb7a8-da94-43cd-bb23-710054444786/url'
[DEBUG] Using open Channel [id: 0x27c11ffa, L:/127.0.0.1:51501 - R:localhost/127.0.0.1:15044] for POST '/session/d9efb7a8-da94-43cd-bb23-710054444786/url'
[DEBUG] Entry count for : http://localhost:36498 : 1
[DEBUG] Entry count for : http://localhost:51378 : 1
[DEBUG] 

Request DefaultHttpRequest(decodeResult: success, version: HTTP/1.1)
POST /session/d9efb7a8-da94-43cd-bb23-710054444786/url HTTP/1.1
User-Agent: selenium/4.8.3 (java windows)
Content-Length: 66
Content-Type: application/json; charset=utf-8
host: localhost:15044
accept: */*

Response DefaultHttpResponse(decodeResult: success, version: HTTP/1.1)
HTTP/1.1 200 OK
content-type: application/json; charset=utf-8
cache-control: no-cache
content-length: 14
date: Sat, 22 Apr 2023 20:11:52 GMT

[DEBUG] Adding key: http://localhost:15044 for channel [id: 0x27c11ffa, L:/127.0.0.1:51501 - R:localhost/127.0.0.1:15044]
[DEBUG] Using pooled Channel '[id: 0x27c11ffa, L:/127.0.0.1:51501 - R:localhost/127.0.0.1:15044]' for 'POST' to 'http://localhost:15044/session/d9efb7a8-da94-43cd-bb23-710054444786/elements'
[DEBUG] Using open Channel [id: 0x27c11ffa, L:/127.0.0.1:51501 - R:localhost/127.0.0.1:15044] for POST '/session/d9efb7a8-da94-43cd-bb23-710054444786/elements'
[DEBUG] 

Request DefaultHttpRequest(decodeResult: success, version: HTTP/1.1)
POST /session/d9efb7a8-da94-43cd-bb23-710054444786/elements HTTP/1.1
User-Agent: selenium/4.8.3 (java windows)
Content-Length: 46
Content-Type: application/json; charset=utf-8
host: localhost:15044
accept: */*

Response DefaultHttpResponse(decodeResult: success, version: HTTP/1.1)
HTTP/1.1 200 OK
content-type: application/json; charset=utf-8
cache-control: no-cache
content-length: 90
date: Sat, 22 Apr 2023 20:11:54 GMT

[DEBUG] Adding key: http://localhost:15044 for channel [id: 0x27c11ffa, L:/127.0.0.1:51501 - R:localhost/127.0.0.1:15044]
[DEBUG] Using pooled Channel '[id: 0x27c11ffa, L:/127.0.0.1:51501 - R:localhost/127.0.0.1:15044]' for 'POST' to 'http://localhost:15044/session/d9efb7a8-da94-43cd-bb23-710054444786/frame'
[DEBUG] Using open Channel [id: 0x27c11ffa, L:/127.0.0.1:51501 - R:localhost/127.0.0.1:15044] for POST '/session/d9efb7a8-da94-43cd-bb23-710054444786/frame'
[DEBUG] 

Request DefaultHttpRequest(decodeResult: success, version: HTTP/1.1)
POST /session/d9efb7a8-da94-43cd-bb23-710054444786/frame HTTP/1.1
User-Agent: selenium/4.8.3 (java windows)
Content-Length: 13
Content-Type: application/json; charset=utf-8
host: localhost:15044
accept: */*

Response DefaultHttpResponse(decodeResult: success, version: HTTP/1.1)
HTTP/1.1 200 OK
content-type: application/json; charset=utf-8
cache-control: no-cache
content-length: 14
date: Sat, 22 Apr 2023 20:11:54 GMT

[DEBUG] Adding key: http://localhost:15044 for channel [id: 0x27c11ffa, L:/127.0.0.1:51501 - R:localhost/127.0.0.1:15044]
[DEBUG] Using pooled Channel '[id: 0x27c11ffa, L:/127.0.0.1:51501 - R:localhost/127.0.0.1:15044]' for 'POST' to 'http://localhost:15044/session/d9efb7a8-da94-43cd-bb23-710054444786/element'
[DEBUG] Using open Channel [id: 0x27c11ffa, L:/127.0.0.1:51501 - R:localhost/127.0.0.1:15044] for POST '/session/d9efb7a8-da94-43cd-bb23-710054444786/element'
[DEBUG] 

Request DefaultHttpRequest(decodeResult: success, version: HTTP/1.1)
POST /session/d9efb7a8-da94-43cd-bb23-710054444786/element HTTP/1.1
User-Agent: selenium/4.8.3 (java windows)
Content-Length: 54
Content-Type: application/json; charset=utf-8
host: localhost:15044
accept: */*

Response DefaultHttpResponse(decodeResult: success, version: HTTP/1.1)
HTTP/1.1 200 OK
content-type: application/json; charset=utf-8
cache-control: no-cache
content-length: 88
date: Sat, 22 Apr 2023 20:11:54 GMT

[DEBUG] Adding key: http://localhost:15044 for channel [id: 0x27c11ffa, L:/127.0.0.1:51501 - R:localhost/127.0.0.1:15044]
[DEBUG] Using pooled Channel '[id: 0x27c11ffa, L:/127.0.0.1:51501 - R:localhost/127.0.0.1:15044]' for 'POST' to 'http://localhost:15044/session/d9efb7a8-da94-43cd-bb23-710054444786/element'
[DEBUG] Using open Channel [id: 0x27c11ffa, L:/127.0.0.1:51501 - R:localhost/127.0.0.1:15044] for POST '/session/d9efb7a8-da94-43cd-bb23-710054444786/element'
[DEBUG] 

Request DefaultHttpRequest(decodeResult: success, version: HTTP/1.1)
POST /session/d9efb7a8-da94-43cd-bb23-710054444786/element HTTP/1.1
User-Agent: selenium/4.8.3 (java windows)
Content-Length: 54
Content-Type: application/json; charset=utf-8
host: localhost:15044
accept: */*

Response DefaultHttpResponse(decodeResult: success, version: HTTP/1.1)
HTTP/1.1 404 Not Found
content-type: application/json; charset=utf-8
cache-control: no-cache
content-length: 406
date: Sat, 22 Apr 2023 20:11:54 GMT

[DEBUG] Adding key: http://localhost:15044 for channel [id: 0x27c11ffa, L:/127.0.0.1:51501 - R:localhost/127.0.0.1:15044]
]]></system-out>
    <system-err><![CDATA[1682194310832	geckodriver	INFO	Listening on 127.0.0.1:15044
1682194310897	mozrunner::runner	INFO	Running command: "C:\\Program Files\\Mozilla Firefox\\firefox.exe" "--marionette" "--remote-debugging-port" "46902" "--remote ... localhost:46902/,http://[::1]:46902/" "-no-remote" "-profile" "C:\\Users\\shams\\AppData\\Local\\Temp\\rust_mozprofileMoEEcE"
console.warn: services.settings: Ignoring preference override of remote settings server
console.warn: services.settings: Allow by setting MOZ_REMOTE_SETTINGS_DEVTOOLS=1 in the environment
1682194311210	Marionette	INFO	Marionette enabled
Dynamically enable window occlusion 0
1682194311215	Marionette	INFO	Listening on port 51504
Read port: 51504
WebDriver BiDi listening on ws://127.0.0.1:46902
1682194311336	RemoteAgent	WARN	TLS certificate errors will be ignored for this session
console.warn: SearchSettings: "get: No settings file exists, new profile?" (new NotFoundError("Could not open the file at C:\\Users\\shams\\AppData\\Local\\Temp\\rust_mozprofileMoEEcE\\search.json.mozlz4", (void 0)))
[ERROR glean_core] Error setting metrics feature config: Json(Error("EOF while parsing a value", line: 1, column: 0))
DevTools listening on ws://127.0.0.1:46902/devtools/browser/bcaff49e-fc86-45b3-b0b1-1a8479710750
]]></system-err>
  </testcase>
  <testcase name="clickOnSignInLink" classname="com.automationcode_19thMarch_2023.IntroductionToXpath" time="1.847">
    <system-out><![CDATA[[DEBUG] Entry count for : http://localhost:36498 : 1
[DEBUG] Entry count for : http://localhost:51378 : 1
[DEBUG] Entry count for : http://localhost:15044 : 1
[DEBUG] Using new Channel '[id: 0x26569790, L:/127.0.0.1:51545 - R:localhost/127.0.0.1:3600]' for 'POST' to '/session'
[DEBUG] 

Request DefaultHttpRequest(decodeResult: success, version: HTTP/1.1)
POST /session HTTP/1.1
User-Agent: selenium/4.8.3 (java windows)
Content-Length: 571
Content-Type: application/json; charset=utf-8
host: localhost:3600
accept: */*

Response DefaultHttpResponse(decodeResult: success, version: HTTP/1.1)
HTTP/1.1 200 OK
Content-Length: 859
Content-Type: application/json; charset=utf-8
cache-control: no-cache

[DEBUG] Adding key: http://localhost:3600 for channel [id: 0x26569790, L:/127.0.0.1:51545 - R:localhost/127.0.0.1:3600]
[DEBUG] Using new Channel '[id: 0x55e7c771, L:/127.0.0.1:51556 - R:localhost/127.0.0.1:51548]' for 'GET' to '/json/version'
[DEBUG] 

Request DefaultFullHttpRequest(decodeResult: success, version: HTTP/1.1, content: EmptyByteBufBE)
GET /json/version HTTP/1.1
User-Agent: selenium/4.8.3 (java windows)
host: localhost:51548
accept: */*

Response DefaultHttpResponse(decodeResult: success, version: HTTP/1.1)
HTTP/1.1 200 OK
Content-Security-Policy: frame-ancestors 'none'
Content-Length: 424
Content-Type: application/json; charset=UTF-8

[DEBUG] Adding key: http://localhost:51548 for channel [id: 0x55e7c771, L:/127.0.0.1:51556 - R:localhost/127.0.0.1:51548]
[DEBUG] Using new Channel '[id: 0x5cf836d1, L:/127.0.0.1:51557 - R:localhost/127.0.0.1:51548]' for 'GET' to '/devtools/browser/bf7d6ea4-4ec2-4d2b-b23b-1e0a2025672e'
[DEBUG] 

Request DefaultFullHttpRequest(decodeResult: success, version: HTTP/1.1, content: EmptyByteBufBE)
GET /devtools/browser/bf7d6ea4-4ec2-4d2b-b23b-1e0a2025672e HTTP/1.1
upgrade: websocket
connection: upgrade
sec-websocket-key: pRzBQE04ZK/y4L1wn41Ebw==
sec-websocket-version: 13
origin: http://localhost:51548
host: localhost:51548
accept: */*
user-agent: AHC/2.1

Response DefaultHttpResponse(decodeResult: success, version: HTTP/1.1)
HTTP/1.1 101 WebSocket Protocol Handshake
Upgrade: WebSocket
Connection: Upgrade
Sec-WebSocket-Accept: XY4RzlnufgrcRxrUE5sxcTZRISE=

[DEBUG] Using pooled Channel '[id: 0x26569790, L:/127.0.0.1:51545 - R:localhost/127.0.0.1:3600]' for 'POST' to 'http://localhost:3600/session/96e0aa00a87c0cc45203a8063f9475f4/url'
[DEBUG] Using open Channel [id: 0x26569790, L:/127.0.0.1:51545 - R:localhost/127.0.0.1:3600] for POST '/session/96e0aa00a87c0cc45203a8063f9475f4/url'
[DEBUG] Entry count for : http://localhost:36498 : 1
[DEBUG] Entry count for : http://localhost:51378 : 1
[DEBUG] Entry count for : http://localhost:51548 : 1
[DEBUG] Entry count for : http://localhost:15044 : 1
[DEBUG] 

Request DefaultHttpRequest(decodeResult: success, version: HTTP/1.1)
POST /session/96e0aa00a87c0cc45203a8063f9475f4/url HTTP/1.1
User-Agent: selenium/4.8.3 (java windows)
Content-Length: 53
Content-Type: application/json; charset=utf-8
host: localhost:3600
accept: */*

Response DefaultHttpResponse(decodeResult: success, version: HTTP/1.1)
HTTP/1.1 200 OK
Content-Length: 14
Content-Type: application/json; charset=utf-8
cache-control: no-cache

[DEBUG] Adding key: http://localhost:3600 for channel [id: 0x26569790, L:/127.0.0.1:51545 - R:localhost/127.0.0.1:3600]
[DEBUG] Using pooled Channel '[id: 0x26569790, L:/127.0.0.1:51545 - R:localhost/127.0.0.1:3600]' for 'POST' to 'http://localhost:3600/session/96e0aa00a87c0cc45203a8063f9475f4/element'
[DEBUG] Using open Channel [id: 0x26569790, L:/127.0.0.1:51545 - R:localhost/127.0.0.1:3600] for POST '/session/96e0aa00a87c0cc45203a8063f9475f4/element'
[DEBUG] 

Request DefaultHttpRequest(decodeResult: success, version: HTTP/1.1)
POST /session/96e0aa00a87c0cc45203a8063f9475f4/element HTTP/1.1
User-Agent: selenium/4.8.3 (java windows)
Content-Length: 69
Content-Type: application/json; charset=utf-8
host: localhost:3600
accept: */*

Response DefaultHttpResponse(decodeResult: success, version: HTTP/1.1)
HTTP/1.1 200 OK
Content-Length: 88
Content-Type: application/json; charset=utf-8
cache-control: no-cache

[DEBUG] Adding key: http://localhost:3600 for channel [id: 0x26569790, L:/127.0.0.1:51545 - R:localhost/127.0.0.1:3600]
[DEBUG] Using pooled Channel '[id: 0x26569790, L:/127.0.0.1:51545 - R:localhost/127.0.0.1:3600]' for 'POST' to 'http://localhost:3600/session/96e0aa00a87c0cc45203a8063f9475f4/element/9ebb7b77-a8cf-4534-b704-6c25391420aa/click'
[DEBUG] Using open Channel [id: 0x26569790, L:/127.0.0.1:51545 - R:localhost/127.0.0.1:3600] for POST '/session/96e0aa00a87c0cc45203a8063f9475f4/element/9ebb7b77-a8cf-4534-b704-6c25391420aa/click'
[DEBUG] Entry count for : http://localhost:36498 : 1
[DEBUG] Entry count for : http://localhost:51378 : 1
[DEBUG] Entry count for : http://localhost:51548 : 1
[DEBUG] Entry count for : http://localhost:15044 : 1
[DEBUG] Entry count for : http://localhost:36498 : 1
[DEBUG] Entry count for : http://localhost:51378 : 1
[DEBUG] Entry count for : http://localhost:51548 : 1
[DEBUG] Entry count for : http://localhost:15044 : 1
[DEBUG] 

Request DefaultHttpRequest(decodeResult: success, version: HTTP/1.1)
POST /session/96e0aa00a87c0cc45203a8063f9475f4/element/9ebb7b77-a8cf-4534-b704-6c25391420aa/click HTTP/1.1
User-Agent: selenium/4.8.3 (java windows)
Content-Length: 50
Content-Type: application/json; charset=utf-8
host: localhost:3600
accept: */*

Response DefaultHttpResponse(decodeResult: success, version: HTTP/1.1)
HTTP/1.1 200 OK
Content-Length: 14
Content-Type: application/json; charset=utf-8
cache-control: no-cache

[DEBUG] Adding key: http://localhost:3600 for channel [id: 0x26569790, L:/127.0.0.1:51545 - R:localhost/127.0.0.1:3600]
]]></system-out>
    <system-err><![CDATA[Starting ChromeDriver 112.0.5615.49 (bd2a7bcb881c11e8cfe3078709382934e3916914-refs/branch-heads/5615@{#936}) on port 3600
Only local connections are allowed.
Please see https://chromedriver.chromium.org/security-considerations for suggestions on keeping ChromeDriver safe.
ChromeDriver was started successfully.
Apr 22, 2023 4:11:55 PM org.openqa.selenium.devtools.CdpVersionFinder findNearestMatch
WARNING: Unable to find an exact match for CDP version 112, so returning the closest version found: 111
]]></system-err>
  </testcase>
  <testcase name="enterLogInCredentials" classname="com.automationcode_19thMarch_2023.IntroductionToXpath" time="2.015">
    <failure message="no such element: Unable to locate element: {&quot;method&quot;:&quot;xpath&quot;,&quot;selector&quot;:&quot;//input[@id=&apos;login1&apos; and @name=&apos;login1&apos;]&quot;}&#10;  (Session info: chrome=112.0.5615.138)&#10;For documentation on this error, please visit: https://selenium.dev/exceptions/#no_such_element&#10;Build info: version: &apos;4.8.3&apos;, revision: &apos;e5e76298c3&apos;&#10;System info: os.name: &apos;Windows 11&apos;, os.arch: &apos;amd64&apos;, os.version: &apos;10.0&apos;, java.version: &apos;1.8.0_351&apos;&#10;Driver info: org.openqa.selenium.chrome.ChromeDriver&#10;Command: [6d2f711050ab11eaa5c26fc468a95d3b, findElement {using=xpath, value=//input[@id=&apos;login1&apos; and @name=&apos;login1&apos;]}]&#10;Capabilities {acceptInsecureCerts: false, browserName: chrome, browserVersion: 112.0.5615.138, chrome: {chromedriverVersion: 112.0.5615.49 (bd2a7bcb881c..., userDataDir: C:\Users\shams\AppData\Loca...}, goog:chromeOptions: {debuggerAddress: localhost:51616}, networkConnectionEnabled: false, pageLoadStrategy: eager, platformName: WINDOWS, proxy: Proxy(), se:cdp: ws://localhost:51616/devtoo..., se:cdpVersion: 112.0.5615.138, setWindowRect: true, strictFileInteractability: false, timeouts: {implicit: 0, pageLoad: 300000, script: 30000}, unhandledPromptBehavior: dismiss and notify, webauthn:extension:credBlob: true, webauthn:extension:largeBlob: true, webauthn:extension:minPinLength: true, webauthn:extension:prf: true, webauthn:virtualAuthenticators: true}&#10;Session ID: 6d2f711050ab11eaa5c26fc468a95d3b" type="org.openqa.selenium.NoSuchElementException"><![CDATA[org.openqa.selenium.NoSuchElementException: 
no such element: Unable to locate element: {"method":"xpath","selector":"//input[@id='login1' and @name='login1']"}
  (Session info: chrome=112.0.5615.138)
For documentation on this error, please visit: https://selenium.dev/exceptions/#no_such_element
Build info: version: '4.8.3', revision: 'e5e76298c3'
System info: os.name: 'Windows 11', os.arch: 'amd64', os.version: '10.0', java.version: '1.8.0_351'
Driver info: org.openqa.selenium.chrome.ChromeDriver
Command: [6d2f711050ab11eaa5c26fc468a95d3b, findElement {using=xpath, value=//input[@id='login1' and @name='login1']}]
Capabilities {acceptInsecureCerts: false, browserName: chrome, browserVersion: 112.0.5615.138, chrome: {chromedriverVersion: 112.0.5615.49 (bd2a7bcb881c..., userDataDir: C:\Users\shams\AppData\Loca...}, goog:chromeOptions: {debuggerAddress: localhost:51616}, networkConnectionEnabled: false, pageLoadStrategy: eager, platformName: WINDOWS, proxy: Proxy(), se:cdp: ws://localhost:51616/devtoo..., se:cdpVersion: 112.0.5615.138, setWindowRect: true, strictFileInteractability: false, timeouts: {implicit: 0, pageLoad: 300000, script: 30000}, unhandledPromptBehavior: dismiss and notify, webauthn:extension:credBlob: true, webauthn:extension:largeBlob: true, webauthn:extension:minPinLength: true, webauthn:extension:prf: true, webauthn:virtualAuthenticators: true}
Session ID: 6d2f711050ab11eaa5c26fc468a95d3b
	at sun.reflect.NativeConstructorAccessorImpl.newInstance0(Native Method)
	at sun.reflect.NativeConstructorAccessorImpl.newInstance(NativeConstructorAccessorImpl.java:62)
	at sun.reflect.DelegatingConstructorAccessorImpl.newInstance(DelegatingConstructorAccessorImpl.java:45)
	at java.lang.reflect.Constructor.newInstance(Constructor.java:423)
	at org.openqa.selenium.remote.codec.w3c.W3CHttpResponseCodec.createException(W3CHttpResponseCodec.java:200)
	at org.openqa.selenium.remote.codec.w3c.W3CHttpResponseCodec.decode(W3CHttpResponseCodec.java:133)
	at org.openqa.selenium.remote.codec.w3c.W3CHttpResponseCodec.decode(W3CHttpResponseCodec.java:53)
	at org.openqa.selenium.remote.HttpCommandExecutor.execute(HttpCommandExecutor.java:193)
	at org.openqa.selenium.remote.service.DriverCommandExecutor.invokeExecute(DriverCommandExecutor.java:183)
	at org.openqa.selenium.remote.service.DriverCommandExecutor.execute(DriverCommandExecutor.java:158)
	at org.openqa.selenium.remote.RemoteWebDriver.execute(RemoteWebDriver.java:543)
	at org.openqa.selenium.remote.ElementLocation$ElementFinder$2.findElement(ElementLocation.java:162)
	at org.openqa.selenium.remote.ElementLocation.findElement(ElementLocation.java:60)
	at org.openqa.selenium.remote.RemoteWebDriver.findElement(RemoteWebDriver.java:352)
	at org.openqa.selenium.remote.RemoteWebDriver.findElement(RemoteWebDriver.java:344)
	at com.automationcode_19thMarch_2023.IntroductionToXpath.enterLogInCredentials(IntroductionToXpath.java:41)
	at sun.reflect.NativeMethodAccessorImpl.invoke0(Native Method)
	at sun.reflect.NativeMethodAccessorImpl.invoke(NativeMethodAccessorImpl.java:62)
	at sun.reflect.DelegatingMethodAccessorImpl.invoke(DelegatingMethodAccessorImpl.java:43)
	at java.lang.reflect.Method.invoke(Method.java:498)
	at org.testng.internal.MethodInvocationHelper.invokeMethod(MethodInvocationHelper.java:124)
	at org.testng.internal.Invoker.invokeMethod(Invoker.java:583)
	at org.testng.internal.Invoker.invokeTestMethod(Invoker.java:719)
	at org.testng.internal.Invoker.invokeTestMethods(Invoker.java:989)
	at org.testng.internal.TestMethodWorker.invokeTestMethods(TestMethodWorker.java:125)
	at org.testng.internal.TestMethodWorker.run(TestMethodWorker.java:109)
	at org.testng.TestRunner.privateRun(TestRunner.java:648)
	at org.testng.TestRunner.run(TestRunner.java:505)
	at org.testng.SuiteRunner.runTest(SuiteRunner.java:455)
	at org.testng.SuiteRunner.runSequentially(SuiteRunner.java:450)
	at org.testng.SuiteRunner.privateRun(SuiteRunner.java:415)
	at org.testng.SuiteRunner.run(SuiteRunner.java:364)
	at org.testng.SuiteRunnerWorker.runSuite(SuiteRunnerWorker.java:52)
	at org.testng.SuiteRunnerWorker.run(SuiteRunnerWorker.java:84)
	at org.testng.TestNG.runSuitesSequentially(TestNG.java:1208)
	at org.testng.TestNG.runSuitesLocally(TestNG.java:1137)
	at org.testng.TestNG.runSuites(TestNG.java:1049)
	at org.testng.TestNG.run(TestNG.java:1017)
	at org.apache.maven.surefire.testng.TestNGExecutor.run(TestNGExecutor.java:324)
	at org.apache.maven.surefire.testng.TestNGXmlTestSuite.execute(TestNGXmlTestSuite.java:74)
	at org.apache.maven.surefire.testng.TestNGProvider.invoke(TestNGProvider.java:123)
	at org.apache.maven.surefire.booter.ForkedBooter.runSuitesInProcess(ForkedBooter.java:456)
	at org.apache.maven.surefire.booter.ForkedBooter.execute(ForkedBooter.java:169)
	at org.apache.maven.surefire.booter.ForkedBooter.run(ForkedBooter.java:595)
	at org.apache.maven.surefire.booter.ForkedBooter.main(ForkedBooter.java:581)
]]></failure>
    <system-out><![CDATA[[DEBUG] Channel Closed: [id: 0x5cf836d1, L:/127.0.0.1:51557 ! R:localhost/127.0.0.1:51548] with attribute NettyResponseFuture{currentRetry=0,
	isDone=1,
	isCancelled=0,
	asyncHandler=org.asynchttpclient.ws.WebSocketUpgradeHandler@d9424a1,
	nettyRequest=org.asynchttpclient.netty.request.NettyRequest@3bd25efc,
	future=java.util.concurrent.CompletableFuture@753e9521[Completed normally],
	uri=ws://localhost:51548/devtools/browser/bf7d6ea4-4ec2-4d2b-b23b-1e0a2025672e,
	keepAlive=true,
	redirectCount=0,
	timeoutsHolder=null,
	inAuth=0,
	touch=1682194315287}
[DEBUG] Closing Channel [id: 0x5cf836d1, L:/127.0.0.1:51557 ! R:localhost/127.0.0.1:51548] 
[DEBUG] Using pooled Channel '[id: 0x26569790, L:/127.0.0.1:51545 - R:localhost/127.0.0.1:3600]' for 'DELETE' to 'http://localhost:3600/session/96e0aa00a87c0cc45203a8063f9475f4'
[DEBUG] Using open Channel [id: 0x26569790, L:/127.0.0.1:51545 - R:localhost/127.0.0.1:3600] for DELETE '/session/96e0aa00a87c0cc45203a8063f9475f4'
[DEBUG] Unexpected I/O exception on channel [id: 0x55e7c771, L:/127.0.0.1:51556 - R:localhost/127.0.0.1:51548]
java.io.IOException: An existing connection was forcibly closed by the remote host
	at sun.nio.ch.SocketDispatcher.read0(Native Method) ~[na:1.8.0_351]
	at sun.nio.ch.SocketDispatcher.read(SocketDispatcher.java:43) ~[na:1.8.0_351]
	at sun.nio.ch.IOUtil.readIntoNativeBuffer(IOUtil.java:223) ~[na:1.8.0_351]
	at sun.nio.ch.IOUtil.read(IOUtil.java:192) ~[na:1.8.0_351]
	at sun.nio.ch.SocketChannelImpl.read(SocketChannelImpl.java:378) ~[na:1.8.0_351]
	at io.netty.buffer.PooledByteBuf.setBytes(PooledByteBuf.java:256) ~[netty-buffer-4.1.90.Final.jar:4.1.90.Final]
	at io.netty.buffer.AbstractByteBuf.writeBytes(AbstractByteBuf.java:1132) ~[netty-buffer-4.1.90.Final.jar:4.1.90.Final]
	at io.netty.channel.socket.nio.NioSocketChannel.doReadBytes(NioSocketChannel.java:357) ~[netty-transport-4.1.90.Final.jar:4.1.90.Final]
	at io.netty.channel.nio.AbstractNioByteChannel$NioByteUnsafe.read(AbstractNioByteChannel.java:151) ~[netty-transport-4.1.90.Final.jar:4.1.90.Final]
	at io.netty.channel.nio.NioEventLoop.processSelectedKey(NioEventLoop.java:788) [netty-transport-4.1.90.Final.jar:4.1.90.Final]
	at io.netty.channel.nio.NioEventLoop.processSelectedKeysOptimized(NioEventLoop.java:724) [netty-transport-4.1.90.Final.jar:4.1.90.Final]
	at io.netty.channel.nio.NioEventLoop.processSelectedKeys(NioEventLoop.java:650) [netty-transport-4.1.90.Final.jar:4.1.90.Final]
	at io.netty.channel.nio.NioEventLoop.run(NioEventLoop.java:562) [netty-transport-4.1.90.Final.jar:4.1.90.Final]
	at io.netty.util.concurrent.SingleThreadEventExecutor$4.run(SingleThreadEventExecutor.java:997) [netty-common-4.1.90.Final.jar:4.1.90.Final]
	at io.netty.util.internal.ThreadExecutorMap$2.run(ThreadExecutorMap.java:74) [netty-common-4.1.90.Final.jar:4.1.90.Final]
	at io.netty.util.concurrent.FastThreadLocalRunnable.run(FastThreadLocalRunnable.java:30) [netty-common-4.1.90.Final.jar:4.1.90.Final]
	at java.lang.Thread.run(Thread.java:750) [na:1.8.0_351]
[DEBUG] Closing Channel [id: 0x55e7c771, L:/127.0.0.1:51556 - R:localhost/127.0.0.1:51548] 
[DEBUG] Channel Closed: [id: 0x55e7c771, L:/127.0.0.1:51556 ! R:localhost/127.0.0.1:51548] with attribute DISCARD
[DEBUG] 

Request DefaultFullHttpRequest(decodeResult: success, version: HTTP/1.1, content: EmptyByteBufBE)
DELETE /session/96e0aa00a87c0cc45203a8063f9475f4 HTTP/1.1
User-Agent: selenium/4.8.3 (java windows)
Content-Type: application/json; charset=utf-8
host: localhost:3600
accept: */*

Response DefaultHttpResponse(decodeResult: success, version: HTTP/1.1)
HTTP/1.1 200 OK
Content-Length: 14
Content-Type: application/json; charset=utf-8
cache-control: no-cache

[DEBUG] Adding key: http://localhost:3600 for channel [id: 0x26569790, L:/127.0.0.1:51545 - R:localhost/127.0.0.1:3600]
[DEBUG] Channel Closed: [id: 0x26569790, L:/127.0.0.1:51545 ! R:localhost/127.0.0.1:3600] with attribute DISCARD
[DEBUG] Using new Channel '[id: 0xfb0f0119, L:/127.0.0.1:51615 - R:localhost/127.0.0.1:10295]' for 'POST' to '/session'
[DEBUG] Entry count for : http://localhost:36498 : 1
[DEBUG] Entry count for : http://localhost:51378 : 1
[DEBUG] Entry count for : http://localhost:51548 : 1
[DEBUG] Entry count for : http://localhost:3600 : 1
[DEBUG] Entry count for : http://localhost:15044 : 1
[DEBUG] Adding Candidate expired Channel [id: 0x55e7c771, L:/127.0.0.1:51556 ! R:localhost/127.0.0.1:51548] isIdleTimeoutExpired=false isRemotelyClosed=true isTtlExpired=false
[DEBUG] Closing Idle Channel [id: 0x55e7c771, L:/127.0.0.1:51556 ! R:localhost/127.0.0.1:51548]
[DEBUG] Adding Candidate expired Channel [id: 0x26569790, L:/127.0.0.1:51545 ! R:localhost/127.0.0.1:3600] isIdleTimeoutExpired=false isRemotelyClosed=true isTtlExpired=false
[DEBUG] Closing Idle Channel [id: 0x26569790, L:/127.0.0.1:51545 ! R:localhost/127.0.0.1:3600]
[DEBUG] Closed 2 connections out of 5 in 0 ms
[DEBUG] 

Request DefaultHttpRequest(decodeResult: success, version: HTTP/1.1)
POST /session HTTP/1.1
User-Agent: selenium/4.8.3 (java windows)
Content-Length: 571
Content-Type: application/json; charset=utf-8
host: localhost:10295
accept: */*

Response DefaultHttpResponse(decodeResult: success, version: HTTP/1.1)
HTTP/1.1 200 OK
Content-Length: 858
Content-Type: application/json; charset=utf-8
cache-control: no-cache

[DEBUG] Adding key: http://localhost:10295 for channel [id: 0xfb0f0119, L:/127.0.0.1:51615 - R:localhost/127.0.0.1:10295]
[DEBUG] Using new Channel '[id: 0x97a1545f, L:/127.0.0.1:51622 - R:localhost/127.0.0.1:51616]' for 'GET' to '/json/version'
[DEBUG] 

Request DefaultFullHttpRequest(decodeResult: success, version: HTTP/1.1, content: EmptyByteBufBE)
GET /json/version HTTP/1.1
User-Agent: selenium/4.8.3 (java windows)
host: localhost:51616
accept: */*

Response DefaultHttpResponse(decodeResult: success, version: HTTP/1.1)
HTTP/1.1 200 OK
Content-Security-Policy: frame-ancestors 'none'
Content-Length: 424
Content-Type: application/json; charset=UTF-8

[DEBUG] Adding key: http://localhost:51616 for channel [id: 0x97a1545f, L:/127.0.0.1:51622 - R:localhost/127.0.0.1:51616]
[DEBUG] Using new Channel '[id: 0x22306f7c, L:/127.0.0.1:51623 - R:localhost/127.0.0.1:51616]' for 'GET' to '/devtools/browser/2efd461a-308c-44b6-bebe-d56f23437ea1'
[DEBUG] 

Request DefaultFullHttpRequest(decodeResult: success, version: HTTP/1.1, content: EmptyByteBufBE)
GET /devtools/browser/2efd461a-308c-44b6-bebe-d56f23437ea1 HTTP/1.1
upgrade: websocket
connection: upgrade
sec-websocket-key: Xq910xVHUteLoYPN8GgN7w==
sec-websocket-version: 13
origin: http://localhost:51616
host: localhost:51616
accept: */*
user-agent: AHC/2.1

Response DefaultHttpResponse(decodeResult: success, version: HTTP/1.1)
HTTP/1.1 101 WebSocket Protocol Handshake
Upgrade: WebSocket
Connection: Upgrade
Sec-WebSocket-Accept: 7airAesTq2RVyeBNrrf4yBaQbsM=

[DEBUG] Using pooled Channel '[id: 0xfb0f0119, L:/127.0.0.1:51615 - R:localhost/127.0.0.1:10295]' for 'POST' to 'http://localhost:10295/session/6d2f711050ab11eaa5c26fc468a95d3b/url'
[DEBUG] Using open Channel [id: 0xfb0f0119, L:/127.0.0.1:51615 - R:localhost/127.0.0.1:10295] for POST '/session/6d2f711050ab11eaa5c26fc468a95d3b/url'
[DEBUG] Entry count for : http://localhost:36498 : 1
[DEBUG] Entry count for : http://localhost:51378 : 1
[DEBUG] Entry count for : http://localhost:15044 : 1
[DEBUG] Entry count for : http://localhost:51616 : 1
[DEBUG] 

Request DefaultHttpRequest(decodeResult: success, version: HTTP/1.1)
POST /session/6d2f711050ab11eaa5c26fc468a95d3b/url HTTP/1.1
User-Agent: selenium/4.8.3 (java windows)
Content-Length: 53
Content-Type: application/json; charset=utf-8
host: localhost:10295
accept: */*

Response DefaultHttpResponse(decodeResult: success, version: HTTP/1.1)
HTTP/1.1 200 OK
Content-Length: 14
Content-Type: application/json; charset=utf-8
cache-control: no-cache

[DEBUG] Adding key: http://localhost:10295 for channel [id: 0xfb0f0119, L:/127.0.0.1:51615 - R:localhost/127.0.0.1:10295]
[DEBUG] Using pooled Channel '[id: 0xfb0f0119, L:/127.0.0.1:51615 - R:localhost/127.0.0.1:10295]' for 'POST' to 'http://localhost:10295/session/6d2f711050ab11eaa5c26fc468a95d3b/element'
[DEBUG] Using open Channel [id: 0xfb0f0119, L:/127.0.0.1:51615 - R:localhost/127.0.0.1:10295] for POST '/session/6d2f711050ab11eaa5c26fc468a95d3b/element'
[DEBUG] 

Request DefaultHttpRequest(decodeResult: success, version: HTTP/1.1)
POST /session/6d2f711050ab11eaa5c26fc468a95d3b/element HTTP/1.1
User-Agent: selenium/4.8.3 (java windows)
Content-Length: 67
Content-Type: application/json; charset=utf-8
host: localhost:10295
accept: */*

Response DefaultHttpResponse(decodeResult: success, version: HTTP/1.1)
HTTP/1.1 200 OK
Content-Length: 88
Content-Type: application/json; charset=utf-8
cache-control: no-cache

[DEBUG] Adding key: http://localhost:10295 for channel [id: 0xfb0f0119, L:/127.0.0.1:51615 - R:localhost/127.0.0.1:10295]
[DEBUG] Using pooled Channel '[id: 0xfb0f0119, L:/127.0.0.1:51615 - R:localhost/127.0.0.1:10295]' for 'POST' to 'http://localhost:10295/session/6d2f711050ab11eaa5c26fc468a95d3b/element/a92e1b19-55b1-4ff3-b225-f0d9b5729055/click'
[DEBUG] Using open Channel [id: 0xfb0f0119, L:/127.0.0.1:51615 - R:localhost/127.0.0.1:10295] for POST '/session/6d2f711050ab11eaa5c26fc468a95d3b/element/a92e1b19-55b1-4ff3-b225-f0d9b5729055/click'
[DEBUG] Entry count for : http://localhost:36498 : 1
[DEBUG] Entry count for : http://localhost:51378 : 1
[DEBUG] Entry count for : http://localhost:15044 : 1
[DEBUG] Entry count for : http://localhost:51616 : 1
[DEBUG] Entry count for : http://localhost:36498 : 1
[DEBUG] Entry count for : http://localhost:51378 : 1
[DEBUG] Entry count for : http://localhost:15044 : 1
[DEBUG] Entry count for : http://localhost:51616 : 1
[DEBUG] 

Request DefaultHttpRequest(decodeResult: success, version: HTTP/1.1)
POST /session/6d2f711050ab11eaa5c26fc468a95d3b/element/a92e1b19-55b1-4ff3-b225-f0d9b5729055/click HTTP/1.1
User-Agent: selenium/4.8.3 (java windows)
Content-Length: 50
Content-Type: application/json; charset=utf-8
host: localhost:10295
accept: */*

Response DefaultHttpResponse(decodeResult: success, version: HTTP/1.1)
HTTP/1.1 200 OK
Content-Length: 14
Content-Type: application/json; charset=utf-8
cache-control: no-cache

[DEBUG] Adding key: http://localhost:10295 for channel [id: 0xfb0f0119, L:/127.0.0.1:51615 - R:localhost/127.0.0.1:10295]
[DEBUG] Using pooled Channel '[id: 0xfb0f0119, L:/127.0.0.1:51615 - R:localhost/127.0.0.1:10295]' for 'POST' to 'http://localhost:10295/session/6d2f711050ab11eaa5c26fc468a95d3b/element'
[DEBUG] Using open Channel [id: 0xfb0f0119, L:/127.0.0.1:51615 - R:localhost/127.0.0.1:10295] for POST '/session/6d2f711050ab11eaa5c26fc468a95d3b/element'
[DEBUG] 

Request DefaultHttpRequest(decodeResult: success, version: HTTP/1.1)
POST /session/6d2f711050ab11eaa5c26fc468a95d3b/element HTTP/1.1
User-Agent: selenium/4.8.3 (java windows)
Content-Length: 87
Content-Type: application/json; charset=utf-8
host: localhost:10295
accept: */*

Response DefaultHttpResponse(decodeResult: success, version: HTTP/1.1)
HTTP/1.1 404 Not Found
Content-Length: 961
Content-Type: application/json; charset=utf-8
cache-control: no-cache

[DEBUG] Adding key: http://localhost:10295 for channel [id: 0xfb0f0119, L:/127.0.0.1:51615 - R:localhost/127.0.0.1:10295]
]]></system-out>
    <system-err><![CDATA[Starting ChromeDriver 112.0.5615.49 (bd2a7bcb881c11e8cfe3078709382934e3916914-refs/branch-heads/5615@{#936}) on port 10295
Only local connections are allowed.
Please see https://chromedriver.chromium.org/security-considerations for suggestions on keeping ChromeDriver safe.
ChromeDriver was started successfully.
Apr 22, 2023 4:11:59 PM org.openqa.selenium.devtools.CdpVersionFinder findNearestMatch
WARNING: Unable to find an exact match for CDP version 112, so returning the closest version found: 111
]]></system-err>
  </testcase>
  <testcase name="TNLogin" classname="com.fileHandling_08thApril_2023.Reading_From_Properties_File" time="0">
    <failure message="C:\Shams\PeopleNTech\Automation\ADVANCED_MAVEN\src\test\java\com\fileHandling_08thApril_2023\tutorialsninja.properties (The system cannot find the file specified)" type="java.io.FileNotFoundException"><![CDATA[java.io.FileNotFoundException: C:\Shams\PeopleNTech\Automation\ADVANCED_MAVEN\src\test\java\com\fileHandling_08thApril_2023\tutorialsninja.properties (The system cannot find the file specified)
	at java.io.FileInputStream.open0(Native Method)
	at java.io.FileInputStream.open(FileInputStream.java:195)
	at java.io.FileInputStream.<init>(FileInputStream.java:138)
	at com.fileHandling_08thApril_2023.Reading_From_Properties_File.TNLogin(Reading_From_Properties_File.java:29)
	at sun.reflect.NativeMethodAccessorImpl.invoke0(Native Method)
	at sun.reflect.NativeMethodAccessorImpl.invoke(NativeMethodAccessorImpl.java:62)
	at sun.reflect.DelegatingMethodAccessorImpl.invoke(DelegatingMethodAccessorImpl.java:43)
	at java.lang.reflect.Method.invoke(Method.java:498)
	at org.testng.internal.MethodInvocationHelper.invokeMethod(MethodInvocationHelper.java:124)
	at org.testng.internal.Invoker.invokeMethod(Invoker.java:583)
	at org.testng.internal.Invoker.invokeTestMethod(Invoker.java:719)
	at org.testng.internal.Invoker.invokeTestMethods(Invoker.java:989)
	at org.testng.internal.TestMethodWorker.invokeTestMethods(TestMethodWorker.java:125)
	at org.testng.internal.TestMethodWorker.run(TestMethodWorker.java:109)
	at org.testng.TestRunner.privateRun(TestRunner.java:648)
	at org.testng.TestRunner.run(TestRunner.java:505)
	at org.testng.SuiteRunner.runTest(SuiteRunner.java:455)
	at org.testng.SuiteRunner.runSequentially(SuiteRunner.java:450)
	at org.testng.SuiteRunner.privateRun(SuiteRunner.java:415)
	at org.testng.SuiteRunner.run(SuiteRunner.java:364)
	at org.testng.SuiteRunnerWorker.runSuite(SuiteRunnerWorker.java:52)
	at org.testng.SuiteRunnerWorker.run(SuiteRunnerWorker.java:84)
	at org.testng.TestNG.runSuitesSequentially(TestNG.java:1208)
	at org.testng.TestNG.runSuitesLocally(TestNG.java:1137)
	at org.testng.TestNG.runSuites(TestNG.java:1049)
	at org.testng.TestNG.run(TestNG.java:1017)
	at org.apache.maven.surefire.testng.TestNGExecutor.run(TestNGExecutor.java:324)
	at org.apache.maven.surefire.testng.TestNGXmlTestSuite.execute(TestNGXmlTestSuite.java:74)
	at org.apache.maven.surefire.testng.TestNGProvider.invoke(TestNGProvider.java:123)
	at org.apache.maven.surefire.booter.ForkedBooter.runSuitesInProcess(ForkedBooter.java:456)
	at org.apache.maven.surefire.booter.ForkedBooter.execute(ForkedBooter.java:169)
	at org.apache.maven.surefire.booter.ForkedBooter.run(ForkedBooter.java:595)
	at org.apache.maven.surefire.booter.ForkedBooter.main(ForkedBooter.java:581)
]]></failure>
    <system-out><![CDATA[[DEBUG] Channel Closed: [id: 0x22306f7c, L:/127.0.0.1:51623 ! R:localhost/127.0.0.1:51616] with attribute NettyResponseFuture{currentRetry=0,
	isDone=1,
	isCancelled=0,
	asyncHandler=org.asynchttpclient.ws.WebSocketUpgradeHandler@63a28739,
	nettyRequest=org.asynchttpclient.netty.request.NettyRequest@2db6a693,
	future=java.util.concurrent.CompletableFuture@3b287266[Completed normally],
	uri=ws://localhost:51616/devtools/browser/2efd461a-308c-44b6-bebe-d56f23437ea1,
	keepAlive=true,
	redirectCount=0,
	timeoutsHolder=null,
	inAuth=0,
	touch=1682194319301}
[DEBUG] Closing Channel [id: 0x22306f7c, L:/127.0.0.1:51623 ! R:localhost/127.0.0.1:51616] 
[DEBUG] Using pooled Channel '[id: 0xfb0f0119, L:/127.0.0.1:51615 - R:localhost/127.0.0.1:10295]' for 'DELETE' to 'http://localhost:10295/session/6d2f711050ab11eaa5c26fc468a95d3b'
[DEBUG] Using open Channel [id: 0xfb0f0119, L:/127.0.0.1:51615 - R:localhost/127.0.0.1:10295] for DELETE '/session/6d2f711050ab11eaa5c26fc468a95d3b'
[DEBUG] Unexpected I/O exception on channel [id: 0x97a1545f, L:/127.0.0.1:51622 - R:localhost/127.0.0.1:51616]
java.io.IOException: An existing connection was forcibly closed by the remote host
	at sun.nio.ch.SocketDispatcher.read0(Native Method) ~[na:1.8.0_351]
	at sun.nio.ch.SocketDispatcher.read(SocketDispatcher.java:43) ~[na:1.8.0_351]
	at sun.nio.ch.IOUtil.readIntoNativeBuffer(IOUtil.java:223) ~[na:1.8.0_351]
	at sun.nio.ch.IOUtil.read(IOUtil.java:192) ~[na:1.8.0_351]
	at sun.nio.ch.SocketChannelImpl.read(SocketChannelImpl.java:378) ~[na:1.8.0_351]
	at io.netty.buffer.PooledByteBuf.setBytes(PooledByteBuf.java:256) ~[netty-buffer-4.1.90.Final.jar:4.1.90.Final]
	at io.netty.buffer.AbstractByteBuf.writeBytes(AbstractByteBuf.java:1132) ~[netty-buffer-4.1.90.Final.jar:4.1.90.Final]
	at io.netty.channel.socket.nio.NioSocketChannel.doReadBytes(NioSocketChannel.java:357) ~[netty-transport-4.1.90.Final.jar:4.1.90.Final]
	at io.netty.channel.nio.AbstractNioByteChannel$NioByteUnsafe.read(AbstractNioByteChannel.java:151) ~[netty-transport-4.1.90.Final.jar:4.1.90.Final]
	at io.netty.channel.nio.NioEventLoop.processSelectedKey(NioEventLoop.java:788) [netty-transport-4.1.90.Final.jar:4.1.90.Final]
	at io.netty.channel.nio.NioEventLoop.processSelectedKeysOptimized(NioEventLoop.java:724) [netty-transport-4.1.90.Final.jar:4.1.90.Final]
	at io.netty.channel.nio.NioEventLoop.processSelectedKeys(NioEventLoop.java:650) [netty-transport-4.1.90.Final.jar:4.1.90.Final]
	at io.netty.channel.nio.NioEventLoop.run(NioEventLoop.java:562) [netty-transport-4.1.90.Final.jar:4.1.90.Final]
	at io.netty.util.concurrent.SingleThreadEventExecutor$4.run(SingleThreadEventExecutor.java:997) [netty-common-4.1.90.Final.jar:4.1.90.Final]
	at io.netty.util.internal.ThreadExecutorMap$2.run(ThreadExecutorMap.java:74) [netty-common-4.1.90.Final.jar:4.1.90.Final]
	at io.netty.util.concurrent.FastThreadLocalRunnable.run(FastThreadLocalRunnable.java:30) [netty-common-4.1.90.Final.jar:4.1.90.Final]
	at java.lang.Thread.run(Thread.java:750) [na:1.8.0_351]
[DEBUG] Closing Channel [id: 0x97a1545f, L:/127.0.0.1:51622 - R:localhost/127.0.0.1:51616] 
[DEBUG] Channel Closed: [id: 0x97a1545f, L:/127.0.0.1:51622 ! R:localhost/127.0.0.1:51616] with attribute DISCARD
[DEBUG] 

Request DefaultFullHttpRequest(decodeResult: success, version: HTTP/1.1, content: EmptyByteBufBE)
DELETE /session/6d2f711050ab11eaa5c26fc468a95d3b HTTP/1.1
User-Agent: selenium/4.8.3 (java windows)
Content-Type: application/json; charset=utf-8
host: localhost:10295
accept: */*

Response DefaultHttpResponse(decodeResult: success, version: HTTP/1.1)
HTTP/1.1 200 OK
Content-Length: 14
Content-Type: application/json; charset=utf-8
cache-control: no-cache

[DEBUG] Adding key: http://localhost:10295 for channel [id: 0xfb0f0119, L:/127.0.0.1:51615 - R:localhost/127.0.0.1:10295]
[DEBUG] Channel Closed: [id: 0xfb0f0119, L:/127.0.0.1:51615 ! R:localhost/127.0.0.1:10295] with attribute DISCARD
[DEBUG] Entry count for : http://localhost:36498 : 1
[DEBUG] Entry count for : http://localhost:51378 : 1
[DEBUG] Entry count for : http://localhost:10295 : 1
[DEBUG] Entry count for : http://localhost:15044 : 1
[DEBUG] Entry count for : http://localhost:51616 : 1
[DEBUG] Adding Candidate expired Channel [id: 0xfb0f0119, L:/127.0.0.1:51615 ! R:localhost/127.0.0.1:10295] isIdleTimeoutExpired=false isRemotelyClosed=true isTtlExpired=false
[DEBUG] Closing Idle Channel [id: 0xfb0f0119, L:/127.0.0.1:51615 ! R:localhost/127.0.0.1:10295]
[DEBUG] Adding Candidate expired Channel [id: 0x97a1545f, L:/127.0.0.1:51622 ! R:localhost/127.0.0.1:51616] isIdleTimeoutExpired=false isRemotelyClosed=true isTtlExpired=false
[DEBUG] Closing Idle Channel [id: 0x97a1545f, L:/127.0.0.1:51622 ! R:localhost/127.0.0.1:51616]
[DEBUG] Closed 2 connections out of 5 in 0 ms
]]></system-out>
  </testcase>
  <testcase name="tearDown" classname="com.fileHandling_08thApril_2023.Reading_From_Properties_File" time="0.001">
    <failure type="java.lang.NullPointerException"><![CDATA[java.lang.NullPointerException
	at com.fileHandling_08thApril_2023.Reading_From_Properties_File.tearDown(Reading_From_Properties_File.java:77)
	at sun.reflect.NativeMethodAccessorImpl.invoke0(Native Method)
	at sun.reflect.NativeMethodAccessorImpl.invoke(NativeMethodAccessorImpl.java:62)
	at sun.reflect.DelegatingMethodAccessorImpl.invoke(DelegatingMethodAccessorImpl.java:43)
	at java.lang.reflect.Method.invoke(Method.java:498)
	at org.testng.internal.MethodInvocationHelper.invokeMethod(MethodInvocationHelper.java:124)
	at org.testng.internal.MethodInvocationHelper.invokeMethodConsideringTimeout(MethodInvocationHelper.java:59)
	at org.testng.internal.Invoker.invokeConfigurationMethod(Invoker.java:458)
	at org.testng.internal.Invoker.invokeConfigurations(Invoker.java:222)
	at org.testng.internal.Invoker.invokeMethod(Invoker.java:646)
	at org.testng.internal.Invoker.invokeTestMethod(Invoker.java:719)
	at org.testng.internal.Invoker.invokeTestMethods(Invoker.java:989)
	at org.testng.internal.TestMethodWorker.invokeTestMethods(TestMethodWorker.java:125)
	at org.testng.internal.TestMethodWorker.run(TestMethodWorker.java:109)
	at org.testng.TestRunner.privateRun(TestRunner.java:648)
	at org.testng.TestRunner.run(TestRunner.java:505)
	at org.testng.SuiteRunner.runTest(SuiteRunner.java:455)
	at org.testng.SuiteRunner.runSequentially(SuiteRunner.java:450)
	at org.testng.SuiteRunner.privateRun(SuiteRunner.java:415)
	at org.testng.SuiteRunner.run(SuiteRunner.java:364)
	at org.testng.SuiteRunnerWorker.runSuite(SuiteRunnerWorker.java:52)
	at org.testng.SuiteRunnerWorker.run(SuiteRunnerWorker.java:84)
	at org.testng.TestNG.runSuitesSequentially(TestNG.java:1208)
	at org.testng.TestNG.runSuitesLocally(TestNG.java:1137)
	at org.testng.TestNG.runSuites(TestNG.java:1049)
	at org.testng.TestNG.run(TestNG.java:1017)
	at org.apache.maven.surefire.testng.TestNGExecutor.run(TestNGExecutor.java:324)
	at org.apache.maven.surefire.testng.TestNGXmlTestSuite.execute(TestNGXmlTestSuite.java:74)
	at org.apache.maven.surefire.testng.TestNGProvider.invoke(TestNGProvider.java:123)
	at org.apache.maven.surefire.booter.ForkedBooter.runSuitesInProcess(ForkedBooter.java:456)
	at org.apache.maven.surefire.booter.ForkedBooter.execute(ForkedBooter.java:169)
	at org.apache.maven.surefire.booter.ForkedBooter.run(ForkedBooter.java:595)
	at org.apache.maven.surefire.booter.ForkedBooter.main(ForkedBooter.java:581)
]]></failure>
  </testcase>
  <testcase name="tearDown" classname="com.fileHandling_08thApril_2023.Reading_From_Properties_File" time="0">
    <skipped/>
  </testcase>
  <testcase name="rediffLogin" classname="com.fileHandling_08thApril_2023.Reading_From_Properties_File" time="0">
    <skipped/>
  </testcase>
  <testcase name="TNLogin" classname="com.datadrivenassignmnt_08thApril.TN_Register_DDT" time="0.649">
    <failure message="&#10;Data provider mismatch&#10;Method: TNLogin([Parameter{index=0, type=java.lang.String, declaredAnnotations=[]}, Parameter{index=1, type=java.lang.String, declaredAnnotations=[]}, Parameter{index=2, type=java.lang.String, declaredAnnotations=[]}, Parameter{index=3, type=java.lang.String, declaredAnnotations=[]}, Parameter{index=4, type=java.lang.String, declaredAnnotations=[]}, Parameter{index=5, type=java.lang.String, declaredAnnotations=[]}])&#10;Arguments: [(java.lang.String) JohnX,(java.lang.String) JohnA,(java.lang.String) 90ab76a_98@email.com,(java.lang.String) 987765,(java.lang.String) 90ab76a_98,(java.lang.String) 90ab76a_98,null]" type="org.testng.internal.reflect.MethodMatcherException"><![CDATA[org.testng.internal.reflect.MethodMatcherException: 

Data provider mismatch
Method: TNLogin([Parameter{index=0, type=java.lang.String, declaredAnnotations=[]}, Parameter{index=1, type=java.lang.String, declaredAnnotations=[]}, Parameter{index=2, type=java.lang.String, declaredAnnotations=[]}, Parameter{index=3, type=java.lang.String, declaredAnnotations=[]}, Parameter{index=4, type=java.lang.String, declaredAnnotations=[]}, Parameter{index=5, type=java.lang.String, declaredAnnotations=[]}])
Arguments: [(java.lang.String) JohnX,(java.lang.String) JohnA,(java.lang.String) 90ab76a_98@email.com,(java.lang.String) 987765,(java.lang.String) 90ab76a_98,(java.lang.String) 90ab76a_98,null]
	at org.testng.internal.reflect.DataProviderMethodMatcher.getConformingArguments(DataProviderMethodMatcher.java:45)
	at org.testng.internal.Parameters.injectParameters(Parameters.java:796)
	at org.testng.internal.Invoker.invokeTestMethods(Invoker.java:983)
	at org.testng.internal.TestMethodWorker.invokeTestMethods(TestMethodWorker.java:125)
	at org.testng.internal.TestMethodWorker.run(TestMethodWorker.java:109)
	at org.testng.TestRunner.privateRun(TestRunner.java:648)
	at org.testng.TestRunner.run(TestRunner.java:505)
	at org.testng.SuiteRunner.runTest(SuiteRunner.java:455)
	at org.testng.SuiteRunner.runSequentially(SuiteRunner.java:450)
	at org.testng.SuiteRunner.privateRun(SuiteRunner.java:415)
	at org.testng.SuiteRunner.run(SuiteRunner.java:364)
	at org.testng.SuiteRunnerWorker.runSuite(SuiteRunnerWorker.java:52)
	at org.testng.SuiteRunnerWorker.run(SuiteRunnerWorker.java:84)
	at org.testng.TestNG.runSuitesSequentially(TestNG.java:1208)
	at org.testng.TestNG.runSuitesLocally(TestNG.java:1137)
	at org.testng.TestNG.runSuites(TestNG.java:1049)
	at org.testng.TestNG.run(TestNG.java:1017)
	at org.apache.maven.surefire.testng.TestNGExecutor.run(TestNGExecutor.java:324)
	at org.apache.maven.surefire.testng.TestNGXmlTestSuite.execute(TestNGXmlTestSuite.java:74)
	at org.apache.maven.surefire.testng.TestNGProvider.invoke(TestNGProvider.java:123)
	at org.apache.maven.surefire.booter.ForkedBooter.runSuitesInProcess(ForkedBooter.java:456)
	at org.apache.maven.surefire.booter.ForkedBooter.execute(ForkedBooter.java:169)
	at org.apache.maven.surefire.booter.ForkedBooter.run(ForkedBooter.java:595)
	at org.apache.maven.surefire.booter.ForkedBooter.main(ForkedBooter.java:581)
]]></failure>
  </testcase>
  <testcase name="dropDownTest" classname="com.automationcode_25thMarch_2023.Facebook_Dropdown" time="2.679">
    <system-out><![CDATA[[DEBUG] Using new Channel '[id: 0xbf381dcd, L:/127.0.0.1:51706 - R:localhost/127.0.0.1:37981]' for 'POST' to '/session'
[DEBUG] Entry count for : http://localhost:36498 : 1
[DEBUG] Entry count for : http://localhost:51378 : 1
[DEBUG] Entry count for : http://localhost:15044 : 1
[DEBUG] 

Request DefaultHttpRequest(decodeResult: success, version: HTTP/1.1)
POST /session HTTP/1.1
User-Agent: selenium/4.8.3 (java windows)
Content-Length: 439
Content-Type: application/json; charset=utf-8
host: localhost:37981
accept: */*

Response DefaultHttpResponse(decodeResult: success, version: HTTP/1.1)
HTTP/1.1 200 OK
Content-Length: 860
Content-Type: application/json; charset=utf-8
cache-control: no-cache

[DEBUG] Adding key: http://localhost:37981 for channel [id: 0xbf381dcd, L:/127.0.0.1:51706 - R:localhost/127.0.0.1:37981]
[DEBUG] Using new Channel '[id: 0x106a442a, L:/127.0.0.1:51713 - R:localhost/127.0.0.1:51707]' for 'GET' to '/json/version'
[DEBUG] 

Request DefaultFullHttpRequest(decodeResult: success, version: HTTP/1.1, content: EmptyByteBufBE)
GET /json/version HTTP/1.1
User-Agent: selenium/4.8.3 (java windows)
host: localhost:51707
accept: */*

Response DefaultHttpResponse(decodeResult: success, version: HTTP/1.1)
HTTP/1.1 200 OK
Content-Security-Policy: frame-ancestors 'none'
Content-Length: 424
Content-Type: application/json; charset=UTF-8

[DEBUG] Adding key: http://localhost:51707 for channel [id: 0x106a442a, L:/127.0.0.1:51713 - R:localhost/127.0.0.1:51707]
[DEBUG] Using new Channel '[id: 0x4833f646, L:/127.0.0.1:51714 - R:localhost/127.0.0.1:51707]' for 'GET' to '/devtools/browser/c1c02ad5-024c-4436-9a68-4474cf3960da'
[DEBUG] 

Request DefaultFullHttpRequest(decodeResult: success, version: HTTP/1.1, content: EmptyByteBufBE)
GET /devtools/browser/c1c02ad5-024c-4436-9a68-4474cf3960da HTTP/1.1
upgrade: websocket
connection: upgrade
sec-websocket-key: En9JLzETs1ZnmV1IE3QtGg==
sec-websocket-version: 13
origin: http://localhost:51707
host: localhost:51707
accept: */*
user-agent: AHC/2.1

Response DefaultHttpResponse(decodeResult: success, version: HTTP/1.1)
HTTP/1.1 101 WebSocket Protocol Handshake
Upgrade: WebSocket
Connection: Upgrade
Sec-WebSocket-Accept: wvp8VNY5+70mk6WILFroMGbgBmU=

[DEBUG] Using pooled Channel '[id: 0xbf381dcd, L:/127.0.0.1:51706 - R:localhost/127.0.0.1:37981]' for 'POST' to 'http://localhost:37981/session/37906fa983babfd0931db9ba46c8a1e6/window/maximize'
[DEBUG] Using open Channel [id: 0xbf381dcd, L:/127.0.0.1:51706 - R:localhost/127.0.0.1:37981] for POST '/session/37906fa983babfd0931db9ba46c8a1e6/window/maximize'
[DEBUG] 

Request DefaultHttpRequest(decodeResult: success, version: HTTP/1.1)
POST /session/37906fa983babfd0931db9ba46c8a1e6/window/maximize HTTP/1.1
User-Agent: selenium/4.8.3 (java windows)
Content-Length: 3
Content-Type: application/json; charset=utf-8
host: localhost:37981
accept: */*

Response DefaultHttpResponse(decodeResult: success, version: HTTP/1.1)
HTTP/1.1 200 OK
Content-Length: 52
Content-Type: application/json; charset=utf-8
cache-control: no-cache

[DEBUG] Adding key: http://localhost:37981 for channel [id: 0xbf381dcd, L:/127.0.0.1:51706 - R:localhost/127.0.0.1:37981]
[DEBUG] Using pooled Channel '[id: 0xbf381dcd, L:/127.0.0.1:51706 - R:localhost/127.0.0.1:37981]' for 'POST' to 'http://localhost:37981/session/37906fa983babfd0931db9ba46c8a1e6/url'
[DEBUG] Using open Channel [id: 0xbf381dcd, L:/127.0.0.1:51706 - R:localhost/127.0.0.1:37981] for POST '/session/37906fa983babfd0931db9ba46c8a1e6/url'
[DEBUG] Entry count for : http://localhost:36498 : 1
[DEBUG] Entry count for : http://localhost:51378 : 1
[DEBUG] Entry count for : http://localhost:51707 : 1
[DEBUG] Entry count for : http://localhost:15044 : 1
[DEBUG] 

Request DefaultHttpRequest(decodeResult: success, version: HTTP/1.1)
POST /session/37906fa983babfd0931db9ba46c8a1e6/url HTTP/1.1
User-Agent: selenium/4.8.3 (java windows)
Content-Length: 55
Content-Type: application/json; charset=utf-8
host: localhost:37981
accept: */*

Response DefaultHttpResponse(decodeResult: success, version: HTTP/1.1)
HTTP/1.1 200 OK
Content-Length: 14
Content-Type: application/json; charset=utf-8
cache-control: no-cache

[DEBUG] Adding key: http://localhost:37981 for channel [id: 0xbf381dcd, L:/127.0.0.1:51706 - R:localhost/127.0.0.1:37981]
[DEBUG] Using pooled Channel '[id: 0xbf381dcd, L:/127.0.0.1:51706 - R:localhost/127.0.0.1:37981]' for 'POST' to 'http://localhost:37981/session/37906fa983babfd0931db9ba46c8a1e6/element'
[DEBUG] Using open Channel [id: 0xbf381dcd, L:/127.0.0.1:51706 - R:localhost/127.0.0.1:37981] for POST '/session/37906fa983babfd0931db9ba46c8a1e6/element'
[DEBUG] 

Request DefaultHttpRequest(decodeResult: success, version: HTTP/1.1)
POST /session/37906fa983babfd0931db9ba46c8a1e6/element HTTP/1.1
User-Agent: selenium/4.8.3 (java windows)
Content-Length: 59
Content-Type: application/json; charset=utf-8
host: localhost:37981
accept: */*

Response DefaultHttpResponse(decodeResult: success, version: HTTP/1.1)
HTTP/1.1 200 OK
Content-Length: 88
Content-Type: application/json; charset=utf-8
cache-control: no-cache

[DEBUG] Adding key: http://localhost:37981 for channel [id: 0xbf381dcd, L:/127.0.0.1:51706 - R:localhost/127.0.0.1:37981]
[DEBUG] Using pooled Channel '[id: 0xbf381dcd, L:/127.0.0.1:51706 - R:localhost/127.0.0.1:37981]' for 'POST' to 'http://localhost:37981/session/37906fa983babfd0931db9ba46c8a1e6/element/ea1a7421-54c5-4454-b5c7-d4dcda514b14/click'
[DEBUG] Using open Channel [id: 0xbf381dcd, L:/127.0.0.1:51706 - R:localhost/127.0.0.1:37981] for POST '/session/37906fa983babfd0931db9ba46c8a1e6/element/ea1a7421-54c5-4454-b5c7-d4dcda514b14/click'
[DEBUG] 

Request DefaultHttpRequest(decodeResult: success, version: HTTP/1.1)
POST /session/37906fa983babfd0931db9ba46c8a1e6/element/ea1a7421-54c5-4454-b5c7-d4dcda514b14/click HTTP/1.1
User-Agent: selenium/4.8.3 (java windows)
Content-Length: 50
Content-Type: application/json; charset=utf-8
host: localhost:37981
accept: */*

Response DefaultHttpResponse(decodeResult: success, version: HTTP/1.1)
HTTP/1.1 200 OK
Content-Length: 14
Content-Type: application/json; charset=utf-8
cache-control: no-cache

[DEBUG] Adding key: http://localhost:37981 for channel [id: 0xbf381dcd, L:/127.0.0.1:51706 - R:localhost/127.0.0.1:37981]
[DEBUG] Entry count for : http://localhost:36498 : 1
[DEBUG] Entry count for : http://localhost:37981 : 1
[DEBUG] Entry count for : http://localhost:51378 : 1
[DEBUG] Entry count for : http://localhost:51707 : 1
[DEBUG] Entry count for : http://localhost:15044 : 1
[DEBUG] Entry count for : http://localhost:36498 : 1
[DEBUG] Entry count for : http://localhost:37981 : 1
[DEBUG] Entry count for : http://localhost:51378 : 1
[DEBUG] Entry count for : http://localhost:51707 : 1
[DEBUG] Entry count for : http://localhost:15044 : 1
[DEBUG] Using pooled Channel '[id: 0xbf381dcd, L:/127.0.0.1:51706 - R:localhost/127.0.0.1:37981]' for 'POST' to 'http://localhost:37981/session/37906fa983babfd0931db9ba46c8a1e6/element'
[DEBUG] Using open Channel [id: 0xbf381dcd, L:/127.0.0.1:51706 - R:localhost/127.0.0.1:37981] for POST '/session/37906fa983babfd0931db9ba46c8a1e6/element'
[DEBUG] 

Request DefaultHttpRequest(decodeResult: success, version: HTTP/1.1)
POST /session/37906fa983babfd0931db9ba46c8a1e6/element HTTP/1.1
User-Agent: selenium/4.8.3 (java windows)
Content-Length: 75
Content-Type: application/json; charset=utf-8
host: localhost:37981
accept: */*

Response DefaultHttpResponse(decodeResult: success, version: HTTP/1.1)
HTTP/1.1 200 OK
Content-Length: 88
Content-Type: application/json; charset=utf-8
cache-control: no-cache

[DEBUG] Adding key: http://localhost:37981 for channel [id: 0xbf381dcd, L:/127.0.0.1:51706 - R:localhost/127.0.0.1:37981]
[DEBUG] Using pooled Channel '[id: 0xbf381dcd, L:/127.0.0.1:51706 - R:localhost/127.0.0.1:37981]' for 'POST' to 'http://localhost:37981/session/37906fa983babfd0931db9ba46c8a1e6/element/50fe793b-20f7-4620-977d-44315e44f43b/value'
[DEBUG] Using open Channel [id: 0xbf381dcd, L:/127.0.0.1:51706 - R:localhost/127.0.0.1:37981] for POST '/session/37906fa983babfd0931db9ba46c8a1e6/element/50fe793b-20f7-4620-977d-44315e44f43b/value'
[DEBUG] 

Request DefaultHttpRequest(decodeResult: success, version: HTTP/1.1)
POST /session/37906fa983babfd0931db9ba46c8a1e6/element/50fe793b-20f7-4620-977d-44315e44f43b/value HTTP/1.1
User-Agent: selenium/4.8.3 (java windows)
Content-Length: 161
Content-Type: application/json; charset=utf-8
host: localhost:37981
accept: */*

Response DefaultHttpResponse(decodeResult: success, version: HTTP/1.1)
HTTP/1.1 200 OK
Content-Length: 14
Content-Type: application/json; charset=utf-8
cache-control: no-cache

[DEBUG] Adding key: http://localhost:37981 for channel [id: 0xbf381dcd, L:/127.0.0.1:51706 - R:localhost/127.0.0.1:37981]
[DEBUG] Using pooled Channel '[id: 0xbf381dcd, L:/127.0.0.1:51706 - R:localhost/127.0.0.1:37981]' for 'POST' to 'http://localhost:37981/session/37906fa983babfd0931db9ba46c8a1e6/element'
[DEBUG] Using open Channel [id: 0xbf381dcd, L:/127.0.0.1:51706 - R:localhost/127.0.0.1:37981] for POST '/session/37906fa983babfd0931db9ba46c8a1e6/element'
[DEBUG] 

Request DefaultHttpRequest(decodeResult: success, version: HTTP/1.1)
POST /session/37906fa983babfd0931db9ba46c8a1e6/element HTTP/1.1
User-Agent: selenium/4.8.3 (java windows)
Content-Length: 74
Content-Type: application/json; charset=utf-8
host: localhost:37981
accept: */*

Response DefaultHttpResponse(decodeResult: success, version: HTTP/1.1)
HTTP/1.1 200 OK
Content-Length: 88
Content-Type: application/json; charset=utf-8
cache-control: no-cache

[DEBUG] Adding key: http://localhost:37981 for channel [id: 0xbf381dcd, L:/127.0.0.1:51706 - R:localhost/127.0.0.1:37981]
[DEBUG] Using pooled Channel '[id: 0xbf381dcd, L:/127.0.0.1:51706 - R:localhost/127.0.0.1:37981]' for 'POST' to 'http://localhost:37981/session/37906fa983babfd0931db9ba46c8a1e6/element/aa6a9728-94eb-4f97-a4be-5f0c9e9917ee/value'
[DEBUG] Using open Channel [id: 0xbf381dcd, L:/127.0.0.1:51706 - R:localhost/127.0.0.1:37981] for POST '/session/37906fa983babfd0931db9ba46c8a1e6/element/aa6a9728-94eb-4f97-a4be-5f0c9e9917ee/value'
[DEBUG] 

Request DefaultHttpRequest(decodeResult: success, version: HTTP/1.1)
POST /session/37906fa983babfd0931db9ba46c8a1e6/element/aa6a9728-94eb-4f97-a4be-5f0c9e9917ee/value HTTP/1.1
User-Agent: selenium/4.8.3 (java windows)
Content-Length: 131
Content-Type: application/json; charset=utf-8
host: localhost:37981
accept: */*

Response DefaultHttpResponse(decodeResult: success, version: HTTP/1.1)
HTTP/1.1 200 OK
Content-Length: 14
Content-Type: application/json; charset=utf-8
cache-control: no-cache

[DEBUG] Adding key: http://localhost:37981 for channel [id: 0xbf381dcd, L:/127.0.0.1:51706 - R:localhost/127.0.0.1:37981]
[DEBUG] Using pooled Channel '[id: 0xbf381dcd, L:/127.0.0.1:51706 - R:localhost/127.0.0.1:37981]' for 'POST' to 'http://localhost:37981/session/37906fa983babfd0931db9ba46c8a1e6/element'
[DEBUG] Using open Channel [id: 0xbf381dcd, L:/127.0.0.1:51706 - R:localhost/127.0.0.1:37981] for POST '/session/37906fa983babfd0931db9ba46c8a1e6/element'
[DEBUG] 

Request DefaultHttpRequest(decodeResult: success, version: HTTP/1.1)
POST /session/37906fa983babfd0931db9ba46c8a1e6/element HTTP/1.1
User-Agent: selenium/4.8.3 (java windows)
Content-Length: 77
Content-Type: application/json; charset=utf-8
host: localhost:37981
accept: */*

Response DefaultHttpResponse(decodeResult: success, version: HTTP/1.1)
HTTP/1.1 200 OK
Content-Length: 88
Content-Type: application/json; charset=utf-8
cache-control: no-cache

[DEBUG] Adding key: http://localhost:37981 for channel [id: 0xbf381dcd, L:/127.0.0.1:51706 - R:localhost/127.0.0.1:37981]
[DEBUG] Using pooled Channel '[id: 0xbf381dcd, L:/127.0.0.1:51706 - R:localhost/127.0.0.1:37981]' for 'POST' to 'http://localhost:37981/session/37906fa983babfd0931db9ba46c8a1e6/element/2de255af-6c82-4c90-ba0b-9cc2f36601e7/value'
[DEBUG] Using open Channel [id: 0xbf381dcd, L:/127.0.0.1:51706 - R:localhost/127.0.0.1:37981] for POST '/session/37906fa983babfd0931db9ba46c8a1e6/element/2de255af-6c82-4c90-ba0b-9cc2f36601e7/value'
[DEBUG] 

Request DefaultHttpRequest(decodeResult: success, version: HTTP/1.1)
POST /session/37906fa983babfd0931db9ba46c8a1e6/element/2de255af-6c82-4c90-ba0b-9cc2f36601e7/value HTTP/1.1
User-Agent: selenium/4.8.3 (java windows)
Content-Length: 341
Content-Type: application/json; charset=utf-8
host: localhost:37981
accept: */*

Response DefaultHttpResponse(decodeResult: success, version: HTTP/1.1)
HTTP/1.1 200 OK
Content-Length: 14
Content-Type: application/json; charset=utf-8
cache-control: no-cache

[DEBUG] Adding key: http://localhost:37981 for channel [id: 0xbf381dcd, L:/127.0.0.1:51706 - R:localhost/127.0.0.1:37981]
[DEBUG] Using pooled Channel '[id: 0xbf381dcd, L:/127.0.0.1:51706 - R:localhost/127.0.0.1:37981]' for 'POST' to 'http://localhost:37981/session/37906fa983babfd0931db9ba46c8a1e6/element'
[DEBUG] Using open Channel [id: 0xbf381dcd, L:/127.0.0.1:51706 - R:localhost/127.0.0.1:37981] for POST '/session/37906fa983babfd0931db9ba46c8a1e6/element'
[DEBUG] 

Request DefaultHttpRequest(decodeResult: success, version: HTTP/1.1)
POST /session/37906fa983babfd0931db9ba46c8a1e6/element HTTP/1.1
User-Agent: selenium/4.8.3 (java windows)
Content-Length: 90
Content-Type: application/json; charset=utf-8
host: localhost:37981
accept: */*

Response DefaultHttpResponse(decodeResult: success, version: HTTP/1.1)
HTTP/1.1 200 OK
Content-Length: 88
Content-Type: application/json; charset=utf-8
cache-control: no-cache

[DEBUG] Adding key: http://localhost:37981 for channel [id: 0xbf381dcd, L:/127.0.0.1:51706 - R:localhost/127.0.0.1:37981]
[DEBUG] Using pooled Channel '[id: 0xbf381dcd, L:/127.0.0.1:51706 - R:localhost/127.0.0.1:37981]' for 'POST' to 'http://localhost:37981/session/37906fa983babfd0931db9ba46c8a1e6/element/8b7427b9-4125-44d0-8371-89832c8492ef/value'
[DEBUG] Using open Channel [id: 0xbf381dcd, L:/127.0.0.1:51706 - R:localhost/127.0.0.1:37981] for POST '/session/37906fa983babfd0931db9ba46c8a1e6/element/8b7427b9-4125-44d0-8371-89832c8492ef/value'
[DEBUG] 

Request DefaultHttpRequest(decodeResult: success, version: HTTP/1.1)
POST /session/37906fa983babfd0931db9ba46c8a1e6/element/8b7427b9-4125-44d0-8371-89832c8492ef/value HTTP/1.1
User-Agent: selenium/4.8.3 (java windows)
Content-Length: 341
Content-Type: application/json; charset=utf-8
host: localhost:37981
accept: */*

Response DefaultHttpResponse(decodeResult: success, version: HTTP/1.1)
HTTP/1.1 200 OK
Content-Length: 14
Content-Type: application/json; charset=utf-8
cache-control: no-cache

[DEBUG] Adding key: http://localhost:37981 for channel [id: 0xbf381dcd, L:/127.0.0.1:51706 - R:localhost/127.0.0.1:37981]
[DEBUG] Using pooled Channel '[id: 0xbf381dcd, L:/127.0.0.1:51706 - R:localhost/127.0.0.1:37981]' for 'POST' to 'http://localhost:37981/session/37906fa983babfd0931db9ba46c8a1e6/element'
[DEBUG] Using open Channel [id: 0xbf381dcd, L:/127.0.0.1:51706 - R:localhost/127.0.0.1:37981] for POST '/session/37906fa983babfd0931db9ba46c8a1e6/element'
[DEBUG] 

Request DefaultHttpRequest(decodeResult: success, version: HTTP/1.1)
POST /session/37906fa983babfd0931db9ba46c8a1e6/element HTTP/1.1
User-Agent: selenium/4.8.3 (java windows)
Content-Length: 78
Content-Type: application/json; charset=utf-8
host: localhost:37981
accept: */*

Response DefaultHttpResponse(decodeResult: success, version: HTTP/1.1)
HTTP/1.1 200 OK
Content-Length: 88
Content-Type: application/json; charset=utf-8
cache-control: no-cache

[DEBUG] Adding key: http://localhost:37981 for channel [id: 0xbf381dcd, L:/127.0.0.1:51706 - R:localhost/127.0.0.1:37981]
[DEBUG] Using pooled Channel '[id: 0xbf381dcd, L:/127.0.0.1:51706 - R:localhost/127.0.0.1:37981]' for 'POST' to 'http://localhost:37981/session/37906fa983babfd0931db9ba46c8a1e6/element/5d9a9431-bd66-4ce7-9756-d1d9987a86a3/value'
[DEBUG] Using open Channel [id: 0xbf381dcd, L:/127.0.0.1:51706 - R:localhost/127.0.0.1:37981] for POST '/session/37906fa983babfd0931db9ba46c8a1e6/element/5d9a9431-bd66-4ce7-9756-d1d9987a86a3/value'
[DEBUG] 

Request DefaultHttpRequest(decodeResult: success, version: HTTP/1.1)
POST /session/37906fa983babfd0931db9ba46c8a1e6/element/5d9a9431-bd66-4ce7-9756-d1d9987a86a3/value HTTP/1.1
User-Agent: selenium/4.8.3 (java windows)
Content-Length: 121
Content-Type: application/json; charset=utf-8
host: localhost:37981
accept: */*

Response DefaultHttpResponse(decodeResult: success, version: HTTP/1.1)
HTTP/1.1 200 OK
Content-Length: 14
Content-Type: application/json; charset=utf-8
cache-control: no-cache

[DEBUG] Adding key: http://localhost:37981 for channel [id: 0xbf381dcd, L:/127.0.0.1:51706 - R:localhost/127.0.0.1:37981]
[DEBUG] Using pooled Channel '[id: 0xbf381dcd, L:/127.0.0.1:51706 - R:localhost/127.0.0.1:37981]' for 'POST' to 'http://localhost:37981/session/37906fa983babfd0931db9ba46c8a1e6/element'
[DEBUG] Using open Channel [id: 0xbf381dcd, L:/127.0.0.1:51706 - R:localhost/127.0.0.1:37981] for POST '/session/37906fa983babfd0931db9ba46c8a1e6/element'
[DEBUG] 

Request DefaultHttpRequest(decodeResult: success, version: HTTP/1.1)
POST /session/37906fa983babfd0931db9ba46c8a1e6/element HTTP/1.1
User-Agent: selenium/4.8.3 (java windows)
Content-Length: 50
Content-Type: application/json; charset=utf-8
host: localhost:37981
accept: */*

Response DefaultHttpResponse(decodeResult: success, version: HTTP/1.1)
HTTP/1.1 200 OK
Content-Length: 88
Content-Type: application/json; charset=utf-8
cache-control: no-cache

[DEBUG] Adding key: http://localhost:37981 for channel [id: 0xbf381dcd, L:/127.0.0.1:51706 - R:localhost/127.0.0.1:37981]
[DEBUG] Using pooled Channel '[id: 0xbf381dcd, L:/127.0.0.1:51706 - R:localhost/127.0.0.1:37981]' for 'GET' to 'http://localhost:37981/session/37906fa983babfd0931db9ba46c8a1e6/element/91261593-0e1c-4394-9a5c-e41010ea8c2a/name'
[DEBUG] Using open Channel [id: 0xbf381dcd, L:/127.0.0.1:51706 - R:localhost/127.0.0.1:37981] for GET '/session/37906fa983babfd0931db9ba46c8a1e6/element/91261593-0e1c-4394-9a5c-e41010ea8c2a/name'
[DEBUG] 

Request DefaultFullHttpRequest(decodeResult: success, version: HTTP/1.1, content: EmptyByteBufBE)
GET /session/37906fa983babfd0931db9ba46c8a1e6/element/91261593-0e1c-4394-9a5c-e41010ea8c2a/name HTTP/1.1
User-Agent: selenium/4.8.3 (java windows)
Cache-Control: no-cache
Content-Type: application/json; charset=utf-8
host: localhost:37981
accept: */*

Response DefaultHttpResponse(decodeResult: success, version: HTTP/1.1)
HTTP/1.1 200 OK
Content-Length: 18
Content-Type: application/json; charset=utf-8
cache-control: no-cache

[DEBUG] Adding key: http://localhost:37981 for channel [id: 0xbf381dcd, L:/127.0.0.1:51706 - R:localhost/127.0.0.1:37981]
[DEBUG] Using pooled Channel '[id: 0xbf381dcd, L:/127.0.0.1:51706 - R:localhost/127.0.0.1:37981]' for 'GET' to 'http://localhost:37981/session/37906fa983babfd0931db9ba46c8a1e6/element/91261593-0e1c-4394-9a5c-e41010ea8c2a/attribute/multiple'
[DEBUG] Using open Channel [id: 0xbf381dcd, L:/127.0.0.1:51706 - R:localhost/127.0.0.1:37981] for GET '/session/37906fa983babfd0931db9ba46c8a1e6/element/91261593-0e1c-4394-9a5c-e41010ea8c2a/attribute/multiple'
[DEBUG] 

Request DefaultFullHttpRequest(decodeResult: success, version: HTTP/1.1, content: EmptyByteBufBE)
GET /session/37906fa983babfd0931db9ba46c8a1e6/element/91261593-0e1c-4394-9a5c-e41010ea8c2a/attribute/multiple HTTP/1.1
User-Agent: selenium/4.8.3 (java windows)
Cache-Control: no-cache
Content-Type: application/json; charset=utf-8
host: localhost:37981
accept: */*

Response DefaultHttpResponse(decodeResult: success, version: HTTP/1.1)
HTTP/1.1 200 OK
Content-Length: 14
Content-Type: application/json; charset=utf-8
cache-control: no-cache

[DEBUG] Adding key: http://localhost:37981 for channel [id: 0xbf381dcd, L:/127.0.0.1:51706 - R:localhost/127.0.0.1:37981]
[DEBUG] Using pooled Channel '[id: 0xbf381dcd, L:/127.0.0.1:51706 - R:localhost/127.0.0.1:37981]' for 'GET' to 'http://localhost:37981/session/37906fa983babfd0931db9ba46c8a1e6/element/91261593-0e1c-4394-9a5c-e41010ea8c2a/enabled'
[DEBUG] Using open Channel [id: 0xbf381dcd, L:/127.0.0.1:51706 - R:localhost/127.0.0.1:37981] for GET '/session/37906fa983babfd0931db9ba46c8a1e6/element/91261593-0e1c-4394-9a5c-e41010ea8c2a/enabled'
[DEBUG] 

Request DefaultFullHttpRequest(decodeResult: success, version: HTTP/1.1, content: EmptyByteBufBE)
GET /session/37906fa983babfd0931db9ba46c8a1e6/element/91261593-0e1c-4394-9a5c-e41010ea8c2a/enabled HTTP/1.1
User-Agent: selenium/4.8.3 (java windows)
Cache-Control: no-cache
Content-Type: application/json; charset=utf-8
host: localhost:37981
accept: */*

Response DefaultHttpResponse(decodeResult: success, version: HTTP/1.1)
HTTP/1.1 200 OK
Content-Length: 14
Content-Type: application/json; charset=utf-8
cache-control: no-cache

[DEBUG] Adding key: http://localhost:37981 for channel [id: 0xbf381dcd, L:/127.0.0.1:51706 - R:localhost/127.0.0.1:37981]
[DEBUG] Using pooled Channel '[id: 0xbf381dcd, L:/127.0.0.1:51706 - R:localhost/127.0.0.1:37981]' for 'POST' to 'http://localhost:37981/session/37906fa983babfd0931db9ba46c8a1e6/element/91261593-0e1c-4394-9a5c-e41010ea8c2a/elements'
[DEBUG] Using open Channel [id: 0xbf381dcd, L:/127.0.0.1:51706 - R:localhost/127.0.0.1:37981] for POST '/session/37906fa983babfd0931db9ba46c8a1e6/element/91261593-0e1c-4394-9a5c-e41010ea8c2a/elements'
[DEBUG] 

Request DefaultHttpRequest(decodeResult: success, version: HTTP/1.1)
POST /session/37906fa983babfd0931db9ba46c8a1e6/element/91261593-0e1c-4394-9a5c-e41010ea8c2a/elements HTTP/1.1
User-Agent: selenium/4.8.3 (java windows)
Content-Length: 134
Content-Type: application/json; charset=utf-8
host: localhost:37981
accept: */*

Response DefaultHttpResponse(decodeResult: success, version: HTTP/1.1)
HTTP/1.1 200 OK
Content-Length: 90
Content-Type: application/json; charset=utf-8
cache-control: no-cache

[DEBUG] Adding key: http://localhost:37981 for channel [id: 0xbf381dcd, L:/127.0.0.1:51706 - R:localhost/127.0.0.1:37981]
[DEBUG] Using pooled Channel '[id: 0xbf381dcd, L:/127.0.0.1:51706 - R:localhost/127.0.0.1:37981]' for 'GET' to 'http://localhost:37981/session/37906fa983babfd0931db9ba46c8a1e6/element/83dec699-cce1-4ce1-9e24-533e4d72253e/enabled'
[DEBUG] Using open Channel [id: 0xbf381dcd, L:/127.0.0.1:51706 - R:localhost/127.0.0.1:37981] for GET '/session/37906fa983babfd0931db9ba46c8a1e6/element/83dec699-cce1-4ce1-9e24-533e4d72253e/enabled'
[DEBUG] 

Request DefaultFullHttpRequest(decodeResult: success, version: HTTP/1.1, content: EmptyByteBufBE)
GET /session/37906fa983babfd0931db9ba46c8a1e6/element/83dec699-cce1-4ce1-9e24-533e4d72253e/enabled HTTP/1.1
User-Agent: selenium/4.8.3 (java windows)
Cache-Control: no-cache
Content-Type: application/json; charset=utf-8
host: localhost:37981
accept: */*

Response DefaultHttpResponse(decodeResult: success, version: HTTP/1.1)
HTTP/1.1 200 OK
Content-Length: 14
Content-Type: application/json; charset=utf-8
cache-control: no-cache

[DEBUG] Adding key: http://localhost:37981 for channel [id: 0xbf381dcd, L:/127.0.0.1:51706 - R:localhost/127.0.0.1:37981]
[DEBUG] Using pooled Channel '[id: 0xbf381dcd, L:/127.0.0.1:51706 - R:localhost/127.0.0.1:37981]' for 'GET' to 'http://localhost:37981/session/37906fa983babfd0931db9ba46c8a1e6/element/83dec699-cce1-4ce1-9e24-533e4d72253e/selected'
[DEBUG] Using open Channel [id: 0xbf381dcd, L:/127.0.0.1:51706 - R:localhost/127.0.0.1:37981] for GET '/session/37906fa983babfd0931db9ba46c8a1e6/element/83dec699-cce1-4ce1-9e24-533e4d72253e/selected'
[DEBUG] 

Request DefaultFullHttpRequest(decodeResult: success, version: HTTP/1.1, content: EmptyByteBufBE)
GET /session/37906fa983babfd0931db9ba46c8a1e6/element/83dec699-cce1-4ce1-9e24-533e4d72253e/selected HTTP/1.1
User-Agent: selenium/4.8.3 (java windows)
Cache-Control: no-cache
Content-Type: application/json; charset=utf-8
host: localhost:37981
accept: */*

Response DefaultHttpResponse(decodeResult: success, version: HTTP/1.1)
HTTP/1.1 200 OK
Content-Length: 15
Content-Type: application/json; charset=utf-8
cache-control: no-cache

[DEBUG] Adding key: http://localhost:37981 for channel [id: 0xbf381dcd, L:/127.0.0.1:51706 - R:localhost/127.0.0.1:37981]
[DEBUG] Using pooled Channel '[id: 0xbf381dcd, L:/127.0.0.1:51706 - R:localhost/127.0.0.1:37981]' for 'POST' to 'http://localhost:37981/session/37906fa983babfd0931db9ba46c8a1e6/element/83dec699-cce1-4ce1-9e24-533e4d72253e/click'
[DEBUG] Using open Channel [id: 0xbf381dcd, L:/127.0.0.1:51706 - R:localhost/127.0.0.1:37981] for POST '/session/37906fa983babfd0931db9ba46c8a1e6/element/83dec699-cce1-4ce1-9e24-533e4d72253e/click'
[DEBUG] 

Request DefaultHttpRequest(decodeResult: success, version: HTTP/1.1)
POST /session/37906fa983babfd0931db9ba46c8a1e6/element/83dec699-cce1-4ce1-9e24-533e4d72253e/click HTTP/1.1
User-Agent: selenium/4.8.3 (java windows)
Content-Length: 50
Content-Type: application/json; charset=utf-8
host: localhost:37981
accept: */*

Response DefaultHttpResponse(decodeResult: success, version: HTTP/1.1)
HTTP/1.1 200 OK
Content-Length: 14
Content-Type: application/json; charset=utf-8
cache-control: no-cache

[DEBUG] Adding key: http://localhost:37981 for channel [id: 0xbf381dcd, L:/127.0.0.1:51706 - R:localhost/127.0.0.1:37981]
[DEBUG] Using pooled Channel '[id: 0xbf381dcd, L:/127.0.0.1:51706 - R:localhost/127.0.0.1:37981]' for 'POST' to 'http://localhost:37981/session/37906fa983babfd0931db9ba46c8a1e6/element'
[DEBUG] Using open Channel [id: 0xbf381dcd, L:/127.0.0.1:51706 - R:localhost/127.0.0.1:37981] for POST '/session/37906fa983babfd0931db9ba46c8a1e6/element'
[DEBUG] 

Request DefaultHttpRequest(decodeResult: success, version: HTTP/1.1)
POST /session/37906fa983babfd0931db9ba46c8a1e6/element HTTP/1.1
User-Agent: selenium/4.8.3 (java windows)
Content-Length: 48
Content-Type: application/json; charset=utf-8
host: localhost:37981
accept: */*

Response DefaultHttpResponse(decodeResult: success, version: HTTP/1.1)
HTTP/1.1 200 OK
Content-Length: 88
Content-Type: application/json; charset=utf-8
cache-control: no-cache

[DEBUG] Adding key: http://localhost:37981 for channel [id: 0xbf381dcd, L:/127.0.0.1:51706 - R:localhost/127.0.0.1:37981]
[DEBUG] Using pooled Channel '[id: 0xbf381dcd, L:/127.0.0.1:51706 - R:localhost/127.0.0.1:37981]' for 'GET' to 'http://localhost:37981/session/37906fa983babfd0931db9ba46c8a1e6/element/e172f0a2-fba6-4a55-9de7-da4f50df9d85/name'
[DEBUG] Using open Channel [id: 0xbf381dcd, L:/127.0.0.1:51706 - R:localhost/127.0.0.1:37981] for GET '/session/37906fa983babfd0931db9ba46c8a1e6/element/e172f0a2-fba6-4a55-9de7-da4f50df9d85/name'
[DEBUG] 

Request DefaultFullHttpRequest(decodeResult: success, version: HTTP/1.1, content: EmptyByteBufBE)
GET /session/37906fa983babfd0931db9ba46c8a1e6/element/e172f0a2-fba6-4a55-9de7-da4f50df9d85/name HTTP/1.1
User-Agent: selenium/4.8.3 (java windows)
Cache-Control: no-cache
Content-Type: application/json; charset=utf-8
host: localhost:37981
accept: */*

Response DefaultHttpResponse(decodeResult: success, version: HTTP/1.1)
HTTP/1.1 200 OK
Content-Length: 18
Content-Type: application/json; charset=utf-8
cache-control: no-cache

[DEBUG] Adding key: http://localhost:37981 for channel [id: 0xbf381dcd, L:/127.0.0.1:51706 - R:localhost/127.0.0.1:37981]
[DEBUG] Using pooled Channel '[id: 0xbf381dcd, L:/127.0.0.1:51706 - R:localhost/127.0.0.1:37981]' for 'GET' to 'http://localhost:37981/session/37906fa983babfd0931db9ba46c8a1e6/element/e172f0a2-fba6-4a55-9de7-da4f50df9d85/attribute/multiple'
[DEBUG] Using open Channel [id: 0xbf381dcd, L:/127.0.0.1:51706 - R:localhost/127.0.0.1:37981] for GET '/session/37906fa983babfd0931db9ba46c8a1e6/element/e172f0a2-fba6-4a55-9de7-da4f50df9d85/attribute/multiple'
[DEBUG] 

Request DefaultFullHttpRequest(decodeResult: success, version: HTTP/1.1, content: EmptyByteBufBE)
GET /session/37906fa983babfd0931db9ba46c8a1e6/element/e172f0a2-fba6-4a55-9de7-da4f50df9d85/attribute/multiple HTTP/1.1
User-Agent: selenium/4.8.3 (java windows)
Cache-Control: no-cache
Content-Type: application/json; charset=utf-8
host: localhost:37981
accept: */*

Response DefaultHttpResponse(decodeResult: success, version: HTTP/1.1)
HTTP/1.1 200 OK
Content-Length: 14
Content-Type: application/json; charset=utf-8
cache-control: no-cache

[DEBUG] Adding key: http://localhost:37981 for channel [id: 0xbf381dcd, L:/127.0.0.1:51706 - R:localhost/127.0.0.1:37981]
[DEBUG] Using pooled Channel '[id: 0xbf381dcd, L:/127.0.0.1:51706 - R:localhost/127.0.0.1:37981]' for 'GET' to 'http://localhost:37981/session/37906fa983babfd0931db9ba46c8a1e6/element/e172f0a2-fba6-4a55-9de7-da4f50df9d85/enabled'
[DEBUG] Using open Channel [id: 0xbf381dcd, L:/127.0.0.1:51706 - R:localhost/127.0.0.1:37981] for GET '/session/37906fa983babfd0931db9ba46c8a1e6/element/e172f0a2-fba6-4a55-9de7-da4f50df9d85/enabled'
[DEBUG] 

Request DefaultFullHttpRequest(decodeResult: success, version: HTTP/1.1, content: EmptyByteBufBE)
GET /session/37906fa983babfd0931db9ba46c8a1e6/element/e172f0a2-fba6-4a55-9de7-da4f50df9d85/enabled HTTP/1.1
User-Agent: selenium/4.8.3 (java windows)
Cache-Control: no-cache
Content-Type: application/json; charset=utf-8
host: localhost:37981
accept: */*

Response DefaultHttpResponse(decodeResult: success, version: HTTP/1.1)
HTTP/1.1 200 OK
Content-Length: 14
Content-Type: application/json; charset=utf-8
cache-control: no-cache

[DEBUG] Adding key: http://localhost:37981 for channel [id: 0xbf381dcd, L:/127.0.0.1:51706 - R:localhost/127.0.0.1:37981]
[DEBUG] Using pooled Channel '[id: 0xbf381dcd, L:/127.0.0.1:51706 - R:localhost/127.0.0.1:37981]' for 'POST' to 'http://localhost:37981/session/37906fa983babfd0931db9ba46c8a1e6/element/e172f0a2-fba6-4a55-9de7-da4f50df9d85/elements'
[DEBUG] Using open Channel [id: 0xbf381dcd, L:/127.0.0.1:51706 - R:localhost/127.0.0.1:37981] for POST '/session/37906fa983babfd0931db9ba46c8a1e6/element/e172f0a2-fba6-4a55-9de7-da4f50df9d85/elements'
[DEBUG] 

Request DefaultHttpRequest(decodeResult: success, version: HTTP/1.1)
POST /session/37906fa983babfd0931db9ba46c8a1e6/element/e172f0a2-fba6-4a55-9de7-da4f50df9d85/elements HTTP/1.1
User-Agent: selenium/4.8.3 (java windows)
Content-Length: 133
Content-Type: application/json; charset=utf-8
host: localhost:37981
accept: */*

Response DefaultHttpResponse(decodeResult: success, version: HTTP/1.1)
HTTP/1.1 200 OK
Content-Length: 90
Content-Type: application/json; charset=utf-8
cache-control: no-cache

[DEBUG] Adding key: http://localhost:37981 for channel [id: 0xbf381dcd, L:/127.0.0.1:51706 - R:localhost/127.0.0.1:37981]
[DEBUG] Using pooled Channel '[id: 0xbf381dcd, L:/127.0.0.1:51706 - R:localhost/127.0.0.1:37981]' for 'GET' to 'http://localhost:37981/session/37906fa983babfd0931db9ba46c8a1e6/element/b69ce79d-7eb3-432c-b6f5-b25f594956b9/enabled'
[DEBUG] Using open Channel [id: 0xbf381dcd, L:/127.0.0.1:51706 - R:localhost/127.0.0.1:37981] for GET '/session/37906fa983babfd0931db9ba46c8a1e6/element/b69ce79d-7eb3-432c-b6f5-b25f594956b9/enabled'
[DEBUG] 

Request DefaultFullHttpRequest(decodeResult: success, version: HTTP/1.1, content: EmptyByteBufBE)
GET /session/37906fa983babfd0931db9ba46c8a1e6/element/b69ce79d-7eb3-432c-b6f5-b25f594956b9/enabled HTTP/1.1
User-Agent: selenium/4.8.3 (java windows)
Cache-Control: no-cache
Content-Type: application/json; charset=utf-8
host: localhost:37981
accept: */*

Response DefaultHttpResponse(decodeResult: success, version: HTTP/1.1)
HTTP/1.1 200 OK
Content-Length: 14
Content-Type: application/json; charset=utf-8
cache-control: no-cache

[DEBUG] Adding key: http://localhost:37981 for channel [id: 0xbf381dcd, L:/127.0.0.1:51706 - R:localhost/127.0.0.1:37981]
[DEBUG] Using pooled Channel '[id: 0xbf381dcd, L:/127.0.0.1:51706 - R:localhost/127.0.0.1:37981]' for 'GET' to 'http://localhost:37981/session/37906fa983babfd0931db9ba46c8a1e6/element/b69ce79d-7eb3-432c-b6f5-b25f594956b9/selected'
[DEBUG] Using open Channel [id: 0xbf381dcd, L:/127.0.0.1:51706 - R:localhost/127.0.0.1:37981] for GET '/session/37906fa983babfd0931db9ba46c8a1e6/element/b69ce79d-7eb3-432c-b6f5-b25f594956b9/selected'
[DEBUG] 

Request DefaultFullHttpRequest(decodeResult: success, version: HTTP/1.1, content: EmptyByteBufBE)
GET /session/37906fa983babfd0931db9ba46c8a1e6/element/b69ce79d-7eb3-432c-b6f5-b25f594956b9/selected HTTP/1.1
User-Agent: selenium/4.8.3 (java windows)
Cache-Control: no-cache
Content-Type: application/json; charset=utf-8
host: localhost:37981
accept: */*

Response DefaultHttpResponse(decodeResult: success, version: HTTP/1.1)
HTTP/1.1 200 OK
Content-Length: 15
Content-Type: application/json; charset=utf-8
cache-control: no-cache

[DEBUG] Adding key: http://localhost:37981 for channel [id: 0xbf381dcd, L:/127.0.0.1:51706 - R:localhost/127.0.0.1:37981]
[DEBUG] Using pooled Channel '[id: 0xbf381dcd, L:/127.0.0.1:51706 - R:localhost/127.0.0.1:37981]' for 'POST' to 'http://localhost:37981/session/37906fa983babfd0931db9ba46c8a1e6/element/b69ce79d-7eb3-432c-b6f5-b25f594956b9/click'
[DEBUG] Using open Channel [id: 0xbf381dcd, L:/127.0.0.1:51706 - R:localhost/127.0.0.1:37981] for POST '/session/37906fa983babfd0931db9ba46c8a1e6/element/b69ce79d-7eb3-432c-b6f5-b25f594956b9/click'
[DEBUG] 

Request DefaultHttpRequest(decodeResult: success, version: HTTP/1.1)
POST /session/37906fa983babfd0931db9ba46c8a1e6/element/b69ce79d-7eb3-432c-b6f5-b25f594956b9/click HTTP/1.1
User-Agent: selenium/4.8.3 (java windows)
Content-Length: 50
Content-Type: application/json; charset=utf-8
host: localhost:37981
accept: */*

Response DefaultHttpResponse(decodeResult: success, version: HTTP/1.1)
HTTP/1.1 200 OK
Content-Length: 14
Content-Type: application/json; charset=utf-8
cache-control: no-cache

[DEBUG] Adding key: http://localhost:37981 for channel [id: 0xbf381dcd, L:/127.0.0.1:51706 - R:localhost/127.0.0.1:37981]
[DEBUG] Using pooled Channel '[id: 0xbf381dcd, L:/127.0.0.1:51706 - R:localhost/127.0.0.1:37981]' for 'POST' to 'http://localhost:37981/session/37906fa983babfd0931db9ba46c8a1e6/element'
[DEBUG] Using open Channel [id: 0xbf381dcd, L:/127.0.0.1:51706 - R:localhost/127.0.0.1:37981] for POST '/session/37906fa983babfd0931db9ba46c8a1e6/element'
[DEBUG] 

Request DefaultHttpRequest(decodeResult: success, version: HTTP/1.1)
POST /session/37906fa983babfd0931db9ba46c8a1e6/element HTTP/1.1
User-Agent: selenium/4.8.3 (java windows)
Content-Length: 49
Content-Type: application/json; charset=utf-8
host: localhost:37981
accept: */*

Response DefaultHttpResponse(decodeResult: success, version: HTTP/1.1)
HTTP/1.1 200 OK
Content-Length: 88
Content-Type: application/json; charset=utf-8
cache-control: no-cache

[DEBUG] Adding key: http://localhost:37981 for channel [id: 0xbf381dcd, L:/127.0.0.1:51706 - R:localhost/127.0.0.1:37981]
[DEBUG] Using pooled Channel '[id: 0xbf381dcd, L:/127.0.0.1:51706 - R:localhost/127.0.0.1:37981]' for 'GET' to 'http://localhost:37981/session/37906fa983babfd0931db9ba46c8a1e6/element/24dce911-5f47-4d8a-88ed-0ac769113699/name'
[DEBUG] Using open Channel [id: 0xbf381dcd, L:/127.0.0.1:51706 - R:localhost/127.0.0.1:37981] for GET '/session/37906fa983babfd0931db9ba46c8a1e6/element/24dce911-5f47-4d8a-88ed-0ac769113699/name'
[DEBUG] 

Request DefaultFullHttpRequest(decodeResult: success, version: HTTP/1.1, content: EmptyByteBufBE)
GET /session/37906fa983babfd0931db9ba46c8a1e6/element/24dce911-5f47-4d8a-88ed-0ac769113699/name HTTP/1.1
User-Agent: selenium/4.8.3 (java windows)
Cache-Control: no-cache
Content-Type: application/json; charset=utf-8
host: localhost:37981
accept: */*

Response DefaultHttpResponse(decodeResult: success, version: HTTP/1.1)
HTTP/1.1 200 OK
Content-Length: 18
Content-Type: application/json; charset=utf-8
cache-control: no-cache

[DEBUG] Adding key: http://localhost:37981 for channel [id: 0xbf381dcd, L:/127.0.0.1:51706 - R:localhost/127.0.0.1:37981]
[DEBUG] Using pooled Channel '[id: 0xbf381dcd, L:/127.0.0.1:51706 - R:localhost/127.0.0.1:37981]' for 'GET' to 'http://localhost:37981/session/37906fa983babfd0931db9ba46c8a1e6/element/24dce911-5f47-4d8a-88ed-0ac769113699/attribute/multiple'
[DEBUG] Using open Channel [id: 0xbf381dcd, L:/127.0.0.1:51706 - R:localhost/127.0.0.1:37981] for GET '/session/37906fa983babfd0931db9ba46c8a1e6/element/24dce911-5f47-4d8a-88ed-0ac769113699/attribute/multiple'
[DEBUG] 

Request DefaultFullHttpRequest(decodeResult: success, version: HTTP/1.1, content: EmptyByteBufBE)
GET /session/37906fa983babfd0931db9ba46c8a1e6/element/24dce911-5f47-4d8a-88ed-0ac769113699/attribute/multiple HTTP/1.1
User-Agent: selenium/4.8.3 (java windows)
Cache-Control: no-cache
Content-Type: application/json; charset=utf-8
host: localhost:37981
accept: */*

Response DefaultHttpResponse(decodeResult: success, version: HTTP/1.1)
HTTP/1.1 200 OK
Content-Length: 14
Content-Type: application/json; charset=utf-8
cache-control: no-cache

[DEBUG] Adding key: http://localhost:37981 for channel [id: 0xbf381dcd, L:/127.0.0.1:51706 - R:localhost/127.0.0.1:37981]
[DEBUG] Using pooled Channel '[id: 0xbf381dcd, L:/127.0.0.1:51706 - R:localhost/127.0.0.1:37981]' for 'GET' to 'http://localhost:37981/session/37906fa983babfd0931db9ba46c8a1e6/element/24dce911-5f47-4d8a-88ed-0ac769113699/enabled'
[DEBUG] Using open Channel [id: 0xbf381dcd, L:/127.0.0.1:51706 - R:localhost/127.0.0.1:37981] for GET '/session/37906fa983babfd0931db9ba46c8a1e6/element/24dce911-5f47-4d8a-88ed-0ac769113699/enabled'
[DEBUG] 

Request DefaultFullHttpRequest(decodeResult: success, version: HTTP/1.1, content: EmptyByteBufBE)
GET /session/37906fa983babfd0931db9ba46c8a1e6/element/24dce911-5f47-4d8a-88ed-0ac769113699/enabled HTTP/1.1
User-Agent: selenium/4.8.3 (java windows)
Cache-Control: no-cache
Content-Type: application/json; charset=utf-8
host: localhost:37981
accept: */*

Response DefaultHttpResponse(decodeResult: success, version: HTTP/1.1)
HTTP/1.1 200 OK
Content-Length: 14
Content-Type: application/json; charset=utf-8
cache-control: no-cache

[DEBUG] Adding key: http://localhost:37981 for channel [id: 0xbf381dcd, L:/127.0.0.1:51706 - R:localhost/127.0.0.1:37981]
[DEBUG] Using pooled Channel '[id: 0xbf381dcd, L:/127.0.0.1:51706 - R:localhost/127.0.0.1:37981]' for 'POST' to 'http://localhost:37981/session/37906fa983babfd0931db9ba46c8a1e6/element/24dce911-5f47-4d8a-88ed-0ac769113699/elements'
[DEBUG] Using open Channel [id: 0xbf381dcd, L:/127.0.0.1:51706 - R:localhost/127.0.0.1:37981] for POST '/session/37906fa983babfd0931db9ba46c8a1e6/element/24dce911-5f47-4d8a-88ed-0ac769113699/elements'
[DEBUG] 

Request DefaultHttpRequest(decodeResult: success, version: HTTP/1.1)
POST /session/37906fa983babfd0931db9ba46c8a1e6/element/24dce911-5f47-4d8a-88ed-0ac769113699/elements HTTP/1.1
User-Agent: selenium/4.8.3 (java windows)
Content-Length: 135
Content-Type: application/json; charset=utf-8
host: localhost:37981
accept: */*

Response DefaultHttpResponse(decodeResult: success, version: HTTP/1.1)
HTTP/1.1 200 OK
Content-Length: 90
Content-Type: application/json; charset=utf-8
cache-control: no-cache

[DEBUG] Adding key: http://localhost:37981 for channel [id: 0xbf381dcd, L:/127.0.0.1:51706 - R:localhost/127.0.0.1:37981]
[DEBUG] Using pooled Channel '[id: 0xbf381dcd, L:/127.0.0.1:51706 - R:localhost/127.0.0.1:37981]' for 'GET' to 'http://localhost:37981/session/37906fa983babfd0931db9ba46c8a1e6/element/a6b8a0d2-a685-4ce5-b0ed-831cac83b03e/enabled'
[DEBUG] Using open Channel [id: 0xbf381dcd, L:/127.0.0.1:51706 - R:localhost/127.0.0.1:37981] for GET '/session/37906fa983babfd0931db9ba46c8a1e6/element/a6b8a0d2-a685-4ce5-b0ed-831cac83b03e/enabled'
[DEBUG] 

Request DefaultFullHttpRequest(decodeResult: success, version: HTTP/1.1, content: EmptyByteBufBE)
GET /session/37906fa983babfd0931db9ba46c8a1e6/element/a6b8a0d2-a685-4ce5-b0ed-831cac83b03e/enabled HTTP/1.1
User-Agent: selenium/4.8.3 (java windows)
Cache-Control: no-cache
Content-Type: application/json; charset=utf-8
host: localhost:37981
accept: */*

Response DefaultHttpResponse(decodeResult: success, version: HTTP/1.1)
HTTP/1.1 200 OK
Content-Length: 14
Content-Type: application/json; charset=utf-8
cache-control: no-cache

[DEBUG] Adding key: http://localhost:37981 for channel [id: 0xbf381dcd, L:/127.0.0.1:51706 - R:localhost/127.0.0.1:37981]
[DEBUG] Using pooled Channel '[id: 0xbf381dcd, L:/127.0.0.1:51706 - R:localhost/127.0.0.1:37981]' for 'GET' to 'http://localhost:37981/session/37906fa983babfd0931db9ba46c8a1e6/element/a6b8a0d2-a685-4ce5-b0ed-831cac83b03e/selected'
[DEBUG] Using open Channel [id: 0xbf381dcd, L:/127.0.0.1:51706 - R:localhost/127.0.0.1:37981] for GET '/session/37906fa983babfd0931db9ba46c8a1e6/element/a6b8a0d2-a685-4ce5-b0ed-831cac83b03e/selected'
[DEBUG] 

Request DefaultFullHttpRequest(decodeResult: success, version: HTTP/1.1, content: EmptyByteBufBE)
GET /session/37906fa983babfd0931db9ba46c8a1e6/element/a6b8a0d2-a685-4ce5-b0ed-831cac83b03e/selected HTTP/1.1
User-Agent: selenium/4.8.3 (java windows)
Cache-Control: no-cache
Content-Type: application/json; charset=utf-8
host: localhost:37981
accept: */*

Response DefaultHttpResponse(decodeResult: success, version: HTTP/1.1)
HTTP/1.1 200 OK
Content-Length: 15
Content-Type: application/json; charset=utf-8
cache-control: no-cache

[DEBUG] Adding key: http://localhost:37981 for channel [id: 0xbf381dcd, L:/127.0.0.1:51706 - R:localhost/127.0.0.1:37981]
[DEBUG] Using pooled Channel '[id: 0xbf381dcd, L:/127.0.0.1:51706 - R:localhost/127.0.0.1:37981]' for 'POST' to 'http://localhost:37981/session/37906fa983babfd0931db9ba46c8a1e6/element/a6b8a0d2-a685-4ce5-b0ed-831cac83b03e/click'
[DEBUG] Using open Channel [id: 0xbf381dcd, L:/127.0.0.1:51706 - R:localhost/127.0.0.1:37981] for POST '/session/37906fa983babfd0931db9ba46c8a1e6/element/a6b8a0d2-a685-4ce5-b0ed-831cac83b03e/click'
[DEBUG] 

Request DefaultHttpRequest(decodeResult: success, version: HTTP/1.1)
POST /session/37906fa983babfd0931db9ba46c8a1e6/element/a6b8a0d2-a685-4ce5-b0ed-831cac83b03e/click HTTP/1.1
User-Agent: selenium/4.8.3 (java windows)
Content-Length: 50
Content-Type: application/json; charset=utf-8
host: localhost:37981
accept: */*

Response DefaultHttpResponse(decodeResult: success, version: HTTP/1.1)
HTTP/1.1 200 OK
Content-Length: 14
Content-Type: application/json; charset=utf-8
cache-control: no-cache

[DEBUG] Adding key: http://localhost:37981 for channel [id: 0xbf381dcd, L:/127.0.0.1:51706 - R:localhost/127.0.0.1:37981]
]]></system-out>
    <system-err><![CDATA[Starting ChromeDriver 112.0.5615.49 (bd2a7bcb881c11e8cfe3078709382934e3916914-refs/branch-heads/5615@{#936}) on port 37981
Only local connections are allowed.
Please see https://chromedriver.chromium.org/security-considerations for suggestions on keeping ChromeDriver safe.
ChromeDriver was started successfully.
Apr 22, 2023 4:12:05 PM org.openqa.selenium.devtools.CdpVersionFinder findNearestMatch
WARNING: Unable to find an exact match for CDP version 112, so returning the closest version found: 111
]]></system-err>
  </testcase>
  <testcase name="registerPage" classname="com.automationcode_15thApril_2023.TutorialsNinjaListenerRegisterTest" time="10.655">
    <system-out><![CDATA[[DEBUG] Entry count for : http://localhost:36498 : 1
[DEBUG] Entry count for : http://localhost:37981 : 1
[DEBUG] Entry count for : http://localhost:51378 : 1
[DEBUG] Entry count for : http://localhost:51707 : 1
[DEBUG] Entry count for : http://localhost:15044 : 1
[DEBUG] Using new Channel '[id: 0xe7272be4, L:/127.0.0.1:51733 - R:localhost/127.0.0.1:11005]' for 'POST' to '/session'
[DEBUG] 

Request DefaultHttpRequest(decodeResult: success, version: HTTP/1.1)
POST /session HTTP/1.1
User-Agent: selenium/4.8.3 (java windows)
Content-Length: 439
Content-Type: application/json; charset=utf-8
host: localhost:11005
accept: */*

Response DefaultHttpResponse(decodeResult: success, version: HTTP/1.1)
HTTP/1.1 200 OK
Content-Length: 860
Content-Type: application/json; charset=utf-8
cache-control: no-cache

[DEBUG] Adding key: http://localhost:11005 for channel [id: 0xe7272be4, L:/127.0.0.1:51733 - R:localhost/127.0.0.1:11005]
[DEBUG] Using new Channel '[id: 0xf7a0601d, L:/127.0.0.1:51740 - R:localhost/127.0.0.1:51734]' for 'GET' to '/json/version'
[DEBUG] 

Request DefaultFullHttpRequest(decodeResult: success, version: HTTP/1.1, content: EmptyByteBufBE)
GET /json/version HTTP/1.1
User-Agent: selenium/4.8.3 (java windows)
host: localhost:51734
accept: */*

Response DefaultHttpResponse(decodeResult: success, version: HTTP/1.1)
HTTP/1.1 200 OK
Content-Security-Policy: frame-ancestors 'none'
Content-Length: 424
Content-Type: application/json; charset=UTF-8

[DEBUG] Adding key: http://localhost:51734 for channel [id: 0xf7a0601d, L:/127.0.0.1:51740 - R:localhost/127.0.0.1:51734]
[DEBUG] Using new Channel '[id: 0x32ac58b4, L:/127.0.0.1:51741 - R:localhost/127.0.0.1:51734]' for 'GET' to '/devtools/browser/d469cf38-94ad-4ad8-bc44-8c6900bd1732'
[DEBUG] 

Request DefaultFullHttpRequest(decodeResult: success, version: HTTP/1.1, content: EmptyByteBufBE)
GET /devtools/browser/d469cf38-94ad-4ad8-bc44-8c6900bd1732 HTTP/1.1
upgrade: websocket
connection: upgrade
sec-websocket-key: SMbJ9RMFp3jYPG03f9g6Mg==
sec-websocket-version: 13
origin: http://localhost:51734
host: localhost:51734
accept: */*
user-agent: AHC/2.1

Response DefaultHttpResponse(decodeResult: success, version: HTTP/1.1)
HTTP/1.1 101 WebSocket Protocol Handshake
Upgrade: WebSocket
Connection: Upgrade
Sec-WebSocket-Accept: AB6h7PkivczEsaHS7QdVZBEHoeA=

[DEBUG] Using pooled Channel '[id: 0xe7272be4, L:/127.0.0.1:51733 - R:localhost/127.0.0.1:11005]' for 'POST' to 'http://localhost:11005/session/bfa132e4d8f63f55b7d8a53ffb54b9fe/window/maximize'
[DEBUG] Using open Channel [id: 0xe7272be4, L:/127.0.0.1:51733 - R:localhost/127.0.0.1:11005] for POST '/session/bfa132e4d8f63f55b7d8a53ffb54b9fe/window/maximize'
[DEBUG] 

Request DefaultHttpRequest(decodeResult: success, version: HTTP/1.1)
POST /session/bfa132e4d8f63f55b7d8a53ffb54b9fe/window/maximize HTTP/1.1
User-Agent: selenium/4.8.3 (java windows)
Content-Length: 3
Content-Type: application/json; charset=utf-8
host: localhost:11005
accept: */*

Response DefaultHttpResponse(decodeResult: success, version: HTTP/1.1)
HTTP/1.1 200 OK
Content-Length: 52
Content-Type: application/json; charset=utf-8
cache-control: no-cache

[DEBUG] Adding key: http://localhost:11005 for channel [id: 0xe7272be4, L:/127.0.0.1:51733 - R:localhost/127.0.0.1:11005]
[DEBUG] Using pooled Channel '[id: 0xe7272be4, L:/127.0.0.1:51733 - R:localhost/127.0.0.1:11005]' for 'POST' to 'http://localhost:11005/session/bfa132e4d8f63f55b7d8a53ffb54b9fe/url'
[DEBUG] Using open Channel [id: 0xe7272be4, L:/127.0.0.1:51733 - R:localhost/127.0.0.1:11005] for POST '/session/bfa132e4d8f63f55b7d8a53ffb54b9fe/url'
[DEBUG] Entry count for : http://localhost:36498 : 1
[DEBUG] Entry count for : http://localhost:37981 : 1
[DEBUG] Entry count for : http://localhost:51378 : 1
[DEBUG] Entry count for : http://localhost:51707 : 1
[DEBUG] Entry count for : http://localhost:15044 : 1
[DEBUG] Entry count for : http://localhost:51734 : 1
[DEBUG] Entry count for : http://localhost:36498 : 1
[DEBUG] Entry count for : http://localhost:37981 : 1
[DEBUG] Entry count for : http://localhost:51378 : 1
[DEBUG] Entry count for : http://localhost:51707 : 1
[DEBUG] Entry count for : http://localhost:15044 : 1
[DEBUG] Entry count for : http://localhost:51734 : 1
[DEBUG] Entry count for : http://localhost:36498 : 1
[DEBUG] Entry count for : http://localhost:37981 : 1
[DEBUG] Entry count for : http://localhost:51378 : 1
[DEBUG] Entry count for : http://localhost:51707 : 1
[DEBUG] Entry count for : http://localhost:15044 : 1
[DEBUG] Entry count for : http://localhost:51734 : 1
[DEBUG] Entry count for : http://localhost:36498 : 1
[DEBUG] Entry count for : http://localhost:37981 : 1
[DEBUG] Entry count for : http://localhost:51378 : 1
[DEBUG] Entry count for : http://localhost:51707 : 1
[DEBUG] Entry count for : http://localhost:15044 : 1
[DEBUG] Entry count for : http://localhost:51734 : 1
[DEBUG] 

Request DefaultHttpRequest(decodeResult: success, version: HTTP/1.1)
POST /session/bfa132e4d8f63f55b7d8a53ffb54b9fe/url HTTP/1.1
User-Agent: selenium/4.8.3 (java windows)
Content-Length: 60
Content-Type: application/json; charset=utf-8
host: localhost:11005
accept: */*

Response DefaultHttpResponse(decodeResult: success, version: HTTP/1.1)
HTTP/1.1 200 OK
Content-Length: 14
Content-Type: application/json; charset=utf-8
cache-control: no-cache

[DEBUG] Adding key: http://localhost:11005 for channel [id: 0xe7272be4, L:/127.0.0.1:51733 - R:localhost/127.0.0.1:11005]
[DEBUG] Using pooled Channel '[id: 0xe7272be4, L:/127.0.0.1:51733 - R:localhost/127.0.0.1:11005]' for 'POST' to 'http://localhost:11005/session/bfa132e4d8f63f55b7d8a53ffb54b9fe/element'
[DEBUG] Using open Channel [id: 0xe7272be4, L:/127.0.0.1:51733 - R:localhost/127.0.0.1:11005] for POST '/session/bfa132e4d8f63f55b7d8a53ffb54b9fe/element'
[DEBUG] 

Request DefaultHttpRequest(decodeResult: success, version: HTTP/1.1)
POST /session/bfa132e4d8f63f55b7d8a53ffb54b9fe/element HTTP/1.1
User-Agent: selenium/4.8.3 (java windows)
Content-Length: 51
Content-Type: application/json; charset=utf-8
host: localhost:11005
accept: */*

Response DefaultHttpResponse(decodeResult: success, version: HTTP/1.1)
HTTP/1.1 200 OK
Content-Length: 88
Content-Type: application/json; charset=utf-8
cache-control: no-cache

[DEBUG] Adding key: http://localhost:11005 for channel [id: 0xe7272be4, L:/127.0.0.1:51733 - R:localhost/127.0.0.1:11005]
[DEBUG] Using pooled Channel '[id: 0xe7272be4, L:/127.0.0.1:51733 - R:localhost/127.0.0.1:11005]' for 'POST' to 'http://localhost:11005/session/bfa132e4d8f63f55b7d8a53ffb54b9fe/element/a0b68414-382f-4bac-9091-2686bdc660eb/click'
[DEBUG] Using open Channel [id: 0xe7272be4, L:/127.0.0.1:51733 - R:localhost/127.0.0.1:11005] for POST '/session/bfa132e4d8f63f55b7d8a53ffb54b9fe/element/a0b68414-382f-4bac-9091-2686bdc660eb/click'
[DEBUG] 

Request DefaultHttpRequest(decodeResult: success, version: HTTP/1.1)
POST /session/bfa132e4d8f63f55b7d8a53ffb54b9fe/element/a0b68414-382f-4bac-9091-2686bdc660eb/click HTTP/1.1
User-Agent: selenium/4.8.3 (java windows)
Content-Length: 50
Content-Type: application/json; charset=utf-8
host: localhost:11005
accept: */*

Response DefaultHttpResponse(decodeResult: success, version: HTTP/1.1)
HTTP/1.1 200 OK
Content-Length: 14
Content-Type: application/json; charset=utf-8
cache-control: no-cache

[DEBUG] Adding key: http://localhost:11005 for channel [id: 0xe7272be4, L:/127.0.0.1:51733 - R:localhost/127.0.0.1:11005]
[DEBUG] Entry count for : http://localhost:36498 : 1
[DEBUG] Entry count for : http://localhost:37981 : 1
[DEBUG] Entry count for : http://localhost:51378 : 1
[DEBUG] Entry count for : http://localhost:51707 : 1
[DEBUG] Entry count for : http://localhost:11005 : 1
[DEBUG] Entry count for : http://localhost:15044 : 1
[DEBUG] Entry count for : http://localhost:51734 : 1
[DEBUG] Using pooled Channel '[id: 0xe7272be4, L:/127.0.0.1:51733 - R:localhost/127.0.0.1:11005]' for 'POST' to 'http://localhost:11005/session/bfa132e4d8f63f55b7d8a53ffb54b9fe/element'
[DEBUG] Using open Channel [id: 0xe7272be4, L:/127.0.0.1:51733 - R:localhost/127.0.0.1:11005] for POST '/session/bfa132e4d8f63f55b7d8a53ffb54b9fe/element'
[DEBUG] 

Request DefaultHttpRequest(decodeResult: success, version: HTTP/1.1)
POST /session/bfa132e4d8f63f55b7d8a53ffb54b9fe/element HTTP/1.1
User-Agent: selenium/4.8.3 (java windows)
Content-Length: 49
Content-Type: application/json; charset=utf-8
host: localhost:11005
accept: */*

Response DefaultHttpResponse(decodeResult: success, version: HTTP/1.1)
HTTP/1.1 200 OK
Content-Length: 88
Content-Type: application/json; charset=utf-8
cache-control: no-cache

[DEBUG] Adding key: http://localhost:11005 for channel [id: 0xe7272be4, L:/127.0.0.1:51733 - R:localhost/127.0.0.1:11005]
[DEBUG] Using pooled Channel '[id: 0xe7272be4, L:/127.0.0.1:51733 - R:localhost/127.0.0.1:11005]' for 'POST' to 'http://localhost:11005/session/bfa132e4d8f63f55b7d8a53ffb54b9fe/element/7e089ab7-b251-4796-b3e4-aac5d8b40cc0/click'
[DEBUG] Using open Channel [id: 0xe7272be4, L:/127.0.0.1:51733 - R:localhost/127.0.0.1:11005] for POST '/session/bfa132e4d8f63f55b7d8a53ffb54b9fe/element/7e089ab7-b251-4796-b3e4-aac5d8b40cc0/click'
[DEBUG] 

Request DefaultHttpRequest(decodeResult: success, version: HTTP/1.1)
POST /session/bfa132e4d8f63f55b7d8a53ffb54b9fe/element/7e089ab7-b251-4796-b3e4-aac5d8b40cc0/click HTTP/1.1
User-Agent: selenium/4.8.3 (java windows)
Content-Length: 50
Content-Type: application/json; charset=utf-8
host: localhost:11005
accept: */*

Response DefaultHttpResponse(decodeResult: success, version: HTTP/1.1)
HTTP/1.1 200 OK
Content-Length: 14
Content-Type: application/json; charset=utf-8
cache-control: no-cache

[DEBUG] Adding key: http://localhost:11005 for channel [id: 0xe7272be4, L:/127.0.0.1:51733 - R:localhost/127.0.0.1:11005]
[DEBUG] Entry count for : http://localhost:36498 : 1
[DEBUG] Entry count for : http://localhost:37981 : 1
[DEBUG] Entry count for : http://localhost:51378 : 1
[DEBUG] Entry count for : http://localhost:51707 : 1
[DEBUG] Entry count for : http://localhost:11005 : 1
[DEBUG] Entry count for : http://localhost:15044 : 1
[DEBUG] Entry count for : http://localhost:51734 : 1
[DEBUG] Using pooled Channel '[id: 0xe7272be4, L:/127.0.0.1:51733 - R:localhost/127.0.0.1:11005]' for 'POST' to 'http://localhost:11005/session/bfa132e4d8f63f55b7d8a53ffb54b9fe/element'
[DEBUG] Using open Channel [id: 0xe7272be4, L:/127.0.0.1:51733 - R:localhost/127.0.0.1:11005] for POST '/session/bfa132e4d8f63f55b7d8a53ffb54b9fe/element'
[DEBUG] 

Request DefaultHttpRequest(decodeResult: success, version: HTTP/1.1)
POST /session/bfa132e4d8f63f55b7d8a53ffb54b9fe/element HTTP/1.1
User-Agent: selenium/4.8.3 (java windows)
Content-Length: 62
Content-Type: application/json; charset=utf-8
host: localhost:11005
accept: */*

Response DefaultHttpResponse(decodeResult: success, version: HTTP/1.1)
HTTP/1.1 200 OK
Content-Length: 88
Content-Type: application/json; charset=utf-8
cache-control: no-cache

[DEBUG] Adding key: http://localhost:11005 for channel [id: 0xe7272be4, L:/127.0.0.1:51733 - R:localhost/127.0.0.1:11005]
[DEBUG] Using pooled Channel '[id: 0xe7272be4, L:/127.0.0.1:51733 - R:localhost/127.0.0.1:11005]' for 'POST' to 'http://localhost:11005/session/bfa132e4d8f63f55b7d8a53ffb54b9fe/element/862cb414-a7a2-4180-ab56-8339b5171059/value'
[DEBUG] Using open Channel [id: 0xe7272be4, L:/127.0.0.1:51733 - R:localhost/127.0.0.1:11005] for POST '/session/bfa132e4d8f63f55b7d8a53ffb54b9fe/element/862cb414-a7a2-4180-ab56-8339b5171059/value'
[DEBUG] 

Request DefaultHttpRequest(decodeResult: success, version: HTTP/1.1)
POST /session/bfa132e4d8f63f55b7d8a53ffb54b9fe/element/862cb414-a7a2-4180-ab56-8339b5171059/value HTTP/1.1
User-Agent: selenium/4.8.3 (java windows)
Content-Length: 191
Content-Type: application/json; charset=utf-8
host: localhost:11005
accept: */*

Response DefaultHttpResponse(decodeResult: success, version: HTTP/1.1)
HTTP/1.1 200 OK
Content-Length: 14
Content-Type: application/json; charset=utf-8
cache-control: no-cache

[DEBUG] Adding key: http://localhost:11005 for channel [id: 0xe7272be4, L:/127.0.0.1:51733 - R:localhost/127.0.0.1:11005]
[DEBUG] Entry count for : http://localhost:36498 : 1
[DEBUG] Entry count for : http://localhost:37981 : 1
[DEBUG] Entry count for : http://localhost:51378 : 1
[DEBUG] Entry count for : http://localhost:51707 : 1
[DEBUG] Entry count for : http://localhost:11005 : 1
[DEBUG] Entry count for : http://localhost:15044 : 1
[DEBUG] Entry count for : http://localhost:51734 : 1
[DEBUG] Using pooled Channel '[id: 0xe7272be4, L:/127.0.0.1:51733 - R:localhost/127.0.0.1:11005]' for 'POST' to 'http://localhost:11005/session/bfa132e4d8f63f55b7d8a53ffb54b9fe/element'
[DEBUG] Using open Channel [id: 0xe7272be4, L:/127.0.0.1:51733 - R:localhost/127.0.0.1:11005] for POST '/session/bfa132e4d8f63f55b7d8a53ffb54b9fe/element'
[DEBUG] 

Request DefaultHttpRequest(decodeResult: success, version: HTTP/1.1)
POST /session/bfa132e4d8f63f55b7d8a53ffb54b9fe/element HTTP/1.1
User-Agent: selenium/4.8.3 (java windows)
Content-Length: 61
Content-Type: application/json; charset=utf-8
host: localhost:11005
accept: */*

Response DefaultHttpResponse(decodeResult: success, version: HTTP/1.1)
HTTP/1.1 200 OK
Content-Length: 88
Content-Type: application/json; charset=utf-8
cache-control: no-cache

[DEBUG] Adding key: http://localhost:11005 for channel [id: 0xe7272be4, L:/127.0.0.1:51733 - R:localhost/127.0.0.1:11005]
[DEBUG] Using pooled Channel '[id: 0xe7272be4, L:/127.0.0.1:51733 - R:localhost/127.0.0.1:11005]' for 'POST' to 'http://localhost:11005/session/bfa132e4d8f63f55b7d8a53ffb54b9fe/element/fd39fd72-d76b-43c9-a862-a5d3b8c5a44a/value'
[DEBUG] Using open Channel [id: 0xe7272be4, L:/127.0.0.1:51733 - R:localhost/127.0.0.1:11005] for POST '/session/bfa132e4d8f63f55b7d8a53ffb54b9fe/element/fd39fd72-d76b-43c9-a862-a5d3b8c5a44a/value'
[DEBUG] 

Request DefaultHttpRequest(decodeResult: success, version: HTTP/1.1)
POST /session/bfa132e4d8f63f55b7d8a53ffb54b9fe/element/fd39fd72-d76b-43c9-a862-a5d3b8c5a44a/value HTTP/1.1
User-Agent: selenium/4.8.3 (java windows)
Content-Length: 161
Content-Type: application/json; charset=utf-8
host: localhost:11005
accept: */*

Response DefaultHttpResponse(decodeResult: success, version: HTTP/1.1)
HTTP/1.1 200 OK
Content-Length: 14
Content-Type: application/json; charset=utf-8
cache-control: no-cache

[DEBUG] Adding key: http://localhost:11005 for channel [id: 0xe7272be4, L:/127.0.0.1:51733 - R:localhost/127.0.0.1:11005]
[DEBUG] Entry count for : http://localhost:36498 : 1
[DEBUG] Entry count for : http://localhost:37981 : 1
[DEBUG] Entry count for : http://localhost:51378 : 1
[DEBUG] Entry count for : http://localhost:51707 : 1
[DEBUG] Entry count for : http://localhost:11005 : 1
[DEBUG] Entry count for : http://localhost:15044 : 1
[DEBUG] Entry count for : http://localhost:51734 : 1
[DEBUG] Using pooled Channel '[id: 0xe7272be4, L:/127.0.0.1:51733 - R:localhost/127.0.0.1:11005]' for 'POST' to 'http://localhost:11005/session/bfa132e4d8f63f55b7d8a53ffb54b9fe/element'
[DEBUG] Using open Channel [id: 0xe7272be4, L:/127.0.0.1:51733 - R:localhost/127.0.0.1:11005] for POST '/session/bfa132e4d8f63f55b7d8a53ffb54b9fe/element'
[DEBUG] 

Request DefaultHttpRequest(decodeResult: success, version: HTTP/1.1)
POST /session/bfa132e4d8f63f55b7d8a53ffb54b9fe/element HTTP/1.1
User-Agent: selenium/4.8.3 (java windows)
Content-Length: 58
Content-Type: application/json; charset=utf-8
host: localhost:11005
accept: */*

Response DefaultHttpResponse(decodeResult: success, version: HTTP/1.1)
HTTP/1.1 200 OK
Content-Length: 88
Content-Type: application/json; charset=utf-8
cache-control: no-cache

[DEBUG] Adding key: http://localhost:11005 for channel [id: 0xe7272be4, L:/127.0.0.1:51733 - R:localhost/127.0.0.1:11005]
[DEBUG] Using pooled Channel '[id: 0xe7272be4, L:/127.0.0.1:51733 - R:localhost/127.0.0.1:11005]' for 'POST' to 'http://localhost:11005/session/bfa132e4d8f63f55b7d8a53ffb54b9fe/element/4d358c85-b2e9-40bb-baf7-0c1bb03ee911/value'
[DEBUG] Using open Channel [id: 0xe7272be4, L:/127.0.0.1:51733 - R:localhost/127.0.0.1:11005] for POST '/session/bfa132e4d8f63f55b7d8a53ffb54b9fe/element/4d358c85-b2e9-40bb-baf7-0c1bb03ee911/value'
[DEBUG] 

Request DefaultHttpRequest(decodeResult: success, version: HTTP/1.1)
POST /session/bfa132e4d8f63f55b7d8a53ffb54b9fe/element/4d358c85-b2e9-40bb-baf7-0c1bb03ee911/value HTTP/1.1
User-Agent: selenium/4.8.3 (java windows)
Content-Length: 341
Content-Type: application/json; charset=utf-8
host: localhost:11005
accept: */*

Response DefaultHttpResponse(decodeResult: success, version: HTTP/1.1)
HTTP/1.1 200 OK
Content-Length: 14
Content-Type: application/json; charset=utf-8
cache-control: no-cache

[DEBUG] Adding key: http://localhost:11005 for channel [id: 0xe7272be4, L:/127.0.0.1:51733 - R:localhost/127.0.0.1:11005]
[DEBUG] Entry count for : http://localhost:36498 : 1
[DEBUG] Entry count for : http://localhost:37981 : 1
[DEBUG] Entry count for : http://localhost:51378 : 1
[DEBUG] Entry count for : http://localhost:51707 : 1
[DEBUG] Entry count for : http://localhost:11005 : 1
[DEBUG] Entry count for : http://localhost:15044 : 1
[DEBUG] Entry count for : http://localhost:51734 : 1
[DEBUG] Using pooled Channel '[id: 0xe7272be4, L:/127.0.0.1:51733 - R:localhost/127.0.0.1:11005]' for 'POST' to 'http://localhost:11005/session/bfa132e4d8f63f55b7d8a53ffb54b9fe/element'
[DEBUG] Using open Channel [id: 0xe7272be4, L:/127.0.0.1:51733 - R:localhost/127.0.0.1:11005] for POST '/session/bfa132e4d8f63f55b7d8a53ffb54b9fe/element'
[DEBUG] 

Request DefaultHttpRequest(decodeResult: success, version: HTTP/1.1)
POST /session/bfa132e4d8f63f55b7d8a53ffb54b9fe/element HTTP/1.1
User-Agent: selenium/4.8.3 (java windows)
Content-Length: 62
Content-Type: application/json; charset=utf-8
host: localhost:11005
accept: */*

Response DefaultHttpResponse(decodeResult: success, version: HTTP/1.1)
HTTP/1.1 200 OK
Content-Length: 88
Content-Type: application/json; charset=utf-8
cache-control: no-cache

[DEBUG] Adding key: http://localhost:11005 for channel [id: 0xe7272be4, L:/127.0.0.1:51733 - R:localhost/127.0.0.1:11005]
[DEBUG] Using pooled Channel '[id: 0xe7272be4, L:/127.0.0.1:51733 - R:localhost/127.0.0.1:11005]' for 'POST' to 'http://localhost:11005/session/bfa132e4d8f63f55b7d8a53ffb54b9fe/element/e74fe7ef-2f69-4654-aa40-675fe1311844/value'
[DEBUG] Using open Channel [id: 0xe7272be4, L:/127.0.0.1:51733 - R:localhost/127.0.0.1:11005] for POST '/session/bfa132e4d8f63f55b7d8a53ffb54b9fe/element/e74fe7ef-2f69-4654-aa40-675fe1311844/value'
[DEBUG] 

Request DefaultHttpRequest(decodeResult: success, version: HTTP/1.1)
POST /session/bfa132e4d8f63f55b7d8a53ffb54b9fe/element/e74fe7ef-2f69-4654-aa40-675fe1311844/value HTTP/1.1
User-Agent: selenium/4.8.3 (java windows)
Content-Length: 181
Content-Type: application/json; charset=utf-8
host: localhost:11005
accept: */*

Response DefaultHttpResponse(decodeResult: success, version: HTTP/1.1)
HTTP/1.1 200 OK
Content-Length: 14
Content-Type: application/json; charset=utf-8
cache-control: no-cache

[DEBUG] Adding key: http://localhost:11005 for channel [id: 0xe7272be4, L:/127.0.0.1:51733 - R:localhost/127.0.0.1:11005]
[DEBUG] Entry count for : http://localhost:36498 : 1
[DEBUG] Entry count for : http://localhost:37981 : 1
[DEBUG] Entry count for : http://localhost:51378 : 1
[DEBUG] Entry count for : http://localhost:51707 : 1
[DEBUG] Entry count for : http://localhost:11005 : 1
[DEBUG] Entry count for : http://localhost:15044 : 1
[DEBUG] Entry count for : http://localhost:51734 : 1
[DEBUG] Using pooled Channel '[id: 0xe7272be4, L:/127.0.0.1:51733 - R:localhost/127.0.0.1:11005]' for 'POST' to 'http://localhost:11005/session/bfa132e4d8f63f55b7d8a53ffb54b9fe/element'
[DEBUG] Using open Channel [id: 0xe7272be4, L:/127.0.0.1:51733 - R:localhost/127.0.0.1:11005] for POST '/session/bfa132e4d8f63f55b7d8a53ffb54b9fe/element'
[DEBUG] 

Request DefaultHttpRequest(decodeResult: success, version: HTTP/1.1)
POST /session/bfa132e4d8f63f55b7d8a53ffb54b9fe/element HTTP/1.1
User-Agent: selenium/4.8.3 (java windows)
Content-Length: 61
Content-Type: application/json; charset=utf-8
host: localhost:11005
accept: */*

Response DefaultHttpResponse(decodeResult: success, version: HTTP/1.1)
HTTP/1.1 200 OK
Content-Length: 88
Content-Type: application/json; charset=utf-8
cache-control: no-cache

[DEBUG] Adding key: http://localhost:11005 for channel [id: 0xe7272be4, L:/127.0.0.1:51733 - R:localhost/127.0.0.1:11005]
[DEBUG] Using pooled Channel '[id: 0xe7272be4, L:/127.0.0.1:51733 - R:localhost/127.0.0.1:11005]' for 'POST' to 'http://localhost:11005/session/bfa132e4d8f63f55b7d8a53ffb54b9fe/element/93d0343f-b3bb-458d-ae80-0929307854d3/value'
[DEBUG] Using open Channel [id: 0xe7272be4, L:/127.0.0.1:51733 - R:localhost/127.0.0.1:11005] for POST '/session/bfa132e4d8f63f55b7d8a53ffb54b9fe/element/93d0343f-b3bb-458d-ae80-0929307854d3/value'
[DEBUG] 

Request DefaultHttpRequest(decodeResult: success, version: HTTP/1.1)
POST /session/bfa132e4d8f63f55b7d8a53ffb54b9fe/element/93d0343f-b3bb-458d-ae80-0929307854d3/value HTTP/1.1
User-Agent: selenium/4.8.3 (java windows)
Content-Length: 201
Content-Type: application/json; charset=utf-8
host: localhost:11005
accept: */*

Response DefaultHttpResponse(decodeResult: success, version: HTTP/1.1)
HTTP/1.1 200 OK
Content-Length: 14
Content-Type: application/json; charset=utf-8
cache-control: no-cache

[DEBUG] Adding key: http://localhost:11005 for channel [id: 0xe7272be4, L:/127.0.0.1:51733 - R:localhost/127.0.0.1:11005]
[DEBUG] Entry count for : http://localhost:36498 : 1
[DEBUG] Entry count for : http://localhost:37981 : 1
[DEBUG] Entry count for : http://localhost:51378 : 1
[DEBUG] Entry count for : http://localhost:51707 : 1
[DEBUG] Entry count for : http://localhost:11005 : 1
[DEBUG] Entry count for : http://localhost:15044 : 1
[DEBUG] Entry count for : http://localhost:51734 : 1
[DEBUG] Using pooled Channel '[id: 0xe7272be4, L:/127.0.0.1:51733 - R:localhost/127.0.0.1:11005]' for 'POST' to 'http://localhost:11005/session/bfa132e4d8f63f55b7d8a53ffb54b9fe/element'
[DEBUG] Using open Channel [id: 0xe7272be4, L:/127.0.0.1:51733 - R:localhost/127.0.0.1:11005] for POST '/session/bfa132e4d8f63f55b7d8a53ffb54b9fe/element'
[DEBUG] 

Request DefaultHttpRequest(decodeResult: success, version: HTTP/1.1)
POST /session/bfa132e4d8f63f55b7d8a53ffb54b9fe/element HTTP/1.1
User-Agent: selenium/4.8.3 (java windows)
Content-Length: 60
Content-Type: application/json; charset=utf-8
host: localhost:11005
accept: */*

Response DefaultHttpResponse(decodeResult: success, version: HTTP/1.1)
HTTP/1.1 200 OK
Content-Length: 88
Content-Type: application/json; charset=utf-8
cache-control: no-cache

[DEBUG] Adding key: http://localhost:11005 for channel [id: 0xe7272be4, L:/127.0.0.1:51733 - R:localhost/127.0.0.1:11005]
[DEBUG] Using pooled Channel '[id: 0xe7272be4, L:/127.0.0.1:51733 - R:localhost/127.0.0.1:11005]' for 'POST' to 'http://localhost:11005/session/bfa132e4d8f63f55b7d8a53ffb54b9fe/element/d9a0720a-04ed-497c-a7c4-b465369b9843/value'
[DEBUG] Using open Channel [id: 0xe7272be4, L:/127.0.0.1:51733 - R:localhost/127.0.0.1:11005] for POST '/session/bfa132e4d8f63f55b7d8a53ffb54b9fe/element/d9a0720a-04ed-497c-a7c4-b465369b9843/value'
[DEBUG] 

Request DefaultHttpRequest(decodeResult: success, version: HTTP/1.1)
POST /session/bfa132e4d8f63f55b7d8a53ffb54b9fe/element/d9a0720a-04ed-497c-a7c4-b465369b9843/value HTTP/1.1
User-Agent: selenium/4.8.3 (java windows)
Content-Length: 201
Content-Type: application/json; charset=utf-8
host: localhost:11005
accept: */*

Response DefaultHttpResponse(decodeResult: success, version: HTTP/1.1)
HTTP/1.1 200 OK
Content-Length: 14
Content-Type: application/json; charset=utf-8
cache-control: no-cache

[DEBUG] Adding key: http://localhost:11005 for channel [id: 0xe7272be4, L:/127.0.0.1:51733 - R:localhost/127.0.0.1:11005]
[DEBUG] Entry count for : http://localhost:36498 : 1
[DEBUG] Entry count for : http://localhost:37981 : 1
[DEBUG] Entry count for : http://localhost:51378 : 1
[DEBUG] Entry count for : http://localhost:51707 : 1
[DEBUG] Entry count for : http://localhost:11005 : 1
[DEBUG] Entry count for : http://localhost:15044 : 1
[DEBUG] Entry count for : http://localhost:51734 : 1
[DEBUG] Using pooled Channel '[id: 0xe7272be4, L:/127.0.0.1:51733 - R:localhost/127.0.0.1:11005]' for 'POST' to 'http://localhost:11005/session/bfa132e4d8f63f55b7d8a53ffb54b9fe/element'
[DEBUG] Using open Channel [id: 0xe7272be4, L:/127.0.0.1:51733 - R:localhost/127.0.0.1:11005] for POST '/session/bfa132e4d8f63f55b7d8a53ffb54b9fe/element'
[DEBUG] 

Request DefaultHttpRequest(decodeResult: success, version: HTTP/1.1)
POST /session/bfa132e4d8f63f55b7d8a53ffb54b9fe/element HTTP/1.1
User-Agent: selenium/4.8.3 (java windows)
Content-Length: 59
Content-Type: application/json; charset=utf-8
host: localhost:11005
accept: */*

Response DefaultHttpResponse(decodeResult: success, version: HTTP/1.1)
HTTP/1.1 200 OK
Content-Length: 88
Content-Type: application/json; charset=utf-8
cache-control: no-cache

[DEBUG] Adding key: http://localhost:11005 for channel [id: 0xe7272be4, L:/127.0.0.1:51733 - R:localhost/127.0.0.1:11005]
[DEBUG] Using pooled Channel '[id: 0xe7272be4, L:/127.0.0.1:51733 - R:localhost/127.0.0.1:11005]' for 'POST' to 'http://localhost:11005/session/bfa132e4d8f63f55b7d8a53ffb54b9fe/element/e856ece6-16cd-44db-a979-54b8e64afe50/click'
[DEBUG] Using open Channel [id: 0xe7272be4, L:/127.0.0.1:51733 - R:localhost/127.0.0.1:11005] for POST '/session/bfa132e4d8f63f55b7d8a53ffb54b9fe/element/e856ece6-16cd-44db-a979-54b8e64afe50/click'
[DEBUG] 

Request DefaultHttpRequest(decodeResult: success, version: HTTP/1.1)
POST /session/bfa132e4d8f63f55b7d8a53ffb54b9fe/element/e856ece6-16cd-44db-a979-54b8e64afe50/click HTTP/1.1
User-Agent: selenium/4.8.3 (java windows)
Content-Length: 50
Content-Type: application/json; charset=utf-8
host: localhost:11005
accept: */*

Response DefaultHttpResponse(decodeResult: success, version: HTTP/1.1)
HTTP/1.1 200 OK
Content-Length: 14
Content-Type: application/json; charset=utf-8
cache-control: no-cache

[DEBUG] Adding key: http://localhost:11005 for channel [id: 0xe7272be4, L:/127.0.0.1:51733 - R:localhost/127.0.0.1:11005]
[DEBUG] Entry count for : http://localhost:36498 : 1
[DEBUG] Entry count for : http://localhost:37981 : 1
[DEBUG] Entry count for : http://localhost:51378 : 1
[DEBUG] Entry count for : http://localhost:51707 : 1
[DEBUG] Entry count for : http://localhost:11005 : 1
[DEBUG] Entry count for : http://localhost:15044 : 1
[DEBUG] Entry count for : http://localhost:51734 : 1
[DEBUG] Using pooled Channel '[id: 0xe7272be4, L:/127.0.0.1:51733 - R:localhost/127.0.0.1:11005]' for 'POST' to 'http://localhost:11005/session/bfa132e4d8f63f55b7d8a53ffb54b9fe/element'
[DEBUG] Using open Channel [id: 0xe7272be4, L:/127.0.0.1:51733 - R:localhost/127.0.0.1:11005] for POST '/session/bfa132e4d8f63f55b7d8a53ffb54b9fe/element'
[DEBUG] 

Request DefaultHttpRequest(decodeResult: success, version: HTTP/1.1)
POST /session/bfa132e4d8f63f55b7d8a53ffb54b9fe/element HTTP/1.1
User-Agent: selenium/4.8.3 (java windows)
Content-Length: 65
Content-Type: application/json; charset=utf-8
host: localhost:11005
accept: */*

Response DefaultHttpResponse(decodeResult: success, version: HTTP/1.1)
HTTP/1.1 200 OK
Content-Length: 88
Content-Type: application/json; charset=utf-8
cache-control: no-cache

[DEBUG] Adding key: http://localhost:11005 for channel [id: 0xe7272be4, L:/127.0.0.1:51733 - R:localhost/127.0.0.1:11005]
[DEBUG] Using pooled Channel '[id: 0xe7272be4, L:/127.0.0.1:51733 - R:localhost/127.0.0.1:11005]' for 'POST' to 'http://localhost:11005/session/bfa132e4d8f63f55b7d8a53ffb54b9fe/element/04a72eb5-062c-4668-9b0f-cdef9af8843a/click'
[DEBUG] Using open Channel [id: 0xe7272be4, L:/127.0.0.1:51733 - R:localhost/127.0.0.1:11005] for POST '/session/bfa132e4d8f63f55b7d8a53ffb54b9fe/element/04a72eb5-062c-4668-9b0f-cdef9af8843a/click'
[DEBUG] 

Request DefaultHttpRequest(decodeResult: success, version: HTTP/1.1)
POST /session/bfa132e4d8f63f55b7d8a53ffb54b9fe/element/04a72eb5-062c-4668-9b0f-cdef9af8843a/click HTTP/1.1
User-Agent: selenium/4.8.3 (java windows)
Content-Length: 50
Content-Type: application/json; charset=utf-8
host: localhost:11005
accept: */*

Response DefaultHttpResponse(decodeResult: success, version: HTTP/1.1)
HTTP/1.1 200 OK
Content-Length: 14
Content-Type: application/json; charset=utf-8
cache-control: no-cache

[DEBUG] Adding key: http://localhost:11005 for channel [id: 0xe7272be4, L:/127.0.0.1:51733 - R:localhost/127.0.0.1:11005]
]]></system-out>
    <system-err><![CDATA[Starting ChromeDriver 112.0.5615.49 (bd2a7bcb881c11e8cfe3078709382934e3916914-refs/branch-heads/5615@{#936}) on port 11005
Only local connections are allowed.
Please see https://chromedriver.chromium.org/security-considerations for suggestions on keeping ChromeDriver safe.
ChromeDriver was started successfully.
Apr 22, 2023 4:12:09 PM org.openqa.selenium.devtools.CdpVersionFinder findNearestMatch
WARNING: Unable to find an exact match for CDP version 112, so returning the closest version found: 111
]]></system-err>
  </testcase>
  <testcase name="mouseActionsTest" classname="com.automationcode_01stApril_2023.Actioms_Mouse_keyboard" time="6.087">
    <system-out><![CDATA[[DEBUG] Channel Closed: [id: 0x32ac58b4, L:/127.0.0.1:51741 ! R:localhost/127.0.0.1:51734] with attribute NettyResponseFuture{currentRetry=0,
	isDone=1,
	isCancelled=0,
	asyncHandler=org.asynchttpclient.ws.WebSocketUpgradeHandler@e2ba747,
	nettyRequest=org.asynchttpclient.netty.request.NettyRequest@2b8213b2,
	future=java.util.concurrent.CompletableFuture@7f82fd11[Completed normally],
	uri=ws://localhost:51734/devtools/browser/d469cf38-94ad-4ad8-bc44-8c6900bd1732,
	keepAlive=true,
	redirectCount=0,
	timeoutsHolder=null,
	inAuth=0,
	touch=1682194329435}
[DEBUG] Closing Channel [id: 0x32ac58b4, L:/127.0.0.1:51741 ! R:localhost/127.0.0.1:51734] 
[DEBUG] Using pooled Channel '[id: 0xe7272be4, L:/127.0.0.1:51733 - R:localhost/127.0.0.1:11005]' for 'DELETE' to 'http://localhost:11005/session/bfa132e4d8f63f55b7d8a53ffb54b9fe'
[DEBUG] Using open Channel [id: 0xe7272be4, L:/127.0.0.1:51733 - R:localhost/127.0.0.1:11005] for DELETE '/session/bfa132e4d8f63f55b7d8a53ffb54b9fe'
[DEBUG] Unexpected I/O exception on channel [id: 0xf7a0601d, L:/127.0.0.1:51740 - R:localhost/127.0.0.1:51734]
java.io.IOException: An existing connection was forcibly closed by the remote host
	at sun.nio.ch.SocketDispatcher.read0(Native Method) ~[na:1.8.0_351]
	at sun.nio.ch.SocketDispatcher.read(SocketDispatcher.java:43) ~[na:1.8.0_351]
	at sun.nio.ch.IOUtil.readIntoNativeBuffer(IOUtil.java:223) ~[na:1.8.0_351]
	at sun.nio.ch.IOUtil.read(IOUtil.java:192) ~[na:1.8.0_351]
	at sun.nio.ch.SocketChannelImpl.read(SocketChannelImpl.java:378) ~[na:1.8.0_351]
	at io.netty.buffer.PooledByteBuf.setBytes(PooledByteBuf.java:256) ~[netty-buffer-4.1.90.Final.jar:4.1.90.Final]
	at io.netty.buffer.AbstractByteBuf.writeBytes(AbstractByteBuf.java:1132) ~[netty-buffer-4.1.90.Final.jar:4.1.90.Final]
	at io.netty.channel.socket.nio.NioSocketChannel.doReadBytes(NioSocketChannel.java:357) ~[netty-transport-4.1.90.Final.jar:4.1.90.Final]
	at io.netty.channel.nio.AbstractNioByteChannel$NioByteUnsafe.read(AbstractNioByteChannel.java:151) ~[netty-transport-4.1.90.Final.jar:4.1.90.Final]
	at io.netty.channel.nio.NioEventLoop.processSelectedKey(NioEventLoop.java:788) [netty-transport-4.1.90.Final.jar:4.1.90.Final]
	at io.netty.channel.nio.NioEventLoop.processSelectedKeysOptimized(NioEventLoop.java:724) [netty-transport-4.1.90.Final.jar:4.1.90.Final]
	at io.netty.channel.nio.NioEventLoop.processSelectedKeys(NioEventLoop.java:650) [netty-transport-4.1.90.Final.jar:4.1.90.Final]
	at io.netty.channel.nio.NioEventLoop.run(NioEventLoop.java:562) [netty-transport-4.1.90.Final.jar:4.1.90.Final]
	at io.netty.util.concurrent.SingleThreadEventExecutor$4.run(SingleThreadEventExecutor.java:997) [netty-common-4.1.90.Final.jar:4.1.90.Final]
	at io.netty.util.internal.ThreadExecutorMap$2.run(ThreadExecutorMap.java:74) [netty-common-4.1.90.Final.jar:4.1.90.Final]
	at io.netty.util.concurrent.FastThreadLocalRunnable.run(FastThreadLocalRunnable.java:30) [netty-common-4.1.90.Final.jar:4.1.90.Final]
	at java.lang.Thread.run(Thread.java:750) [na:1.8.0_351]
[DEBUG] Closing Channel [id: 0xf7a0601d, L:/127.0.0.1:51740 - R:localhost/127.0.0.1:51734] 
[DEBUG] Channel Closed: [id: 0xf7a0601d, L:/127.0.0.1:51740 ! R:localhost/127.0.0.1:51734] with attribute DISCARD
[DEBUG] Entry count for : http://localhost:36498 : 1
[DEBUG] Entry count for : http://localhost:37981 : 1
[DEBUG] Entry count for : http://localhost:51378 : 1
[DEBUG] Entry count for : http://localhost:51707 : 1
[DEBUG] Entry count for : http://localhost:15044 : 1
[DEBUG] Entry count for : http://localhost:51734 : 1
[DEBUG] Adding Candidate expired Channel [id: 0xf7a0601d, L:/127.0.0.1:51740 ! R:localhost/127.0.0.1:51734] isIdleTimeoutExpired=false isRemotelyClosed=true isTtlExpired=false
[DEBUG] Closing Idle Channel [id: 0xf7a0601d, L:/127.0.0.1:51740 ! R:localhost/127.0.0.1:51734]
[DEBUG] Closed 1 connections out of 6 in 0 ms
[DEBUG] 

Request DefaultFullHttpRequest(decodeResult: success, version: HTTP/1.1, content: EmptyByteBufBE)
DELETE /session/bfa132e4d8f63f55b7d8a53ffb54b9fe HTTP/1.1
User-Agent: selenium/4.8.3 (java windows)
Content-Type: application/json; charset=utf-8
host: localhost:11005
accept: */*

Response DefaultHttpResponse(decodeResult: success, version: HTTP/1.1)
HTTP/1.1 200 OK
Content-Length: 14
Content-Type: application/json; charset=utf-8
cache-control: no-cache

[DEBUG] Adding key: http://localhost:11005 for channel [id: 0xe7272be4, L:/127.0.0.1:51733 - R:localhost/127.0.0.1:11005]
[DEBUG] Channel Closed: [id: 0xe7272be4, L:/127.0.0.1:51733 ! R:localhost/127.0.0.1:11005] with attribute DISCARD
[DEBUG] Using new Channel '[id: 0x48dfadcf, L:/127.0.0.1:51787 - R:localhost/127.0.0.1:33878]' for 'POST' to '/session'
[DEBUG] Entry count for : http://localhost:36498 : 1
[DEBUG] Entry count for : http://localhost:37981 : 1
[DEBUG] Entry count for : http://localhost:51378 : 1
[DEBUG] Entry count for : http://localhost:51707 : 1
[DEBUG] Entry count for : http://localhost:11005 : 1
[DEBUG] Entry count for : http://localhost:15044 : 1
[DEBUG] Adding Candidate expired Channel [id: 0xe7272be4, L:/127.0.0.1:51733 ! R:localhost/127.0.0.1:11005] isIdleTimeoutExpired=false isRemotelyClosed=true isTtlExpired=false
[DEBUG] Closing Idle Channel [id: 0xe7272be4, L:/127.0.0.1:51733 ! R:localhost/127.0.0.1:11005]
[DEBUG] Closed 1 connections out of 6 in 0 ms
[DEBUG] Entry count for : http://localhost:36498 : 1
[DEBUG] Entry count for : http://localhost:37981 : 1
[DEBUG] Entry count for : http://localhost:51378 : 1
[DEBUG] Entry count for : http://localhost:51707 : 1
[DEBUG] Entry count for : http://localhost:15044 : 1
[DEBUG] 

Request DefaultHttpRequest(decodeResult: success, version: HTTP/1.1)
POST /session HTTP/1.1
User-Agent: selenium/4.8.3 (java windows)
Content-Length: 381
Content-Type: application/json; charset=utf-8
host: localhost:33878
accept: */*

Response DefaultHttpResponse(decodeResult: success, version: HTTP/1.1)
HTTP/1.1 200 OK
content-type: application/json; charset=utf-8
cache-control: no-cache
content-length: 791
date: Sat, 22 Apr 2023 20:12:25 GMT

[DEBUG] Adding key: http://localhost:33878 for channel [id: 0x48dfadcf, L:/127.0.0.1:51787 - R:localhost/127.0.0.1:33878]
[DEBUG] Using new Channel '[id: 0x7522b78b, L:/127.0.0.1:51802 - R:/127.0.0.1:35614]' for 'GET' to '/json/version'
[DEBUG] 

Request DefaultFullHttpRequest(decodeResult: success, version: HTTP/1.1, content: EmptyByteBufBE)
GET /json/version HTTP/1.1
User-Agent: selenium/4.8.3 (java windows)
host: 127.0.0.1:35614
accept: */*

Response DefaultHttpResponse(decodeResult: success, version: HTTP/1.1)
HTTP/1.1 200 OK
content-type: application/json
connection: close
server: httpd.js
date: Sat, 22 Apr 2023 20:12:27 GMT
content-length: 311

[DEBUG] Closing Channel [id: 0x7522b78b, L:/127.0.0.1:51802 - R:/127.0.0.1:35614] 
[DEBUG] Channel Closed: [id: 0x7522b78b, L:/127.0.0.1:51802 ! R:/127.0.0.1:35614] with attribute DISCARD
[DEBUG] Using pooled Channel '[id: 0x48dfadcf, L:/127.0.0.1:51787 - R:localhost/127.0.0.1:33878]' for 'POST' to 'http://localhost:33878/session/533da8d2-a080-4771-b70a-46929268117b/url'
[DEBUG] Using open Channel [id: 0x48dfadcf, L:/127.0.0.1:51787 - R:localhost/127.0.0.1:33878] for POST '/session/533da8d2-a080-4771-b70a-46929268117b/url'
[DEBUG] Entry count for : http://localhost:36498 : 1
[DEBUG] Entry count for : http://localhost:37981 : 1
[DEBUG] Entry count for : http://localhost:51378 : 1
[DEBUG] Entry count for : http://localhost:51707 : 1
[DEBUG] Entry count for : http://localhost:15044 : 1
[DEBUG] Entry count for : http://localhost:36498 : 1
[DEBUG] Entry count for : http://localhost:37981 : 1
[DEBUG] Entry count for : http://localhost:51378 : 1
[DEBUG] Entry count for : http://localhost:51707 : 1
[DEBUG] Entry count for : http://localhost:15044 : 1
[DEBUG] Entry count for : http://localhost:36498 : 1
[DEBUG] Entry count for : http://localhost:37981 : 1
[DEBUG] Entry count for : http://localhost:51378 : 1
[DEBUG] Entry count for : http://localhost:51707 : 1
[DEBUG] Entry count for : http://localhost:15044 : 1
[DEBUG] 

Request DefaultHttpRequest(decodeResult: success, version: HTTP/1.1)
POST /session/533da8d2-a080-4771-b70a-46929268117b/url HTTP/1.1
User-Agent: selenium/4.8.3 (java windows)
Content-Length: 59
Content-Type: application/json; charset=utf-8
host: localhost:33878
accept: */*

Response DefaultHttpResponse(decodeResult: success, version: HTTP/1.1)
HTTP/1.1 200 OK
content-type: application/json; charset=utf-8
cache-control: no-cache
content-length: 14
date: Sat, 22 Apr 2023 20:12:27 GMT

[DEBUG] Adding key: http://localhost:33878 for channel [id: 0x48dfadcf, L:/127.0.0.1:51787 - R:localhost/127.0.0.1:33878]
[DEBUG] Using pooled Channel '[id: 0x48dfadcf, L:/127.0.0.1:51787 - R:localhost/127.0.0.1:33878]' for 'POST' to 'http://localhost:33878/session/533da8d2-a080-4771-b70a-46929268117b/element'
[DEBUG] Using open Channel [id: 0x48dfadcf, L:/127.0.0.1:51787 - R:localhost/127.0.0.1:33878] for POST '/session/533da8d2-a080-4771-b70a-46929268117b/element'
[DEBUG] 

Request DefaultHttpRequest(decodeResult: success, version: HTTP/1.1)
POST /session/533da8d2-a080-4771-b70a-46929268117b/element HTTP/1.1
User-Agent: selenium/4.8.3 (java windows)
Content-Length: 99
Content-Type: application/json; charset=utf-8
host: localhost:33878
accept: */*

Response DefaultHttpResponse(decodeResult: success, version: HTTP/1.1)
HTTP/1.1 200 OK
content-type: application/json; charset=utf-8
cache-control: no-cache
content-length: 88
date: Sat, 22 Apr 2023 20:12:30 GMT

[DEBUG] Adding key: http://localhost:33878 for channel [id: 0x48dfadcf, L:/127.0.0.1:51787 - R:localhost/127.0.0.1:33878]
[DEBUG] Using pooled Channel '[id: 0x48dfadcf, L:/127.0.0.1:51787 - R:localhost/127.0.0.1:33878]' for 'POST' to 'http://localhost:33878/session/533da8d2-a080-4771-b70a-46929268117b/actions'
[DEBUG] Using open Channel [id: 0x48dfadcf, L:/127.0.0.1:51787 - R:localhost/127.0.0.1:33878] for POST '/session/533da8d2-a080-4771-b70a-46929268117b/actions'
[DEBUG] 

Request DefaultHttpRequest(decodeResult: success, version: HTTP/1.1)
POST /session/533da8d2-a080-4771-b70a-46929268117b/actions HTTP/1.1
User-Agent: selenium/4.8.3 (java windows)
Content-Length: 480
Content-Type: application/json; charset=utf-8
host: localhost:33878
accept: */*

Response DefaultHttpResponse(decodeResult: success, version: HTTP/1.1)
HTTP/1.1 200 OK
content-type: application/json; charset=utf-8
cache-control: no-cache
content-length: 14
date: Sat, 22 Apr 2023 20:12:30 GMT

[DEBUG] Adding key: http://localhost:33878 for channel [id: 0x48dfadcf, L:/127.0.0.1:51787 - R:localhost/127.0.0.1:33878]
[DEBUG] Using pooled Channel '[id: 0x48dfadcf, L:/127.0.0.1:51787 - R:localhost/127.0.0.1:33878]' for 'POST' to 'http://localhost:33878/session/533da8d2-a080-4771-b70a-46929268117b/element'
[DEBUG] Using open Channel [id: 0x48dfadcf, L:/127.0.0.1:51787 - R:localhost/127.0.0.1:33878] for POST '/session/533da8d2-a080-4771-b70a-46929268117b/element'
[DEBUG] 

Request DefaultHttpRequest(decodeResult: success, version: HTTP/1.1)
POST /session/533da8d2-a080-4771-b70a-46929268117b/element HTTP/1.1
User-Agent: selenium/4.8.3 (java windows)
Content-Length: 62
Content-Type: application/json; charset=utf-8
host: localhost:33878
accept: */*

Response DefaultHttpResponse(decodeResult: success, version: HTTP/1.1)
HTTP/1.1 200 OK
content-type: application/json; charset=utf-8
cache-control: no-cache
content-length: 88
date: Sat, 22 Apr 2023 20:12:30 GMT

[DEBUG] Adding key: http://localhost:33878 for channel [id: 0x48dfadcf, L:/127.0.0.1:51787 - R:localhost/127.0.0.1:33878]
[DEBUG] Using pooled Channel '[id: 0x48dfadcf, L:/127.0.0.1:51787 - R:localhost/127.0.0.1:33878]' for 'POST' to 'http://localhost:33878/session/533da8d2-a080-4771-b70a-46929268117b/actions'
[DEBUG] Using open Channel [id: 0x48dfadcf, L:/127.0.0.1:51787 - R:localhost/127.0.0.1:33878] for POST '/session/533da8d2-a080-4771-b70a-46929268117b/actions'
[DEBUG] 

Request DefaultHttpRequest(decodeResult: success, version: HTTP/1.1)
POST /session/533da8d2-a080-4771-b70a-46929268117b/actions HTTP/1.1
User-Agent: selenium/4.8.3 (java windows)
Content-Length: 630
Content-Type: application/json; charset=utf-8
host: localhost:33878
accept: */*

Response DefaultHttpResponse(decodeResult: success, version: HTTP/1.1)
HTTP/1.1 200 OK
content-type: application/json; charset=utf-8
cache-control: no-cache
content-length: 14
date: Sat, 22 Apr 2023 20:12:30 GMT

[DEBUG] Adding key: http://localhost:33878 for channel [id: 0x48dfadcf, L:/127.0.0.1:51787 - R:localhost/127.0.0.1:33878]
[DEBUG] Using pooled Channel '[id: 0x48dfadcf, L:/127.0.0.1:51787 - R:localhost/127.0.0.1:33878]' for 'POST' to 'http://localhost:33878/session/533da8d2-a080-4771-b70a-46929268117b/element'
[DEBUG] Using open Channel [id: 0x48dfadcf, L:/127.0.0.1:51787 - R:localhost/127.0.0.1:33878] for POST '/session/533da8d2-a080-4771-b70a-46929268117b/element'
[DEBUG] 

Request DefaultHttpRequest(decodeResult: success, version: HTTP/1.1)
POST /session/533da8d2-a080-4771-b70a-46929268117b/element HTTP/1.1
User-Agent: selenium/4.8.3 (java windows)
Content-Length: 62
Content-Type: application/json; charset=utf-8
host: localhost:33878
accept: */*

Response DefaultHttpResponse(decodeResult: success, version: HTTP/1.1)
HTTP/1.1 200 OK
content-type: application/json; charset=utf-8
cache-control: no-cache
content-length: 88
date: Sat, 22 Apr 2023 20:12:30 GMT

[DEBUG] Adding key: http://localhost:33878 for channel [id: 0x48dfadcf, L:/127.0.0.1:51787 - R:localhost/127.0.0.1:33878]
[DEBUG] Using pooled Channel '[id: 0x48dfadcf, L:/127.0.0.1:51787 - R:localhost/127.0.0.1:33878]' for 'POST' to 'http://localhost:33878/session/533da8d2-a080-4771-b70a-46929268117b/actions'
[DEBUG] Using open Channel [id: 0x48dfadcf, L:/127.0.0.1:51787 - R:localhost/127.0.0.1:33878] for POST '/session/533da8d2-a080-4771-b70a-46929268117b/actions'
[DEBUG] Entry count for : http://localhost:36498 : 1
[DEBUG] Entry count for : http://localhost:37981 : 1
[DEBUG] Entry count for : http://localhost:51378 : 1
[DEBUG] Entry count for : http://localhost:51707 : 1
[DEBUG] Entry count for : http://localhost:15044 : 1
[DEBUG] 

Request DefaultHttpRequest(decodeResult: success, version: HTTP/1.1)
POST /session/533da8d2-a080-4771-b70a-46929268117b/actions HTTP/1.1
User-Agent: selenium/4.8.3 (java windows)
Content-Length: 630
Content-Type: application/json; charset=utf-8
host: localhost:33878
accept: */*

Response DefaultHttpResponse(decodeResult: success, version: HTTP/1.1)
HTTP/1.1 200 OK
content-type: application/json; charset=utf-8
cache-control: no-cache
content-length: 14
date: Sat, 22 Apr 2023 20:12:30 GMT

[DEBUG] Adding key: http://localhost:33878 for channel [id: 0x48dfadcf, L:/127.0.0.1:51787 - R:localhost/127.0.0.1:33878]
]]></system-out>
    <system-err><![CDATA[1682194344983	geckodriver	INFO	Listening on 127.0.0.1:33878
1682194345040	mozrunner::runner	INFO	Running command: "C:\\Program Files\\Mozilla Firefox\\firefox.exe" "--marionette" "--remote-debugging-port" "35614" "--remote ... localhost:35614/,http://[::1]:35614/" "-no-remote" "-profile" "C:\\Users\\shams\\AppData\\Local\\Temp\\rust_mozprofileQYryfr"
console.warn: services.settings: Ignoring preference override of remote settings server
console.warn: services.settings: Allow by setting MOZ_REMOTE_SETTINGS_DEVTOOLS=1 in the environment
1682194345411	Marionette	INFO	Marionette enabled
Dynamically enable window occlusion 0
1682194345416	Marionette	INFO	Listening on port 51790
Read port: 51790
WebDriver BiDi listening on ws://127.0.0.1:35614
1682194345558	RemoteAgent	WARN	TLS certificate errors will be ignored for this session
console.warn: SearchSettings: "get: No settings file exists, new profile?" (new NotFoundError("Could not open the file at C:\\Users\\shams\\AppData\\Local\\Temp\\rust_mozprofileQYryfr\\search.json.mozlz4", (void 0)))
[ERROR glean_core] Error setting metrics feature config: Json(Error("EOF while parsing a value", line: 1, column: 0))
DevTools listening on ws://127.0.0.1:35614/devtools/browser/6e8730a1-8083-4302-9f15-77e7f8b46e73
console.warn: LoginRecipes: "Falling back to a synchronous message for: https://www.browserstack.com."
console.warn: LoginRecipes: "Falling back to a synchronous message for: https://www.browserstack.com."
console.warn: LoginRecipes: "Falling back to a synchronous message for: https://www.browserstack.com."
console.warn: LoginRecipes: "Falling back to a synchronous message for: https://www.browserstack.com."
]]></system-err>
  </testcase>
  <testcase name="logicTest" classname="com.testng.assertion_2ndApril_2023.HardAssert" time="0.001">
    <failure message="expected [true] but found [false]" type="java.lang.AssertionError"><![CDATA[java.lang.AssertionError: expected [true] but found [false]
	at org.testng.Assert.fail(Assert.java:96)
	at org.testng.Assert.failNotEquals(Assert.java:776)
	at org.testng.Assert.assertTrue(Assert.java:44)
	at org.testng.Assert.assertTrue(Assert.java:54)
	at com.testng.assertion_2ndApril_2023.HardAssert.logicTest(HardAssert.java:13)
	at sun.reflect.NativeMethodAccessorImpl.invoke0(Native Method)
	at sun.reflect.NativeMethodAccessorImpl.invoke(NativeMethodAccessorImpl.java:62)
	at sun.reflect.DelegatingMethodAccessorImpl.invoke(DelegatingMethodAccessorImpl.java:43)
	at java.lang.reflect.Method.invoke(Method.java:498)
	at org.testng.internal.MethodInvocationHelper.invokeMethod(MethodInvocationHelper.java:124)
	at org.testng.internal.Invoker.invokeMethod(Invoker.java:583)
	at org.testng.internal.Invoker.invokeTestMethod(Invoker.java:719)
	at org.testng.internal.Invoker.invokeTestMethods(Invoker.java:989)
	at org.testng.internal.TestMethodWorker.invokeTestMethods(TestMethodWorker.java:125)
	at org.testng.internal.TestMethodWorker.run(TestMethodWorker.java:109)
	at org.testng.TestRunner.privateRun(TestRunner.java:648)
	at org.testng.TestRunner.run(TestRunner.java:505)
	at org.testng.SuiteRunner.runTest(SuiteRunner.java:455)
	at org.testng.SuiteRunner.runSequentially(SuiteRunner.java:450)
	at org.testng.SuiteRunner.privateRun(SuiteRunner.java:415)
	at org.testng.SuiteRunner.run(SuiteRunner.java:364)
	at org.testng.SuiteRunnerWorker.runSuite(SuiteRunnerWorker.java:52)
	at org.testng.SuiteRunnerWorker.run(SuiteRunnerWorker.java:84)
	at org.testng.TestNG.runSuitesSequentially(TestNG.java:1208)
	at org.testng.TestNG.runSuitesLocally(TestNG.java:1137)
	at org.testng.TestNG.runSuites(TestNG.java:1049)
	at org.testng.TestNG.run(TestNG.java:1017)
	at org.apache.maven.surefire.testng.TestNGExecutor.run(TestNGExecutor.java:324)
	at org.apache.maven.surefire.testng.TestNGXmlTestSuite.execute(TestNGXmlTestSuite.java:74)
	at org.apache.maven.surefire.testng.TestNGProvider.invoke(TestNGProvider.java:123)
	at org.apache.maven.surefire.booter.ForkedBooter.runSuitesInProcess(ForkedBooter.java:456)
	at org.apache.maven.surefire.booter.ForkedBooter.execute(ForkedBooter.java:169)
	at org.apache.maven.surefire.booter.ForkedBooter.run(ForkedBooter.java:595)
	at org.apache.maven.surefire.booter.ForkedBooter.main(ForkedBooter.java:581)
]]></failure>
    <system-out><![CDATA[5
]]></system-out>
  </testcase>
  <testcase name="verification" classname="learningTestNG.ClaasAssignment_TN" time="7.215">
    <system-out><![CDATA[[DEBUG] Using new Channel '[id: 0x14fbf176, L:/127.0.0.1:51859 - R:localhost/127.0.0.1:26365]' for 'POST' to '/session'
[DEBUG] 

Request DefaultHttpRequest(decodeResult: success, version: HTTP/1.1)
POST /session HTTP/1.1
User-Agent: selenium/4.8.3 (java windows)
Content-Length: 623
Content-Type: application/json; charset=utf-8
host: localhost:26365
accept: */*

Response DefaultHttpResponse(decodeResult: success, version: HTTP/1.1)
HTTP/1.1 200 OK
Content-Length: 860
Content-Type: application/json; charset=utf-8
cache-control: no-cache

[DEBUG] Adding key: http://localhost:26365 for channel [id: 0x14fbf176, L:/127.0.0.1:51859 - R:localhost/127.0.0.1:26365]
[DEBUG] Using new Channel '[id: 0xe9ff642a, L:/127.0.0.1:51875 - R:localhost/127.0.0.1:51864]' for 'GET' to '/json/version'
[DEBUG] 

Request DefaultFullHttpRequest(decodeResult: success, version: HTTP/1.1, content: EmptyByteBufBE)
GET /json/version HTTP/1.1
User-Agent: selenium/4.8.3 (java windows)
host: localhost:51864
accept: */*

Response DefaultHttpResponse(decodeResult: success, version: HTTP/1.1)
HTTP/1.1 200 OK
Content-Security-Policy: frame-ancestors 'none'
Content-Length: 424
Content-Type: application/json; charset=UTF-8

[DEBUG] Adding key: http://localhost:51864 for channel [id: 0xe9ff642a, L:/127.0.0.1:51875 - R:localhost/127.0.0.1:51864]
[DEBUG] Using new Channel '[id: 0x566bc350, L:/127.0.0.1:51876 - R:localhost/127.0.0.1:51864]' for 'GET' to '/devtools/browser/9840c4ce-490d-414e-81f9-839335c5f55a'
[DEBUG] 

Request DefaultFullHttpRequest(decodeResult: success, version: HTTP/1.1, content: EmptyByteBufBE)
GET /devtools/browser/9840c4ce-490d-414e-81f9-839335c5f55a HTTP/1.1
upgrade: websocket
connection: upgrade
sec-websocket-key: JfpiVB4QO3wArtc94H37lg==
sec-websocket-version: 13
origin: http://localhost:51864
host: localhost:51864
accept: */*
user-agent: AHC/2.1

Response DefaultHttpResponse(decodeResult: success, version: HTTP/1.1)
HTTP/1.1 101 WebSocket Protocol Handshake
Upgrade: WebSocket
Connection: Upgrade
Sec-WebSocket-Accept: DVgOnJGAKjWYn18Pe2e6yQUD1C4=

[DEBUG] Using pooled Channel '[id: 0x14fbf176, L:/127.0.0.1:51859 - R:localhost/127.0.0.1:26365]' for 'POST' to 'http://localhost:26365/session/5fd0e96dbd76f6c8acff59188476ce01/url'
[DEBUG] Using open Channel [id: 0x14fbf176, L:/127.0.0.1:51859 - R:localhost/127.0.0.1:26365] for POST '/session/5fd0e96dbd76f6c8acff59188476ce01/url'
[DEBUG] Entry count for : http://localhost:36498 : 1
[DEBUG] Entry count for : http://localhost:37981 : 1
[DEBUG] Entry count for : http://localhost:51378 : 1
[DEBUG] Entry count for : http://localhost:51864 : 1
[DEBUG] Entry count for : http://localhost:33878 : 1
[DEBUG] Entry count for : http://localhost:51707 : 1
[DEBUG] Entry count for : http://localhost:15044 : 1
[DEBUG] Entry count for : http://localhost:36498 : 1
[DEBUG] Entry count for : http://localhost:37981 : 1
[DEBUG] Entry count for : http://localhost:51378 : 1
[DEBUG] Entry count for : http://localhost:51864 : 1
[DEBUG] Entry count for : http://localhost:33878 : 1
[DEBUG] Entry count for : http://localhost:51707 : 1
[DEBUG] Entry count for : http://localhost:15044 : 1
[DEBUG] Entry count for : http://localhost:36498 : 1
[DEBUG] Entry count for : http://localhost:37981 : 1
[DEBUG] Entry count for : http://localhost:51378 : 1
[DEBUG] Entry count for : http://localhost:51864 : 1
[DEBUG] Entry count for : http://localhost:33878 : 1
[DEBUG] Entry count for : http://localhost:51707 : 1
[DEBUG] Entry count for : http://localhost:15044 : 1
[DEBUG] Entry count for : http://localhost:36498 : 1
[DEBUG] Entry count for : http://localhost:37981 : 1
[DEBUG] Entry count for : http://localhost:51378 : 1
[DEBUG] Entry count for : http://localhost:51864 : 1
[DEBUG] Entry count for : http://localhost:33878 : 1
[DEBUG] Entry count for : http://localhost:51707 : 1
[DEBUG] Entry count for : http://localhost:15044 : 1
[DEBUG] 

Request DefaultHttpRequest(decodeResult: success, version: HTTP/1.1)
POST /session/5fd0e96dbd76f6c8acff59188476ce01/url HTTP/1.1
User-Agent: selenium/4.8.3 (java windows)
Content-Length: 48
Content-Type: application/json; charset=utf-8
host: localhost:26365
accept: */*

Response DefaultHttpResponse(decodeResult: success, version: HTTP/1.1)
HTTP/1.1 200 OK
Content-Length: 14
Content-Type: application/json; charset=utf-8
cache-control: no-cache

[DEBUG] Adding key: http://localhost:26365 for channel [id: 0x14fbf176, L:/127.0.0.1:51859 - R:localhost/127.0.0.1:26365]
[DEBUG] Using pooled Channel '[id: 0x14fbf176, L:/127.0.0.1:51859 - R:localhost/127.0.0.1:26365]' for 'POST' to 'http://localhost:26365/session/5fd0e96dbd76f6c8acff59188476ce01/element'
[DEBUG] Using open Channel [id: 0x14fbf176, L:/127.0.0.1:51859 - R:localhost/127.0.0.1:26365] for POST '/session/5fd0e96dbd76f6c8acff59188476ce01/element'
[DEBUG] 

Request DefaultHttpRequest(decodeResult: success, version: HTTP/1.1)
POST /session/5fd0e96dbd76f6c8acff59188476ce01/element HTTP/1.1
User-Agent: selenium/4.8.3 (java windows)
Content-Length: 51
Content-Type: application/json; charset=utf-8
host: localhost:26365
accept: */*

Response DefaultHttpResponse(decodeResult: success, version: HTTP/1.1)
HTTP/1.1 200 OK
Content-Length: 88
Content-Type: application/json; charset=utf-8
cache-control: no-cache

[DEBUG] Adding key: http://localhost:26365 for channel [id: 0x14fbf176, L:/127.0.0.1:51859 - R:localhost/127.0.0.1:26365]
[DEBUG] Using pooled Channel '[id: 0x14fbf176, L:/127.0.0.1:51859 - R:localhost/127.0.0.1:26365]' for 'POST' to 'http://localhost:26365/session/5fd0e96dbd76f6c8acff59188476ce01/element/e0352e76-c107-41ad-b9ed-5866c4391a79/click'
[DEBUG] Using open Channel [id: 0x14fbf176, L:/127.0.0.1:51859 - R:localhost/127.0.0.1:26365] for POST '/session/5fd0e96dbd76f6c8acff59188476ce01/element/e0352e76-c107-41ad-b9ed-5866c4391a79/click'
[DEBUG] 

Request DefaultHttpRequest(decodeResult: success, version: HTTP/1.1)
POST /session/5fd0e96dbd76f6c8acff59188476ce01/element/e0352e76-c107-41ad-b9ed-5866c4391a79/click HTTP/1.1
User-Agent: selenium/4.8.3 (java windows)
Content-Length: 50
Content-Type: application/json; charset=utf-8
host: localhost:26365
accept: */*

Response DefaultHttpResponse(decodeResult: success, version: HTTP/1.1)
HTTP/1.1 200 OK
Content-Length: 14
Content-Type: application/json; charset=utf-8
cache-control: no-cache

[DEBUG] Adding key: http://localhost:26365 for channel [id: 0x14fbf176, L:/127.0.0.1:51859 - R:localhost/127.0.0.1:26365]
[DEBUG] Using pooled Channel '[id: 0x14fbf176, L:/127.0.0.1:51859 - R:localhost/127.0.0.1:26365]' for 'POST' to 'http://localhost:26365/session/5fd0e96dbd76f6c8acff59188476ce01/element'
[DEBUG] Using open Channel [id: 0x14fbf176, L:/127.0.0.1:51859 - R:localhost/127.0.0.1:26365] for POST '/session/5fd0e96dbd76f6c8acff59188476ce01/element'
[DEBUG] 

Request DefaultHttpRequest(decodeResult: success, version: HTTP/1.1)
POST /session/5fd0e96dbd76f6c8acff59188476ce01/element HTTP/1.1
User-Agent: selenium/4.8.3 (java windows)
Content-Length: 46
Content-Type: application/json; charset=utf-8
host: localhost:26365
accept: */*

Response DefaultHttpResponse(decodeResult: success, version: HTTP/1.1)
HTTP/1.1 200 OK
Content-Length: 88
Content-Type: application/json; charset=utf-8
cache-control: no-cache

[DEBUG] Adding key: http://localhost:26365 for channel [id: 0x14fbf176, L:/127.0.0.1:51859 - R:localhost/127.0.0.1:26365]
[DEBUG] Using pooled Channel '[id: 0x14fbf176, L:/127.0.0.1:51859 - R:localhost/127.0.0.1:26365]' for 'POST' to 'http://localhost:26365/session/5fd0e96dbd76f6c8acff59188476ce01/element/d0e524e1-215f-4245-a480-56310bc3a86c/click'
[DEBUG] Using open Channel [id: 0x14fbf176, L:/127.0.0.1:51859 - R:localhost/127.0.0.1:26365] for POST '/session/5fd0e96dbd76f6c8acff59188476ce01/element/d0e524e1-215f-4245-a480-56310bc3a86c/click'
[DEBUG] Entry count for : http://localhost:36498 : 1
[DEBUG] Entry count for : http://localhost:37981 : 1
[DEBUG] Entry count for : http://localhost:51378 : 1
[DEBUG] Entry count for : http://localhost:51864 : 1
[DEBUG] Entry count for : http://localhost:33878 : 1
[DEBUG] Entry count for : http://localhost:51707 : 1
[DEBUG] Entry count for : http://localhost:15044 : 1
[DEBUG] Entry count for : http://localhost:36498 : 1
[DEBUG] Entry count for : http://localhost:37981 : 1
[DEBUG] Entry count for : http://localhost:51378 : 1
[DEBUG] Entry count for : http://localhost:51864 : 1
[DEBUG] Entry count for : http://localhost:33878 : 1
[DEBUG] Entry count for : http://localhost:51707 : 1
[DEBUG] Entry count for : http://localhost:15044 : 1
[DEBUG] Entry count for : http://localhost:36498 : 1
[DEBUG] Entry count for : http://localhost:37981 : 1
[DEBUG] Entry count for : http://localhost:51378 : 1
[DEBUG] Entry count for : http://localhost:51864 : 1
[DEBUG] Entry count for : http://localhost:33878 : 1
[DEBUG] Entry count for : http://localhost:51707 : 1
[DEBUG] Entry count for : http://localhost:15044 : 1
[DEBUG] Entry count for : http://localhost:36498 : 1
[DEBUG] Entry count for : http://localhost:37981 : 1
[DEBUG] Entry count for : http://localhost:51378 : 1
[DEBUG] Entry count for : http://localhost:51864 : 1
[DEBUG] Entry count for : http://localhost:33878 : 1
[DEBUG] Entry count for : http://localhost:51707 : 1
[DEBUG] Entry count for : http://localhost:15044 : 1
[DEBUG] Entry count for : http://localhost:36498 : 1
[DEBUG] Entry count for : http://localhost:37981 : 1
[DEBUG] Entry count for : http://localhost:51378 : 1
[DEBUG] Entry count for : http://localhost:51864 : 1
[DEBUG] Entry count for : http://localhost:33878 : 1
[DEBUG] Entry count for : http://localhost:51707 : 1
[DEBUG] Entry count for : http://localhost:15044 : 1
[DEBUG] Entry count for : http://localhost:36498 : 1
[DEBUG] Entry count for : http://localhost:37981 : 1
[DEBUG] Entry count for : http://localhost:51378 : 1
[DEBUG] Entry count for : http://localhost:51864 : 1
[DEBUG] Entry count for : http://localhost:33878 : 1
[DEBUG] Entry count for : http://localhost:51707 : 1
[DEBUG] Entry count for : http://localhost:15044 : 1
[DEBUG] Adding Candidate expired Channel [id: 0xb7a24203, L:/127.0.0.1:51384 - R:localhost/127.0.0.1:51378] isIdleTimeoutExpired=true isRemotelyClosed=false isTtlExpired=false
[DEBUG] Closing Idle Channel [id: 0xb7a24203, L:/127.0.0.1:51384 - R:localhost/127.0.0.1:51378]
[DEBUG] Closed 1 connections out of 7 in 0 ms
[DEBUG] Channel Closed: [id: 0xb7a24203, L:/127.0.0.1:51384 ! R:localhost/127.0.0.1:51378] with attribute DISCARD
[DEBUG] 

Request DefaultHttpRequest(decodeResult: success, version: HTTP/1.1)
POST /session/5fd0e96dbd76f6c8acff59188476ce01/element/d0e524e1-215f-4245-a480-56310bc3a86c/click HTTP/1.1
User-Agent: selenium/4.8.3 (java windows)
Content-Length: 50
Content-Type: application/json; charset=utf-8
host: localhost:26365
accept: */*

Response DefaultHttpResponse(decodeResult: success, version: HTTP/1.1)
HTTP/1.1 200 OK
Content-Length: 14
Content-Type: application/json; charset=utf-8
cache-control: no-cache

[DEBUG] Adding key: http://localhost:26365 for channel [id: 0x14fbf176, L:/127.0.0.1:51859 - R:localhost/127.0.0.1:26365]
[DEBUG] Using pooled Channel '[id: 0x14fbf176, L:/127.0.0.1:51859 - R:localhost/127.0.0.1:26365]' for 'POST' to 'http://localhost:26365/session/5fd0e96dbd76f6c8acff59188476ce01/element'
[DEBUG] Using open Channel [id: 0x14fbf176, L:/127.0.0.1:51859 - R:localhost/127.0.0.1:26365] for POST '/session/5fd0e96dbd76f6c8acff59188476ce01/element'
[DEBUG] 

Request DefaultHttpRequest(decodeResult: success, version: HTTP/1.1)
POST /session/5fd0e96dbd76f6c8acff59188476ce01/element HTTP/1.1
User-Agent: selenium/4.8.3 (java windows)
Content-Length: 58
Content-Type: application/json; charset=utf-8
host: localhost:26365
accept: */*

Response DefaultHttpResponse(decodeResult: success, version: HTTP/1.1)
HTTP/1.1 200 OK
Content-Length: 88
Content-Type: application/json; charset=utf-8
cache-control: no-cache

[DEBUG] Adding key: http://localhost:26365 for channel [id: 0x14fbf176, L:/127.0.0.1:51859 - R:localhost/127.0.0.1:26365]
[DEBUG] Using pooled Channel '[id: 0x14fbf176, L:/127.0.0.1:51859 - R:localhost/127.0.0.1:26365]' for 'POST' to 'http://localhost:26365/session/5fd0e96dbd76f6c8acff59188476ce01/element/55d3cc2e-cf32-4961-8927-f8ad69837851/value'
[DEBUG] Using open Channel [id: 0x14fbf176, L:/127.0.0.1:51859 - R:localhost/127.0.0.1:26365] for POST '/session/5fd0e96dbd76f6c8acff59188476ce01/element/55d3cc2e-cf32-4961-8927-f8ad69837851/value'
[DEBUG] 

Request DefaultHttpRequest(decodeResult: success, version: HTTP/1.1)
POST /session/5fd0e96dbd76f6c8acff59188476ce01/element/55d3cc2e-cf32-4961-8927-f8ad69837851/value HTTP/1.1
User-Agent: selenium/4.8.3 (java windows)
Content-Length: 281
Content-Type: application/json; charset=utf-8
host: localhost:26365
accept: */*

Response DefaultHttpResponse(decodeResult: success, version: HTTP/1.1)
HTTP/1.1 200 OK
Content-Length: 14
Content-Type: application/json; charset=utf-8
cache-control: no-cache

[DEBUG] Adding key: http://localhost:26365 for channel [id: 0x14fbf176, L:/127.0.0.1:51859 - R:localhost/127.0.0.1:26365]
[DEBUG] Using pooled Channel '[id: 0x14fbf176, L:/127.0.0.1:51859 - R:localhost/127.0.0.1:26365]' for 'POST' to 'http://localhost:26365/session/5fd0e96dbd76f6c8acff59188476ce01/element'
[DEBUG] Using open Channel [id: 0x14fbf176, L:/127.0.0.1:51859 - R:localhost/127.0.0.1:26365] for POST '/session/5fd0e96dbd76f6c8acff59188476ce01/element'
[DEBUG] 

Request DefaultHttpRequest(decodeResult: success, version: HTTP/1.1)
POST /session/5fd0e96dbd76f6c8acff59188476ce01/element HTTP/1.1
User-Agent: selenium/4.8.3 (java windows)
Content-Length: 61
Content-Type: application/json; charset=utf-8
host: localhost:26365
accept: */*

Response DefaultHttpResponse(decodeResult: success, version: HTTP/1.1)
HTTP/1.1 200 OK
Content-Length: 88
Content-Type: application/json; charset=utf-8
cache-control: no-cache

[DEBUG] Adding key: http://localhost:26365 for channel [id: 0x14fbf176, L:/127.0.0.1:51859 - R:localhost/127.0.0.1:26365]
[DEBUG] Using pooled Channel '[id: 0x14fbf176, L:/127.0.0.1:51859 - R:localhost/127.0.0.1:26365]' for 'POST' to 'http://localhost:26365/session/5fd0e96dbd76f6c8acff59188476ce01/element/039bc4c9-0ff9-4a73-b34a-6c3eca870717/value'
[DEBUG] Using open Channel [id: 0x14fbf176, L:/127.0.0.1:51859 - R:localhost/127.0.0.1:26365] for POST '/session/5fd0e96dbd76f6c8acff59188476ce01/element/039bc4c9-0ff9-4a73-b34a-6c3eca870717/value'
[DEBUG] 

Request DefaultHttpRequest(decodeResult: success, version: HTTP/1.1)
POST /session/5fd0e96dbd76f6c8acff59188476ce01/element/039bc4c9-0ff9-4a73-b34a-6c3eca870717/value HTTP/1.1
User-Agent: selenium/4.8.3 (java windows)
Content-Length: 121
Content-Type: application/json; charset=utf-8
host: localhost:26365
accept: */*

Response DefaultHttpResponse(decodeResult: success, version: HTTP/1.1)
HTTP/1.1 200 OK
Content-Length: 14
Content-Type: application/json; charset=utf-8
cache-control: no-cache

[DEBUG] Adding key: http://localhost:26365 for channel [id: 0x14fbf176, L:/127.0.0.1:51859 - R:localhost/127.0.0.1:26365]
[DEBUG] Using pooled Channel '[id: 0x14fbf176, L:/127.0.0.1:51859 - R:localhost/127.0.0.1:26365]' for 'POST' to 'http://localhost:26365/session/5fd0e96dbd76f6c8acff59188476ce01/element'
[DEBUG] Using open Channel [id: 0x14fbf176, L:/127.0.0.1:51859 - R:localhost/127.0.0.1:26365] for POST '/session/5fd0e96dbd76f6c8acff59188476ce01/element'
[DEBUG] 

Request DefaultHttpRequest(decodeResult: success, version: HTTP/1.1)
POST /session/5fd0e96dbd76f6c8acff59188476ce01/element HTTP/1.1
User-Agent: selenium/4.8.3 (java windows)
Content-Length: 53
Content-Type: application/json; charset=utf-8
host: localhost:26365
accept: */*

Response DefaultHttpResponse(decodeResult: success, version: HTTP/1.1)
HTTP/1.1 200 OK
Content-Length: 88
Content-Type: application/json; charset=utf-8
cache-control: no-cache

[DEBUG] Adding key: http://localhost:26365 for channel [id: 0x14fbf176, L:/127.0.0.1:51859 - R:localhost/127.0.0.1:26365]
[DEBUG] Using pooled Channel '[id: 0x14fbf176, L:/127.0.0.1:51859 - R:localhost/127.0.0.1:26365]' for 'POST' to 'http://localhost:26365/session/5fd0e96dbd76f6c8acff59188476ce01/element/51ccd495-6192-4051-bda2-288c3b0dc417/click'
[DEBUG] Using open Channel [id: 0x14fbf176, L:/127.0.0.1:51859 - R:localhost/127.0.0.1:26365] for POST '/session/5fd0e96dbd76f6c8acff59188476ce01/element/51ccd495-6192-4051-bda2-288c3b0dc417/click'
[DEBUG] Entry count for : http://localhost:36498 : 1
[DEBUG] Entry count for : http://localhost:37981 : 1
[DEBUG] Entry count for : http://localhost:51864 : 1
[DEBUG] Entry count for : http://localhost:33878 : 1
[DEBUG] Entry count for : http://localhost:51707 : 1
[DEBUG] Entry count for : http://localhost:15044 : 1
[DEBUG] 

Request DefaultHttpRequest(decodeResult: success, version: HTTP/1.1)
POST /session/5fd0e96dbd76f6c8acff59188476ce01/element/51ccd495-6192-4051-bda2-288c3b0dc417/click HTTP/1.1
User-Agent: selenium/4.8.3 (java windows)
Content-Length: 50
Content-Type: application/json; charset=utf-8
host: localhost:26365
accept: */*

Response DefaultHttpResponse(decodeResult: success, version: HTTP/1.1)
HTTP/1.1 200 OK
Content-Length: 14
Content-Type: application/json; charset=utf-8
cache-control: no-cache

[DEBUG] Adding key: http://localhost:26365 for channel [id: 0x14fbf176, L:/127.0.0.1:51859 - R:localhost/127.0.0.1:26365]
]]></system-out>
    <system-err><![CDATA[Starting ChromeDriver 112.0.5615.49 (bd2a7bcb881c11e8cfe3078709382934e3916914-refs/branch-heads/5615@{#936}) on port 26365
Only local connections are allowed.
Please see https://chromedriver.chromium.org/security-considerations for suggestions on keeping ChromeDriver safe.
ChromeDriver was started successfully.
Apr 22, 2023 4:12:31 PM org.openqa.selenium.devtools.CdpVersionFinder findNearestMatch
WARNING: Unable to find an exact match for CDP version 112, so returning the closest version found: 111
[Parent 22408, IPC I/O Parent] WARNING: DuplicateHandle failed for handle 0 in TransferHandles: file /builds/worker/checkouts/gecko/ipc/chromium/src/chrome/common/ipc_channel_win.cc:777
console.warn: LoginRecipes: "Falling back to a synchronous message for: https://www.browserstack.com."
console.warn: services.settings: Ignoring preference override of remote settings server
console.warn: services.settings: Allow by setting MOZ_REMOTE_SETTINGS_DEVTOOLS=1 in the environment
console.error: (new TypeError("lazy.AsyncShutdown.profileBeforeChange is undefined", "resource://services-settings/Database.sys.mjs", 599))
]]></system-err>
  </testcase>
  <testcase name="demoTest" classname="com.automationcode_25thMarch_2023.Basic_Xpath_Revision" time="2.084">
    <system-out><![CDATA[[DEBUG] Using new Channel '[id: 0x96ed6241, L:/127.0.0.1:51932 - R:localhost/127.0.0.1:27130]' for 'POST' to '/session'
[DEBUG] 

Request DefaultHttpRequest(decodeResult: success, version: HTTP/1.1)
POST /session HTTP/1.1
User-Agent: selenium/4.8.3 (java windows)
Content-Length: 439
Content-Type: application/json; charset=utf-8
host: localhost:27130
accept: */*

Response DefaultHttpResponse(decodeResult: success, version: HTTP/1.1)
HTTP/1.1 200 OK
Content-Length: 860
Content-Type: application/json; charset=utf-8
cache-control: no-cache

[DEBUG] Adding key: http://localhost:27130 for channel [id: 0x96ed6241, L:/127.0.0.1:51932 - R:localhost/127.0.0.1:27130]
[DEBUG] Using new Channel '[id: 0x894b446e, L:/127.0.0.1:51939 - R:localhost/127.0.0.1:51933]' for 'GET' to '/json/version'
[DEBUG] 

Request DefaultFullHttpRequest(decodeResult: success, version: HTTP/1.1, content: EmptyByteBufBE)
GET /json/version HTTP/1.1
User-Agent: selenium/4.8.3 (java windows)
host: localhost:51933
accept: */*

Response DefaultHttpResponse(decodeResult: success, version: HTTP/1.1)
HTTP/1.1 200 OK
Content-Security-Policy: frame-ancestors 'none'
Content-Length: 424
Content-Type: application/json; charset=UTF-8

[DEBUG] Adding key: http://localhost:51933 for channel [id: 0x894b446e, L:/127.0.0.1:51939 - R:localhost/127.0.0.1:51933]
[DEBUG] Using new Channel '[id: 0xa1c8b939, L:/127.0.0.1:51940 - R:localhost/127.0.0.1:51933]' for 'GET' to '/devtools/browser/acd860db-ff86-4668-9235-7bafd7d5a2ce'
[DEBUG] 

Request DefaultFullHttpRequest(decodeResult: success, version: HTTP/1.1, content: EmptyByteBufBE)
GET /devtools/browser/acd860db-ff86-4668-9235-7bafd7d5a2ce HTTP/1.1
upgrade: websocket
connection: upgrade
sec-websocket-key: k6B9g+xUY5ns3MbNhkdEIg==
sec-websocket-version: 13
origin: http://localhost:51933
host: localhost:51933
accept: */*
user-agent: AHC/2.1

Response DefaultHttpResponse(decodeResult: success, version: HTTP/1.1)
HTTP/1.1 101 WebSocket Protocol Handshake
Upgrade: WebSocket
Connection: Upgrade
Sec-WebSocket-Accept: YEtJ0EMYeNURL2Jfur+3X/C4GnU=

[DEBUG] Using pooled Channel '[id: 0x96ed6241, L:/127.0.0.1:51932 - R:localhost/127.0.0.1:27130]' for 'POST' to 'http://localhost:27130/session/9ece65f6d4eb43d56acae23230fb7906/window/maximize'
[DEBUG] Using open Channel [id: 0x96ed6241, L:/127.0.0.1:51932 - R:localhost/127.0.0.1:27130] for POST '/session/9ece65f6d4eb43d56acae23230fb7906/window/maximize'
[DEBUG] 

Request DefaultHttpRequest(decodeResult: success, version: HTTP/1.1)
POST /session/9ece65f6d4eb43d56acae23230fb7906/window/maximize HTTP/1.1
User-Agent: selenium/4.8.3 (java windows)
Content-Length: 3
Content-Type: application/json; charset=utf-8
host: localhost:27130
accept: */*

Response DefaultHttpResponse(decodeResult: success, version: HTTP/1.1)
HTTP/1.1 200 OK
Content-Length: 52
Content-Type: application/json; charset=utf-8
cache-control: no-cache

[DEBUG] Adding key: http://localhost:27130 for channel [id: 0x96ed6241, L:/127.0.0.1:51932 - R:localhost/127.0.0.1:27130]
[DEBUG] Using pooled Channel '[id: 0x96ed6241, L:/127.0.0.1:51932 - R:localhost/127.0.0.1:27130]' for 'POST' to 'http://localhost:27130/session/9ece65f6d4eb43d56acae23230fb7906/url'
[DEBUG] Using open Channel [id: 0x96ed6241, L:/127.0.0.1:51932 - R:localhost/127.0.0.1:27130] for POST '/session/9ece65f6d4eb43d56acae23230fb7906/url'
[DEBUG] Entry count for : http://localhost:36498 : 1
[DEBUG] Entry count for : http://localhost:37981 : 1
[DEBUG] Entry count for : http://localhost:51864 : 1
[DEBUG] Entry count for : http://localhost:33878 : 1
[DEBUG] Entry count for : http://localhost:51707 : 1
[DEBUG] Entry count for : http://localhost:15044 : 1
[DEBUG] Entry count for : http://localhost:51933 : 1
[DEBUG] Entry count for : http://localhost:26365 : 1
[DEBUG] Adding Candidate expired Channel [id: 0x251806f3, L:/127.0.0.1:51377 - R:localhost/127.0.0.1:36498] isIdleTimeoutExpired=true isRemotelyClosed=false isTtlExpired=false
[DEBUG] Closing Idle Channel [id: 0x251806f3, L:/127.0.0.1:51377 - R:localhost/127.0.0.1:36498]
[DEBUG] Closed 1 connections out of 8 in 0 ms
[DEBUG] Channel Closed: [id: 0x251806f3, L:/127.0.0.1:51377 ! R:localhost/127.0.0.1:36498] with attribute DISCARD
[DEBUG] Entry count for : http://localhost:37981 : 1
[DEBUG] Entry count for : http://localhost:51864 : 1
[DEBUG] Entry count for : http://localhost:33878 : 1
[DEBUG] Entry count for : http://localhost:51707 : 1
[DEBUG] Entry count for : http://localhost:15044 : 1
[DEBUG] Entry count for : http://localhost:51933 : 1
[DEBUG] Entry count for : http://localhost:26365 : 1
[DEBUG] Entry count for : http://localhost:37981 : 1
[DEBUG] Entry count for : http://localhost:51864 : 1
[DEBUG] Entry count for : http://localhost:33878 : 1
[DEBUG] Entry count for : http://localhost:51707 : 1
[DEBUG] Entry count for : http://localhost:15044 : 1
[DEBUG] Entry count for : http://localhost:51933 : 1
[DEBUG] Entry count for : http://localhost:26365 : 1
[DEBUG] Entry count for : http://localhost:37981 : 1
[DEBUG] Entry count for : http://localhost:51864 : 1
[DEBUG] Entry count for : http://localhost:33878 : 1
[DEBUG] Entry count for : http://localhost:51707 : 1
[DEBUG] Entry count for : http://localhost:15044 : 1
[DEBUG] Entry count for : http://localhost:51933 : 1
[DEBUG] Entry count for : http://localhost:26365 : 1
[DEBUG] 

Request DefaultHttpRequest(decodeResult: success, version: HTTP/1.1)
POST /session/9ece65f6d4eb43d56acae23230fb7906/url HTTP/1.1
User-Agent: selenium/4.8.3 (java windows)
Content-Length: 53
Content-Type: application/json; charset=utf-8
host: localhost:27130
accept: */*

Response DefaultHttpResponse(decodeResult: success, version: HTTP/1.1)
HTTP/1.1 200 OK
Content-Length: 14
Content-Type: application/json; charset=utf-8
cache-control: no-cache

[DEBUG] Adding key: http://localhost:27130 for channel [id: 0x96ed6241, L:/127.0.0.1:51932 - R:localhost/127.0.0.1:27130]
[DEBUG] Using pooled Channel '[id: 0x96ed6241, L:/127.0.0.1:51932 - R:localhost/127.0.0.1:27130]' for 'POST' to 'http://localhost:27130/session/9ece65f6d4eb43d56acae23230fb7906/element'
[DEBUG] Using open Channel [id: 0x96ed6241, L:/127.0.0.1:51932 - R:localhost/127.0.0.1:27130] for POST '/session/9ece65f6d4eb43d56acae23230fb7906/element'
[DEBUG] 

Request DefaultHttpRequest(decodeResult: success, version: HTTP/1.1)
POST /session/9ece65f6d4eb43d56acae23230fb7906/element HTTP/1.1
User-Agent: selenium/4.8.3 (java windows)
Content-Length: 68
Content-Type: application/json; charset=utf-8
host: localhost:27130
accept: */*

Response DefaultHttpResponse(decodeResult: success, version: HTTP/1.1)
HTTP/1.1 200 OK
Content-Length: 88
Content-Type: application/json; charset=utf-8
cache-control: no-cache

[DEBUG] Adding key: http://localhost:27130 for channel [id: 0x96ed6241, L:/127.0.0.1:51932 - R:localhost/127.0.0.1:27130]
[DEBUG] Using pooled Channel '[id: 0x96ed6241, L:/127.0.0.1:51932 - R:localhost/127.0.0.1:27130]' for 'POST' to 'http://localhost:27130/session/9ece65f6d4eb43d56acae23230fb7906/element/1b012242-0ed9-4823-b6f5-85a9bf0e01ea/click'
[DEBUG] Using open Channel [id: 0x96ed6241, L:/127.0.0.1:51932 - R:localhost/127.0.0.1:27130] for POST '/session/9ece65f6d4eb43d56acae23230fb7906/element/1b012242-0ed9-4823-b6f5-85a9bf0e01ea/click'
[DEBUG] Entry count for : http://localhost:37981 : 1
[DEBUG] Entry count for : http://localhost:51864 : 1
[DEBUG] Entry count for : http://localhost:33878 : 1
[DEBUG] Entry count for : http://localhost:51707 : 1
[DEBUG] Entry count for : http://localhost:15044 : 1
[DEBUG] Entry count for : http://localhost:51933 : 1
[DEBUG] Entry count for : http://localhost:26365 : 1
[DEBUG] Entry count for : http://localhost:37981 : 1
[DEBUG] Entry count for : http://localhost:51864 : 1
[DEBUG] Entry count for : http://localhost:33878 : 1
[DEBUG] Entry count for : http://localhost:51707 : 1
[DEBUG] Entry count for : http://localhost:15044 : 1
[DEBUG] Entry count for : http://localhost:51933 : 1
[DEBUG] Entry count for : http://localhost:26365 : 1
[DEBUG] 

Request DefaultHttpRequest(decodeResult: success, version: HTTP/1.1)
POST /session/9ece65f6d4eb43d56acae23230fb7906/element/1b012242-0ed9-4823-b6f5-85a9bf0e01ea/click HTTP/1.1
User-Agent: selenium/4.8.3 (java windows)
Content-Length: 50
Content-Type: application/json; charset=utf-8
host: localhost:27130
accept: */*

Response DefaultHttpResponse(decodeResult: success, version: HTTP/1.1)
HTTP/1.1 200 OK
Content-Length: 14
Content-Type: application/json; charset=utf-8
cache-control: no-cache

[DEBUG] Adding key: http://localhost:27130 for channel [id: 0x96ed6241, L:/127.0.0.1:51932 - R:localhost/127.0.0.1:27130]
]]></system-out>
    <system-err><![CDATA[Starting ChromeDriver 112.0.5615.49 (bd2a7bcb881c11e8cfe3078709382934e3916914-refs/branch-heads/5615@{#936}) on port 27130
Only local connections are allowed.
Please see https://chromedriver.chromium.org/security-considerations for suggestions on keeping ChromeDriver safe.
ChromeDriver was started successfully.
Apr 22, 2023 4:12:43 PM org.openqa.selenium.devtools.CdpVersionFinder findNearestMatch
WARNING: Unable to find an exact match for CDP version 112, so returning the closest version found: 111
]]></system-err>
  </testcase>
  <testcase name="registerPage" classname="com.automationcode_ExtentReport_16thApril_2023.TNRegisterTest" time="11.043">
    <system-out><![CDATA[[DEBUG] Using new Channel '[id: 0xcd19e5ce, L:/127.0.0.1:52067 - R:localhost/127.0.0.1:15125]' for 'POST' to '/session'
[DEBUG] Entry count for : http://localhost:37981 : 1
[DEBUG] Entry count for : http://localhost:51864 : 1
[DEBUG] Entry count for : http://localhost:33878 : 1
[DEBUG] Entry count for : http://localhost:51707 : 1
[DEBUG] Entry count for : http://localhost:15044 : 1
[DEBUG] Entry count for : http://localhost:51933 : 1
[DEBUG] Entry count for : http://localhost:27130 : 1
[DEBUG] Entry count for : http://localhost:26365 : 1
[DEBUG] 

Request DefaultHttpRequest(decodeResult: success, version: HTTP/1.1)
POST /session HTTP/1.1
User-Agent: selenium/4.8.3 (java windows)
Content-Length: 439
Content-Type: application/json; charset=utf-8
host: localhost:15125
accept: */*

Response DefaultHttpResponse(decodeResult: success, version: HTTP/1.1)
HTTP/1.1 200 OK
Content-Length: 860
Content-Type: application/json; charset=utf-8
cache-control: no-cache

[DEBUG] Adding key: http://localhost:15125 for channel [id: 0xcd19e5ce, L:/127.0.0.1:52067 - R:localhost/127.0.0.1:15125]
[DEBUG] Using new Channel '[id: 0xbb98fe5a, L:/127.0.0.1:52082 - R:localhost/127.0.0.1:52075]' for 'GET' to '/json/version'
[DEBUG] 

Request DefaultFullHttpRequest(decodeResult: success, version: HTTP/1.1, content: EmptyByteBufBE)
GET /json/version HTTP/1.1
User-Agent: selenium/4.8.3 (java windows)
host: localhost:52075
accept: */*

Response DefaultHttpResponse(decodeResult: success, version: HTTP/1.1)
HTTP/1.1 200 OK
Content-Security-Policy: frame-ancestors 'none'
Content-Length: 424
Content-Type: application/json; charset=UTF-8

[DEBUG] Adding key: http://localhost:52075 for channel [id: 0xbb98fe5a, L:/127.0.0.1:52082 - R:localhost/127.0.0.1:52075]
[DEBUG] Using new Channel '[id: 0xcc2bd28a, L:/127.0.0.1:52083 - R:localhost/127.0.0.1:52075]' for 'GET' to '/devtools/browser/4ac77496-c9c1-48be-9616-2100210e2684'
[DEBUG] 

Request DefaultFullHttpRequest(decodeResult: success, version: HTTP/1.1, content: EmptyByteBufBE)
GET /devtools/browser/4ac77496-c9c1-48be-9616-2100210e2684 HTTP/1.1
upgrade: websocket
connection: upgrade
sec-websocket-key: PREEgYv8LhAF0/QFMZhkpw==
sec-websocket-version: 13
origin: http://localhost:52075
host: localhost:52075
accept: */*
user-agent: AHC/2.1

Response DefaultHttpResponse(decodeResult: success, version: HTTP/1.1)
HTTP/1.1 101 WebSocket Protocol Handshake
Upgrade: WebSocket
Connection: Upgrade
Sec-WebSocket-Accept: YOflvDPxa7x3GoUsGYL/v0OaEt4=

[DEBUG] Using pooled Channel '[id: 0xcd19e5ce, L:/127.0.0.1:52067 - R:localhost/127.0.0.1:15125]' for 'POST' to 'http://localhost:15125/session/d6b714422506be14492f2942ff42e677/window/maximize'
[DEBUG] Using open Channel [id: 0xcd19e5ce, L:/127.0.0.1:52067 - R:localhost/127.0.0.1:15125] for POST '/session/d6b714422506be14492f2942ff42e677/window/maximize'
[DEBUG] 

Request DefaultHttpRequest(decodeResult: success, version: HTTP/1.1)
POST /session/d6b714422506be14492f2942ff42e677/window/maximize HTTP/1.1
User-Agent: selenium/4.8.3 (java windows)
Content-Length: 3
Content-Type: application/json; charset=utf-8
host: localhost:15125
accept: */*

Response DefaultHttpResponse(decodeResult: success, version: HTTP/1.1)
HTTP/1.1 200 OK
Content-Length: 52
Content-Type: application/json; charset=utf-8
cache-control: no-cache

[DEBUG] Adding key: http://localhost:15125 for channel [id: 0xcd19e5ce, L:/127.0.0.1:52067 - R:localhost/127.0.0.1:15125]
[DEBUG] Using pooled Channel '[id: 0xcd19e5ce, L:/127.0.0.1:52067 - R:localhost/127.0.0.1:15125]' for 'POST' to 'http://localhost:15125/session/d6b714422506be14492f2942ff42e677/url'
[DEBUG] Using open Channel [id: 0xcd19e5ce, L:/127.0.0.1:52067 - R:localhost/127.0.0.1:15125] for POST '/session/d6b714422506be14492f2942ff42e677/url'
[DEBUG] Entry count for : http://localhost:37981 : 1
[DEBUG] Entry count for : http://localhost:51864 : 1
[DEBUG] Entry count for : http://localhost:33878 : 1
[DEBUG] Entry count for : http://localhost:51707 : 1
[DEBUG] Entry count for : http://localhost:15044 : 1
[DEBUG] Entry count for : http://localhost:52075 : 1
[DEBUG] Entry count for : http://localhost:51933 : 1
[DEBUG] Entry count for : http://localhost:27130 : 1
[DEBUG] Entry count for : http://localhost:26365 : 1
[DEBUG] Entry count for : http://localhost:37981 : 1
[DEBUG] Entry count for : http://localhost:51864 : 1
[DEBUG] Entry count for : http://localhost:33878 : 1
[DEBUG] Entry count for : http://localhost:51707 : 1
[DEBUG] Entry count for : http://localhost:15044 : 1
[DEBUG] Entry count for : http://localhost:52075 : 1
[DEBUG] Entry count for : http://localhost:51933 : 1
[DEBUG] Entry count for : http://localhost:27130 : 1
[DEBUG] Entry count for : http://localhost:26365 : 1
[DEBUG] Entry count for : http://localhost:37981 : 1
[DEBUG] Entry count for : http://localhost:51864 : 1
[DEBUG] Entry count for : http://localhost:33878 : 1
[DEBUG] Entry count for : http://localhost:51707 : 1
[DEBUG] Entry count for : http://localhost:15044 : 1
[DEBUG] Entry count for : http://localhost:52075 : 1
[DEBUG] Entry count for : http://localhost:51933 : 1
[DEBUG] Entry count for : http://localhost:27130 : 1
[DEBUG] Entry count for : http://localhost:26365 : 1
[DEBUG] Entry count for : http://localhost:37981 : 1
[DEBUG] Entry count for : http://localhost:51864 : 1
[DEBUG] Entry count for : http://localhost:33878 : 1
[DEBUG] Entry count for : http://localhost:51707 : 1
[DEBUG] Entry count for : http://localhost:15044 : 1
[DEBUG] Entry count for : http://localhost:52075 : 1
[DEBUG] Entry count for : http://localhost:51933 : 1
[DEBUG] Entry count for : http://localhost:27130 : 1
[DEBUG] Entry count for : http://localhost:26365 : 1
[DEBUG] Adding Candidate expired Channel [id: 0x27c11ffa, L:/127.0.0.1:51501 - R:localhost/127.0.0.1:15044] isIdleTimeoutExpired=true isRemotelyClosed=false isTtlExpired=false
[DEBUG] Closing Idle Channel [id: 0x27c11ffa, L:/127.0.0.1:51501 - R:localhost/127.0.0.1:15044]
[DEBUG] Closed 1 connections out of 9 in 0 ms
[DEBUG] Channel Closed: [id: 0x27c11ffa, L:/127.0.0.1:51501 ! R:localhost/127.0.0.1:15044] with attribute DISCARD
[DEBUG] 

Request DefaultHttpRequest(decodeResult: success, version: HTTP/1.1)
POST /session/d6b714422506be14492f2942ff42e677/url HTTP/1.1
User-Agent: selenium/4.8.3 (java windows)
Content-Length: 60
Content-Type: application/json; charset=utf-8
host: localhost:15125
accept: */*

Response DefaultHttpResponse(decodeResult: success, version: HTTP/1.1)
HTTP/1.1 200 OK
Content-Length: 14
Content-Type: application/json; charset=utf-8
cache-control: no-cache

[DEBUG] Adding key: http://localhost:15125 for channel [id: 0xcd19e5ce, L:/127.0.0.1:52067 - R:localhost/127.0.0.1:15125]
[DEBUG] Using pooled Channel '[id: 0xcd19e5ce, L:/127.0.0.1:52067 - R:localhost/127.0.0.1:15125]' for 'POST' to 'http://localhost:15125/session/d6b714422506be14492f2942ff42e677/element'
[DEBUG] Using open Channel [id: 0xcd19e5ce, L:/127.0.0.1:52067 - R:localhost/127.0.0.1:15125] for POST '/session/d6b714422506be14492f2942ff42e677/element'
[DEBUG] 

Request DefaultHttpRequest(decodeResult: success, version: HTTP/1.1)
POST /session/d6b714422506be14492f2942ff42e677/element HTTP/1.1
User-Agent: selenium/4.8.3 (java windows)
Content-Length: 51
Content-Type: application/json; charset=utf-8
host: localhost:15125
accept: */*

Response DefaultHttpResponse(decodeResult: success, version: HTTP/1.1)
HTTP/1.1 200 OK
Content-Length: 88
Content-Type: application/json; charset=utf-8
cache-control: no-cache

[DEBUG] Adding key: http://localhost:15125 for channel [id: 0xcd19e5ce, L:/127.0.0.1:52067 - R:localhost/127.0.0.1:15125]
[DEBUG] Using pooled Channel '[id: 0xcd19e5ce, L:/127.0.0.1:52067 - R:localhost/127.0.0.1:15125]' for 'POST' to 'http://localhost:15125/session/d6b714422506be14492f2942ff42e677/element/025f8940-4caa-4ae6-8574-2523da17bf35/click'
[DEBUG] Using open Channel [id: 0xcd19e5ce, L:/127.0.0.1:52067 - R:localhost/127.0.0.1:15125] for POST '/session/d6b714422506be14492f2942ff42e677/element/025f8940-4caa-4ae6-8574-2523da17bf35/click'
[DEBUG] 

Request DefaultHttpRequest(decodeResult: success, version: HTTP/1.1)
POST /session/d6b714422506be14492f2942ff42e677/element/025f8940-4caa-4ae6-8574-2523da17bf35/click HTTP/1.1
User-Agent: selenium/4.8.3 (java windows)
Content-Length: 50
Content-Type: application/json; charset=utf-8
host: localhost:15125
accept: */*

Response DefaultHttpResponse(decodeResult: success, version: HTTP/1.1)
HTTP/1.1 200 OK
Content-Length: 14
Content-Type: application/json; charset=utf-8
cache-control: no-cache

[DEBUG] Adding key: http://localhost:15125 for channel [id: 0xcd19e5ce, L:/127.0.0.1:52067 - R:localhost/127.0.0.1:15125]
[DEBUG] Entry count for : http://localhost:37981 : 1
[DEBUG] Entry count for : http://localhost:51864 : 1
[DEBUG] Entry count for : http://localhost:33878 : 1
[DEBUG] Entry count for : http://localhost:51707 : 1
[DEBUG] Entry count for : http://localhost:52075 : 1
[DEBUG] Entry count for : http://localhost:15125 : 1
[DEBUG] Entry count for : http://localhost:51933 : 1
[DEBUG] Entry count for : http://localhost:27130 : 1
[DEBUG] Entry count for : http://localhost:26365 : 1
[DEBUG] Using pooled Channel '[id: 0xcd19e5ce, L:/127.0.0.1:52067 - R:localhost/127.0.0.1:15125]' for 'POST' to 'http://localhost:15125/session/d6b714422506be14492f2942ff42e677/element'
[DEBUG] Using open Channel [id: 0xcd19e5ce, L:/127.0.0.1:52067 - R:localhost/127.0.0.1:15125] for POST '/session/d6b714422506be14492f2942ff42e677/element'
[DEBUG] 

Request DefaultHttpRequest(decodeResult: success, version: HTTP/1.1)
POST /session/d6b714422506be14492f2942ff42e677/element HTTP/1.1
User-Agent: selenium/4.8.3 (java windows)
Content-Length: 49
Content-Type: application/json; charset=utf-8
host: localhost:15125
accept: */*

Response DefaultHttpResponse(decodeResult: success, version: HTTP/1.1)
HTTP/1.1 200 OK
Content-Length: 88
Content-Type: application/json; charset=utf-8
cache-control: no-cache

[DEBUG] Adding key: http://localhost:15125 for channel [id: 0xcd19e5ce, L:/127.0.0.1:52067 - R:localhost/127.0.0.1:15125]
[DEBUG] Using pooled Channel '[id: 0xcd19e5ce, L:/127.0.0.1:52067 - R:localhost/127.0.0.1:15125]' for 'POST' to 'http://localhost:15125/session/d6b714422506be14492f2942ff42e677/element/3717c407-d9b0-46c5-9eaf-ba12ff888b44/click'
[DEBUG] Using open Channel [id: 0xcd19e5ce, L:/127.0.0.1:52067 - R:localhost/127.0.0.1:15125] for POST '/session/d6b714422506be14492f2942ff42e677/element/3717c407-d9b0-46c5-9eaf-ba12ff888b44/click'
[DEBUG] Entry count for : http://localhost:37981 : 1
[DEBUG] Entry count for : http://localhost:51864 : 1
[DEBUG] Entry count for : http://localhost:33878 : 1
[DEBUG] Entry count for : http://localhost:51707 : 1
[DEBUG] Entry count for : http://localhost:52075 : 1
[DEBUG] Entry count for : http://localhost:51933 : 1
[DEBUG] Entry count for : http://localhost:27130 : 1
[DEBUG] Entry count for : http://localhost:26365 : 1
[DEBUG] 

Request DefaultHttpRequest(decodeResult: success, version: HTTP/1.1)
POST /session/d6b714422506be14492f2942ff42e677/element/3717c407-d9b0-46c5-9eaf-ba12ff888b44/click HTTP/1.1
User-Agent: selenium/4.8.3 (java windows)
Content-Length: 50
Content-Type: application/json; charset=utf-8
host: localhost:15125
accept: */*

Response DefaultHttpResponse(decodeResult: success, version: HTTP/1.1)
HTTP/1.1 200 OK
Content-Length: 14
Content-Type: application/json; charset=utf-8
cache-control: no-cache

[DEBUG] Adding key: http://localhost:15125 for channel [id: 0xcd19e5ce, L:/127.0.0.1:52067 - R:localhost/127.0.0.1:15125]
[DEBUG] Entry count for : http://localhost:37981 : 1
[DEBUG] Entry count for : http://localhost:51864 : 1
[DEBUG] Entry count for : http://localhost:33878 : 1
[DEBUG] Entry count for : http://localhost:51707 : 1
[DEBUG] Entry count for : http://localhost:52075 : 1
[DEBUG] Entry count for : http://localhost:15125 : 1
[DEBUG] Entry count for : http://localhost:51933 : 1
[DEBUG] Entry count for : http://localhost:27130 : 1
[DEBUG] Entry count for : http://localhost:26365 : 1
[DEBUG] Using pooled Channel '[id: 0xcd19e5ce, L:/127.0.0.1:52067 - R:localhost/127.0.0.1:15125]' for 'POST' to 'http://localhost:15125/session/d6b714422506be14492f2942ff42e677/element'
[DEBUG] Using open Channel [id: 0xcd19e5ce, L:/127.0.0.1:52067 - R:localhost/127.0.0.1:15125] for POST '/session/d6b714422506be14492f2942ff42e677/element'
[DEBUG] 

Request DefaultHttpRequest(decodeResult: success, version: HTTP/1.1)
POST /session/d6b714422506be14492f2942ff42e677/element HTTP/1.1
User-Agent: selenium/4.8.3 (java windows)
Content-Length: 62
Content-Type: application/json; charset=utf-8
host: localhost:15125
accept: */*

Response DefaultHttpResponse(decodeResult: success, version: HTTP/1.1)
HTTP/1.1 200 OK
Content-Length: 88
Content-Type: application/json; charset=utf-8
cache-control: no-cache

[DEBUG] Adding key: http://localhost:15125 for channel [id: 0xcd19e5ce, L:/127.0.0.1:52067 - R:localhost/127.0.0.1:15125]
[DEBUG] Using pooled Channel '[id: 0xcd19e5ce, L:/127.0.0.1:52067 - R:localhost/127.0.0.1:15125]' for 'POST' to 'http://localhost:15125/session/d6b714422506be14492f2942ff42e677/element/5de756a9-f65f-480c-871c-21ccd0eaac05/value'
[DEBUG] Using open Channel [id: 0xcd19e5ce, L:/127.0.0.1:52067 - R:localhost/127.0.0.1:15125] for POST '/session/d6b714422506be14492f2942ff42e677/element/5de756a9-f65f-480c-871c-21ccd0eaac05/value'
[DEBUG] 

Request DefaultHttpRequest(decodeResult: success, version: HTTP/1.1)
POST /session/d6b714422506be14492f2942ff42e677/element/5de756a9-f65f-480c-871c-21ccd0eaac05/value HTTP/1.1
User-Agent: selenium/4.8.3 (java windows)
Content-Length: 161
Content-Type: application/json; charset=utf-8
host: localhost:15125
accept: */*

Response DefaultHttpResponse(decodeResult: success, version: HTTP/1.1)
HTTP/1.1 200 OK
Content-Length: 14
Content-Type: application/json; charset=utf-8
cache-control: no-cache

[DEBUG] Adding key: http://localhost:15125 for channel [id: 0xcd19e5ce, L:/127.0.0.1:52067 - R:localhost/127.0.0.1:15125]
[DEBUG] Entry count for : http://localhost:37981 : 1
[DEBUG] Entry count for : http://localhost:51864 : 1
[DEBUG] Entry count for : http://localhost:33878 : 1
[DEBUG] Entry count for : http://localhost:51707 : 1
[DEBUG] Entry count for : http://localhost:52075 : 1
[DEBUG] Entry count for : http://localhost:15125 : 1
[DEBUG] Entry count for : http://localhost:51933 : 1
[DEBUG] Entry count for : http://localhost:27130 : 1
[DEBUG] Entry count for : http://localhost:26365 : 1
[DEBUG] Using pooled Channel '[id: 0xcd19e5ce, L:/127.0.0.1:52067 - R:localhost/127.0.0.1:15125]' for 'POST' to 'http://localhost:15125/session/d6b714422506be14492f2942ff42e677/element'
[DEBUG] Using open Channel [id: 0xcd19e5ce, L:/127.0.0.1:52067 - R:localhost/127.0.0.1:15125] for POST '/session/d6b714422506be14492f2942ff42e677/element'
[DEBUG] 

Request DefaultHttpRequest(decodeResult: success, version: HTTP/1.1)
POST /session/d6b714422506be14492f2942ff42e677/element HTTP/1.1
User-Agent: selenium/4.8.3 (java windows)
Content-Length: 61
Content-Type: application/json; charset=utf-8
host: localhost:15125
accept: */*

Response DefaultHttpResponse(decodeResult: success, version: HTTP/1.1)
HTTP/1.1 200 OK
Content-Length: 88
Content-Type: application/json; charset=utf-8
cache-control: no-cache

[DEBUG] Adding key: http://localhost:15125 for channel [id: 0xcd19e5ce, L:/127.0.0.1:52067 - R:localhost/127.0.0.1:15125]
[DEBUG] Using pooled Channel '[id: 0xcd19e5ce, L:/127.0.0.1:52067 - R:localhost/127.0.0.1:15125]' for 'POST' to 'http://localhost:15125/session/d6b714422506be14492f2942ff42e677/element/5fdf18e0-3263-4e53-8181-67e5ea354f3a/value'
[DEBUG] Using open Channel [id: 0xcd19e5ce, L:/127.0.0.1:52067 - R:localhost/127.0.0.1:15125] for POST '/session/d6b714422506be14492f2942ff42e677/element/5fdf18e0-3263-4e53-8181-67e5ea354f3a/value'
[DEBUG] 

Request DefaultHttpRequest(decodeResult: success, version: HTTP/1.1)
POST /session/d6b714422506be14492f2942ff42e677/element/5fdf18e0-3263-4e53-8181-67e5ea354f3a/value HTTP/1.1
User-Agent: selenium/4.8.3 (java windows)
Content-Length: 131
Content-Type: application/json; charset=utf-8
host: localhost:15125
accept: */*

Response DefaultHttpResponse(decodeResult: success, version: HTTP/1.1)
HTTP/1.1 200 OK
Content-Length: 14
Content-Type: application/json; charset=utf-8
cache-control: no-cache

[DEBUG] Adding key: http://localhost:15125 for channel [id: 0xcd19e5ce, L:/127.0.0.1:52067 - R:localhost/127.0.0.1:15125]
[DEBUG] Entry count for : http://localhost:37981 : 1
[DEBUG] Entry count for : http://localhost:51864 : 1
[DEBUG] Entry count for : http://localhost:33878 : 1
[DEBUG] Entry count for : http://localhost:51707 : 1
[DEBUG] Entry count for : http://localhost:52075 : 1
[DEBUG] Entry count for : http://localhost:15125 : 1
[DEBUG] Entry count for : http://localhost:51933 : 1
[DEBUG] Entry count for : http://localhost:27130 : 1
[DEBUG] Entry count for : http://localhost:26365 : 1
[DEBUG] Using pooled Channel '[id: 0xcd19e5ce, L:/127.0.0.1:52067 - R:localhost/127.0.0.1:15125]' for 'POST' to 'http://localhost:15125/session/d6b714422506be14492f2942ff42e677/element'
[DEBUG] Using open Channel [id: 0xcd19e5ce, L:/127.0.0.1:52067 - R:localhost/127.0.0.1:15125] for POST '/session/d6b714422506be14492f2942ff42e677/element'
[DEBUG] 

Request DefaultHttpRequest(decodeResult: success, version: HTTP/1.1)
POST /session/d6b714422506be14492f2942ff42e677/element HTTP/1.1
User-Agent: selenium/4.8.3 (java windows)
Content-Length: 58
Content-Type: application/json; charset=utf-8
host: localhost:15125
accept: */*

Response DefaultHttpResponse(decodeResult: success, version: HTTP/1.1)
HTTP/1.1 200 OK
Content-Length: 88
Content-Type: application/json; charset=utf-8
cache-control: no-cache

[DEBUG] Adding key: http://localhost:15125 for channel [id: 0xcd19e5ce, L:/127.0.0.1:52067 - R:localhost/127.0.0.1:15125]
[DEBUG] Using pooled Channel '[id: 0xcd19e5ce, L:/127.0.0.1:52067 - R:localhost/127.0.0.1:15125]' for 'POST' to 'http://localhost:15125/session/d6b714422506be14492f2942ff42e677/element/607ce70b-96d8-4a5f-8f2f-b438efb5e9d6/value'
[DEBUG] Using open Channel [id: 0xcd19e5ce, L:/127.0.0.1:52067 - R:localhost/127.0.0.1:15125] for POST '/session/d6b714422506be14492f2942ff42e677/element/607ce70b-96d8-4a5f-8f2f-b438efb5e9d6/value'
[DEBUG] 

Request DefaultHttpRequest(decodeResult: success, version: HTTP/1.1)
POST /session/d6b714422506be14492f2942ff42e677/element/607ce70b-96d8-4a5f-8f2f-b438efb5e9d6/value HTTP/1.1
User-Agent: selenium/4.8.3 (java windows)
Content-Length: 351
Content-Type: application/json; charset=utf-8
host: localhost:15125
accept: */*

Response DefaultHttpResponse(decodeResult: success, version: HTTP/1.1)
HTTP/1.1 200 OK
Content-Length: 14
Content-Type: application/json; charset=utf-8
cache-control: no-cache

[DEBUG] Adding key: http://localhost:15125 for channel [id: 0xcd19e5ce, L:/127.0.0.1:52067 - R:localhost/127.0.0.1:15125]
[DEBUG] Entry count for : http://localhost:37981 : 1
[DEBUG] Entry count for : http://localhost:51864 : 1
[DEBUG] Entry count for : http://localhost:33878 : 1
[DEBUG] Entry count for : http://localhost:51707 : 1
[DEBUG] Entry count for : http://localhost:52075 : 1
[DEBUG] Entry count for : http://localhost:15125 : 1
[DEBUG] Entry count for : http://localhost:51933 : 1
[DEBUG] Entry count for : http://localhost:27130 : 1
[DEBUG] Entry count for : http://localhost:26365 : 1
[DEBUG] Using pooled Channel '[id: 0xcd19e5ce, L:/127.0.0.1:52067 - R:localhost/127.0.0.1:15125]' for 'POST' to 'http://localhost:15125/session/d6b714422506be14492f2942ff42e677/element'
[DEBUG] Using open Channel [id: 0xcd19e5ce, L:/127.0.0.1:52067 - R:localhost/127.0.0.1:15125] for POST '/session/d6b714422506be14492f2942ff42e677/element'
[DEBUG] 

Request DefaultHttpRequest(decodeResult: success, version: HTTP/1.1)
POST /session/d6b714422506be14492f2942ff42e677/element HTTP/1.1
User-Agent: selenium/4.8.3 (java windows)
Content-Length: 62
Content-Type: application/json; charset=utf-8
host: localhost:15125
accept: */*

Response DefaultHttpResponse(decodeResult: success, version: HTTP/1.1)
HTTP/1.1 200 OK
Content-Length: 88
Content-Type: application/json; charset=utf-8
cache-control: no-cache

[DEBUG] Adding key: http://localhost:15125 for channel [id: 0xcd19e5ce, L:/127.0.0.1:52067 - R:localhost/127.0.0.1:15125]
[DEBUG] Using pooled Channel '[id: 0xcd19e5ce, L:/127.0.0.1:52067 - R:localhost/127.0.0.1:15125]' for 'POST' to 'http://localhost:15125/session/d6b714422506be14492f2942ff42e677/element/a728ebdc-79b3-4e1d-87e7-bb4a334eff12/value'
[DEBUG] Using open Channel [id: 0xcd19e5ce, L:/127.0.0.1:52067 - R:localhost/127.0.0.1:15125] for POST '/session/d6b714422506be14492f2942ff42e677/element/a728ebdc-79b3-4e1d-87e7-bb4a334eff12/value'
[DEBUG] 

Request DefaultHttpRequest(decodeResult: success, version: HTTP/1.1)
POST /session/d6b714422506be14492f2942ff42e677/element/a728ebdc-79b3-4e1d-87e7-bb4a334eff12/value HTTP/1.1
User-Agent: selenium/4.8.3 (java windows)
Content-Length: 181
Content-Type: application/json; charset=utf-8
host: localhost:15125
accept: */*

Response DefaultHttpResponse(decodeResult: success, version: HTTP/1.1)
HTTP/1.1 200 OK
Content-Length: 14
Content-Type: application/json; charset=utf-8
cache-control: no-cache

[DEBUG] Adding key: http://localhost:15125 for channel [id: 0xcd19e5ce, L:/127.0.0.1:52067 - R:localhost/127.0.0.1:15125]
[DEBUG] Entry count for : http://localhost:37981 : 1
[DEBUG] Entry count for : http://localhost:51864 : 1
[DEBUG] Entry count for : http://localhost:33878 : 1
[DEBUG] Entry count for : http://localhost:51707 : 1
[DEBUG] Entry count for : http://localhost:52075 : 1
[DEBUG] Entry count for : http://localhost:15125 : 1
[DEBUG] Entry count for : http://localhost:51933 : 1
[DEBUG] Entry count for : http://localhost:27130 : 1
[DEBUG] Entry count for : http://localhost:26365 : 1
[DEBUG] Using pooled Channel '[id: 0xcd19e5ce, L:/127.0.0.1:52067 - R:localhost/127.0.0.1:15125]' for 'POST' to 'http://localhost:15125/session/d6b714422506be14492f2942ff42e677/element'
[DEBUG] Using open Channel [id: 0xcd19e5ce, L:/127.0.0.1:52067 - R:localhost/127.0.0.1:15125] for POST '/session/d6b714422506be14492f2942ff42e677/element'
[DEBUG] 

Request DefaultHttpRequest(decodeResult: success, version: HTTP/1.1)
POST /session/d6b714422506be14492f2942ff42e677/element HTTP/1.1
User-Agent: selenium/4.8.3 (java windows)
Content-Length: 61
Content-Type: application/json; charset=utf-8
host: localhost:15125
accept: */*

Response DefaultHttpResponse(decodeResult: success, version: HTTP/1.1)
HTTP/1.1 200 OK
Content-Length: 88
Content-Type: application/json; charset=utf-8
cache-control: no-cache

[DEBUG] Adding key: http://localhost:15125 for channel [id: 0xcd19e5ce, L:/127.0.0.1:52067 - R:localhost/127.0.0.1:15125]
[DEBUG] Using pooled Channel '[id: 0xcd19e5ce, L:/127.0.0.1:52067 - R:localhost/127.0.0.1:15125]' for 'POST' to 'http://localhost:15125/session/d6b714422506be14492f2942ff42e677/element/4f4bd0a3-801e-4b08-9748-96240e20a1b6/value'
[DEBUG] Using open Channel [id: 0xcd19e5ce, L:/127.0.0.1:52067 - R:localhost/127.0.0.1:15125] for POST '/session/d6b714422506be14492f2942ff42e677/element/4f4bd0a3-801e-4b08-9748-96240e20a1b6/value'
[DEBUG] 

Request DefaultHttpRequest(decodeResult: success, version: HTTP/1.1)
POST /session/d6b714422506be14492f2942ff42e677/element/4f4bd0a3-801e-4b08-9748-96240e20a1b6/value HTTP/1.1
User-Agent: selenium/4.8.3 (java windows)
Content-Length: 201
Content-Type: application/json; charset=utf-8
host: localhost:15125
accept: */*

Response DefaultHttpResponse(decodeResult: success, version: HTTP/1.1)
HTTP/1.1 200 OK
Content-Length: 14
Content-Type: application/json; charset=utf-8
cache-control: no-cache

[DEBUG] Adding key: http://localhost:15125 for channel [id: 0xcd19e5ce, L:/127.0.0.1:52067 - R:localhost/127.0.0.1:15125]
[DEBUG] Entry count for : http://localhost:37981 : 1
[DEBUG] Entry count for : http://localhost:51864 : 1
[DEBUG] Entry count for : http://localhost:33878 : 1
[DEBUG] Entry count for : http://localhost:51707 : 1
[DEBUG] Entry count for : http://localhost:52075 : 1
[DEBUG] Entry count for : http://localhost:15125 : 1
[DEBUG] Entry count for : http://localhost:51933 : 1
[DEBUG] Entry count for : http://localhost:27130 : 1
[DEBUG] Entry count for : http://localhost:26365 : 1
[DEBUG] Using pooled Channel '[id: 0xcd19e5ce, L:/127.0.0.1:52067 - R:localhost/127.0.0.1:15125]' for 'POST' to 'http://localhost:15125/session/d6b714422506be14492f2942ff42e677/element'
[DEBUG] Using open Channel [id: 0xcd19e5ce, L:/127.0.0.1:52067 - R:localhost/127.0.0.1:15125] for POST '/session/d6b714422506be14492f2942ff42e677/element'
[DEBUG] 

Request DefaultHttpRequest(decodeResult: success, version: HTTP/1.1)
POST /session/d6b714422506be14492f2942ff42e677/element HTTP/1.1
User-Agent: selenium/4.8.3 (java windows)
Content-Length: 60
Content-Type: application/json; charset=utf-8
host: localhost:15125
accept: */*

Response DefaultHttpResponse(decodeResult: success, version: HTTP/1.1)
HTTP/1.1 200 OK
Content-Length: 88
Content-Type: application/json; charset=utf-8
cache-control: no-cache

[DEBUG] Adding key: http://localhost:15125 for channel [id: 0xcd19e5ce, L:/127.0.0.1:52067 - R:localhost/127.0.0.1:15125]
[DEBUG] Using pooled Channel '[id: 0xcd19e5ce, L:/127.0.0.1:52067 - R:localhost/127.0.0.1:15125]' for 'POST' to 'http://localhost:15125/session/d6b714422506be14492f2942ff42e677/element/32be13f8-293f-4429-b608-20dd7c2e7fb5/value'
[DEBUG] Using open Channel [id: 0xcd19e5ce, L:/127.0.0.1:52067 - R:localhost/127.0.0.1:15125] for POST '/session/d6b714422506be14492f2942ff42e677/element/32be13f8-293f-4429-b608-20dd7c2e7fb5/value'
[DEBUG] 

Request DefaultHttpRequest(decodeResult: success, version: HTTP/1.1)
POST /session/d6b714422506be14492f2942ff42e677/element/32be13f8-293f-4429-b608-20dd7c2e7fb5/value HTTP/1.1
User-Agent: selenium/4.8.3 (java windows)
Content-Length: 201
Content-Type: application/json; charset=utf-8
host: localhost:15125
accept: */*

Response DefaultHttpResponse(decodeResult: success, version: HTTP/1.1)
HTTP/1.1 200 OK
Content-Length: 14
Content-Type: application/json; charset=utf-8
cache-control: no-cache

[DEBUG] Adding key: http://localhost:15125 for channel [id: 0xcd19e5ce, L:/127.0.0.1:52067 - R:localhost/127.0.0.1:15125]
[DEBUG] Entry count for : http://localhost:37981 : 1
[DEBUG] Entry count for : http://localhost:51864 : 1
[DEBUG] Entry count for : http://localhost:33878 : 1
[DEBUG] Entry count for : http://localhost:51707 : 1
[DEBUG] Entry count for : http://localhost:52075 : 1
[DEBUG] Entry count for : http://localhost:15125 : 1
[DEBUG] Entry count for : http://localhost:51933 : 1
[DEBUG] Entry count for : http://localhost:27130 : 1
[DEBUG] Entry count for : http://localhost:26365 : 1
[DEBUG] Using pooled Channel '[id: 0xcd19e5ce, L:/127.0.0.1:52067 - R:localhost/127.0.0.1:15125]' for 'POST' to 'http://localhost:15125/session/d6b714422506be14492f2942ff42e677/element'
[DEBUG] Using open Channel [id: 0xcd19e5ce, L:/127.0.0.1:52067 - R:localhost/127.0.0.1:15125] for POST '/session/d6b714422506be14492f2942ff42e677/element'
[DEBUG] 

Request DefaultHttpRequest(decodeResult: success, version: HTTP/1.1)
POST /session/d6b714422506be14492f2942ff42e677/element HTTP/1.1
User-Agent: selenium/4.8.3 (java windows)
Content-Length: 59
Content-Type: application/json; charset=utf-8
host: localhost:15125
accept: */*

Response DefaultHttpResponse(decodeResult: success, version: HTTP/1.1)
HTTP/1.1 200 OK
Content-Length: 88
Content-Type: application/json; charset=utf-8
cache-control: no-cache

[DEBUG] Adding key: http://localhost:15125 for channel [id: 0xcd19e5ce, L:/127.0.0.1:52067 - R:localhost/127.0.0.1:15125]
[DEBUG] Using pooled Channel '[id: 0xcd19e5ce, L:/127.0.0.1:52067 - R:localhost/127.0.0.1:15125]' for 'POST' to 'http://localhost:15125/session/d6b714422506be14492f2942ff42e677/element/9f5761c3-8c38-4402-8222-57a5f7dcda65/click'
[DEBUG] Using open Channel [id: 0xcd19e5ce, L:/127.0.0.1:52067 - R:localhost/127.0.0.1:15125] for POST '/session/d6b714422506be14492f2942ff42e677/element/9f5761c3-8c38-4402-8222-57a5f7dcda65/click'
[DEBUG] 

Request DefaultHttpRequest(decodeResult: success, version: HTTP/1.1)
POST /session/d6b714422506be14492f2942ff42e677/element/9f5761c3-8c38-4402-8222-57a5f7dcda65/click HTTP/1.1
User-Agent: selenium/4.8.3 (java windows)
Content-Length: 50
Content-Type: application/json; charset=utf-8
host: localhost:15125
accept: */*

Response DefaultHttpResponse(decodeResult: success, version: HTTP/1.1)
HTTP/1.1 200 OK
Content-Length: 14
Content-Type: application/json; charset=utf-8
cache-control: no-cache

[DEBUG] Adding key: http://localhost:15125 for channel [id: 0xcd19e5ce, L:/127.0.0.1:52067 - R:localhost/127.0.0.1:15125]
[DEBUG] Using pooled Channel '[id: 0xcd19e5ce, L:/127.0.0.1:52067 - R:localhost/127.0.0.1:15125]' for 'POST' to 'http://localhost:15125/session/d6b714422506be14492f2942ff42e677/element'
[DEBUG] Using open Channel [id: 0xcd19e5ce, L:/127.0.0.1:52067 - R:localhost/127.0.0.1:15125] for POST '/session/d6b714422506be14492f2942ff42e677/element'
[DEBUG] 

Request DefaultHttpRequest(decodeResult: success, version: HTTP/1.1)
POST /session/d6b714422506be14492f2942ff42e677/element HTTP/1.1
User-Agent: selenium/4.8.3 (java windows)
Content-Length: 65
Content-Type: application/json; charset=utf-8
host: localhost:15125
accept: */*

Response DefaultHttpResponse(decodeResult: success, version: HTTP/1.1)
HTTP/1.1 200 OK
Content-Length: 88
Content-Type: application/json; charset=utf-8
cache-control: no-cache

[DEBUG] Adding key: http://localhost:15125 for channel [id: 0xcd19e5ce, L:/127.0.0.1:52067 - R:localhost/127.0.0.1:15125]
[DEBUG] Using pooled Channel '[id: 0xcd19e5ce, L:/127.0.0.1:52067 - R:localhost/127.0.0.1:15125]' for 'POST' to 'http://localhost:15125/session/d6b714422506be14492f2942ff42e677/element/d1a98770-f21b-4a6a-a8af-5b79be0c6af4/click'
[DEBUG] Using open Channel [id: 0xcd19e5ce, L:/127.0.0.1:52067 - R:localhost/127.0.0.1:15125] for POST '/session/d6b714422506be14492f2942ff42e677/element/d1a98770-f21b-4a6a-a8af-5b79be0c6af4/click'
[DEBUG] Entry count for : http://localhost:37981 : 1
[DEBUG] Entry count for : http://localhost:51864 : 1
[DEBUG] Entry count for : http://localhost:33878 : 1
[DEBUG] Entry count for : http://localhost:51707 : 1
[DEBUG] Entry count for : http://localhost:52075 : 1
[DEBUG] Entry count for : http://localhost:51933 : 1
[DEBUG] Entry count for : http://localhost:27130 : 1
[DEBUG] Entry count for : http://localhost:26365 : 1
[DEBUG] Adding Candidate expired Channel [id: 0x106a442a, L:/127.0.0.1:51713 - R:localhost/127.0.0.1:51707] isIdleTimeoutExpired=true isRemotelyClosed=false isTtlExpired=false
[DEBUG] Closing Idle Channel [id: 0x106a442a, L:/127.0.0.1:51713 - R:localhost/127.0.0.1:51707]
[DEBUG] Closed 1 connections out of 8 in 0 ms
[DEBUG] Channel Closed: [id: 0x106a442a, L:/127.0.0.1:51713 ! R:localhost/127.0.0.1:51707] with attribute DISCARD
[DEBUG] 

Request DefaultHttpRequest(decodeResult: success, version: HTTP/1.1)
POST /session/d6b714422506be14492f2942ff42e677/element/d1a98770-f21b-4a6a-a8af-5b79be0c6af4/click HTTP/1.1
User-Agent: selenium/4.8.3 (java windows)
Content-Length: 50
Content-Type: application/json; charset=utf-8
host: localhost:15125
accept: */*

Response DefaultHttpResponse(decodeResult: success, version: HTTP/1.1)
HTTP/1.1 200 OK
Content-Length: 14
Content-Type: application/json; charset=utf-8
cache-control: no-cache

[DEBUG] Adding key: http://localhost:15125 for channel [id: 0xcd19e5ce, L:/127.0.0.1:52067 - R:localhost/127.0.0.1:15125]
]]></system-out>
    <system-err><![CDATA[Starting ChromeDriver 112.0.5615.49 (bd2a7bcb881c11e8cfe3078709382934e3916914-refs/branch-heads/5615@{#936}) on port 15125
Only local connections are allowed.
Please see https://chromedriver.chromium.org/security-considerations for suggestions on keeping ChromeDriver safe.
ChromeDriver was started successfully.
Apr 22, 2023 4:12:50 PM org.openqa.selenium.devtools.CdpVersionFinder findNearestMatch
WARNING: Unable to find an exact match for CDP version 112, so returning the closest version found: 111
]]></system-err>
  </testcase>
  <testcase name="testCase1" classname="learningTestNG.ImportanceOfBM_Test_AM" time="0">
    <system-out><![CDATA[[DEBUG] Channel Closed: [id: 0xcc2bd28a, L:/127.0.0.1:52083 ! R:localhost/127.0.0.1:52075] with attribute NettyResponseFuture{currentRetry=0,
	isDone=1,
	isCancelled=0,
	asyncHandler=org.asynchttpclient.ws.WebSocketUpgradeHandler@34f61df4,
	nettyRequest=org.asynchttpclient.netty.request.NettyRequest@4dca94a1,
	future=java.util.concurrent.CompletableFuture@1450d613[Completed normally],
	uri=ws://localhost:52075/devtools/browser/4ac77496-c9c1-48be-9616-2100210e2684,
	keepAlive=true,
	redirectCount=0,
	timeoutsHolder=null,
	inAuth=0,
	touch=1682194370771}
[DEBUG] Closing Channel [id: 0xcc2bd28a, L:/127.0.0.1:52083 ! R:localhost/127.0.0.1:52075] 
[DEBUG] Using pooled Channel '[id: 0xcd19e5ce, L:/127.0.0.1:52067 - R:localhost/127.0.0.1:15125]' for 'DELETE' to 'http://localhost:15125/session/d6b714422506be14492f2942ff42e677'
[DEBUG] Using open Channel [id: 0xcd19e5ce, L:/127.0.0.1:52067 - R:localhost/127.0.0.1:15125] for DELETE '/session/d6b714422506be14492f2942ff42e677'
[DEBUG] Unexpected I/O exception on channel [id: 0xbb98fe5a, L:/127.0.0.1:52082 - R:localhost/127.0.0.1:52075]
java.io.IOException: An existing connection was forcibly closed by the remote host
	at sun.nio.ch.SocketDispatcher.read0(Native Method) ~[na:1.8.0_351]
	at sun.nio.ch.SocketDispatcher.read(SocketDispatcher.java:43) ~[na:1.8.0_351]
	at sun.nio.ch.IOUtil.readIntoNativeBuffer(IOUtil.java:223) ~[na:1.8.0_351]
	at sun.nio.ch.IOUtil.read(IOUtil.java:192) ~[na:1.8.0_351]
	at sun.nio.ch.SocketChannelImpl.read(SocketChannelImpl.java:378) ~[na:1.8.0_351]
	at io.netty.buffer.PooledByteBuf.setBytes(PooledByteBuf.java:256) ~[netty-buffer-4.1.90.Final.jar:4.1.90.Final]
	at io.netty.buffer.AbstractByteBuf.writeBytes(AbstractByteBuf.java:1132) ~[netty-buffer-4.1.90.Final.jar:4.1.90.Final]
	at io.netty.channel.socket.nio.NioSocketChannel.doReadBytes(NioSocketChannel.java:357) ~[netty-transport-4.1.90.Final.jar:4.1.90.Final]
	at io.netty.channel.nio.AbstractNioByteChannel$NioByteUnsafe.read(AbstractNioByteChannel.java:151) ~[netty-transport-4.1.90.Final.jar:4.1.90.Final]
	at io.netty.channel.nio.NioEventLoop.processSelectedKey(NioEventLoop.java:788) [netty-transport-4.1.90.Final.jar:4.1.90.Final]
	at io.netty.channel.nio.NioEventLoop.processSelectedKeysOptimized(NioEventLoop.java:724) [netty-transport-4.1.90.Final.jar:4.1.90.Final]
	at io.netty.channel.nio.NioEventLoop.processSelectedKeys(NioEventLoop.java:650) [netty-transport-4.1.90.Final.jar:4.1.90.Final]
	at io.netty.channel.nio.NioEventLoop.run(NioEventLoop.java:562) [netty-transport-4.1.90.Final.jar:4.1.90.Final]
	at io.netty.util.concurrent.SingleThreadEventExecutor$4.run(SingleThreadEventExecutor.java:997) [netty-common-4.1.90.Final.jar:4.1.90.Final]
	at io.netty.util.internal.ThreadExecutorMap$2.run(ThreadExecutorMap.java:74) [netty-common-4.1.90.Final.jar:4.1.90.Final]
	at io.netty.util.concurrent.FastThreadLocalRunnable.run(FastThreadLocalRunnable.java:30) [netty-common-4.1.90.Final.jar:4.1.90.Final]
	at java.lang.Thread.run(Thread.java:750) [na:1.8.0_351]
[DEBUG] Closing Channel [id: 0xbb98fe5a, L:/127.0.0.1:52082 - R:localhost/127.0.0.1:52075] 
[DEBUG] Channel Closed: [id: 0xbb98fe5a, L:/127.0.0.1:52082 ! R:localhost/127.0.0.1:52075] with attribute DISCARD
[DEBUG] 

Request DefaultFullHttpRequest(decodeResult: success, version: HTTP/1.1, content: EmptyByteBufBE)
DELETE /session/d6b714422506be14492f2942ff42e677 HTTP/1.1
User-Agent: selenium/4.8.3 (java windows)
Content-Type: application/json; charset=utf-8
host: localhost:15125
accept: */*

Response DefaultHttpResponse(decodeResult: success, version: HTTP/1.1)
HTTP/1.1 200 OK
Content-Length: 14
Content-Type: application/json; charset=utf-8
cache-control: no-cache

[DEBUG] Adding key: http://localhost:15125 for channel [id: 0xcd19e5ce, L:/127.0.0.1:52067 - R:localhost/127.0.0.1:15125]
[DEBUG] Channel Closed: [id: 0xcd19e5ce, L:/127.0.0.1:52067 ! R:localhost/127.0.0.1:15125] with attribute DISCARD
[DEBUG] Entry count for : http://localhost:37981 : 1
[DEBUG] Entry count for : http://localhost:51864 : 1
[DEBUG] Entry count for : http://localhost:33878 : 1
[DEBUG] Entry count for : http://localhost:52075 : 1
[DEBUG] Entry count for : http://localhost:15125 : 1
[DEBUG] Entry count for : http://localhost:51933 : 1
[DEBUG] Entry count for : http://localhost:27130 : 1
[DEBUG] Entry count for : http://localhost:26365 : 1
[DEBUG] Adding Candidate expired Channel [id: 0xbb98fe5a, L:/127.0.0.1:52082 ! R:localhost/127.0.0.1:52075] isIdleTimeoutExpired=false isRemotelyClosed=true isTtlExpired=false
[DEBUG] Closing Idle Channel [id: 0xbb98fe5a, L:/127.0.0.1:52082 ! R:localhost/127.0.0.1:52075]
[DEBUG] Adding Candidate expired Channel [id: 0xcd19e5ce, L:/127.0.0.1:52067 ! R:localhost/127.0.0.1:15125] isIdleTimeoutExpired=false isRemotelyClosed=true isTtlExpired=false
[DEBUG] Closing Idle Channel [id: 0xcd19e5ce, L:/127.0.0.1:52067 ! R:localhost/127.0.0.1:15125]
[DEBUG] Closed 2 connections out of 8 in 0 ms
This is BM
this is Test Case1
]]></system-out>
  </testcase>
  <testcase name="testCase2" classname="learningTestNG.ImportanceOfBM_Test_AM" time="0">
    <system-out><![CDATA[This is AM
This is BM
this is Test Case2
]]></system-out>
  </testcase>
  <testcase name="testCase3" classname="learningTestNG.ImportanceOfBM_Test_AM" time="0">
    <system-out><![CDATA[This is AM
This is BM
this is Test Case3
]]></system-out>
  </testcase>
  <testcase name="CompleteLogin" classname="com.automationcode_25thMarch_2023.TN_CssSelector" time="0.01">
    <failure message="no such element: Unable to locate element: {&quot;method&quot;:&quot;css selector&quot;,&quot;selector&quot;:&quot;a[class=signin]&quot;}&#10;  (Session info: chrome=112.0.5615.138)&#10;For documentation on this error, please visit: https://selenium.dev/exceptions/#no_such_element&#10;Build info: version: &apos;4.8.3&apos;, revision: &apos;e5e76298c3&apos;&#10;System info: os.name: &apos;Windows 11&apos;, os.arch: &apos;amd64&apos;, os.version: &apos;10.0&apos;, java.version: &apos;1.8.0_351&apos;&#10;Driver info: org.openqa.selenium.chrome.ChromeDriver&#10;Command: [8a7c9cbd562358f4db32344374670044, findElement {using=css selector, value=a[class=signin]}]&#10;Capabilities {acceptInsecureCerts: false, browserName: chrome, browserVersion: 112.0.5615.138, chrome: {chromedriverVersion: 112.0.5615.49 (bd2a7bcb881c..., userDataDir: C:\Users\shams\AppData\Loca...}, goog:chromeOptions: {debuggerAddress: localhost:52142}, networkConnectionEnabled: false, pageLoadStrategy: normal, platformName: WINDOWS, proxy: Proxy(), se:cdp: ws://localhost:52142/devtoo..., se:cdpVersion: 112.0.5615.138, setWindowRect: true, strictFileInteractability: false, timeouts: {implicit: 0, pageLoad: 300000, script: 30000}, unhandledPromptBehavior: dismiss and notify, webauthn:extension:credBlob: true, webauthn:extension:largeBlob: true, webauthn:extension:minPinLength: true, webauthn:extension:prf: true, webauthn:virtualAuthenticators: true}&#10;Session ID: 8a7c9cbd562358f4db32344374670044" type="org.openqa.selenium.NoSuchElementException"><![CDATA[org.openqa.selenium.NoSuchElementException: 
no such element: Unable to locate element: {"method":"css selector","selector":"a[class=signin]"}
  (Session info: chrome=112.0.5615.138)
For documentation on this error, please visit: https://selenium.dev/exceptions/#no_such_element
Build info: version: '4.8.3', revision: 'e5e76298c3'
System info: os.name: 'Windows 11', os.arch: 'amd64', os.version: '10.0', java.version: '1.8.0_351'
Driver info: org.openqa.selenium.chrome.ChromeDriver
Command: [8a7c9cbd562358f4db32344374670044, findElement {using=css selector, value=a[class=signin]}]
Capabilities {acceptInsecureCerts: false, browserName: chrome, browserVersion: 112.0.5615.138, chrome: {chromedriverVersion: 112.0.5615.49 (bd2a7bcb881c..., userDataDir: C:\Users\shams\AppData\Loca...}, goog:chromeOptions: {debuggerAddress: localhost:52142}, networkConnectionEnabled: false, pageLoadStrategy: normal, platformName: WINDOWS, proxy: Proxy(), se:cdp: ws://localhost:52142/devtoo..., se:cdpVersion: 112.0.5615.138, setWindowRect: true, strictFileInteractability: false, timeouts: {implicit: 0, pageLoad: 300000, script: 30000}, unhandledPromptBehavior: dismiss and notify, webauthn:extension:credBlob: true, webauthn:extension:largeBlob: true, webauthn:extension:minPinLength: true, webauthn:extension:prf: true, webauthn:virtualAuthenticators: true}
Session ID: 8a7c9cbd562358f4db32344374670044
	at sun.reflect.NativeConstructorAccessorImpl.newInstance0(Native Method)
	at sun.reflect.NativeConstructorAccessorImpl.newInstance(NativeConstructorAccessorImpl.java:62)
	at sun.reflect.DelegatingConstructorAccessorImpl.newInstance(DelegatingConstructorAccessorImpl.java:45)
	at java.lang.reflect.Constructor.newInstance(Constructor.java:423)
	at org.openqa.selenium.remote.codec.w3c.W3CHttpResponseCodec.createException(W3CHttpResponseCodec.java:200)
	at org.openqa.selenium.remote.codec.w3c.W3CHttpResponseCodec.decode(W3CHttpResponseCodec.java:133)
	at org.openqa.selenium.remote.codec.w3c.W3CHttpResponseCodec.decode(W3CHttpResponseCodec.java:53)
	at org.openqa.selenium.remote.HttpCommandExecutor.execute(HttpCommandExecutor.java:193)
	at org.openqa.selenium.remote.service.DriverCommandExecutor.invokeExecute(DriverCommandExecutor.java:183)
	at org.openqa.selenium.remote.service.DriverCommandExecutor.execute(DriverCommandExecutor.java:158)
	at org.openqa.selenium.remote.RemoteWebDriver.execute(RemoteWebDriver.java:543)
	at org.openqa.selenium.remote.ElementLocation$ElementFinder$2.findElement(ElementLocation.java:162)
	at org.openqa.selenium.remote.ElementLocation.findElement(ElementLocation.java:60)
	at org.openqa.selenium.remote.RemoteWebDriver.findElement(RemoteWebDriver.java:352)
	at org.openqa.selenium.remote.RemoteWebDriver.findElement(RemoteWebDriver.java:344)
	at com.automationcode_25thMarch_2023.TN_CssSelector.CompleteLogin(TN_CssSelector.java:35)
	at sun.reflect.NativeMethodAccessorImpl.invoke0(Native Method)
	at sun.reflect.NativeMethodAccessorImpl.invoke(NativeMethodAccessorImpl.java:62)
	at sun.reflect.DelegatingMethodAccessorImpl.invoke(DelegatingMethodAccessorImpl.java:43)
	at java.lang.reflect.Method.invoke(Method.java:498)
	at org.testng.internal.MethodInvocationHelper.invokeMethod(MethodInvocationHelper.java:124)
	at org.testng.internal.Invoker.invokeMethod(Invoker.java:583)
	at org.testng.internal.Invoker.invokeTestMethod(Invoker.java:719)
	at org.testng.internal.Invoker.invokeTestMethods(Invoker.java:989)
	at org.testng.internal.TestMethodWorker.invokeTestMethods(TestMethodWorker.java:125)
	at org.testng.internal.TestMethodWorker.run(TestMethodWorker.java:109)
	at org.testng.TestRunner.privateRun(TestRunner.java:648)
	at org.testng.TestRunner.run(TestRunner.java:505)
	at org.testng.SuiteRunner.runTest(SuiteRunner.java:455)
	at org.testng.SuiteRunner.runSequentially(SuiteRunner.java:450)
	at org.testng.SuiteRunner.privateRun(SuiteRunner.java:415)
	at org.testng.SuiteRunner.run(SuiteRunner.java:364)
	at org.testng.SuiteRunnerWorker.runSuite(SuiteRunnerWorker.java:52)
	at org.testng.SuiteRunnerWorker.run(SuiteRunnerWorker.java:84)
	at org.testng.TestNG.runSuitesSequentially(TestNG.java:1208)
	at org.testng.TestNG.runSuitesLocally(TestNG.java:1137)
	at org.testng.TestNG.runSuites(TestNG.java:1049)
	at org.testng.TestNG.run(TestNG.java:1017)
	at org.apache.maven.surefire.testng.TestNGExecutor.run(TestNGExecutor.java:324)
	at org.apache.maven.surefire.testng.TestNGXmlTestSuite.execute(TestNGXmlTestSuite.java:74)
	at org.apache.maven.surefire.testng.TestNGProvider.invoke(TestNGProvider.java:123)
	at org.apache.maven.surefire.booter.ForkedBooter.runSuitesInProcess(ForkedBooter.java:456)
	at org.apache.maven.surefire.booter.ForkedBooter.execute(ForkedBooter.java:169)
	at org.apache.maven.surefire.booter.ForkedBooter.run(ForkedBooter.java:595)
	at org.apache.maven.surefire.booter.ForkedBooter.main(ForkedBooter.java:581)
]]></failure>
    <system-out><![CDATA[This is AM
[DEBUG] Using new Channel '[id: 0xb6bfe44e, L:/127.0.0.1:52141 - R:localhost/127.0.0.1:3723]' for 'POST' to '/session'
[DEBUG] 

Request DefaultHttpRequest(decodeResult: success, version: HTTP/1.1)
POST /session HTTP/1.1
User-Agent: selenium/4.8.3 (java windows)
Content-Length: 439
Content-Type: application/json; charset=utf-8
host: localhost:3723
accept: */*

Response DefaultHttpResponse(decodeResult: success, version: HTTP/1.1)
HTTP/1.1 200 OK
Content-Length: 859
Content-Type: application/json; charset=utf-8
cache-control: no-cache

[DEBUG] Adding key: http://localhost:3723 for channel [id: 0xb6bfe44e, L:/127.0.0.1:52141 - R:localhost/127.0.0.1:3723]
[DEBUG] Using new Channel '[id: 0xd438ed18, L:/127.0.0.1:52148 - R:localhost/127.0.0.1:52142]' for 'GET' to '/json/version'
[DEBUG] 

Request DefaultFullHttpRequest(decodeResult: success, version: HTTP/1.1, content: EmptyByteBufBE)
GET /json/version HTTP/1.1
User-Agent: selenium/4.8.3 (java windows)
host: localhost:52142
accept: */*

Response DefaultHttpResponse(decodeResult: success, version: HTTP/1.1)
HTTP/1.1 200 OK
Content-Security-Policy: frame-ancestors 'none'
Content-Length: 424
Content-Type: application/json; charset=UTF-8

[DEBUG] Adding key: http://localhost:52142 for channel [id: 0xd438ed18, L:/127.0.0.1:52148 - R:localhost/127.0.0.1:52142]
[DEBUG] Using new Channel '[id: 0xf678ae5a, L:/127.0.0.1:52149 - R:localhost/127.0.0.1:52142]' for 'GET' to '/devtools/browser/cf123267-2910-4d22-8523-6416f3a0e10c'
[DEBUG] 

Request DefaultFullHttpRequest(decodeResult: success, version: HTTP/1.1, content: EmptyByteBufBE)
GET /devtools/browser/cf123267-2910-4d22-8523-6416f3a0e10c HTTP/1.1
upgrade: websocket
connection: upgrade
sec-websocket-key: vchtus51txrn+5esEVhClg==
sec-websocket-version: 13
origin: http://localhost:52142
host: localhost:52142
accept: */*
user-agent: AHC/2.1

Response DefaultHttpResponse(decodeResult: success, version: HTTP/1.1)
HTTP/1.1 101 WebSocket Protocol Handshake
Upgrade: WebSocket
Connection: Upgrade
Sec-WebSocket-Accept: mDpA8+RtRU9CbgFntU9FV2yb+YE=

[DEBUG] Using pooled Channel '[id: 0xb6bfe44e, L:/127.0.0.1:52141 - R:localhost/127.0.0.1:3723]' for 'POST' to 'http://localhost:3723/session/8a7c9cbd562358f4db32344374670044/window/maximize'
[DEBUG] Using open Channel [id: 0xb6bfe44e, L:/127.0.0.1:52141 - R:localhost/127.0.0.1:3723] for POST '/session/8a7c9cbd562358f4db32344374670044/window/maximize'
[DEBUG] 

Request DefaultHttpRequest(decodeResult: success, version: HTTP/1.1)
POST /session/8a7c9cbd562358f4db32344374670044/window/maximize HTTP/1.1
User-Agent: selenium/4.8.3 (java windows)
Content-Length: 3
Content-Type: application/json; charset=utf-8
host: localhost:3723
accept: */*

Response DefaultHttpResponse(decodeResult: success, version: HTTP/1.1)
HTTP/1.1 200 OK
Content-Length: 52
Content-Type: application/json; charset=utf-8
cache-control: no-cache

[DEBUG] Adding key: http://localhost:3723 for channel [id: 0xb6bfe44e, L:/127.0.0.1:52141 - R:localhost/127.0.0.1:3723]
[DEBUG] Using pooled Channel '[id: 0xb6bfe44e, L:/127.0.0.1:52141 - R:localhost/127.0.0.1:3723]' for 'POST' to 'http://localhost:3723/session/8a7c9cbd562358f4db32344374670044/url'
[DEBUG] Using open Channel [id: 0xb6bfe44e, L:/127.0.0.1:52141 - R:localhost/127.0.0.1:3723] for POST '/session/8a7c9cbd562358f4db32344374670044/url'
[DEBUG] Entry count for : http://localhost:37981 : 1
[DEBUG] Entry count for : http://localhost:52142 : 1
[DEBUG] Entry count for : http://localhost:51864 : 1
[DEBUG] Entry count for : http://localhost:33878 : 1
[DEBUG] Entry count for : http://localhost:51933 : 1
[DEBUG] Entry count for : http://localhost:27130 : 1
[DEBUG] Entry count for : http://localhost:26365 : 1
[DEBUG] Entry count for : http://localhost:37981 : 1
[DEBUG] Entry count for : http://localhost:52142 : 1
[DEBUG] Entry count for : http://localhost:51864 : 1
[DEBUG] Entry count for : http://localhost:33878 : 1
[DEBUG] Entry count for : http://localhost:51933 : 1
[DEBUG] Entry count for : http://localhost:27130 : 1
[DEBUG] Entry count for : http://localhost:26365 : 1
[DEBUG] Adding Candidate expired Channel [id: 0xbf381dcd, L:/127.0.0.1:51706 - R:localhost/127.0.0.1:37981] isIdleTimeoutExpired=true isRemotelyClosed=false isTtlExpired=false
[DEBUG] Closing Idle Channel [id: 0xbf381dcd, L:/127.0.0.1:51706 - R:localhost/127.0.0.1:37981]
[DEBUG] Closed 1 connections out of 7 in 0 ms
[DEBUG] Channel Closed: [id: 0xbf381dcd, L:/127.0.0.1:51706 ! R:localhost/127.0.0.1:37981] with attribute DISCARD
[DEBUG] Entry count for : http://localhost:52142 : 1
[DEBUG] Entry count for : http://localhost:51864 : 1
[DEBUG] Entry count for : http://localhost:33878 : 1
[DEBUG] Entry count for : http://localhost:51933 : 1
[DEBUG] Entry count for : http://localhost:27130 : 1
[DEBUG] Entry count for : http://localhost:26365 : 1
[DEBUG] Entry count for : http://localhost:52142 : 1
[DEBUG] Entry count for : http://localhost:51864 : 1
[DEBUG] Entry count for : http://localhost:33878 : 1
[DEBUG] Entry count for : http://localhost:51933 : 1
[DEBUG] Entry count for : http://localhost:27130 : 1
[DEBUG] Entry count for : http://localhost:26365 : 1
[DEBUG] 

Request DefaultHttpRequest(decodeResult: success, version: HTTP/1.1)
POST /session/8a7c9cbd562358f4db32344374670044/url HTTP/1.1
User-Agent: selenium/4.8.3 (java windows)
Content-Length: 66
Content-Type: application/json; charset=utf-8
host: localhost:3723
accept: */*

Response DefaultHttpResponse(decodeResult: success, version: HTTP/1.1)
HTTP/1.1 200 OK
Content-Length: 14
Content-Type: application/json; charset=utf-8
cache-control: no-cache

[DEBUG] Adding key: http://localhost:3723 for channel [id: 0xb6bfe44e, L:/127.0.0.1:52141 - R:localhost/127.0.0.1:3723]
[DEBUG] Using pooled Channel '[id: 0xb6bfe44e, L:/127.0.0.1:52141 - R:localhost/127.0.0.1:3723]' for 'POST' to 'http://localhost:3723/session/8a7c9cbd562358f4db32344374670044/element'
[DEBUG] Using open Channel [id: 0xb6bfe44e, L:/127.0.0.1:52141 - R:localhost/127.0.0.1:3723] for POST '/session/8a7c9cbd562358f4db32344374670044/element'
[DEBUG] 

Request DefaultHttpRequest(decodeResult: success, version: HTTP/1.1)
POST /session/8a7c9cbd562358f4db32344374670044/element HTTP/1.1
User-Agent: selenium/4.8.3 (java windows)
Content-Length: 59
Content-Type: application/json; charset=utf-8
host: localhost:3723
accept: */*

Response DefaultHttpResponse(decodeResult: success, version: HTTP/1.1)
HTTP/1.1 404 Not Found
Content-Length: 943
Content-Type: application/json; charset=utf-8
cache-control: no-cache

[DEBUG] Adding key: http://localhost:3723 for channel [id: 0xb6bfe44e, L:/127.0.0.1:52141 - R:localhost/127.0.0.1:3723]
]]></system-out>
    <system-err><![CDATA[Starting ChromeDriver 112.0.5615.49 (bd2a7bcb881c11e8cfe3078709382934e3916914-refs/branch-heads/5615@{#936}) on port 3723
Only local connections are allowed.
Please see https://chromedriver.chromium.org/security-considerations for suggestions on keeping ChromeDriver safe.
ChromeDriver was started successfully.
Apr 22, 2023 4:13:07 PM org.openqa.selenium.devtools.CdpVersionFinder findNearestMatch
WARNING: Unable to find an exact match for CDP version 112, so returning the closest version found: 111
]]></system-err>
  </testcase>
  <testcase name="clickOnMyAccountLink" classname="com.automationcode_25thMarch_2023.TN_CssSelector" time="0.054">
    <system-out><![CDATA[[DEBUG] Using new Channel '[id: 0xb1146105, L:/127.0.0.1:52166 - R:localhost/127.0.0.1:18894]' for 'POST' to '/session'
[DEBUG] 

Request DefaultHttpRequest(decodeResult: success, version: HTTP/1.1)
POST /session HTTP/1.1
User-Agent: selenium/4.8.3 (java windows)
Content-Length: 439
Content-Type: application/json; charset=utf-8
host: localhost:18894
accept: */*

Response DefaultHttpResponse(decodeResult: success, version: HTTP/1.1)
HTTP/1.1 200 OK
Content-Length: 860
Content-Type: application/json; charset=utf-8
cache-control: no-cache

[DEBUG] Adding key: http://localhost:18894 for channel [id: 0xb1146105, L:/127.0.0.1:52166 - R:localhost/127.0.0.1:18894]
[DEBUG] Using new Channel '[id: 0x98bc4cff, L:/127.0.0.1:52173 - R:localhost/127.0.0.1:52167]' for 'GET' to '/json/version'
[DEBUG] 

Request DefaultFullHttpRequest(decodeResult: success, version: HTTP/1.1, content: EmptyByteBufBE)
GET /json/version HTTP/1.1
User-Agent: selenium/4.8.3 (java windows)
host: localhost:52167
accept: */*

Response DefaultHttpResponse(decodeResult: success, version: HTTP/1.1)
HTTP/1.1 200 OK
Content-Security-Policy: frame-ancestors 'none'
Content-Length: 424
Content-Type: application/json; charset=UTF-8

[DEBUG] Adding key: http://localhost:52167 for channel [id: 0x98bc4cff, L:/127.0.0.1:52173 - R:localhost/127.0.0.1:52167]
[DEBUG] Using new Channel '[id: 0x9b46cbd5, L:/127.0.0.1:52174 - R:localhost/127.0.0.1:52167]' for 'GET' to '/devtools/browser/b067ff79-7f28-4203-9b49-c72eeb55631e'
[DEBUG] 

Request DefaultFullHttpRequest(decodeResult: success, version: HTTP/1.1, content: EmptyByteBufBE)
GET /devtools/browser/b067ff79-7f28-4203-9b49-c72eeb55631e HTTP/1.1
upgrade: websocket
connection: upgrade
sec-websocket-key: nRC8rTVleMvBQZaI8gJp7w==
sec-websocket-version: 13
origin: http://localhost:52167
host: localhost:52167
accept: */*
user-agent: AHC/2.1

Response DefaultHttpResponse(decodeResult: success, version: HTTP/1.1)
HTTP/1.1 101 WebSocket Protocol Handshake
Upgrade: WebSocket
Connection: Upgrade
Sec-WebSocket-Accept: ceZQ5NOJJlXBr7BJ26v44wXGQ6o=

[DEBUG] Using pooled Channel '[id: 0xb1146105, L:/127.0.0.1:52166 - R:localhost/127.0.0.1:18894]' for 'POST' to 'http://localhost:18894/session/5c584b3ce2f345d6b08237b7b43b05c7/window/maximize'
[DEBUG] Using open Channel [id: 0xb1146105, L:/127.0.0.1:52166 - R:localhost/127.0.0.1:18894] for POST '/session/5c584b3ce2f345d6b08237b7b43b05c7/window/maximize'
[DEBUG] 

Request DefaultHttpRequest(decodeResult: success, version: HTTP/1.1)
POST /session/5c584b3ce2f345d6b08237b7b43b05c7/window/maximize HTTP/1.1
User-Agent: selenium/4.8.3 (java windows)
Content-Length: 3
Content-Type: application/json; charset=utf-8
host: localhost:18894
accept: */*

Response DefaultHttpResponse(decodeResult: success, version: HTTP/1.1)
HTTP/1.1 200 OK
Content-Length: 52
Content-Type: application/json; charset=utf-8
cache-control: no-cache

[DEBUG] Adding key: http://localhost:18894 for channel [id: 0xb1146105, L:/127.0.0.1:52166 - R:localhost/127.0.0.1:18894]
[DEBUG] Using pooled Channel '[id: 0xb1146105, L:/127.0.0.1:52166 - R:localhost/127.0.0.1:18894]' for 'POST' to 'http://localhost:18894/session/5c584b3ce2f345d6b08237b7b43b05c7/url'
[DEBUG] Using open Channel [id: 0xb1146105, L:/127.0.0.1:52166 - R:localhost/127.0.0.1:18894] for POST '/session/5c584b3ce2f345d6b08237b7b43b05c7/url'
[DEBUG] Entry count for : http://localhost:52142 : 1
[DEBUG] Entry count for : http://localhost:52167 : 1
[DEBUG] Entry count for : http://localhost:51864 : 1
[DEBUG] Entry count for : http://localhost:33878 : 1
[DEBUG] Entry count for : http://localhost:3723 : 1
[DEBUG] Entry count for : http://localhost:51933 : 1
[DEBUG] Entry count for : http://localhost:27130 : 1
[DEBUG] Entry count for : http://localhost:26365 : 1
[DEBUG] Entry count for : http://localhost:52142 : 1
[DEBUG] Entry count for : http://localhost:52167 : 1
[DEBUG] Entry count for : http://localhost:51864 : 1
[DEBUG] Entry count for : http://localhost:33878 : 1
[DEBUG] Entry count for : http://localhost:3723 : 1
[DEBUG] Entry count for : http://localhost:51933 : 1
[DEBUG] Entry count for : http://localhost:27130 : 1
[DEBUG] Entry count for : http://localhost:26365 : 1
[DEBUG] Entry count for : http://localhost:52142 : 1
[DEBUG] Entry count for : http://localhost:52167 : 1
[DEBUG] Entry count for : http://localhost:51864 : 1
[DEBUG] Entry count for : http://localhost:33878 : 1
[DEBUG] Entry count for : http://localhost:3723 : 1
[DEBUG] Entry count for : http://localhost:51933 : 1
[DEBUG] Entry count for : http://localhost:27130 : 1
[DEBUG] Entry count for : http://localhost:26365 : 1
[DEBUG] 

Request DefaultHttpRequest(decodeResult: success, version: HTTP/1.1)
POST /session/5c584b3ce2f345d6b08237b7b43b05c7/url HTTP/1.1
User-Agent: selenium/4.8.3 (java windows)
Content-Length: 66
Content-Type: application/json; charset=utf-8
host: localhost:18894
accept: */*

Response DefaultHttpResponse(decodeResult: success, version: HTTP/1.1)
HTTP/1.1 200 OK
Content-Length: 14
Content-Type: application/json; charset=utf-8
cache-control: no-cache

[DEBUG] Adding key: http://localhost:18894 for channel [id: 0xb1146105, L:/127.0.0.1:52166 - R:localhost/127.0.0.1:18894]
[DEBUG] Using pooled Channel '[id: 0xb1146105, L:/127.0.0.1:52166 - R:localhost/127.0.0.1:18894]' for 'POST' to 'http://localhost:18894/session/5c584b3ce2f345d6b08237b7b43b05c7/element'
[DEBUG] Using open Channel [id: 0xb1146105, L:/127.0.0.1:52166 - R:localhost/127.0.0.1:18894] for POST '/session/5c584b3ce2f345d6b08237b7b43b05c7/element'
[DEBUG] 

Request DefaultHttpRequest(decodeResult: success, version: HTTP/1.1)
POST /session/5c584b3ce2f345d6b08237b7b43b05c7/element HTTP/1.1
User-Agent: selenium/4.8.3 (java windows)
Content-Length: 65
Content-Type: application/json; charset=utf-8
host: localhost:18894
accept: */*

Response DefaultHttpResponse(decodeResult: success, version: HTTP/1.1)
HTTP/1.1 200 OK
Content-Length: 88
Content-Type: application/json; charset=utf-8
cache-control: no-cache

[DEBUG] Adding key: http://localhost:18894 for channel [id: 0xb1146105, L:/127.0.0.1:52166 - R:localhost/127.0.0.1:18894]
[DEBUG] Using pooled Channel '[id: 0xb1146105, L:/127.0.0.1:52166 - R:localhost/127.0.0.1:18894]' for 'POST' to 'http://localhost:18894/session/5c584b3ce2f345d6b08237b7b43b05c7/element/98028b46-bea1-46bd-bcbb-3a6f369f4dc4/click'
[DEBUG] Using open Channel [id: 0xb1146105, L:/127.0.0.1:52166 - R:localhost/127.0.0.1:18894] for POST '/session/5c584b3ce2f345d6b08237b7b43b05c7/element/98028b46-bea1-46bd-bcbb-3a6f369f4dc4/click'
[DEBUG] 

Request DefaultHttpRequest(decodeResult: success, version: HTTP/1.1)
POST /session/5c584b3ce2f345d6b08237b7b43b05c7/element/98028b46-bea1-46bd-bcbb-3a6f369f4dc4/click HTTP/1.1
User-Agent: selenium/4.8.3 (java windows)
Content-Length: 50
Content-Type: application/json; charset=utf-8
host: localhost:18894
accept: */*

Response DefaultHttpResponse(decodeResult: success, version: HTTP/1.1)
HTTP/1.1 200 OK
Content-Length: 14
Content-Type: application/json; charset=utf-8
cache-control: no-cache

[DEBUG] Adding key: http://localhost:18894 for channel [id: 0xb1146105, L:/127.0.0.1:52166 - R:localhost/127.0.0.1:18894]
]]></system-out>
    <system-err><![CDATA[Starting ChromeDriver 112.0.5615.49 (bd2a7bcb881c11e8cfe3078709382934e3916914-refs/branch-heads/5615@{#936}) on port 18894
Only local connections are allowed.
Please see https://chromedriver.chromium.org/security-considerations for suggestions on keeping ChromeDriver safe.
ChromeDriver was started successfully.
Apr 22, 2023 4:13:12 PM org.openqa.selenium.devtools.CdpVersionFinder findNearestMatch
WARNING: Unable to find an exact match for CDP version 112, so returning the closest version found: 111
]]></system-err>
  </testcase>
  <testcase name="signinRediffMail[seleniumpanda@rediffmail.com, Selenium@123](1)" classname="com.automationcode_2ndApril_2023.DataDriven" time="4.843">
    <failure message="no such element: Unable to locate element: {&quot;method&quot;:&quot;css selector&quot;,&quot;selector&quot;:&quot;signinbtn&quot;}&#10;  (Session info: chrome=112.0.5615.138)&#10;For documentation on this error, please visit: https://selenium.dev/exceptions/#no_such_element&#10;Build info: version: &apos;4.8.3&apos;, revision: &apos;e5e76298c3&apos;&#10;System info: os.name: &apos;Windows 11&apos;, os.arch: &apos;amd64&apos;, os.version: &apos;10.0&apos;, java.version: &apos;1.8.0_351&apos;&#10;Driver info: org.openqa.selenium.chrome.ChromeDriver&#10;Command: [aeda00b876f01796719d8573fe4c5bf2, findElement {using=css selector, value=signinbtn}]&#10;Capabilities {acceptInsecureCerts: false, browserName: chrome, browserVersion: 112.0.5615.138, chrome: {chromedriverVersion: 112.0.5615.49 (bd2a7bcb881c..., userDataDir: C:\Users\shams\AppData\Loca...}, goog:chromeOptions: {debuggerAddress: localhost:52193}, networkConnectionEnabled: false, pageLoadStrategy: normal, platformName: WINDOWS, proxy: Proxy(), se:cdp: ws://localhost:52193/devtoo..., se:cdpVersion: 112.0.5615.138, setWindowRect: true, strictFileInteractability: false, timeouts: {implicit: 0, pageLoad: 300000, script: 30000}, unhandledPromptBehavior: dismiss and notify, webauthn:extension:credBlob: true, webauthn:extension:largeBlob: true, webauthn:extension:minPinLength: true, webauthn:extension:prf: true, webauthn:virtualAuthenticators: true}&#10;Session ID: aeda00b876f01796719d8573fe4c5bf2" type="org.openqa.selenium.NoSuchElementException"><![CDATA[org.openqa.selenium.NoSuchElementException: 
no such element: Unable to locate element: {"method":"css selector","selector":"signinbtn"}
  (Session info: chrome=112.0.5615.138)
For documentation on this error, please visit: https://selenium.dev/exceptions/#no_such_element
Build info: version: '4.8.3', revision: 'e5e76298c3'
System info: os.name: 'Windows 11', os.arch: 'amd64', os.version: '10.0', java.version: '1.8.0_351'
Driver info: org.openqa.selenium.chrome.ChromeDriver
Command: [aeda00b876f01796719d8573fe4c5bf2, findElement {using=css selector, value=signinbtn}]
Capabilities {acceptInsecureCerts: false, browserName: chrome, browserVersion: 112.0.5615.138, chrome: {chromedriverVersion: 112.0.5615.49 (bd2a7bcb881c..., userDataDir: C:\Users\shams\AppData\Loca...}, goog:chromeOptions: {debuggerAddress: localhost:52193}, networkConnectionEnabled: false, pageLoadStrategy: normal, platformName: WINDOWS, proxy: Proxy(), se:cdp: ws://localhost:52193/devtoo..., se:cdpVersion: 112.0.5615.138, setWindowRect: true, strictFileInteractability: false, timeouts: {implicit: 0, pageLoad: 300000, script: 30000}, unhandledPromptBehavior: dismiss and notify, webauthn:extension:credBlob: true, webauthn:extension:largeBlob: true, webauthn:extension:minPinLength: true, webauthn:extension:prf: true, webauthn:virtualAuthenticators: true}
Session ID: aeda00b876f01796719d8573fe4c5bf2
	at sun.reflect.NativeConstructorAccessorImpl.newInstance0(Native Method)
	at sun.reflect.NativeConstructorAccessorImpl.newInstance(NativeConstructorAccessorImpl.java:62)
	at sun.reflect.DelegatingConstructorAccessorImpl.newInstance(DelegatingConstructorAccessorImpl.java:45)
	at java.lang.reflect.Constructor.newInstance(Constructor.java:423)
	at org.openqa.selenium.remote.codec.w3c.W3CHttpResponseCodec.createException(W3CHttpResponseCodec.java:200)
	at org.openqa.selenium.remote.codec.w3c.W3CHttpResponseCodec.decode(W3CHttpResponseCodec.java:133)
	at org.openqa.selenium.remote.codec.w3c.W3CHttpResponseCodec.decode(W3CHttpResponseCodec.java:53)
	at org.openqa.selenium.remote.HttpCommandExecutor.execute(HttpCommandExecutor.java:193)
	at org.openqa.selenium.remote.service.DriverCommandExecutor.invokeExecute(DriverCommandExecutor.java:183)
	at org.openqa.selenium.remote.service.DriverCommandExecutor.execute(DriverCommandExecutor.java:158)
	at org.openqa.selenium.remote.RemoteWebDriver.execute(RemoteWebDriver.java:543)
	at org.openqa.selenium.remote.ElementLocation$ElementFinder$2.findElement(ElementLocation.java:162)
	at org.openqa.selenium.remote.ElementLocation.findElement(ElementLocation.java:60)
	at org.openqa.selenium.remote.RemoteWebDriver.findElement(RemoteWebDriver.java:352)
	at org.openqa.selenium.remote.RemoteWebDriver.findElement(RemoteWebDriver.java:344)
	at com.automationcode_2ndApril_2023.DataDriven.signinRediffMail(DataDriven.java:46)
	at sun.reflect.NativeMethodAccessorImpl.invoke0(Native Method)
	at sun.reflect.NativeMethodAccessorImpl.invoke(NativeMethodAccessorImpl.java:62)
	at sun.reflect.DelegatingMethodAccessorImpl.invoke(DelegatingMethodAccessorImpl.java:43)
	at java.lang.reflect.Method.invoke(Method.java:498)
	at org.testng.internal.MethodInvocationHelper.invokeMethod(MethodInvocationHelper.java:124)
	at org.testng.internal.Invoker.invokeMethod(Invoker.java:583)
	at org.testng.internal.Invoker.invokeTestMethod(Invoker.java:719)
	at org.testng.internal.Invoker.invokeTestMethods(Invoker.java:989)
	at org.testng.internal.TestMethodWorker.invokeTestMethods(TestMethodWorker.java:125)
	at org.testng.internal.TestMethodWorker.run(TestMethodWorker.java:109)
	at org.testng.TestRunner.privateRun(TestRunner.java:648)
	at org.testng.TestRunner.run(TestRunner.java:505)
	at org.testng.SuiteRunner.runTest(SuiteRunner.java:455)
	at org.testng.SuiteRunner.runSequentially(SuiteRunner.java:450)
	at org.testng.SuiteRunner.privateRun(SuiteRunner.java:415)
	at org.testng.SuiteRunner.run(SuiteRunner.java:364)
	at org.testng.SuiteRunnerWorker.runSuite(SuiteRunnerWorker.java:52)
	at org.testng.SuiteRunnerWorker.run(SuiteRunnerWorker.java:84)
	at org.testng.TestNG.runSuitesSequentially(TestNG.java:1208)
	at org.testng.TestNG.runSuitesLocally(TestNG.java:1137)
	at org.testng.TestNG.runSuites(TestNG.java:1049)
	at org.testng.TestNG.run(TestNG.java:1017)
	at org.apache.maven.surefire.testng.TestNGExecutor.run(TestNGExecutor.java:324)
	at org.apache.maven.surefire.testng.TestNGXmlTestSuite.execute(TestNGXmlTestSuite.java:74)
	at org.apache.maven.surefire.testng.TestNGProvider.invoke(TestNGProvider.java:123)
	at org.apache.maven.surefire.booter.ForkedBooter.runSuitesInProcess(ForkedBooter.java:456)
	at org.apache.maven.surefire.booter.ForkedBooter.execute(ForkedBooter.java:169)
	at org.apache.maven.surefire.booter.ForkedBooter.run(ForkedBooter.java:595)
	at org.apache.maven.surefire.booter.ForkedBooter.main(ForkedBooter.java:581)
]]></failure>
    <system-out><![CDATA[[DEBUG] Using new Channel '[id: 0x4a30835e, L:/127.0.0.1:52192 - R:localhost/127.0.0.1:27040]' for 'POST' to '/session'
[DEBUG] Entry count for : http://localhost:52142 : 1
[DEBUG] Entry count for : http://localhost:52167 : 1
[DEBUG] Entry count for : http://localhost:51864 : 1
[DEBUG] Entry count for : http://localhost:33878 : 1
[DEBUG] Entry count for : http://localhost:3723 : 1
[DEBUG] Entry count for : http://localhost:18894 : 1
[DEBUG] Entry count for : http://localhost:51933 : 1
[DEBUG] Entry count for : http://localhost:27130 : 1
[DEBUG] Entry count for : http://localhost:26365 : 1
[DEBUG] 

Request DefaultHttpRequest(decodeResult: success, version: HTTP/1.1)
POST /session HTTP/1.1
User-Agent: selenium/4.8.3 (java windows)
Content-Length: 439
Content-Type: application/json; charset=utf-8
host: localhost:27040
accept: */*

Response DefaultHttpResponse(decodeResult: success, version: HTTP/1.1)
HTTP/1.1 200 OK
Content-Length: 859
Content-Type: application/json; charset=utf-8
cache-control: no-cache

[DEBUG] Adding key: http://localhost:27040 for channel [id: 0x4a30835e, L:/127.0.0.1:52192 - R:localhost/127.0.0.1:27040]
[DEBUG] Using new Channel '[id: 0x8ea8d265, L:/127.0.0.1:52199 - R:localhost/127.0.0.1:52193]' for 'GET' to '/json/version'
[DEBUG] 

Request DefaultFullHttpRequest(decodeResult: success, version: HTTP/1.1, content: EmptyByteBufBE)
GET /json/version HTTP/1.1
User-Agent: selenium/4.8.3 (java windows)
host: localhost:52193
accept: */*

Response DefaultHttpResponse(decodeResult: success, version: HTTP/1.1)
HTTP/1.1 200 OK
Content-Security-Policy: frame-ancestors 'none'
Content-Length: 424
Content-Type: application/json; charset=UTF-8

[DEBUG] Adding key: http://localhost:52193 for channel [id: 0x8ea8d265, L:/127.0.0.1:52199 - R:localhost/127.0.0.1:52193]
[DEBUG] Using new Channel '[id: 0x4fc9424a, L:/127.0.0.1:52200 - R:localhost/127.0.0.1:52193]' for 'GET' to '/devtools/browser/d54ffde9-270f-4a13-a857-5c3e6aebf6d6'
[DEBUG] 

Request DefaultFullHttpRequest(decodeResult: success, version: HTTP/1.1, content: EmptyByteBufBE)
GET /devtools/browser/d54ffde9-270f-4a13-a857-5c3e6aebf6d6 HTTP/1.1
upgrade: websocket
connection: upgrade
sec-websocket-key: BDELwv0MAjfXWWla9pi29Q==
sec-websocket-version: 13
origin: http://localhost:52193
host: localhost:52193
accept: */*
user-agent: AHC/2.1

Response DefaultHttpResponse(decodeResult: success, version: HTTP/1.1)
HTTP/1.1 101 WebSocket Protocol Handshake
Upgrade: WebSocket
Connection: Upgrade
Sec-WebSocket-Accept: 6gsktn007yDSI/W+T6AEwLcc6x0=

[DEBUG] Using pooled Channel '[id: 0x4a30835e, L:/127.0.0.1:52192 - R:localhost/127.0.0.1:27040]' for 'POST' to 'http://localhost:27040/session/aeda00b876f01796719d8573fe4c5bf2/window/maximize'
[DEBUG] Using open Channel [id: 0x4a30835e, L:/127.0.0.1:52192 - R:localhost/127.0.0.1:27040] for POST '/session/aeda00b876f01796719d8573fe4c5bf2/window/maximize'
[DEBUG] 

Request DefaultHttpRequest(decodeResult: success, version: HTTP/1.1)
POST /session/aeda00b876f01796719d8573fe4c5bf2/window/maximize HTTP/1.1
User-Agent: selenium/4.8.3 (java windows)
Content-Length: 3
Content-Type: application/json; charset=utf-8
host: localhost:27040
accept: */*

Response DefaultHttpResponse(decodeResult: success, version: HTTP/1.1)
HTTP/1.1 200 OK
Content-Length: 52
Content-Type: application/json; charset=utf-8
cache-control: no-cache

[DEBUG] Adding key: http://localhost:27040 for channel [id: 0x4a30835e, L:/127.0.0.1:52192 - R:localhost/127.0.0.1:27040]
[DEBUG] Using pooled Channel '[id: 0x4a30835e, L:/127.0.0.1:52192 - R:localhost/127.0.0.1:27040]' for 'POST' to 'http://localhost:27040/session/aeda00b876f01796719d8573fe4c5bf2/url'
[DEBUG] Using open Channel [id: 0x4a30835e, L:/127.0.0.1:52192 - R:localhost/127.0.0.1:27040] for POST '/session/aeda00b876f01796719d8573fe4c5bf2/url'
[DEBUG] Entry count for : http://localhost:52142 : 1
[DEBUG] Entry count for : http://localhost:52167 : 1
[DEBUG] Entry count for : http://localhost:51864 : 1
[DEBUG] Entry count for : http://localhost:33878 : 1
[DEBUG] Entry count for : http://localhost:52193 : 1
[DEBUG] Entry count for : http://localhost:3723 : 1
[DEBUG] Entry count for : http://localhost:18894 : 1
[DEBUG] Entry count for : http://localhost:51933 : 1
[DEBUG] Entry count for : http://localhost:27130 : 1
[DEBUG] Entry count for : http://localhost:26365 : 1
[DEBUG] Entry count for : http://localhost:52142 : 1
[DEBUG] Entry count for : http://localhost:52167 : 1
[DEBUG] Entry count for : http://localhost:51864 : 1
[DEBUG] Entry count for : http://localhost:33878 : 1
[DEBUG] Entry count for : http://localhost:52193 : 1
[DEBUG] Entry count for : http://localhost:3723 : 1
[DEBUG] Entry count for : http://localhost:18894 : 1
[DEBUG] Entry count for : http://localhost:51933 : 1
[DEBUG] Entry count for : http://localhost:27130 : 1
[DEBUG] Entry count for : http://localhost:26365 : 1
[DEBUG] Entry count for : http://localhost:52142 : 1
[DEBUG] Entry count for : http://localhost:52167 : 1
[DEBUG] Entry count for : http://localhost:51864 : 1
[DEBUG] Entry count for : http://localhost:33878 : 1
[DEBUG] Entry count for : http://localhost:52193 : 1
[DEBUG] Entry count for : http://localhost:3723 : 1
[DEBUG] Entry count for : http://localhost:18894 : 1
[DEBUG] Entry count for : http://localhost:51933 : 1
[DEBUG] Entry count for : http://localhost:27130 : 1
[DEBUG] Entry count for : http://localhost:26365 : 1
[DEBUG] 

Request DefaultHttpRequest(decodeResult: success, version: HTTP/1.1)
POST /session/aeda00b876f01796719d8573fe4c5bf2/url HTTP/1.1
User-Agent: selenium/4.8.3 (java windows)
Content-Length: 76
Content-Type: application/json; charset=utf-8
host: localhost:27040
accept: */*

Response DefaultHttpResponse(decodeResult: success, version: HTTP/1.1)
HTTP/1.1 200 OK
Content-Length: 14
Content-Type: application/json; charset=utf-8
cache-control: no-cache

[DEBUG] Adding key: http://localhost:27040 for channel [id: 0x4a30835e, L:/127.0.0.1:52192 - R:localhost/127.0.0.1:27040]
[DEBUG] Using pooled Channel '[id: 0x4a30835e, L:/127.0.0.1:52192 - R:localhost/127.0.0.1:27040]' for 'POST' to 'http://localhost:27040/session/aeda00b876f01796719d8573fe4c5bf2/element'
[DEBUG] Using open Channel [id: 0x4a30835e, L:/127.0.0.1:52192 - R:localhost/127.0.0.1:27040] for POST '/session/aeda00b876f01796719d8573fe4c5bf2/element'
[DEBUG] 

Request DefaultHttpRequest(decodeResult: success, version: HTTP/1.1)
POST /session/aeda00b876f01796719d8573fe4c5bf2/element HTTP/1.1
User-Agent: selenium/4.8.3 (java windows)
Content-Length: 51
Content-Type: application/json; charset=utf-8
host: localhost:27040
accept: */*

Response DefaultHttpResponse(decodeResult: success, version: HTTP/1.1)
HTTP/1.1 200 OK
Content-Length: 88
Content-Type: application/json; charset=utf-8
cache-control: no-cache

[DEBUG] Adding key: http://localhost:27040 for channel [id: 0x4a30835e, L:/127.0.0.1:52192 - R:localhost/127.0.0.1:27040]
[DEBUG] Using pooled Channel '[id: 0x4a30835e, L:/127.0.0.1:52192 - R:localhost/127.0.0.1:27040]' for 'POST' to 'http://localhost:27040/session/aeda00b876f01796719d8573fe4c5bf2/element/45f8d85e-c1c0-4fd1-86dd-74d037193dcc/value'
[DEBUG] Using open Channel [id: 0x4a30835e, L:/127.0.0.1:52192 - R:localhost/127.0.0.1:27040] for POST '/session/aeda00b876f01796719d8573fe4c5bf2/element/45f8d85e-c1c0-4fd1-86dd-74d037193dcc/value'
[DEBUG] 

Request DefaultHttpRequest(decodeResult: success, version: HTTP/1.1)
POST /session/aeda00b876f01796719d8573fe4c5bf2/element/45f8d85e-c1c0-4fd1-86dd-74d037193dcc/value HTTP/1.1
User-Agent: selenium/4.8.3 (java windows)
Content-Length: 361
Content-Type: application/json; charset=utf-8
host: localhost:27040
accept: */*

Response DefaultHttpResponse(decodeResult: success, version: HTTP/1.1)
HTTP/1.1 200 OK
Content-Length: 14
Content-Type: application/json; charset=utf-8
cache-control: no-cache

[DEBUG] Adding key: http://localhost:27040 for channel [id: 0x4a30835e, L:/127.0.0.1:52192 - R:localhost/127.0.0.1:27040]
[DEBUG] Using pooled Channel '[id: 0x4a30835e, L:/127.0.0.1:52192 - R:localhost/127.0.0.1:27040]' for 'POST' to 'http://localhost:27040/session/aeda00b876f01796719d8573fe4c5bf2/element'
[DEBUG] Using open Channel [id: 0x4a30835e, L:/127.0.0.1:52192 - R:localhost/127.0.0.1:27040] for POST '/session/aeda00b876f01796719d8573fe4c5bf2/element'
[DEBUG] 

Request DefaultHttpRequest(decodeResult: success, version: HTTP/1.1)
POST /session/aeda00b876f01796719d8573fe4c5bf2/element HTTP/1.1
User-Agent: selenium/4.8.3 (java windows)
Content-Length: 53
Content-Type: application/json; charset=utf-8
host: localhost:27040
accept: */*

Response DefaultHttpResponse(decodeResult: success, version: HTTP/1.1)
HTTP/1.1 200 OK
Content-Length: 88
Content-Type: application/json; charset=utf-8
cache-control: no-cache

[DEBUG] Adding key: http://localhost:27040 for channel [id: 0x4a30835e, L:/127.0.0.1:52192 - R:localhost/127.0.0.1:27040]
[DEBUG] Using pooled Channel '[id: 0x4a30835e, L:/127.0.0.1:52192 - R:localhost/127.0.0.1:27040]' for 'POST' to 'http://localhost:27040/session/aeda00b876f01796719d8573fe4c5bf2/element/7cf71d4e-872f-4fc6-9d45-9b19bfcd96cc/value'
[DEBUG] Using open Channel [id: 0x4a30835e, L:/127.0.0.1:52192 - R:localhost/127.0.0.1:27040] for POST '/session/aeda00b876f01796719d8573fe4c5bf2/element/7cf71d4e-872f-4fc6-9d45-9b19bfcd96cc/value'
[DEBUG] 

Request DefaultHttpRequest(decodeResult: success, version: HTTP/1.1)
POST /session/aeda00b876f01796719d8573fe4c5bf2/element/7cf71d4e-872f-4fc6-9d45-9b19bfcd96cc/value HTTP/1.1
User-Agent: selenium/4.8.3 (java windows)
Content-Length: 201
Content-Type: application/json; charset=utf-8
host: localhost:27040
accept: */*

Response DefaultHttpResponse(decodeResult: success, version: HTTP/1.1)
HTTP/1.1 200 OK
Content-Length: 14
Content-Type: application/json; charset=utf-8
cache-control: no-cache

[DEBUG] Adding key: http://localhost:27040 for channel [id: 0x4a30835e, L:/127.0.0.1:52192 - R:localhost/127.0.0.1:27040]
[DEBUG] Using pooled Channel '[id: 0x4a30835e, L:/127.0.0.1:52192 - R:localhost/127.0.0.1:27040]' for 'POST' to 'http://localhost:27040/session/aeda00b876f01796719d8573fe4c5bf2/element'
[DEBUG] Using open Channel [id: 0x4a30835e, L:/127.0.0.1:52192 - R:localhost/127.0.0.1:27040] for POST '/session/aeda00b876f01796719d8573fe4c5bf2/element'
[DEBUG] 

Request DefaultHttpRequest(decodeResult: success, version: HTTP/1.1)
POST /session/aeda00b876f01796719d8573fe4c5bf2/element HTTP/1.1
User-Agent: selenium/4.8.3 (java windows)
Content-Length: 53
Content-Type: application/json; charset=utf-8
host: localhost:27040
accept: */*

Response DefaultHttpResponse(decodeResult: success, version: HTTP/1.1)
HTTP/1.1 404 Not Found
Content-Length: 937
Content-Type: application/json; charset=utf-8
cache-control: no-cache

[DEBUG] Adding key: http://localhost:27040 for channel [id: 0x4a30835e, L:/127.0.0.1:52192 - R:localhost/127.0.0.1:27040]
]]></system-out>
    <system-err><![CDATA[Starting ChromeDriver 112.0.5615.49 (bd2a7bcb881c11e8cfe3078709382934e3916914-refs/branch-heads/5615@{#936}) on port 27040
Only local connections are allowed.
Please see https://chromedriver.chromium.org/security-considerations for suggestions on keeping ChromeDriver safe.
ChromeDriver was started successfully.
Apr 22, 2023 4:13:16 PM org.openqa.selenium.devtools.CdpVersionFinder findNearestMatch
WARNING: Unable to find an exact match for CDP version 112, so returning the closest version found: 111
]]></system-err>
  </testcase>
  <testcase name="signinRediffMail[seleniumpanda1@rediffmail.com, Selenium@123](2)" classname="com.automationcode_2ndApril_2023.DataDriven" time="4.719">
    <failure message="no such element: Unable to locate element: {&quot;method&quot;:&quot;css selector&quot;,&quot;selector&quot;:&quot;signinbtn&quot;}&#10;  (Session info: chrome=112.0.5615.138)&#10;For documentation on this error, please visit: https://selenium.dev/exceptions/#no_such_element&#10;Build info: version: &apos;4.8.3&apos;, revision: &apos;e5e76298c3&apos;&#10;System info: os.name: &apos;Windows 11&apos;, os.arch: &apos;amd64&apos;, os.version: &apos;10.0&apos;, java.version: &apos;1.8.0_351&apos;&#10;Driver info: org.openqa.selenium.chrome.ChromeDriver&#10;Command: [01f9c043d227ea9aa204bad4081ba17b, findElement {using=css selector, value=signinbtn}]&#10;Capabilities {acceptInsecureCerts: false, browserName: chrome, browserVersion: 112.0.5615.138, chrome: {chromedriverVersion: 112.0.5615.49 (bd2a7bcb881c..., userDataDir: C:\Users\shams\AppData\Loca...}, goog:chromeOptions: {debuggerAddress: localhost:52235}, networkConnectionEnabled: false, pageLoadStrategy: normal, platformName: WINDOWS, proxy: Proxy(), se:cdp: ws://localhost:52235/devtoo..., se:cdpVersion: 112.0.5615.138, setWindowRect: true, strictFileInteractability: false, timeouts: {implicit: 0, pageLoad: 300000, script: 30000}, unhandledPromptBehavior: dismiss and notify, webauthn:extension:credBlob: true, webauthn:extension:largeBlob: true, webauthn:extension:minPinLength: true, webauthn:extension:prf: true, webauthn:virtualAuthenticators: true}&#10;Session ID: 01f9c043d227ea9aa204bad4081ba17b" type="org.openqa.selenium.NoSuchElementException"><![CDATA[org.openqa.selenium.NoSuchElementException: 
no such element: Unable to locate element: {"method":"css selector","selector":"signinbtn"}
  (Session info: chrome=112.0.5615.138)
For documentation on this error, please visit: https://selenium.dev/exceptions/#no_such_element
Build info: version: '4.8.3', revision: 'e5e76298c3'
System info: os.name: 'Windows 11', os.arch: 'amd64', os.version: '10.0', java.version: '1.8.0_351'
Driver info: org.openqa.selenium.chrome.ChromeDriver
Command: [01f9c043d227ea9aa204bad4081ba17b, findElement {using=css selector, value=signinbtn}]
Capabilities {acceptInsecureCerts: false, browserName: chrome, browserVersion: 112.0.5615.138, chrome: {chromedriverVersion: 112.0.5615.49 (bd2a7bcb881c..., userDataDir: C:\Users\shams\AppData\Loca...}, goog:chromeOptions: {debuggerAddress: localhost:52235}, networkConnectionEnabled: false, pageLoadStrategy: normal, platformName: WINDOWS, proxy: Proxy(), se:cdp: ws://localhost:52235/devtoo..., se:cdpVersion: 112.0.5615.138, setWindowRect: true, strictFileInteractability: false, timeouts: {implicit: 0, pageLoad: 300000, script: 30000}, unhandledPromptBehavior: dismiss and notify, webauthn:extension:credBlob: true, webauthn:extension:largeBlob: true, webauthn:extension:minPinLength: true, webauthn:extension:prf: true, webauthn:virtualAuthenticators: true}
Session ID: 01f9c043d227ea9aa204bad4081ba17b
	at sun.reflect.NativeConstructorAccessorImpl.newInstance0(Native Method)
	at sun.reflect.NativeConstructorAccessorImpl.newInstance(NativeConstructorAccessorImpl.java:62)
	at sun.reflect.DelegatingConstructorAccessorImpl.newInstance(DelegatingConstructorAccessorImpl.java:45)
	at java.lang.reflect.Constructor.newInstance(Constructor.java:423)
	at org.openqa.selenium.remote.codec.w3c.W3CHttpResponseCodec.createException(W3CHttpResponseCodec.java:200)
	at org.openqa.selenium.remote.codec.w3c.W3CHttpResponseCodec.decode(W3CHttpResponseCodec.java:133)
	at org.openqa.selenium.remote.codec.w3c.W3CHttpResponseCodec.decode(W3CHttpResponseCodec.java:53)
	at org.openqa.selenium.remote.HttpCommandExecutor.execute(HttpCommandExecutor.java:193)
	at org.openqa.selenium.remote.service.DriverCommandExecutor.invokeExecute(DriverCommandExecutor.java:183)
	at org.openqa.selenium.remote.service.DriverCommandExecutor.execute(DriverCommandExecutor.java:158)
	at org.openqa.selenium.remote.RemoteWebDriver.execute(RemoteWebDriver.java:543)
	at org.openqa.selenium.remote.ElementLocation$ElementFinder$2.findElement(ElementLocation.java:162)
	at org.openqa.selenium.remote.ElementLocation.findElement(ElementLocation.java:60)
	at org.openqa.selenium.remote.RemoteWebDriver.findElement(RemoteWebDriver.java:352)
	at org.openqa.selenium.remote.RemoteWebDriver.findElement(RemoteWebDriver.java:344)
	at com.automationcode_2ndApril_2023.DataDriven.signinRediffMail(DataDriven.java:46)
	at sun.reflect.NativeMethodAccessorImpl.invoke0(Native Method)
	at sun.reflect.NativeMethodAccessorImpl.invoke(NativeMethodAccessorImpl.java:62)
	at sun.reflect.DelegatingMethodAccessorImpl.invoke(DelegatingMethodAccessorImpl.java:43)
	at java.lang.reflect.Method.invoke(Method.java:498)
	at org.testng.internal.MethodInvocationHelper.invokeMethod(MethodInvocationHelper.java:124)
	at org.testng.internal.Invoker.invokeMethod(Invoker.java:583)
	at org.testng.internal.Invoker.invokeTestMethod(Invoker.java:719)
	at org.testng.internal.Invoker.invokeTestMethods(Invoker.java:989)
	at org.testng.internal.TestMethodWorker.invokeTestMethods(TestMethodWorker.java:125)
	at org.testng.internal.TestMethodWorker.run(TestMethodWorker.java:109)
	at org.testng.TestRunner.privateRun(TestRunner.java:648)
	at org.testng.TestRunner.run(TestRunner.java:505)
	at org.testng.SuiteRunner.runTest(SuiteRunner.java:455)
	at org.testng.SuiteRunner.runSequentially(SuiteRunner.java:450)
	at org.testng.SuiteRunner.privateRun(SuiteRunner.java:415)
	at org.testng.SuiteRunner.run(SuiteRunner.java:364)
	at org.testng.SuiteRunnerWorker.runSuite(SuiteRunnerWorker.java:52)
	at org.testng.SuiteRunnerWorker.run(SuiteRunnerWorker.java:84)
	at org.testng.TestNG.runSuitesSequentially(TestNG.java:1208)
	at org.testng.TestNG.runSuitesLocally(TestNG.java:1137)
	at org.testng.TestNG.runSuites(TestNG.java:1049)
	at org.testng.TestNG.run(TestNG.java:1017)
	at org.apache.maven.surefire.testng.TestNGExecutor.run(TestNGExecutor.java:324)
	at org.apache.maven.surefire.testng.TestNGXmlTestSuite.execute(TestNGXmlTestSuite.java:74)
	at org.apache.maven.surefire.testng.TestNGProvider.invoke(TestNGProvider.java:123)
	at org.apache.maven.surefire.booter.ForkedBooter.runSuitesInProcess(ForkedBooter.java:456)
	at org.apache.maven.surefire.booter.ForkedBooter.execute(ForkedBooter.java:169)
	at org.apache.maven.surefire.booter.ForkedBooter.run(ForkedBooter.java:595)
	at org.apache.maven.surefire.booter.ForkedBooter.main(ForkedBooter.java:581)
]]></failure>
    <system-out><![CDATA[[DEBUG] Entry count for : http://localhost:27040 : 1
[DEBUG] Entry count for : http://localhost:52142 : 1
[DEBUG] Entry count for : http://localhost:52167 : 1
[DEBUG] Entry count for : http://localhost:51864 : 1
[DEBUG] Entry count for : http://localhost:33878 : 1
[DEBUG] Entry count for : http://localhost:52193 : 1
[DEBUG] Entry count for : http://localhost:3723 : 1
[DEBUG] Entry count for : http://localhost:18894 : 1
[DEBUG] Entry count for : http://localhost:51933 : 1
[DEBUG] Entry count for : http://localhost:27130 : 1
[DEBUG] Entry count for : http://localhost:26365 : 1
[DEBUG] Using new Channel '[id: 0x3ebaa257, L:/127.0.0.1:52232 - R:localhost/127.0.0.1:21023]' for 'POST' to '/session'
[DEBUG] 

Request DefaultHttpRequest(decodeResult: success, version: HTTP/1.1)
POST /session HTTP/1.1
User-Agent: selenium/4.8.3 (java windows)
Content-Length: 439
Content-Type: application/json; charset=utf-8
host: localhost:21023
accept: */*

Response DefaultHttpResponse(decodeResult: success, version: HTTP/1.1)
HTTP/1.1 200 OK
Content-Length: 860
Content-Type: application/json; charset=utf-8
cache-control: no-cache

[DEBUG] Adding key: http://localhost:21023 for channel [id: 0x3ebaa257, L:/127.0.0.1:52232 - R:localhost/127.0.0.1:21023]
[DEBUG] Using new Channel '[id: 0x9545ba61, L:/127.0.0.1:52247 - R:localhost/127.0.0.1:52235]' for 'GET' to '/json/version'
[DEBUG] 

Request DefaultFullHttpRequest(decodeResult: success, version: HTTP/1.1, content: EmptyByteBufBE)
GET /json/version HTTP/1.1
User-Agent: selenium/4.8.3 (java windows)
host: localhost:52235
accept: */*

Response DefaultHttpResponse(decodeResult: success, version: HTTP/1.1)
HTTP/1.1 200 OK
Content-Security-Policy: frame-ancestors 'none'
Content-Length: 424
Content-Type: application/json; charset=UTF-8

[DEBUG] Adding key: http://localhost:52235 for channel [id: 0x9545ba61, L:/127.0.0.1:52247 - R:localhost/127.0.0.1:52235]
[DEBUG] Using new Channel '[id: 0x4dd7ae12, L:/127.0.0.1:52248 - R:localhost/127.0.0.1:52235]' for 'GET' to '/devtools/browser/f11463c5-22f8-416f-8dac-74b707bb547d'
[DEBUG] 

Request DefaultFullHttpRequest(decodeResult: success, version: HTTP/1.1, content: EmptyByteBufBE)
GET /devtools/browser/f11463c5-22f8-416f-8dac-74b707bb547d HTTP/1.1
upgrade: websocket
connection: upgrade
sec-websocket-key: MW+Z3WL+SV7MnxsxYGxeXA==
sec-websocket-version: 13
origin: http://localhost:52235
host: localhost:52235
accept: */*
user-agent: AHC/2.1

Response DefaultHttpResponse(decodeResult: success, version: HTTP/1.1)
HTTP/1.1 101 WebSocket Protocol Handshake
Upgrade: WebSocket
Connection: Upgrade
Sec-WebSocket-Accept: F6qe87luRopLj/O3bfhwvSNW1Ec=

[DEBUG] Using pooled Channel '[id: 0x3ebaa257, L:/127.0.0.1:52232 - R:localhost/127.0.0.1:21023]' for 'POST' to 'http://localhost:21023/session/01f9c043d227ea9aa204bad4081ba17b/window/maximize'
[DEBUG] Using open Channel [id: 0x3ebaa257, L:/127.0.0.1:52232 - R:localhost/127.0.0.1:21023] for POST '/session/01f9c043d227ea9aa204bad4081ba17b/window/maximize'
[DEBUG] 

Request DefaultHttpRequest(decodeResult: success, version: HTTP/1.1)
POST /session/01f9c043d227ea9aa204bad4081ba17b/window/maximize HTTP/1.1
User-Agent: selenium/4.8.3 (java windows)
Content-Length: 3
Content-Type: application/json; charset=utf-8
host: localhost:21023
accept: */*

Response DefaultHttpResponse(decodeResult: success, version: HTTP/1.1)
HTTP/1.1 200 OK
Content-Length: 52
Content-Type: application/json; charset=utf-8
cache-control: no-cache

[DEBUG] Adding key: http://localhost:21023 for channel [id: 0x3ebaa257, L:/127.0.0.1:52232 - R:localhost/127.0.0.1:21023]
[DEBUG] Using pooled Channel '[id: 0x3ebaa257, L:/127.0.0.1:52232 - R:localhost/127.0.0.1:21023]' for 'POST' to 'http://localhost:21023/session/01f9c043d227ea9aa204bad4081ba17b/url'
[DEBUG] Using open Channel [id: 0x3ebaa257, L:/127.0.0.1:52232 - R:localhost/127.0.0.1:21023] for POST '/session/01f9c043d227ea9aa204bad4081ba17b/url'
[DEBUG] Entry count for : http://localhost:27040 : 1
[DEBUG] Entry count for : http://localhost:52142 : 1
[DEBUG] Entry count for : http://localhost:52167 : 1
[DEBUG] Entry count for : http://localhost:51864 : 1
[DEBUG] Entry count for : http://localhost:33878 : 1
[DEBUG] Entry count for : http://localhost:52193 : 1
[DEBUG] Entry count for : http://localhost:3723 : 1
[DEBUG] Entry count for : http://localhost:18894 : 1
[DEBUG] Entry count for : http://localhost:52235 : 1
[DEBUG] Entry count for : http://localhost:51933 : 1
[DEBUG] Entry count for : http://localhost:27130 : 1
[DEBUG] Entry count for : http://localhost:26365 : 1
[DEBUG] Entry count for : http://localhost:27040 : 1
[DEBUG] Entry count for : http://localhost:52142 : 1
[DEBUG] Entry count for : http://localhost:52167 : 1
[DEBUG] Entry count for : http://localhost:51864 : 1
[DEBUG] Entry count for : http://localhost:33878 : 1
[DEBUG] Entry count for : http://localhost:52193 : 1
[DEBUG] Entry count for : http://localhost:3723 : 1
[DEBUG] Entry count for : http://localhost:18894 : 1
[DEBUG] Entry count for : http://localhost:52235 : 1
[DEBUG] Entry count for : http://localhost:51933 : 1
[DEBUG] Entry count for : http://localhost:27130 : 1
[DEBUG] Entry count for : http://localhost:26365 : 1
[DEBUG] Entry count for : http://localhost:27040 : 1
[DEBUG] Entry count for : http://localhost:52142 : 1
[DEBUG] Entry count for : http://localhost:52167 : 1
[DEBUG] Entry count for : http://localhost:51864 : 1
[DEBUG] Entry count for : http://localhost:33878 : 1
[DEBUG] Entry count for : http://localhost:52193 : 1
[DEBUG] Entry count for : http://localhost:3723 : 1
[DEBUG] Entry count for : http://localhost:18894 : 1
[DEBUG] Entry count for : http://localhost:52235 : 1
[DEBUG] Entry count for : http://localhost:51933 : 1
[DEBUG] Entry count for : http://localhost:27130 : 1
[DEBUG] Entry count for : http://localhost:26365 : 1
[DEBUG] Entry count for : http://localhost:27040 : 1
[DEBUG] Entry count for : http://localhost:52142 : 1
[DEBUG] Entry count for : http://localhost:52167 : 1
[DEBUG] Entry count for : http://localhost:51864 : 1
[DEBUG] Entry count for : http://localhost:33878 : 1
[DEBUG] Entry count for : http://localhost:52193 : 1
[DEBUG] Entry count for : http://localhost:3723 : 1
[DEBUG] Entry count for : http://localhost:18894 : 1
[DEBUG] Entry count for : http://localhost:52235 : 1
[DEBUG] Entry count for : http://localhost:51933 : 1
[DEBUG] Entry count for : http://localhost:27130 : 1
[DEBUG] Entry count for : http://localhost:26365 : 1
[DEBUG] 

Request DefaultHttpRequest(decodeResult: success, version: HTTP/1.1)
POST /session/01f9c043d227ea9aa204bad4081ba17b/url HTTP/1.1
User-Agent: selenium/4.8.3 (java windows)
Content-Length: 76
Content-Type: application/json; charset=utf-8
host: localhost:21023
accept: */*

Response DefaultHttpResponse(decodeResult: success, version: HTTP/1.1)
HTTP/1.1 200 OK
Content-Length: 14
Content-Type: application/json; charset=utf-8
cache-control: no-cache

[DEBUG] Adding key: http://localhost:21023 for channel [id: 0x3ebaa257, L:/127.0.0.1:52232 - R:localhost/127.0.0.1:21023]
[DEBUG] Using pooled Channel '[id: 0x3ebaa257, L:/127.0.0.1:52232 - R:localhost/127.0.0.1:21023]' for 'POST' to 'http://localhost:21023/session/01f9c043d227ea9aa204bad4081ba17b/element'
[DEBUG] Using open Channel [id: 0x3ebaa257, L:/127.0.0.1:52232 - R:localhost/127.0.0.1:21023] for POST '/session/01f9c043d227ea9aa204bad4081ba17b/element'
[DEBUG] 

Request DefaultHttpRequest(decodeResult: success, version: HTTP/1.1)
POST /session/01f9c043d227ea9aa204bad4081ba17b/element HTTP/1.1
User-Agent: selenium/4.8.3 (java windows)
Content-Length: 51
Content-Type: application/json; charset=utf-8
host: localhost:21023
accept: */*

Response DefaultHttpResponse(decodeResult: success, version: HTTP/1.1)
HTTP/1.1 200 OK
Content-Length: 88
Content-Type: application/json; charset=utf-8
cache-control: no-cache

[DEBUG] Adding key: http://localhost:21023 for channel [id: 0x3ebaa257, L:/127.0.0.1:52232 - R:localhost/127.0.0.1:21023]
[DEBUG] Using pooled Channel '[id: 0x3ebaa257, L:/127.0.0.1:52232 - R:localhost/127.0.0.1:21023]' for 'POST' to 'http://localhost:21023/session/01f9c043d227ea9aa204bad4081ba17b/element/7b26d5c3-e147-43c4-a18b-88758f2cdf8b/value'
[DEBUG] Using open Channel [id: 0x3ebaa257, L:/127.0.0.1:52232 - R:localhost/127.0.0.1:21023] for POST '/session/01f9c043d227ea9aa204bad4081ba17b/element/7b26d5c3-e147-43c4-a18b-88758f2cdf8b/value'
[DEBUG] 

Request DefaultHttpRequest(decodeResult: success, version: HTTP/1.1)
POST /session/01f9c043d227ea9aa204bad4081ba17b/element/7b26d5c3-e147-43c4-a18b-88758f2cdf8b/value HTTP/1.1
User-Agent: selenium/4.8.3 (java windows)
Content-Length: 371
Content-Type: application/json; charset=utf-8
host: localhost:21023
accept: */*

Response DefaultHttpResponse(decodeResult: success, version: HTTP/1.1)
HTTP/1.1 200 OK
Content-Length: 14
Content-Type: application/json; charset=utf-8
cache-control: no-cache

[DEBUG] Adding key: http://localhost:21023 for channel [id: 0x3ebaa257, L:/127.0.0.1:52232 - R:localhost/127.0.0.1:21023]
[DEBUG] Using pooled Channel '[id: 0x3ebaa257, L:/127.0.0.1:52232 - R:localhost/127.0.0.1:21023]' for 'POST' to 'http://localhost:21023/session/01f9c043d227ea9aa204bad4081ba17b/element'
[DEBUG] Using open Channel [id: 0x3ebaa257, L:/127.0.0.1:52232 - R:localhost/127.0.0.1:21023] for POST '/session/01f9c043d227ea9aa204bad4081ba17b/element'
[DEBUG] 

Request DefaultHttpRequest(decodeResult: success, version: HTTP/1.1)
POST /session/01f9c043d227ea9aa204bad4081ba17b/element HTTP/1.1
User-Agent: selenium/4.8.3 (java windows)
Content-Length: 53
Content-Type: application/json; charset=utf-8
host: localhost:21023
accept: */*

Response DefaultHttpResponse(decodeResult: success, version: HTTP/1.1)
HTTP/1.1 200 OK
Content-Length: 88
Content-Type: application/json; charset=utf-8
cache-control: no-cache

[DEBUG] Adding key: http://localhost:21023 for channel [id: 0x3ebaa257, L:/127.0.0.1:52232 - R:localhost/127.0.0.1:21023]
[DEBUG] Using pooled Channel '[id: 0x3ebaa257, L:/127.0.0.1:52232 - R:localhost/127.0.0.1:21023]' for 'POST' to 'http://localhost:21023/session/01f9c043d227ea9aa204bad4081ba17b/element/9ccb95d5-4af5-4d3a-96dd-7e70e2c9ed8e/value'
[DEBUG] Using open Channel [id: 0x3ebaa257, L:/127.0.0.1:52232 - R:localhost/127.0.0.1:21023] for POST '/session/01f9c043d227ea9aa204bad4081ba17b/element/9ccb95d5-4af5-4d3a-96dd-7e70e2c9ed8e/value'
[DEBUG] 

Request DefaultHttpRequest(decodeResult: success, version: HTTP/1.1)
POST /session/01f9c043d227ea9aa204bad4081ba17b/element/9ccb95d5-4af5-4d3a-96dd-7e70e2c9ed8e/value HTTP/1.1
User-Agent: selenium/4.8.3 (java windows)
Content-Length: 201
Content-Type: application/json; charset=utf-8
host: localhost:21023
accept: */*

Response DefaultHttpResponse(decodeResult: success, version: HTTP/1.1)
HTTP/1.1 200 OK
Content-Length: 14
Content-Type: application/json; charset=utf-8
cache-control: no-cache

[DEBUG] Adding key: http://localhost:21023 for channel [id: 0x3ebaa257, L:/127.0.0.1:52232 - R:localhost/127.0.0.1:21023]
[DEBUG] Using pooled Channel '[id: 0x3ebaa257, L:/127.0.0.1:52232 - R:localhost/127.0.0.1:21023]' for 'POST' to 'http://localhost:21023/session/01f9c043d227ea9aa204bad4081ba17b/element'
[DEBUG] Using open Channel [id: 0x3ebaa257, L:/127.0.0.1:52232 - R:localhost/127.0.0.1:21023] for POST '/session/01f9c043d227ea9aa204bad4081ba17b/element'
[DEBUG] 

Request DefaultHttpRequest(decodeResult: success, version: HTTP/1.1)
POST /session/01f9c043d227ea9aa204bad4081ba17b/element HTTP/1.1
User-Agent: selenium/4.8.3 (java windows)
Content-Length: 53
Content-Type: application/json; charset=utf-8
host: localhost:21023
accept: */*

Response DefaultHttpResponse(decodeResult: success, version: HTTP/1.1)
HTTP/1.1 404 Not Found
Content-Length: 937
Content-Type: application/json; charset=utf-8
cache-control: no-cache

[DEBUG] Adding key: http://localhost:21023 for channel [id: 0x3ebaa257, L:/127.0.0.1:52232 - R:localhost/127.0.0.1:21023]
]]></system-out>
    <system-err><![CDATA[Starting ChromeDriver 112.0.5615.49 (bd2a7bcb881c11e8cfe3078709382934e3916914-refs/branch-heads/5615@{#936}) on port 21023
Only local connections are allowed.
Please see https://chromedriver.chromium.org/security-considerations for suggestions on keeping ChromeDriver safe.
ChromeDriver was started successfully.
Apr 22, 2023 4:13:21 PM org.openqa.selenium.devtools.CdpVersionFinder findNearestMatch
WARNING: Unable to find an exact match for CDP version 112, so returning the closest version found: 111
]]></system-err>
  </testcase>
  <testcase name="signinRediffMail[seleniumpanda3@rediffmail.com, Selenium@123](3)" classname="com.automationcode_2ndApril_2023.DataDriven" time="6.173">
    <failure message="no such element: Unable to locate element: {&quot;method&quot;:&quot;css selector&quot;,&quot;selector&quot;:&quot;signinbtn&quot;}&#10;  (Session info: chrome=112.0.5615.138)&#10;For documentation on this error, please visit: https://selenium.dev/exceptions/#no_such_element&#10;Build info: version: &apos;4.8.3&apos;, revision: &apos;e5e76298c3&apos;&#10;System info: os.name: &apos;Windows 11&apos;, os.arch: &apos;amd64&apos;, os.version: &apos;10.0&apos;, java.version: &apos;1.8.0_351&apos;&#10;Driver info: org.openqa.selenium.chrome.ChromeDriver&#10;Command: [44a4e31a2a20d74a93ac9a77e88a5166, findElement {using=css selector, value=signinbtn}]&#10;Capabilities {acceptInsecureCerts: false, browserName: chrome, browserVersion: 112.0.5615.138, chrome: {chromedriverVersion: 112.0.5615.49 (bd2a7bcb881c..., userDataDir: C:\Users\shams\AppData\Loca...}, goog:chromeOptions: {debuggerAddress: localhost:52298}, networkConnectionEnabled: false, pageLoadStrategy: normal, platformName: WINDOWS, proxy: Proxy(), se:cdp: ws://localhost:52298/devtoo..., se:cdpVersion: 112.0.5615.138, setWindowRect: true, strictFileInteractability: false, timeouts: {implicit: 0, pageLoad: 300000, script: 30000}, unhandledPromptBehavior: dismiss and notify, webauthn:extension:credBlob: true, webauthn:extension:largeBlob: true, webauthn:extension:minPinLength: true, webauthn:extension:prf: true, webauthn:virtualAuthenticators: true}&#10;Session ID: 44a4e31a2a20d74a93ac9a77e88a5166" type="org.openqa.selenium.NoSuchElementException"><![CDATA[org.openqa.selenium.NoSuchElementException: 
no such element: Unable to locate element: {"method":"css selector","selector":"signinbtn"}
  (Session info: chrome=112.0.5615.138)
For documentation on this error, please visit: https://selenium.dev/exceptions/#no_such_element
Build info: version: '4.8.3', revision: 'e5e76298c3'
System info: os.name: 'Windows 11', os.arch: 'amd64', os.version: '10.0', java.version: '1.8.0_351'
Driver info: org.openqa.selenium.chrome.ChromeDriver
Command: [44a4e31a2a20d74a93ac9a77e88a5166, findElement {using=css selector, value=signinbtn}]
Capabilities {acceptInsecureCerts: false, browserName: chrome, browserVersion: 112.0.5615.138, chrome: {chromedriverVersion: 112.0.5615.49 (bd2a7bcb881c..., userDataDir: C:\Users\shams\AppData\Loca...}, goog:chromeOptions: {debuggerAddress: localhost:52298}, networkConnectionEnabled: false, pageLoadStrategy: normal, platformName: WINDOWS, proxy: Proxy(), se:cdp: ws://localhost:52298/devtoo..., se:cdpVersion: 112.0.5615.138, setWindowRect: true, strictFileInteractability: false, timeouts: {implicit: 0, pageLoad: 300000, script: 30000}, unhandledPromptBehavior: dismiss and notify, webauthn:extension:credBlob: true, webauthn:extension:largeBlob: true, webauthn:extension:minPinLength: true, webauthn:extension:prf: true, webauthn:virtualAuthenticators: true}
Session ID: 44a4e31a2a20d74a93ac9a77e88a5166
	at sun.reflect.NativeConstructorAccessorImpl.newInstance0(Native Method)
	at sun.reflect.NativeConstructorAccessorImpl.newInstance(NativeConstructorAccessorImpl.java:62)
	at sun.reflect.DelegatingConstructorAccessorImpl.newInstance(DelegatingConstructorAccessorImpl.java:45)
	at java.lang.reflect.Constructor.newInstance(Constructor.java:423)
	at org.openqa.selenium.remote.codec.w3c.W3CHttpResponseCodec.createException(W3CHttpResponseCodec.java:200)
	at org.openqa.selenium.remote.codec.w3c.W3CHttpResponseCodec.decode(W3CHttpResponseCodec.java:133)
	at org.openqa.selenium.remote.codec.w3c.W3CHttpResponseCodec.decode(W3CHttpResponseCodec.java:53)
	at org.openqa.selenium.remote.HttpCommandExecutor.execute(HttpCommandExecutor.java:193)
	at org.openqa.selenium.remote.service.DriverCommandExecutor.invokeExecute(DriverCommandExecutor.java:183)
	at org.openqa.selenium.remote.service.DriverCommandExecutor.execute(DriverCommandExecutor.java:158)
	at org.openqa.selenium.remote.RemoteWebDriver.execute(RemoteWebDriver.java:543)
	at org.openqa.selenium.remote.ElementLocation$ElementFinder$2.findElement(ElementLocation.java:162)
	at org.openqa.selenium.remote.ElementLocation.findElement(ElementLocation.java:60)
	at org.openqa.selenium.remote.RemoteWebDriver.findElement(RemoteWebDriver.java:352)
	at org.openqa.selenium.remote.RemoteWebDriver.findElement(RemoteWebDriver.java:344)
	at com.automationcode_2ndApril_2023.DataDriven.signinRediffMail(DataDriven.java:46)
	at sun.reflect.NativeMethodAccessorImpl.invoke0(Native Method)
	at sun.reflect.NativeMethodAccessorImpl.invoke(NativeMethodAccessorImpl.java:62)
	at sun.reflect.DelegatingMethodAccessorImpl.invoke(DelegatingMethodAccessorImpl.java:43)
	at java.lang.reflect.Method.invoke(Method.java:498)
	at org.testng.internal.MethodInvocationHelper.invokeMethod(MethodInvocationHelper.java:124)
	at org.testng.internal.Invoker.invokeMethod(Invoker.java:583)
	at org.testng.internal.Invoker.invokeTestMethod(Invoker.java:719)
	at org.testng.internal.Invoker.invokeTestMethods(Invoker.java:989)
	at org.testng.internal.TestMethodWorker.invokeTestMethods(TestMethodWorker.java:125)
	at org.testng.internal.TestMethodWorker.run(TestMethodWorker.java:109)
	at org.testng.TestRunner.privateRun(TestRunner.java:648)
	at org.testng.TestRunner.run(TestRunner.java:505)
	at org.testng.SuiteRunner.runTest(SuiteRunner.java:455)
	at org.testng.SuiteRunner.runSequentially(SuiteRunner.java:450)
	at org.testng.SuiteRunner.privateRun(SuiteRunner.java:415)
	at org.testng.SuiteRunner.run(SuiteRunner.java:364)
	at org.testng.SuiteRunnerWorker.runSuite(SuiteRunnerWorker.java:52)
	at org.testng.SuiteRunnerWorker.run(SuiteRunnerWorker.java:84)
	at org.testng.TestNG.runSuitesSequentially(TestNG.java:1208)
	at org.testng.TestNG.runSuitesLocally(TestNG.java:1137)
	at org.testng.TestNG.runSuites(TestNG.java:1049)
	at org.testng.TestNG.run(TestNG.java:1017)
	at org.apache.maven.surefire.testng.TestNGExecutor.run(TestNGExecutor.java:324)
	at org.apache.maven.surefire.testng.TestNGXmlTestSuite.execute(TestNGXmlTestSuite.java:74)
	at org.apache.maven.surefire.testng.TestNGProvider.invoke(TestNGProvider.java:123)
	at org.apache.maven.surefire.booter.ForkedBooter.runSuitesInProcess(ForkedBooter.java:456)
	at org.apache.maven.surefire.booter.ForkedBooter.execute(ForkedBooter.java:169)
	at org.apache.maven.surefire.booter.ForkedBooter.run(ForkedBooter.java:595)
	at org.apache.maven.surefire.booter.ForkedBooter.main(ForkedBooter.java:581)
]]></failure>
    <system-out><![CDATA[[DEBUG] Using new Channel '[id: 0xe719dd8b, L:/127.0.0.1:52296 - R:localhost/127.0.0.1:21751]' for 'POST' to '/session'
[DEBUG] 

Request DefaultHttpRequest(decodeResult: success, version: HTTP/1.1)
POST /session HTTP/1.1
User-Agent: selenium/4.8.3 (java windows)
Content-Length: 439
Content-Type: application/json; charset=utf-8
host: localhost:21751
accept: */*

Response DefaultHttpResponse(decodeResult: success, version: HTTP/1.1)
HTTP/1.1 200 OK
Content-Length: 859
Content-Type: application/json; charset=utf-8
cache-control: no-cache

[DEBUG] Adding key: http://localhost:21751 for channel [id: 0xe719dd8b, L:/127.0.0.1:52296 - R:localhost/127.0.0.1:21751]
[DEBUG] Using new Channel '[id: 0x2325bc30, L:/127.0.0.1:52309 - R:localhost/127.0.0.1:52298]' for 'GET' to '/json/version'
[DEBUG] 

Request DefaultFullHttpRequest(decodeResult: success, version: HTTP/1.1, content: EmptyByteBufBE)
GET /json/version HTTP/1.1
User-Agent: selenium/4.8.3 (java windows)
host: localhost:52298
accept: */*

Response DefaultHttpResponse(decodeResult: success, version: HTTP/1.1)
HTTP/1.1 200 OK
Content-Security-Policy: frame-ancestors 'none'
Content-Length: 424
Content-Type: application/json; charset=UTF-8

[DEBUG] Adding key: http://localhost:52298 for channel [id: 0x2325bc30, L:/127.0.0.1:52309 - R:localhost/127.0.0.1:52298]
[DEBUG] Entry count for : http://localhost:52142 : 1
[DEBUG] Entry count for : http://localhost:18894 : 1
[DEBUG] Entry count for : http://localhost:52298 : 1
[DEBUG] Entry count for : http://localhost:27040 : 1
[DEBUG] Entry count for : http://localhost:52167 : 1
[DEBUG] Entry count for : http://localhost:51864 : 1
[DEBUG] Entry count for : http://localhost:33878 : 1
[DEBUG] Entry count for : http://localhost:21023 : 1
[DEBUG] Entry count for : http://localhost:52193 : 1
[DEBUG] Entry count for : http://localhost:3723 : 1
[DEBUG] Entry count for : http://localhost:52235 : 1
[DEBUG] Entry count for : http://localhost:51933 : 1
[DEBUG] Entry count for : http://localhost:27130 : 1
[DEBUG] Entry count for : http://localhost:26365 : 1
[DEBUG] Entry count for : http://localhost:21751 : 1
[DEBUG] Using new Channel '[id: 0xfe5183e3, L:/127.0.0.1:52310 - R:localhost/127.0.0.1:52298]' for 'GET' to '/devtools/browser/8ccec720-1b2d-4b8f-9a7f-e23a25e112c3'
[DEBUG] 

Request DefaultFullHttpRequest(decodeResult: success, version: HTTP/1.1, content: EmptyByteBufBE)
GET /devtools/browser/8ccec720-1b2d-4b8f-9a7f-e23a25e112c3 HTTP/1.1
upgrade: websocket
connection: upgrade
sec-websocket-key: GnNvZCVW98y/SSvsPxh6zA==
sec-websocket-version: 13
origin: http://localhost:52298
host: localhost:52298
accept: */*
user-agent: AHC/2.1

Response DefaultHttpResponse(decodeResult: success, version: HTTP/1.1)
HTTP/1.1 101 WebSocket Protocol Handshake
Upgrade: WebSocket
Connection: Upgrade
Sec-WebSocket-Accept: OEwNysoQB0WRaIddKiddK1nwYB8=

[DEBUG] Using pooled Channel '[id: 0xe719dd8b, L:/127.0.0.1:52296 - R:localhost/127.0.0.1:21751]' for 'POST' to 'http://localhost:21751/session/44a4e31a2a20d74a93ac9a77e88a5166/window/maximize'
[DEBUG] Using open Channel [id: 0xe719dd8b, L:/127.0.0.1:52296 - R:localhost/127.0.0.1:21751] for POST '/session/44a4e31a2a20d74a93ac9a77e88a5166/window/maximize'
[DEBUG] 

Request DefaultHttpRequest(decodeResult: success, version: HTTP/1.1)
POST /session/44a4e31a2a20d74a93ac9a77e88a5166/window/maximize HTTP/1.1
User-Agent: selenium/4.8.3 (java windows)
Content-Length: 3
Content-Type: application/json; charset=utf-8
host: localhost:21751
accept: */*

Response DefaultHttpResponse(decodeResult: success, version: HTTP/1.1)
HTTP/1.1 200 OK
Content-Length: 52
Content-Type: application/json; charset=utf-8
cache-control: no-cache

[DEBUG] Adding key: http://localhost:21751 for channel [id: 0xe719dd8b, L:/127.0.0.1:52296 - R:localhost/127.0.0.1:21751]
[DEBUG] Using pooled Channel '[id: 0xe719dd8b, L:/127.0.0.1:52296 - R:localhost/127.0.0.1:21751]' for 'POST' to 'http://localhost:21751/session/44a4e31a2a20d74a93ac9a77e88a5166/url'
[DEBUG] Using open Channel [id: 0xe719dd8b, L:/127.0.0.1:52296 - R:localhost/127.0.0.1:21751] for POST '/session/44a4e31a2a20d74a93ac9a77e88a5166/url'
[DEBUG] Entry count for : http://localhost:52142 : 1
[DEBUG] Entry count for : http://localhost:18894 : 1
[DEBUG] Entry count for : http://localhost:52298 : 1
[DEBUG] Entry count for : http://localhost:27040 : 1
[DEBUG] Entry count for : http://localhost:52167 : 1
[DEBUG] Entry count for : http://localhost:51864 : 1
[DEBUG] Entry count for : http://localhost:33878 : 1
[DEBUG] Entry count for : http://localhost:21023 : 1
[DEBUG] Entry count for : http://localhost:52193 : 1
[DEBUG] Entry count for : http://localhost:3723 : 1
[DEBUG] Entry count for : http://localhost:52235 : 1
[DEBUG] Entry count for : http://localhost:51933 : 1
[DEBUG] Entry count for : http://localhost:27130 : 1
[DEBUG] Entry count for : http://localhost:26365 : 1
[DEBUG] Entry count for : http://localhost:52142 : 1
[DEBUG] Entry count for : http://localhost:18894 : 1
[DEBUG] Entry count for : http://localhost:52298 : 1
[DEBUG] Entry count for : http://localhost:27040 : 1
[DEBUG] Entry count for : http://localhost:52167 : 1
[DEBUG] Entry count for : http://localhost:51864 : 1
[DEBUG] Entry count for : http://localhost:33878 : 1
[DEBUG] Entry count for : http://localhost:21023 : 1
[DEBUG] Entry count for : http://localhost:52193 : 1
[DEBUG] Entry count for : http://localhost:3723 : 1
[DEBUG] Entry count for : http://localhost:52235 : 1
[DEBUG] Entry count for : http://localhost:51933 : 1
[DEBUG] Entry count for : http://localhost:27130 : 1
[DEBUG] Entry count for : http://localhost:26365 : 1
[DEBUG] Entry count for : http://localhost:52142 : 1
[DEBUG] Entry count for : http://localhost:18894 : 1
[DEBUG] Entry count for : http://localhost:52298 : 1
[DEBUG] Entry count for : http://localhost:27040 : 1
[DEBUG] Entry count for : http://localhost:52167 : 1
[DEBUG] Entry count for : http://localhost:51864 : 1
[DEBUG] Entry count for : http://localhost:33878 : 1
[DEBUG] Entry count for : http://localhost:21023 : 1
[DEBUG] Entry count for : http://localhost:52193 : 1
[DEBUG] Entry count for : http://localhost:3723 : 1
[DEBUG] Entry count for : http://localhost:52235 : 1
[DEBUG] Entry count for : http://localhost:51933 : 1
[DEBUG] Entry count for : http://localhost:27130 : 1
[DEBUG] Entry count for : http://localhost:26365 : 1
[DEBUG] Entry count for : http://localhost:52142 : 1
[DEBUG] Entry count for : http://localhost:18894 : 1
[DEBUG] Entry count for : http://localhost:52298 : 1
[DEBUG] Entry count for : http://localhost:27040 : 1
[DEBUG] Entry count for : http://localhost:52167 : 1
[DEBUG] Entry count for : http://localhost:51864 : 1
[DEBUG] Entry count for : http://localhost:33878 : 1
[DEBUG] Entry count for : http://localhost:21023 : 1
[DEBUG] Entry count for : http://localhost:52193 : 1
[DEBUG] Entry count for : http://localhost:3723 : 1
[DEBUG] Entry count for : http://localhost:52235 : 1
[DEBUG] Entry count for : http://localhost:51933 : 1
[DEBUG] Entry count for : http://localhost:27130 : 1
[DEBUG] Entry count for : http://localhost:26365 : 1
[DEBUG] 

Request DefaultHttpRequest(decodeResult: success, version: HTTP/1.1)
POST /session/44a4e31a2a20d74a93ac9a77e88a5166/url HTTP/1.1
User-Agent: selenium/4.8.3 (java windows)
Content-Length: 76
Content-Type: application/json; charset=utf-8
host: localhost:21751
accept: */*

Response DefaultHttpResponse(decodeResult: success, version: HTTP/1.1)
HTTP/1.1 200 OK
Content-Length: 14
Content-Type: application/json; charset=utf-8
cache-control: no-cache

[DEBUG] Adding key: http://localhost:21751 for channel [id: 0xe719dd8b, L:/127.0.0.1:52296 - R:localhost/127.0.0.1:21751]
[DEBUG] Using pooled Channel '[id: 0xe719dd8b, L:/127.0.0.1:52296 - R:localhost/127.0.0.1:21751]' for 'POST' to 'http://localhost:21751/session/44a4e31a2a20d74a93ac9a77e88a5166/element'
[DEBUG] Using open Channel [id: 0xe719dd8b, L:/127.0.0.1:52296 - R:localhost/127.0.0.1:21751] for POST '/session/44a4e31a2a20d74a93ac9a77e88a5166/element'
[DEBUG] 

Request DefaultHttpRequest(decodeResult: success, version: HTTP/1.1)
POST /session/44a4e31a2a20d74a93ac9a77e88a5166/element HTTP/1.1
User-Agent: selenium/4.8.3 (java windows)
Content-Length: 51
Content-Type: application/json; charset=utf-8
host: localhost:21751
accept: */*

Response DefaultHttpResponse(decodeResult: success, version: HTTP/1.1)
HTTP/1.1 200 OK
Content-Length: 88
Content-Type: application/json; charset=utf-8
cache-control: no-cache

[DEBUG] Adding key: http://localhost:21751 for channel [id: 0xe719dd8b, L:/127.0.0.1:52296 - R:localhost/127.0.0.1:21751]
[DEBUG] Using pooled Channel '[id: 0xe719dd8b, L:/127.0.0.1:52296 - R:localhost/127.0.0.1:21751]' for 'POST' to 'http://localhost:21751/session/44a4e31a2a20d74a93ac9a77e88a5166/element/e1ba957f-36ec-4914-b857-ac687274d413/value'
[DEBUG] Using open Channel [id: 0xe719dd8b, L:/127.0.0.1:52296 - R:localhost/127.0.0.1:21751] for POST '/session/44a4e31a2a20d74a93ac9a77e88a5166/element/e1ba957f-36ec-4914-b857-ac687274d413/value'
[DEBUG] 

Request DefaultHttpRequest(decodeResult: success, version: HTTP/1.1)
POST /session/44a4e31a2a20d74a93ac9a77e88a5166/element/e1ba957f-36ec-4914-b857-ac687274d413/value HTTP/1.1
User-Agent: selenium/4.8.3 (java windows)
Content-Length: 371
Content-Type: application/json; charset=utf-8
host: localhost:21751
accept: */*

Response DefaultHttpResponse(decodeResult: success, version: HTTP/1.1)
HTTP/1.1 200 OK
Content-Length: 14
Content-Type: application/json; charset=utf-8
cache-control: no-cache

[DEBUG] Adding key: http://localhost:21751 for channel [id: 0xe719dd8b, L:/127.0.0.1:52296 - R:localhost/127.0.0.1:21751]
[DEBUG] Using pooled Channel '[id: 0xe719dd8b, L:/127.0.0.1:52296 - R:localhost/127.0.0.1:21751]' for 'POST' to 'http://localhost:21751/session/44a4e31a2a20d74a93ac9a77e88a5166/element'
[DEBUG] Using open Channel [id: 0xe719dd8b, L:/127.0.0.1:52296 - R:localhost/127.0.0.1:21751] for POST '/session/44a4e31a2a20d74a93ac9a77e88a5166/element'
[DEBUG] 

Request DefaultHttpRequest(decodeResult: success, version: HTTP/1.1)
POST /session/44a4e31a2a20d74a93ac9a77e88a5166/element HTTP/1.1
User-Agent: selenium/4.8.3 (java windows)
Content-Length: 53
Content-Type: application/json; charset=utf-8
host: localhost:21751
accept: */*

Response DefaultHttpResponse(decodeResult: success, version: HTTP/1.1)
HTTP/1.1 200 OK
Content-Length: 88
Content-Type: application/json; charset=utf-8
cache-control: no-cache

[DEBUG] Adding key: http://localhost:21751 for channel [id: 0xe719dd8b, L:/127.0.0.1:52296 - R:localhost/127.0.0.1:21751]
[DEBUG] Using pooled Channel '[id: 0xe719dd8b, L:/127.0.0.1:52296 - R:localhost/127.0.0.1:21751]' for 'POST' to 'http://localhost:21751/session/44a4e31a2a20d74a93ac9a77e88a5166/element/1172161a-7611-42ee-ac6d-5be1d75fcf2d/value'
[DEBUG] Using open Channel [id: 0xe719dd8b, L:/127.0.0.1:52296 - R:localhost/127.0.0.1:21751] for POST '/session/44a4e31a2a20d74a93ac9a77e88a5166/element/1172161a-7611-42ee-ac6d-5be1d75fcf2d/value'
[DEBUG] 

Request DefaultHttpRequest(decodeResult: success, version: HTTP/1.1)
POST /session/44a4e31a2a20d74a93ac9a77e88a5166/element/1172161a-7611-42ee-ac6d-5be1d75fcf2d/value HTTP/1.1
User-Agent: selenium/4.8.3 (java windows)
Content-Length: 201
Content-Type: application/json; charset=utf-8
host: localhost:21751
accept: */*

Response DefaultHttpResponse(decodeResult: success, version: HTTP/1.1)
HTTP/1.1 200 OK
Content-Length: 14
Content-Type: application/json; charset=utf-8
cache-control: no-cache

[DEBUG] Adding key: http://localhost:21751 for channel [id: 0xe719dd8b, L:/127.0.0.1:52296 - R:localhost/127.0.0.1:21751]
[DEBUG] Using pooled Channel '[id: 0xe719dd8b, L:/127.0.0.1:52296 - R:localhost/127.0.0.1:21751]' for 'POST' to 'http://localhost:21751/session/44a4e31a2a20d74a93ac9a77e88a5166/element'
[DEBUG] Using open Channel [id: 0xe719dd8b, L:/127.0.0.1:52296 - R:localhost/127.0.0.1:21751] for POST '/session/44a4e31a2a20d74a93ac9a77e88a5166/element'
[DEBUG] 

Request DefaultHttpRequest(decodeResult: success, version: HTTP/1.1)
POST /session/44a4e31a2a20d74a93ac9a77e88a5166/element HTTP/1.1
User-Agent: selenium/4.8.3 (java windows)
Content-Length: 53
Content-Type: application/json; charset=utf-8
host: localhost:21751
accept: */*

Response DefaultHttpResponse(decodeResult: success, version: HTTP/1.1)
HTTP/1.1 404 Not Found
Content-Length: 937
Content-Type: application/json; charset=utf-8
cache-control: no-cache

[DEBUG] Adding key: http://localhost:21751 for channel [id: 0xe719dd8b, L:/127.0.0.1:52296 - R:localhost/127.0.0.1:21751]
]]></system-out>
    <system-err><![CDATA[Starting ChromeDriver 112.0.5615.49 (bd2a7bcb881c11e8cfe3078709382934e3916914-refs/branch-heads/5615@{#936}) on port 21751
Only local connections are allowed.
Please see https://chromedriver.chromium.org/security-considerations for suggestions on keeping ChromeDriver safe.
ChromeDriver was started successfully.
Apr 22, 2023 4:13:25 PM org.openqa.selenium.devtools.CdpVersionFinder findNearestMatch
WARNING: Unable to find an exact match for CDP version 112, so returning the closest version found: 111
]]></system-err>
  </testcase>
  <testcase name="signinRediffMail[seleniumpanda499@rediffmail.com, Selenium@123](4)" classname="com.automationcode_2ndApril_2023.DataDriven" time="5.367">
    <failure message="no such element: Unable to locate element: {&quot;method&quot;:&quot;css selector&quot;,&quot;selector&quot;:&quot;signinbtn&quot;}&#10;  (Session info: chrome=112.0.5615.138)&#10;For documentation on this error, please visit: https://selenium.dev/exceptions/#no_such_element&#10;Build info: version: &apos;4.8.3&apos;, revision: &apos;e5e76298c3&apos;&#10;System info: os.name: &apos;Windows 11&apos;, os.arch: &apos;amd64&apos;, os.version: &apos;10.0&apos;, java.version: &apos;1.8.0_351&apos;&#10;Driver info: org.openqa.selenium.chrome.ChromeDriver&#10;Command: [c18fb7596d8517472bda662c3a26e563, findElement {using=css selector, value=signinbtn}]&#10;Capabilities {acceptInsecureCerts: false, browserName: chrome, browserVersion: 112.0.5615.138, chrome: {chromedriverVersion: 112.0.5615.49 (bd2a7bcb881c..., userDataDir: C:\Users\shams\AppData\Loca...}, goog:chromeOptions: {debuggerAddress: localhost:52481}, networkConnectionEnabled: false, pageLoadStrategy: normal, platformName: WINDOWS, proxy: Proxy(), se:cdp: ws://localhost:52481/devtoo..., se:cdpVersion: 112.0.5615.138, setWindowRect: true, strictFileInteractability: false, timeouts: {implicit: 0, pageLoad: 300000, script: 30000}, unhandledPromptBehavior: dismiss and notify, webauthn:extension:credBlob: true, webauthn:extension:largeBlob: true, webauthn:extension:minPinLength: true, webauthn:extension:prf: true, webauthn:virtualAuthenticators: true}&#10;Session ID: c18fb7596d8517472bda662c3a26e563" type="org.openqa.selenium.NoSuchElementException"><![CDATA[org.openqa.selenium.NoSuchElementException: 
no such element: Unable to locate element: {"method":"css selector","selector":"signinbtn"}
  (Session info: chrome=112.0.5615.138)
For documentation on this error, please visit: https://selenium.dev/exceptions/#no_such_element
Build info: version: '4.8.3', revision: 'e5e76298c3'
System info: os.name: 'Windows 11', os.arch: 'amd64', os.version: '10.0', java.version: '1.8.0_351'
Driver info: org.openqa.selenium.chrome.ChromeDriver
Command: [c18fb7596d8517472bda662c3a26e563, findElement {using=css selector, value=signinbtn}]
Capabilities {acceptInsecureCerts: false, browserName: chrome, browserVersion: 112.0.5615.138, chrome: {chromedriverVersion: 112.0.5615.49 (bd2a7bcb881c..., userDataDir: C:\Users\shams\AppData\Loca...}, goog:chromeOptions: {debuggerAddress: localhost:52481}, networkConnectionEnabled: false, pageLoadStrategy: normal, platformName: WINDOWS, proxy: Proxy(), se:cdp: ws://localhost:52481/devtoo..., se:cdpVersion: 112.0.5615.138, setWindowRect: true, strictFileInteractability: false, timeouts: {implicit: 0, pageLoad: 300000, script: 30000}, unhandledPromptBehavior: dismiss and notify, webauthn:extension:credBlob: true, webauthn:extension:largeBlob: true, webauthn:extension:minPinLength: true, webauthn:extension:prf: true, webauthn:virtualAuthenticators: true}
Session ID: c18fb7596d8517472bda662c3a26e563
	at sun.reflect.NativeConstructorAccessorImpl.newInstance0(Native Method)
	at sun.reflect.NativeConstructorAccessorImpl.newInstance(NativeConstructorAccessorImpl.java:62)
	at sun.reflect.DelegatingConstructorAccessorImpl.newInstance(DelegatingConstructorAccessorImpl.java:45)
	at java.lang.reflect.Constructor.newInstance(Constructor.java:423)
	at org.openqa.selenium.remote.codec.w3c.W3CHttpResponseCodec.createException(W3CHttpResponseCodec.java:200)
	at org.openqa.selenium.remote.codec.w3c.W3CHttpResponseCodec.decode(W3CHttpResponseCodec.java:133)
	at org.openqa.selenium.remote.codec.w3c.W3CHttpResponseCodec.decode(W3CHttpResponseCodec.java:53)
	at org.openqa.selenium.remote.HttpCommandExecutor.execute(HttpCommandExecutor.java:193)
	at org.openqa.selenium.remote.service.DriverCommandExecutor.invokeExecute(DriverCommandExecutor.java:183)
	at org.openqa.selenium.remote.service.DriverCommandExecutor.execute(DriverCommandExecutor.java:158)
	at org.openqa.selenium.remote.RemoteWebDriver.execute(RemoteWebDriver.java:543)
	at org.openqa.selenium.remote.ElementLocation$ElementFinder$2.findElement(ElementLocation.java:162)
	at org.openqa.selenium.remote.ElementLocation.findElement(ElementLocation.java:60)
	at org.openqa.selenium.remote.RemoteWebDriver.findElement(RemoteWebDriver.java:352)
	at org.openqa.selenium.remote.RemoteWebDriver.findElement(RemoteWebDriver.java:344)
	at com.automationcode_2ndApril_2023.DataDriven.signinRediffMail(DataDriven.java:46)
	at sun.reflect.NativeMethodAccessorImpl.invoke0(Native Method)
	at sun.reflect.NativeMethodAccessorImpl.invoke(NativeMethodAccessorImpl.java:62)
	at sun.reflect.DelegatingMethodAccessorImpl.invoke(DelegatingMethodAccessorImpl.java:43)
	at java.lang.reflect.Method.invoke(Method.java:498)
	at org.testng.internal.MethodInvocationHelper.invokeMethod(MethodInvocationHelper.java:124)
	at org.testng.internal.Invoker.invokeMethod(Invoker.java:583)
	at org.testng.internal.Invoker.invokeTestMethod(Invoker.java:719)
	at org.testng.internal.Invoker.invokeTestMethods(Invoker.java:989)
	at org.testng.internal.TestMethodWorker.invokeTestMethods(TestMethodWorker.java:125)
	at org.testng.internal.TestMethodWorker.run(TestMethodWorker.java:109)
	at org.testng.TestRunner.privateRun(TestRunner.java:648)
	at org.testng.TestRunner.run(TestRunner.java:505)
	at org.testng.SuiteRunner.runTest(SuiteRunner.java:455)
	at org.testng.SuiteRunner.runSequentially(SuiteRunner.java:450)
	at org.testng.SuiteRunner.privateRun(SuiteRunner.java:415)
	at org.testng.SuiteRunner.run(SuiteRunner.java:364)
	at org.testng.SuiteRunnerWorker.runSuite(SuiteRunnerWorker.java:52)
	at org.testng.SuiteRunnerWorker.run(SuiteRunnerWorker.java:84)
	at org.testng.TestNG.runSuitesSequentially(TestNG.java:1208)
	at org.testng.TestNG.runSuitesLocally(TestNG.java:1137)
	at org.testng.TestNG.runSuites(TestNG.java:1049)
	at org.testng.TestNG.run(TestNG.java:1017)
	at org.apache.maven.surefire.testng.TestNGExecutor.run(TestNGExecutor.java:324)
	at org.apache.maven.surefire.testng.TestNGXmlTestSuite.execute(TestNGXmlTestSuite.java:74)
	at org.apache.maven.surefire.testng.TestNGProvider.invoke(TestNGProvider.java:123)
	at org.apache.maven.surefire.booter.ForkedBooter.runSuitesInProcess(ForkedBooter.java:456)
	at org.apache.maven.surefire.booter.ForkedBooter.execute(ForkedBooter.java:169)
	at org.apache.maven.surefire.booter.ForkedBooter.run(ForkedBooter.java:595)
	at org.apache.maven.surefire.booter.ForkedBooter.main(ForkedBooter.java:581)
]]></failure>
    <system-out><![CDATA[[DEBUG] Entry count for : http://localhost:52142 : 1
[DEBUG] Entry count for : http://localhost:18894 : 1
[DEBUG] Entry count for : http://localhost:52298 : 1
[DEBUG] Entry count for : http://localhost:27040 : 1
[DEBUG] Entry count for : http://localhost:52167 : 1
[DEBUG] Entry count for : http://localhost:51864 : 1
[DEBUG] Entry count for : http://localhost:33878 : 1
[DEBUG] Entry count for : http://localhost:21023 : 1
[DEBUG] Entry count for : http://localhost:52193 : 1
[DEBUG] Entry count for : http://localhost:3723 : 1
[DEBUG] Entry count for : http://localhost:52235 : 1
[DEBUG] Entry count for : http://localhost:51933 : 1
[DEBUG] Entry count for : http://localhost:27130 : 1
[DEBUG] Entry count for : http://localhost:26365 : 1
[DEBUG] Entry count for : http://localhost:21751 : 1
[DEBUG] Adding Candidate expired Channel [id: 0x48dfadcf, L:/127.0.0.1:51787 - R:localhost/127.0.0.1:33878] isIdleTimeoutExpired=true isRemotelyClosed=false isTtlExpired=false
[DEBUG] Closing Idle Channel [id: 0x48dfadcf, L:/127.0.0.1:51787 - R:localhost/127.0.0.1:33878]
[DEBUG] Closed 1 connections out of 15 in 0 ms
[DEBUG] Channel Closed: [id: 0x48dfadcf, L:/127.0.0.1:51787 ! R:localhost/127.0.0.1:33878] with attribute DISCARD
[DEBUG] Using new Channel '[id: 0x980cb4f7, L:/127.0.0.1:52480 - R:localhost/127.0.0.1:31333]' for 'POST' to '/session'
[DEBUG] 

Request DefaultHttpRequest(decodeResult: success, version: HTTP/1.1)
POST /session HTTP/1.1
User-Agent: selenium/4.8.3 (java windows)
Content-Length: 439
Content-Type: application/json; charset=utf-8
host: localhost:31333
accept: */*

Response DefaultHttpResponse(decodeResult: success, version: HTTP/1.1)
HTTP/1.1 200 OK
Content-Length: 859
Content-Type: application/json; charset=utf-8
cache-control: no-cache

[DEBUG] Adding key: http://localhost:31333 for channel [id: 0x980cb4f7, L:/127.0.0.1:52480 - R:localhost/127.0.0.1:31333]
[DEBUG] Using new Channel '[id: 0x1d394fec, L:/127.0.0.1:52489 - R:localhost/127.0.0.1:52481]' for 'GET' to '/json/version'
[DEBUG] 

Request DefaultFullHttpRequest(decodeResult: success, version: HTTP/1.1, content: EmptyByteBufBE)
GET /json/version HTTP/1.1
User-Agent: selenium/4.8.3 (java windows)
host: localhost:52481
accept: */*

Response DefaultHttpResponse(decodeResult: success, version: HTTP/1.1)
HTTP/1.1 200 OK
Content-Security-Policy: frame-ancestors 'none'
Content-Length: 424
Content-Type: application/json; charset=UTF-8

[DEBUG] Adding key: http://localhost:52481 for channel [id: 0x1d394fec, L:/127.0.0.1:52489 - R:localhost/127.0.0.1:52481]
[DEBUG] Using new Channel '[id: 0x6ec9bf20, L:/127.0.0.1:52490 - R:localhost/127.0.0.1:52481]' for 'GET' to '/devtools/browser/f0df3273-3d80-4e82-93a5-e47b4e80eb8d'
[DEBUG] 

Request DefaultFullHttpRequest(decodeResult: success, version: HTTP/1.1, content: EmptyByteBufBE)
GET /devtools/browser/f0df3273-3d80-4e82-93a5-e47b4e80eb8d HTTP/1.1
upgrade: websocket
connection: upgrade
sec-websocket-key: 0QILxt3VfN9v3mgOAilgBw==
sec-websocket-version: 13
origin: http://localhost:52481
host: localhost:52481
accept: */*
user-agent: AHC/2.1

Response DefaultHttpResponse(decodeResult: success, version: HTTP/1.1)
HTTP/1.1 101 WebSocket Protocol Handshake
Upgrade: WebSocket
Connection: Upgrade
Sec-WebSocket-Accept: jO78sHU5xz7FTyp3MyEtt5ACoKo=

[DEBUG] Using pooled Channel '[id: 0x980cb4f7, L:/127.0.0.1:52480 - R:localhost/127.0.0.1:31333]' for 'POST' to 'http://localhost:31333/session/c18fb7596d8517472bda662c3a26e563/window/maximize'
[DEBUG] Using open Channel [id: 0x980cb4f7, L:/127.0.0.1:52480 - R:localhost/127.0.0.1:31333] for POST '/session/c18fb7596d8517472bda662c3a26e563/window/maximize'
[DEBUG] 

Request DefaultHttpRequest(decodeResult: success, version: HTTP/1.1)
POST /session/c18fb7596d8517472bda662c3a26e563/window/maximize HTTP/1.1
User-Agent: selenium/4.8.3 (java windows)
Content-Length: 3
Content-Type: application/json; charset=utf-8
host: localhost:31333
accept: */*

Response DefaultHttpResponse(decodeResult: success, version: HTTP/1.1)
HTTP/1.1 200 OK
Content-Length: 52
Content-Type: application/json; charset=utf-8
cache-control: no-cache

[DEBUG] Adding key: http://localhost:31333 for channel [id: 0x980cb4f7, L:/127.0.0.1:52480 - R:localhost/127.0.0.1:31333]
[DEBUG] Using pooled Channel '[id: 0x980cb4f7, L:/127.0.0.1:52480 - R:localhost/127.0.0.1:31333]' for 'POST' to 'http://localhost:31333/session/c18fb7596d8517472bda662c3a26e563/url'
[DEBUG] Using open Channel [id: 0x980cb4f7, L:/127.0.0.1:52480 - R:localhost/127.0.0.1:31333] for POST '/session/c18fb7596d8517472bda662c3a26e563/url'
[DEBUG] Entry count for : http://localhost:52142 : 1
[DEBUG] Entry count for : http://localhost:18894 : 1
[DEBUG] Entry count for : http://localhost:52298 : 1
[DEBUG] Entry count for : http://localhost:52481 : 1
[DEBUG] Entry count for : http://localhost:27040 : 1
[DEBUG] Entry count for : http://localhost:52167 : 1
[DEBUG] Entry count for : http://localhost:51864 : 1
[DEBUG] Entry count for : http://localhost:21023 : 1
[DEBUG] Entry count for : http://localhost:52193 : 1
[DEBUG] Entry count for : http://localhost:3723 : 1
[DEBUG] Entry count for : http://localhost:52235 : 1
[DEBUG] Entry count for : http://localhost:51933 : 1
[DEBUG] Entry count for : http://localhost:27130 : 1
[DEBUG] Entry count for : http://localhost:26365 : 1
[DEBUG] Entry count for : http://localhost:21751 : 1
[DEBUG] Adding Candidate expired Channel [id: 0xe9ff642a, L:/127.0.0.1:51875 - R:localhost/127.0.0.1:51864] isIdleTimeoutExpired=true isRemotelyClosed=false isTtlExpired=false
[DEBUG] Closing Idle Channel [id: 0xe9ff642a, L:/127.0.0.1:51875 - R:localhost/127.0.0.1:51864]
[DEBUG] Closed 1 connections out of 15 in 0 ms
[DEBUG] Channel Closed: [id: 0xe9ff642a, L:/127.0.0.1:51875 ! R:localhost/127.0.0.1:51864] with attribute DISCARD
[DEBUG] Entry count for : http://localhost:52142 : 1
[DEBUG] Entry count for : http://localhost:18894 : 1
[DEBUG] Entry count for : http://localhost:52298 : 1
[DEBUG] Entry count for : http://localhost:52481 : 1
[DEBUG] Entry count for : http://localhost:27040 : 1
[DEBUG] Entry count for : http://localhost:52167 : 1
[DEBUG] Entry count for : http://localhost:21023 : 1
[DEBUG] Entry count for : http://localhost:52193 : 1
[DEBUG] Entry count for : http://localhost:3723 : 1
[DEBUG] Entry count for : http://localhost:52235 : 1
[DEBUG] Entry count for : http://localhost:51933 : 1
[DEBUG] Entry count for : http://localhost:27130 : 1
[DEBUG] Entry count for : http://localhost:26365 : 1
[DEBUG] Entry count for : http://localhost:21751 : 1
[DEBUG] Entry count for : http://localhost:52142 : 1
[DEBUG] Entry count for : http://localhost:18894 : 1
[DEBUG] Entry count for : http://localhost:52298 : 1
[DEBUG] Entry count for : http://localhost:52481 : 1
[DEBUG] Entry count for : http://localhost:27040 : 1
[DEBUG] Entry count for : http://localhost:52167 : 1
[DEBUG] Entry count for : http://localhost:21023 : 1
[DEBUG] Entry count for : http://localhost:52193 : 1
[DEBUG] Entry count for : http://localhost:3723 : 1
[DEBUG] Entry count for : http://localhost:52235 : 1
[DEBUG] Entry count for : http://localhost:51933 : 1
[DEBUG] Entry count for : http://localhost:27130 : 1
[DEBUG] Entry count for : http://localhost:26365 : 1
[DEBUG] Entry count for : http://localhost:21751 : 1
[DEBUG] Entry count for : http://localhost:52142 : 1
[DEBUG] Entry count for : http://localhost:18894 : 1
[DEBUG] Entry count for : http://localhost:52298 : 1
[DEBUG] Entry count for : http://localhost:52481 : 1
[DEBUG] Entry count for : http://localhost:27040 : 1
[DEBUG] Entry count for : http://localhost:52167 : 1
[DEBUG] Entry count for : http://localhost:21023 : 1
[DEBUG] Entry count for : http://localhost:52193 : 1
[DEBUG] Entry count for : http://localhost:3723 : 1
[DEBUG] Entry count for : http://localhost:52235 : 1
[DEBUG] Entry count for : http://localhost:51933 : 1
[DEBUG] Entry count for : http://localhost:27130 : 1
[DEBUG] Entry count for : http://localhost:26365 : 1
[DEBUG] Entry count for : http://localhost:21751 : 1
[DEBUG] 

Request DefaultHttpRequest(decodeResult: success, version: HTTP/1.1)
POST /session/c18fb7596d8517472bda662c3a26e563/url HTTP/1.1
User-Agent: selenium/4.8.3 (java windows)
Content-Length: 76
Content-Type: application/json; charset=utf-8
host: localhost:31333
accept: */*

Response DefaultHttpResponse(decodeResult: success, version: HTTP/1.1)
HTTP/1.1 200 OK
Content-Length: 14
Content-Type: application/json; charset=utf-8
cache-control: no-cache

[DEBUG] Adding key: http://localhost:31333 for channel [id: 0x980cb4f7, L:/127.0.0.1:52480 - R:localhost/127.0.0.1:31333]
[DEBUG] Using pooled Channel '[id: 0x980cb4f7, L:/127.0.0.1:52480 - R:localhost/127.0.0.1:31333]' for 'POST' to 'http://localhost:31333/session/c18fb7596d8517472bda662c3a26e563/element'
[DEBUG] Using open Channel [id: 0x980cb4f7, L:/127.0.0.1:52480 - R:localhost/127.0.0.1:31333] for POST '/session/c18fb7596d8517472bda662c3a26e563/element'
[DEBUG] 

Request DefaultHttpRequest(decodeResult: success, version: HTTP/1.1)
POST /session/c18fb7596d8517472bda662c3a26e563/element HTTP/1.1
User-Agent: selenium/4.8.3 (java windows)
Content-Length: 51
Content-Type: application/json; charset=utf-8
host: localhost:31333
accept: */*

Response DefaultHttpResponse(decodeResult: success, version: HTTP/1.1)
HTTP/1.1 200 OK
Content-Length: 88
Content-Type: application/json; charset=utf-8
cache-control: no-cache

[DEBUG] Adding key: http://localhost:31333 for channel [id: 0x980cb4f7, L:/127.0.0.1:52480 - R:localhost/127.0.0.1:31333]
[DEBUG] Using pooled Channel '[id: 0x980cb4f7, L:/127.0.0.1:52480 - R:localhost/127.0.0.1:31333]' for 'POST' to 'http://localhost:31333/session/c18fb7596d8517472bda662c3a26e563/element/78c5d89b-8c04-462e-abeb-406f7fa174b5/value'
[DEBUG] Using open Channel [id: 0x980cb4f7, L:/127.0.0.1:52480 - R:localhost/127.0.0.1:31333] for POST '/session/c18fb7596d8517472bda662c3a26e563/element/78c5d89b-8c04-462e-abeb-406f7fa174b5/value'
[DEBUG] 

Request DefaultHttpRequest(decodeResult: success, version: HTTP/1.1)
POST /session/c18fb7596d8517472bda662c3a26e563/element/78c5d89b-8c04-462e-abeb-406f7fa174b5/value HTTP/1.1
User-Agent: selenium/4.8.3 (java windows)
Content-Length: 391
Content-Type: application/json; charset=utf-8
host: localhost:31333
accept: */*

Response DefaultHttpResponse(decodeResult: success, version: HTTP/1.1)
HTTP/1.1 200 OK
Content-Length: 14
Content-Type: application/json; charset=utf-8
cache-control: no-cache

[DEBUG] Adding key: http://localhost:31333 for channel [id: 0x980cb4f7, L:/127.0.0.1:52480 - R:localhost/127.0.0.1:31333]
[DEBUG] Using pooled Channel '[id: 0x980cb4f7, L:/127.0.0.1:52480 - R:localhost/127.0.0.1:31333]' for 'POST' to 'http://localhost:31333/session/c18fb7596d8517472bda662c3a26e563/element'
[DEBUG] Using open Channel [id: 0x980cb4f7, L:/127.0.0.1:52480 - R:localhost/127.0.0.1:31333] for POST '/session/c18fb7596d8517472bda662c3a26e563/element'
[DEBUG] 

Request DefaultHttpRequest(decodeResult: success, version: HTTP/1.1)
POST /session/c18fb7596d8517472bda662c3a26e563/element HTTP/1.1
User-Agent: selenium/4.8.3 (java windows)
Content-Length: 53
Content-Type: application/json; charset=utf-8
host: localhost:31333
accept: */*

Response DefaultHttpResponse(decodeResult: success, version: HTTP/1.1)
HTTP/1.1 200 OK
Content-Length: 88
Content-Type: application/json; charset=utf-8
cache-control: no-cache

[DEBUG] Adding key: http://localhost:31333 for channel [id: 0x980cb4f7, L:/127.0.0.1:52480 - R:localhost/127.0.0.1:31333]
[DEBUG] Using pooled Channel '[id: 0x980cb4f7, L:/127.0.0.1:52480 - R:localhost/127.0.0.1:31333]' for 'POST' to 'http://localhost:31333/session/c18fb7596d8517472bda662c3a26e563/element/ea51b58d-2ad3-4c23-ad18-d912799d494f/value'
[DEBUG] Using open Channel [id: 0x980cb4f7, L:/127.0.0.1:52480 - R:localhost/127.0.0.1:31333] for POST '/session/c18fb7596d8517472bda662c3a26e563/element/ea51b58d-2ad3-4c23-ad18-d912799d494f/value'
[DEBUG] 

Request DefaultHttpRequest(decodeResult: success, version: HTTP/1.1)
POST /session/c18fb7596d8517472bda662c3a26e563/element/ea51b58d-2ad3-4c23-ad18-d912799d494f/value HTTP/1.1
User-Agent: selenium/4.8.3 (java windows)
Content-Length: 201
Content-Type: application/json; charset=utf-8
host: localhost:31333
accept: */*

Response DefaultHttpResponse(decodeResult: success, version: HTTP/1.1)
HTTP/1.1 200 OK
Content-Length: 14
Content-Type: application/json; charset=utf-8
cache-control: no-cache

[DEBUG] Adding key: http://localhost:31333 for channel [id: 0x980cb4f7, L:/127.0.0.1:52480 - R:localhost/127.0.0.1:31333]
[DEBUG] Using pooled Channel '[id: 0x980cb4f7, L:/127.0.0.1:52480 - R:localhost/127.0.0.1:31333]' for 'POST' to 'http://localhost:31333/session/c18fb7596d8517472bda662c3a26e563/element'
[DEBUG] Using open Channel [id: 0x980cb4f7, L:/127.0.0.1:52480 - R:localhost/127.0.0.1:31333] for POST '/session/c18fb7596d8517472bda662c3a26e563/element'
[DEBUG] 

Request DefaultHttpRequest(decodeResult: success, version: HTTP/1.1)
POST /session/c18fb7596d8517472bda662c3a26e563/element HTTP/1.1
User-Agent: selenium/4.8.3 (java windows)
Content-Length: 53
Content-Type: application/json; charset=utf-8
host: localhost:31333
accept: */*

Response DefaultHttpResponse(decodeResult: success, version: HTTP/1.1)
HTTP/1.1 404 Not Found
Content-Length: 937
Content-Type: application/json; charset=utf-8
cache-control: no-cache

[DEBUG] Adding key: http://localhost:31333 for channel [id: 0x980cb4f7, L:/127.0.0.1:52480 - R:localhost/127.0.0.1:31333]
]]></system-out>
    <system-err><![CDATA[Starting ChromeDriver 112.0.5615.49 (bd2a7bcb881c11e8cfe3078709382934e3916914-refs/branch-heads/5615@{#936}) on port 31333
Only local connections are allowed.
Please see https://chromedriver.chromium.org/security-considerations for suggestions on keeping ChromeDriver safe.
ChromeDriver was started successfully.
Apr 22, 2023 4:13:31 PM org.openqa.selenium.devtools.CdpVersionFinder findNearestMatch
WARNING: Unable to find an exact match for CDP version 112, so returning the closest version found: 111
]]></system-err>
  </testcase>
  <testcase name="test" classname="com.automationcode_15thApril_2023.ApplyingInterfaceLogic" time="0.891">
    <system-out><![CDATA[[DEBUG] Using new Channel '[id: 0x434764f7, L:/127.0.0.1:52560 - R:localhost/127.0.0.1:26766]' for 'POST' to '/session'
[DEBUG] Entry count for : http://localhost:52142 : 1
[DEBUG] Entry count for : http://localhost:18894 : 1
[DEBUG] Entry count for : http://localhost:31333 : 1
[DEBUG] Entry count for : http://localhost:52298 : 1
[DEBUG] Entry count for : http://localhost:52481 : 1
[DEBUG] Entry count for : http://localhost:27040 : 1
[DEBUG] Entry count for : http://localhost:52167 : 1
[DEBUG] Entry count for : http://localhost:21023 : 1
[DEBUG] Entry count for : http://localhost:52193 : 1
[DEBUG] Entry count for : http://localhost:3723 : 1
[DEBUG] Entry count for : http://localhost:52235 : 1
[DEBUG] Entry count for : http://localhost:51933 : 1
[DEBUG] Entry count for : http://localhost:27130 : 1
[DEBUG] Entry count for : http://localhost:26365 : 1
[DEBUG] Entry count for : http://localhost:21751 : 1
[DEBUG] 

Request DefaultHttpRequest(decodeResult: success, version: HTTP/1.1)
POST /session HTTP/1.1
User-Agent: selenium/4.8.3 (java windows)
Content-Length: 439
Content-Type: application/json; charset=utf-8
host: localhost:26766
accept: */*

Response DefaultHttpResponse(decodeResult: success, version: HTTP/1.1)
HTTP/1.1 200 OK
Content-Length: 860
Content-Type: application/json; charset=utf-8
cache-control: no-cache

[DEBUG] Adding key: http://localhost:26766 for channel [id: 0x434764f7, L:/127.0.0.1:52560 - R:localhost/127.0.0.1:26766]
[DEBUG] Using new Channel '[id: 0x48ddfe63, L:/127.0.0.1:52571 - R:localhost/127.0.0.1:52561]' for 'GET' to '/json/version'
[DEBUG] 

Request DefaultFullHttpRequest(decodeResult: success, version: HTTP/1.1, content: EmptyByteBufBE)
GET /json/version HTTP/1.1
User-Agent: selenium/4.8.3 (java windows)
host: localhost:52561
accept: */*

Response DefaultHttpResponse(decodeResult: success, version: HTTP/1.1)
HTTP/1.1 200 OK
Content-Security-Policy: frame-ancestors 'none'
Content-Length: 424
Content-Type: application/json; charset=UTF-8

[DEBUG] Adding key: http://localhost:52561 for channel [id: 0x48ddfe63, L:/127.0.0.1:52571 - R:localhost/127.0.0.1:52561]
[DEBUG] Using new Channel '[id: 0x518f4130, L:/127.0.0.1:52572 - R:localhost/127.0.0.1:52561]' for 'GET' to '/devtools/browser/4c5887aa-280d-4496-8f6b-4c13d2b2d7df'
[DEBUG] 

Request DefaultFullHttpRequest(decodeResult: success, version: HTTP/1.1, content: EmptyByteBufBE)
GET /devtools/browser/4c5887aa-280d-4496-8f6b-4c13d2b2d7df HTTP/1.1
upgrade: websocket
connection: upgrade
sec-websocket-key: jAyvt6mK1xruOfVIS0VfCw==
sec-websocket-version: 13
origin: http://localhost:52561
host: localhost:52561
accept: */*
user-agent: AHC/2.1

Response DefaultHttpResponse(decodeResult: success, version: HTTP/1.1)
HTTP/1.1 101 WebSocket Protocol Handshake
Upgrade: WebSocket
Connection: Upgrade
Sec-WebSocket-Accept: uH+OEspnPmjTqZMPfa97XX75prk=

]]></system-out>
    <system-err><![CDATA[Starting ChromeDriver 112.0.5615.49 (bd2a7bcb881c11e8cfe3078709382934e3916914-refs/branch-heads/5615@{#936}) on port 26766
Only local connections are allowed.
Please see https://chromedriver.chromium.org/security-considerations for suggestions on keeping ChromeDriver safe.
ChromeDriver was started successfully.
Apr 22, 2023 4:13:37 PM org.openqa.selenium.devtools.CdpVersionFinder findNearestMatch
WARNING: Unable to find an exact match for CDP version 112, so returning the closest version found: 111
]]></system-err>
  </testcase>
  <testcase name="testXpath" classname="com.automationcode_25thMarch_2023.Advanced_Xpath" time="0">
    <system-out><![CDATA[[DEBUG] Using new Channel '[id: 0xf0a04010, L:/127.0.0.1:52579 - R:localhost/127.0.0.1:41417]' for 'POST' to '/session'
[DEBUG] Entry count for : http://localhost:52142 : 1
[DEBUG] Entry count for : http://localhost:18894 : 1
[DEBUG] Entry count for : http://localhost:31333 : 1
[DEBUG] Entry count for : http://localhost:52298 : 1
[DEBUG] Entry count for : http://localhost:52481 : 1
[DEBUG] Entry count for : http://localhost:27040 : 1
[DEBUG] Entry count for : http://localhost:52561 : 1
[DEBUG] Entry count for : http://localhost:52167 : 1
[DEBUG] Entry count for : http://localhost:21023 : 1
[DEBUG] Entry count for : http://localhost:52193 : 1
[DEBUG] Entry count for : http://localhost:3723 : 1
[DEBUG] Entry count for : http://localhost:52235 : 1
[DEBUG] Entry count for : http://localhost:26766 : 1
[DEBUG] Entry count for : http://localhost:51933 : 1
[DEBUG] Entry count for : http://localhost:27130 : 1
[DEBUG] Entry count for : http://localhost:26365 : 1
[DEBUG] Entry count for : http://localhost:21751 : 1
[DEBUG] 

Request DefaultHttpRequest(decodeResult: success, version: HTTP/1.1)
POST /session HTTP/1.1
User-Agent: selenium/4.8.3 (java windows)
Content-Length: 439
Content-Type: application/json; charset=utf-8
host: localhost:41417
accept: */*

Response DefaultHttpResponse(decodeResult: success, version: HTTP/1.1)
HTTP/1.1 200 OK
Content-Length: 860
Content-Type: application/json; charset=utf-8
cache-control: no-cache

[DEBUG] Adding key: http://localhost:41417 for channel [id: 0xf0a04010, L:/127.0.0.1:52579 - R:localhost/127.0.0.1:41417]
[DEBUG] Using new Channel '[id: 0xa39ca8cf, L:/127.0.0.1:52600 - R:localhost/127.0.0.1:52580]' for 'GET' to '/json/version'
[DEBUG] 

Request DefaultFullHttpRequest(decodeResult: success, version: HTTP/1.1, content: EmptyByteBufBE)
GET /json/version HTTP/1.1
User-Agent: selenium/4.8.3 (java windows)
host: localhost:52580
accept: */*

Response DefaultHttpResponse(decodeResult: success, version: HTTP/1.1)
HTTP/1.1 200 OK
Content-Security-Policy: frame-ancestors 'none'
Content-Length: 424
Content-Type: application/json; charset=UTF-8

[DEBUG] Adding key: http://localhost:52580 for channel [id: 0xa39ca8cf, L:/127.0.0.1:52600 - R:localhost/127.0.0.1:52580]
[DEBUG] Using new Channel '[id: 0x2c531b64, L:/127.0.0.1:52601 - R:localhost/127.0.0.1:52580]' for 'GET' to '/devtools/browser/eeb79fce-285d-448f-bf63-2a76d59393c8'
[DEBUG] 

Request DefaultFullHttpRequest(decodeResult: success, version: HTTP/1.1, content: EmptyByteBufBE)
GET /devtools/browser/eeb79fce-285d-448f-bf63-2a76d59393c8 HTTP/1.1
upgrade: websocket
connection: upgrade
sec-websocket-key: bXtEqj/2PgqSgQlShdW78A==
sec-websocket-version: 13
origin: http://localhost:52580
host: localhost:52580
accept: */*
user-agent: AHC/2.1

Response DefaultHttpResponse(decodeResult: success, version: HTTP/1.1)
HTTP/1.1 101 WebSocket Protocol Handshake
Upgrade: WebSocket
Connection: Upgrade
Sec-WebSocket-Accept: iLtnct3BH+BGdqsDDof3NzBd7lQ=

[DEBUG] Using pooled Channel '[id: 0xf0a04010, L:/127.0.0.1:52579 - R:localhost/127.0.0.1:41417]' for 'POST' to 'http://localhost:41417/session/ca69408c71d1c2dbbcc5abc634832e6c/window/maximize'
[DEBUG] Using open Channel [id: 0xf0a04010, L:/127.0.0.1:52579 - R:localhost/127.0.0.1:41417] for POST '/session/ca69408c71d1c2dbbcc5abc634832e6c/window/maximize'
[DEBUG] 

Request DefaultHttpRequest(decodeResult: success, version: HTTP/1.1)
POST /session/ca69408c71d1c2dbbcc5abc634832e6c/window/maximize HTTP/1.1
User-Agent: selenium/4.8.3 (java windows)
Content-Length: 3
Content-Type: application/json; charset=utf-8
host: localhost:41417
accept: */*

Response DefaultHttpResponse(decodeResult: success, version: HTTP/1.1)
HTTP/1.1 200 OK
Content-Length: 52
Content-Type: application/json; charset=utf-8
cache-control: no-cache

[DEBUG] Adding key: http://localhost:41417 for channel [id: 0xf0a04010, L:/127.0.0.1:52579 - R:localhost/127.0.0.1:41417]
[DEBUG] Using pooled Channel '[id: 0xf0a04010, L:/127.0.0.1:52579 - R:localhost/127.0.0.1:41417]' for 'POST' to 'http://localhost:41417/session/ca69408c71d1c2dbbcc5abc634832e6c/url'
[DEBUG] Using open Channel [id: 0xf0a04010, L:/127.0.0.1:52579 - R:localhost/127.0.0.1:41417] for POST '/session/ca69408c71d1c2dbbcc5abc634832e6c/url'
[DEBUG] Entry count for : http://localhost:52580 : 1
[DEBUG] Entry count for : http://localhost:52142 : 1
[DEBUG] Entry count for : http://localhost:18894 : 1
[DEBUG] Entry count for : http://localhost:31333 : 1
[DEBUG] Entry count for : http://localhost:52298 : 1
[DEBUG] Entry count for : http://localhost:52481 : 1
[DEBUG] Entry count for : http://localhost:27040 : 1
[DEBUG] Entry count for : http://localhost:52561 : 1
[DEBUG] Entry count for : http://localhost:52167 : 1
[DEBUG] Entry count for : http://localhost:21023 : 1
[DEBUG] Entry count for : http://localhost:52193 : 1
[DEBUG] Entry count for : http://localhost:3723 : 1
[DEBUG] Entry count for : http://localhost:52235 : 1
[DEBUG] Entry count for : http://localhost:26766 : 1
[DEBUG] Entry count for : http://localhost:51933 : 1
[DEBUG] Entry count for : http://localhost:27130 : 1
[DEBUG] Entry count for : http://localhost:26365 : 1
[DEBUG] Entry count for : http://localhost:21751 : 1
[DEBUG] Entry count for : http://localhost:52580 : 1
[DEBUG] Entry count for : http://localhost:52142 : 1
[DEBUG] Entry count for : http://localhost:18894 : 1
[DEBUG] Entry count for : http://localhost:31333 : 1
[DEBUG] Entry count for : http://localhost:52298 : 1
[DEBUG] Entry count for : http://localhost:52481 : 1
[DEBUG] Entry count for : http://localhost:27040 : 1
[DEBUG] Entry count for : http://localhost:52561 : 1
[DEBUG] Entry count for : http://localhost:52167 : 1
[DEBUG] Entry count for : http://localhost:21023 : 1
[DEBUG] Entry count for : http://localhost:52193 : 1
[DEBUG] Entry count for : http://localhost:3723 : 1
[DEBUG] Entry count for : http://localhost:52235 : 1
[DEBUG] Entry count for : http://localhost:26766 : 1
[DEBUG] Entry count for : http://localhost:51933 : 1
[DEBUG] Entry count for : http://localhost:27130 : 1
[DEBUG] Entry count for : http://localhost:26365 : 1
[DEBUG] Entry count for : http://localhost:21751 : 1
[DEBUG] Entry count for : http://localhost:52580 : 1
[DEBUG] Entry count for : http://localhost:52142 : 1
[DEBUG] Entry count for : http://localhost:18894 : 1
[DEBUG] Entry count for : http://localhost:31333 : 1
[DEBUG] Entry count for : http://localhost:52298 : 1
[DEBUG] Entry count for : http://localhost:52481 : 1
[DEBUG] Entry count for : http://localhost:27040 : 1
[DEBUG] Entry count for : http://localhost:52561 : 1
[DEBUG] Entry count for : http://localhost:52167 : 1
[DEBUG] Entry count for : http://localhost:21023 : 1
[DEBUG] Entry count for : http://localhost:52193 : 1
[DEBUG] Entry count for : http://localhost:3723 : 1
[DEBUG] Entry count for : http://localhost:52235 : 1
[DEBUG] Entry count for : http://localhost:26766 : 1
[DEBUG] Entry count for : http://localhost:51933 : 1
[DEBUG] Entry count for : http://localhost:27130 : 1
[DEBUG] Entry count for : http://localhost:26365 : 1
[DEBUG] Entry count for : http://localhost:21751 : 1
[DEBUG] 

Request DefaultHttpRequest(decodeResult: success, version: HTTP/1.1)
POST /session/ca69408c71d1c2dbbcc5abc634832e6c/url HTTP/1.1
User-Agent: selenium/4.8.3 (java windows)
Content-Length: 53
Content-Type: application/json; charset=utf-8
host: localhost:41417
accept: */*

Response DefaultHttpResponse(decodeResult: success, version: HTTP/1.1)
HTTP/1.1 200 OK
Content-Length: 14
Content-Type: application/json; charset=utf-8
cache-control: no-cache

[DEBUG] Adding key: http://localhost:41417 for channel [id: 0xf0a04010, L:/127.0.0.1:52579 - R:localhost/127.0.0.1:41417]
]]></system-out>
    <system-err><![CDATA[Starting ChromeDriver 112.0.5615.49 (bd2a7bcb881c11e8cfe3078709382934e3916914-refs/branch-heads/5615@{#936}) on port 41417
Only local connections are allowed.
Please see https://chromedriver.chromium.org/security-considerations for suggestions on keeping ChromeDriver safe.
ChromeDriver was started successfully.
Apr 22, 2023 4:13:38 PM org.openqa.selenium.devtools.CdpVersionFinder findNearestMatch
WARNING: Unable to find an exact match for CDP version 112, so returning the closest version found: 111
]]></system-err>
  </testcase>
  <testcase name="rediffLogin" classname="com.testngcode_08thApr_2023.Parameterize_Rediff" time="0.007">
    <failure message="&#10;Parameter &apos;Browser&apos; is required by @Test on method rediffLogin but has not been marked @Optional or defined&#10;in C:\Shams\PeopleNTech\Automation\ADVANCED_MAVEN\testng.xml" type="org.testng.TestNGException"><![CDATA[org.testng.TestNGException: 

Parameter 'Browser' is required by @Test on method rediffLogin but has not been marked @Optional or defined
in C:\Shams\PeopleNTech\Automation\ADVANCED_MAVEN\testng.xml
	at org.testng.internal.Parameters.createParams(Parameters.java:290)
	at org.testng.internal.Parameters.createParametersForMethod(Parameters.java:359)
	at org.testng.internal.Parameters.createParameters(Parameters.java:620)
	at org.testng.internal.Parameters.handleParameters(Parameters.java:769)
	at org.testng.internal.ParameterHandler.handleParameters(ParameterHandler.java:49)
	at org.testng.internal.ParameterHandler.createParameters(ParameterHandler.java:37)
	at org.testng.internal.Invoker.invokeTestMethods(Invoker.java:924)
	at org.testng.internal.TestMethodWorker.invokeTestMethods(TestMethodWorker.java:125)
	at org.testng.internal.TestMethodWorker.run(TestMethodWorker.java:109)
	at org.testng.TestRunner.privateRun(TestRunner.java:648)
	at org.testng.TestRunner.run(TestRunner.java:505)
	at org.testng.SuiteRunner.runTest(SuiteRunner.java:455)
	at org.testng.SuiteRunner.runSequentially(SuiteRunner.java:450)
	at org.testng.SuiteRunner.privateRun(SuiteRunner.java:415)
	at org.testng.SuiteRunner.run(SuiteRunner.java:364)
	at org.testng.SuiteRunnerWorker.runSuite(SuiteRunnerWorker.java:52)
	at org.testng.SuiteRunnerWorker.run(SuiteRunnerWorker.java:84)
	at org.testng.TestNG.runSuitesSequentially(TestNG.java:1208)
	at org.testng.TestNG.runSuitesLocally(TestNG.java:1137)
	at org.testng.TestNG.runSuites(TestNG.java:1049)
	at org.testng.TestNG.run(TestNG.java:1017)
	at org.apache.maven.surefire.testng.TestNGExecutor.run(TestNGExecutor.java:324)
	at org.apache.maven.surefire.testng.TestNGXmlTestSuite.execute(TestNGXmlTestSuite.java:74)
	at org.apache.maven.surefire.testng.TestNGProvider.invoke(TestNGProvider.java:123)
	at org.apache.maven.surefire.booter.ForkedBooter.runSuitesInProcess(ForkedBooter.java:456)
	at org.apache.maven.surefire.booter.ForkedBooter.execute(ForkedBooter.java:169)
	at org.apache.maven.surefire.booter.ForkedBooter.run(ForkedBooter.java:595)
	at org.apache.maven.surefire.booter.ForkedBooter.main(ForkedBooter.java:581)
]]></failure>
    <system-err><![CDATA[[Utils] [ERROR] [Error] org.testng.TestNGException: 
Parameter &apos;Browser&apos; is required by @Test on method rediffLogin but has not been marked @Optional or defined
in C:\Shams\PeopleNTech\Automation\ADVANCED_MAVEN\testng.xml
	at org.testng.internal.Parameters.createParams(Parameters.java:290)
	at org.testng.internal.Parameters.createParametersForMethod(Parameters.java:359)
	at org.testng.internal.Parameters.createParameters(Parameters.java:620)
	at org.testng.internal.Parameters.handleParameters(Parameters.java:769)
	at org.testng.internal.ParameterHandler.handleParameters(ParameterHandler.java:49)
	at org.testng.internal.ParameterHandler.createParameters(ParameterHandler.java:37)
	at org.testng.internal.Invoker.invokeTestMethods(Invoker.java:924)
	at org.testng.internal.TestMethodWorker.invokeTestMethods(TestMethodWorker.java:125)
	at org.testng.internal.TestMethodWorker.run(TestMethodWorker.java:109)
	at org.testng.TestRunner.privateRun(TestRunner.java:648)
	at org.testng.TestRunner.run(TestRunner.java:505)
	at org.testng.SuiteRunner.runTest(SuiteRunner.java:455)
	at org.testng.SuiteRunner.runSequentially(SuiteRunner.java:450)
	at org.testng.SuiteRunner.privateRun(SuiteRunner.java:415)
	at org.testng.SuiteRunner.run(SuiteRunner.java:364)
	at org.testng.SuiteRunnerWorker.runSuite(SuiteRunnerWorker.java:52)
	at org.testng.SuiteRunnerWorker.run(SuiteRunnerWorker.java:84)
	at org.testng.TestNG.runSuitesSequentially(TestNG.java:1208)
	at org.testng.TestNG.runSuitesLocally(TestNG.java:1137)
	at org.testng.TestNG.runSuites(TestNG.java:1049)
	at org.testng.TestNG.run(TestNG.java:1017)
	at org.apache.maven.surefire.testng.TestNGExecutor.run(TestNGExecutor.java:324)
	at org.apache.maven.surefire.testng.TestNGXmlTestSuite.execute(TestNGXmlTestSuite.java:74)
	at org.apache.maven.surefire.testng.TestNGProvider.invoke(TestNGProvider.java:123)
	at org.apache.maven.surefire.booter.ForkedBooter.runSuitesInProcess(ForkedBooter.java:456)
	at org.apache.maven.surefire.booter.ForkedBooter.execute(ForkedBooter.java:169)
	at org.apache.maven.surefire.booter.ForkedBooter.run(ForkedBooter.java:595)
	at org.apache.maven.surefire.booter.ForkedBooter.main(ForkedBooter.java:581)

]]></system-err>
  </testcase>
  <testcase name="rediffTest" classname="com.automationcode_05thMarch_2023.RediffLogin" time="2.274">
    <failure message="no such element: Unable to locate element: {&quot;method&quot;:&quot;css selector&quot;,&quot;selector&quot;:&quot;.signin&quot;}&#10;  (Session info: chrome=112.0.5615.138)&#10;For documentation on this error, please visit: https://selenium.dev/exceptions/#no_such_element&#10;Build info: version: &apos;4.8.3&apos;, revision: &apos;e5e76298c3&apos;&#10;System info: os.name: &apos;Windows 11&apos;, os.arch: &apos;amd64&apos;, os.version: &apos;10.0&apos;, java.version: &apos;1.8.0_351&apos;&#10;Driver info: org.openqa.selenium.chrome.ChromeDriver&#10;Command: [45848d79f3d2422de50244ba1098f591, findElement {using=class name, value=signin}]&#10;Capabilities {acceptInsecureCerts: false, browserName: chrome, browserVersion: 112.0.5615.138, chrome: {chromedriverVersion: 112.0.5615.49 (bd2a7bcb881c..., userDataDir: C:\Users\shams\AppData\Loca...}, goog:chromeOptions: {debuggerAddress: localhost:52702}, networkConnectionEnabled: false, pageLoadStrategy: none, platformName: WINDOWS, proxy: Proxy(), se:cdp: ws://localhost:52702/devtoo..., se:cdpVersion: 112.0.5615.138, setWindowRect: true, strictFileInteractability: false, timeouts: {implicit: 0, pageLoad: 300000, script: 30000}, unhandledPromptBehavior: dismiss and notify, webauthn:extension:credBlob: true, webauthn:extension:largeBlob: true, webauthn:extension:minPinLength: true, webauthn:extension:prf: true, webauthn:virtualAuthenticators: true}&#10;Session ID: 45848d79f3d2422de50244ba1098f591" type="org.openqa.selenium.NoSuchElementException"><![CDATA[org.openqa.selenium.NoSuchElementException: 
no such element: Unable to locate element: {"method":"css selector","selector":".signin"}
  (Session info: chrome=112.0.5615.138)
For documentation on this error, please visit: https://selenium.dev/exceptions/#no_such_element
Build info: version: '4.8.3', revision: 'e5e76298c3'
System info: os.name: 'Windows 11', os.arch: 'amd64', os.version: '10.0', java.version: '1.8.0_351'
Driver info: org.openqa.selenium.chrome.ChromeDriver
Command: [45848d79f3d2422de50244ba1098f591, findElement {using=class name, value=signin}]
Capabilities {acceptInsecureCerts: false, browserName: chrome, browserVersion: 112.0.5615.138, chrome: {chromedriverVersion: 112.0.5615.49 (bd2a7bcb881c..., userDataDir: C:\Users\shams\AppData\Loca...}, goog:chromeOptions: {debuggerAddress: localhost:52702}, networkConnectionEnabled: false, pageLoadStrategy: none, platformName: WINDOWS, proxy: Proxy(), se:cdp: ws://localhost:52702/devtoo..., se:cdpVersion: 112.0.5615.138, setWindowRect: true, strictFileInteractability: false, timeouts: {implicit: 0, pageLoad: 300000, script: 30000}, unhandledPromptBehavior: dismiss and notify, webauthn:extension:credBlob: true, webauthn:extension:largeBlob: true, webauthn:extension:minPinLength: true, webauthn:extension:prf: true, webauthn:virtualAuthenticators: true}
Session ID: 45848d79f3d2422de50244ba1098f591
	at sun.reflect.NativeConstructorAccessorImpl.newInstance0(Native Method)
	at sun.reflect.NativeConstructorAccessorImpl.newInstance(NativeConstructorAccessorImpl.java:62)
	at sun.reflect.DelegatingConstructorAccessorImpl.newInstance(DelegatingConstructorAccessorImpl.java:45)
	at java.lang.reflect.Constructor.newInstance(Constructor.java:423)
	at org.openqa.selenium.remote.codec.w3c.W3CHttpResponseCodec.createException(W3CHttpResponseCodec.java:200)
	at org.openqa.selenium.remote.codec.w3c.W3CHttpResponseCodec.decode(W3CHttpResponseCodec.java:133)
	at org.openqa.selenium.remote.codec.w3c.W3CHttpResponseCodec.decode(W3CHttpResponseCodec.java:53)
	at org.openqa.selenium.remote.HttpCommandExecutor.execute(HttpCommandExecutor.java:193)
	at org.openqa.selenium.remote.service.DriverCommandExecutor.invokeExecute(DriverCommandExecutor.java:183)
	at org.openqa.selenium.remote.service.DriverCommandExecutor.execute(DriverCommandExecutor.java:158)
	at org.openqa.selenium.remote.RemoteWebDriver.execute(RemoteWebDriver.java:543)
	at org.openqa.selenium.remote.ElementLocation$ElementFinder$2.findElement(ElementLocation.java:162)
	at org.openqa.selenium.remote.ElementLocation.findElement(ElementLocation.java:66)
	at org.openqa.selenium.remote.RemoteWebDriver.findElement(RemoteWebDriver.java:352)
	at org.openqa.selenium.remote.RemoteWebDriver.findElement(RemoteWebDriver.java:344)
	at com.automationcode_05thMarch_2023.RediffLogin.rediffTest(RediffLogin.java:31)
	at sun.reflect.NativeMethodAccessorImpl.invoke0(Native Method)
	at sun.reflect.NativeMethodAccessorImpl.invoke(NativeMethodAccessorImpl.java:62)
	at sun.reflect.DelegatingMethodAccessorImpl.invoke(DelegatingMethodAccessorImpl.java:43)
	at java.lang.reflect.Method.invoke(Method.java:498)
	at org.testng.internal.MethodInvocationHelper.invokeMethod(MethodInvocationHelper.java:124)
	at org.testng.internal.Invoker.invokeMethod(Invoker.java:583)
	at org.testng.internal.Invoker.invokeTestMethod(Invoker.java:719)
	at org.testng.internal.Invoker.invokeTestMethods(Invoker.java:989)
	at org.testng.internal.TestMethodWorker.invokeTestMethods(TestMethodWorker.java:125)
	at org.testng.internal.TestMethodWorker.run(TestMethodWorker.java:109)
	at org.testng.TestRunner.privateRun(TestRunner.java:648)
	at org.testng.TestRunner.run(TestRunner.java:505)
	at org.testng.SuiteRunner.runTest(SuiteRunner.java:455)
	at org.testng.SuiteRunner.runSequentially(SuiteRunner.java:450)
	at org.testng.SuiteRunner.privateRun(SuiteRunner.java:415)
	at org.testng.SuiteRunner.run(SuiteRunner.java:364)
	at org.testng.SuiteRunnerWorker.runSuite(SuiteRunnerWorker.java:52)
	at org.testng.SuiteRunnerWorker.run(SuiteRunnerWorker.java:84)
	at org.testng.TestNG.runSuitesSequentially(TestNG.java:1208)
	at org.testng.TestNG.runSuitesLocally(TestNG.java:1137)
	at org.testng.TestNG.runSuites(TestNG.java:1049)
	at org.testng.TestNG.run(TestNG.java:1017)
	at org.apache.maven.surefire.testng.TestNGExecutor.run(TestNGExecutor.java:324)
	at org.apache.maven.surefire.testng.TestNGXmlTestSuite.execute(TestNGXmlTestSuite.java:74)
	at org.apache.maven.surefire.testng.TestNGProvider.invoke(TestNGProvider.java:123)
	at org.apache.maven.surefire.booter.ForkedBooter.runSuitesInProcess(ForkedBooter.java:456)
	at org.apache.maven.surefire.booter.ForkedBooter.execute(ForkedBooter.java:169)
	at org.apache.maven.surefire.booter.ForkedBooter.run(ForkedBooter.java:595)
	at org.apache.maven.surefire.booter.ForkedBooter.main(ForkedBooter.java:581)
]]></failure>
    <system-out><![CDATA[[DEBUG] Entry count for : http://localhost:52580 : 1
[DEBUG] Entry count for : http://localhost:52142 : 1
[DEBUG] Entry count for : http://localhost:18894 : 1
[DEBUG] Entry count for : http://localhost:31333 : 1
[DEBUG] Entry count for : http://localhost:52298 : 1
[DEBUG] Entry count for : http://localhost:52481 : 1
[DEBUG] Entry count for : http://localhost:27040 : 1
[DEBUG] Entry count for : http://localhost:52561 : 1
[DEBUG] Entry count for : http://localhost:52167 : 1
[DEBUG] Entry count for : http://localhost:21023 : 1
[DEBUG] Entry count for : http://localhost:52193 : 1
[DEBUG] Entry count for : http://localhost:3723 : 1
[DEBUG] Entry count for : http://localhost:41417 : 1
[DEBUG] Entry count for : http://localhost:52235 : 1
[DEBUG] Entry count for : http://localhost:26766 : 1
[DEBUG] Entry count for : http://localhost:51933 : 1
[DEBUG] Entry count for : http://localhost:27130 : 1
[DEBUG] Entry count for : http://localhost:26365 : 1
[DEBUG] Entry count for : http://localhost:21751 : 1
[DEBUG] Using new Channel '[id: 0x13242125, L:/127.0.0.1:52693 - R:localhost/127.0.0.1:20059]' for 'POST' to '/session'
[DEBUG] Entry count for : http://localhost:52580 : 1
[DEBUG] Entry count for : http://localhost:52142 : 1
[DEBUG] Entry count for : http://localhost:18894 : 1
[DEBUG] Entry count for : http://localhost:31333 : 1
[DEBUG] Entry count for : http://localhost:52298 : 1
[DEBUG] Entry count for : http://localhost:52481 : 1
[DEBUG] Entry count for : http://localhost:27040 : 1
[DEBUG] Entry count for : http://localhost:52561 : 1
[DEBUG] Entry count for : http://localhost:52167 : 1
[DEBUG] Entry count for : http://localhost:21023 : 1
[DEBUG] Entry count for : http://localhost:52193 : 1
[DEBUG] Entry count for : http://localhost:3723 : 1
[DEBUG] Entry count for : http://localhost:41417 : 1
[DEBUG] Entry count for : http://localhost:52235 : 1
[DEBUG] Entry count for : http://localhost:26766 : 1
[DEBUG] Entry count for : http://localhost:51933 : 1
[DEBUG] Entry count for : http://localhost:27130 : 1
[DEBUG] Entry count for : http://localhost:26365 : 1
[DEBUG] Entry count for : http://localhost:21751 : 1
[DEBUG] Adding Candidate expired Channel [id: 0x14fbf176, L:/127.0.0.1:51859 - R:localhost/127.0.0.1:26365] isIdleTimeoutExpired=true isRemotelyClosed=false isTtlExpired=false
[DEBUG] Closing Idle Channel [id: 0x14fbf176, L:/127.0.0.1:51859 - R:localhost/127.0.0.1:26365]
[DEBUG] Closed 1 connections out of 19 in 0 ms
[DEBUG] Channel Closed: [id: 0x14fbf176, L:/127.0.0.1:51859 ! R:localhost/127.0.0.1:26365] with attribute DISCARD
[DEBUG] 

Request DefaultHttpRequest(decodeResult: success, version: HTTP/1.1)
POST /session HTTP/1.1
User-Agent: selenium/4.8.3 (java windows)
Content-Length: 557
Content-Type: application/json; charset=utf-8
host: localhost:20059
accept: */*

Response DefaultHttpResponse(decodeResult: success, version: HTTP/1.1)
HTTP/1.1 200 OK
Content-Length: 858
Content-Type: application/json; charset=utf-8
cache-control: no-cache

[DEBUG] Adding key: http://localhost:20059 for channel [id: 0x13242125, L:/127.0.0.1:52693 - R:localhost/127.0.0.1:20059]
[DEBUG] Using new Channel '[id: 0x9429ba10, L:/127.0.0.1:52767 - R:localhost/127.0.0.1:52702]' for 'GET' to '/json/version'
[DEBUG] 

Request DefaultFullHttpRequest(decodeResult: success, version: HTTP/1.1, content: EmptyByteBufBE)
GET /json/version HTTP/1.1
User-Agent: selenium/4.8.3 (java windows)
host: localhost:52702
accept: */*

Response DefaultHttpResponse(decodeResult: success, version: HTTP/1.1)
HTTP/1.1 200 OK
Content-Security-Policy: frame-ancestors 'none'
Content-Length: 424
Content-Type: application/json; charset=UTF-8

[DEBUG] Adding key: http://localhost:52702 for channel [id: 0x9429ba10, L:/127.0.0.1:52767 - R:localhost/127.0.0.1:52702]
[DEBUG] Using new Channel '[id: 0xff8dc0fe, L:/127.0.0.1:52768 - R:localhost/127.0.0.1:52702]' for 'GET' to '/devtools/browser/5580b24f-63fb-4129-a808-052bf68072c5'
[DEBUG] 

Request DefaultFullHttpRequest(decodeResult: success, version: HTTP/1.1, content: EmptyByteBufBE)
GET /devtools/browser/5580b24f-63fb-4129-a808-052bf68072c5 HTTP/1.1
upgrade: websocket
connection: upgrade
sec-websocket-key: YUfmS4DUL5Yu3ywCDIP1bA==
sec-websocket-version: 13
origin: http://localhost:52702
host: localhost:52702
accept: */*
user-agent: AHC/2.1

Response DefaultHttpResponse(decodeResult: success, version: HTTP/1.1)
HTTP/1.1 101 WebSocket Protocol Handshake
Upgrade: WebSocket
Connection: Upgrade
Sec-WebSocket-Accept: mK4haAgazbc6LE5FYmOoHxB2s5M=

[DEBUG] Using pooled Channel '[id: 0x13242125, L:/127.0.0.1:52693 - R:localhost/127.0.0.1:20059]' for 'POST' to 'http://localhost:20059/session/45848d79f3d2422de50244ba1098f591/url'
[DEBUG] Using open Channel [id: 0x13242125, L:/127.0.0.1:52693 - R:localhost/127.0.0.1:20059] for POST '/session/45848d79f3d2422de50244ba1098f591/url'
[DEBUG] 

Request DefaultHttpRequest(decodeResult: success, version: HTTP/1.1)
POST /session/45848d79f3d2422de50244ba1098f591/url HTTP/1.1
User-Agent: selenium/4.8.3 (java windows)
Content-Length: 47
Content-Type: application/json; charset=utf-8
host: localhost:20059
accept: */*

Response DefaultHttpResponse(decodeResult: success, version: HTTP/1.1)
HTTP/1.1 200 OK
Content-Length: 14
Content-Type: application/json; charset=utf-8
cache-control: no-cache

[DEBUG] Adding key: http://localhost:20059 for channel [id: 0x13242125, L:/127.0.0.1:52693 - R:localhost/127.0.0.1:20059]
[DEBUG] Using pooled Channel '[id: 0x13242125, L:/127.0.0.1:52693 - R:localhost/127.0.0.1:20059]' for 'POST' to 'http://localhost:20059/session/45848d79f3d2422de50244ba1098f591/timeouts'
[DEBUG] Using open Channel [id: 0x13242125, L:/127.0.0.1:52693 - R:localhost/127.0.0.1:20059] for POST '/session/45848d79f3d2422de50244ba1098f591/timeouts'
[DEBUG] 

Request DefaultHttpRequest(decodeResult: success, version: HTTP/1.1)
POST /session/45848d79f3d2422de50244ba1098f591/timeouts HTTP/1.1
User-Agent: selenium/4.8.3 (java windows)
Content-Length: 23
Content-Type: application/json; charset=utf-8
host: localhost:20059
accept: */*

Response DefaultHttpResponse(decodeResult: success, version: HTTP/1.1)
HTTP/1.1 200 OK
Content-Length: 14
Content-Type: application/json; charset=utf-8
cache-control: no-cache

[DEBUG] Adding key: http://localhost:20059 for channel [id: 0x13242125, L:/127.0.0.1:52693 - R:localhost/127.0.0.1:20059]
[DEBUG] Using pooled Channel '[id: 0x13242125, L:/127.0.0.1:52693 - R:localhost/127.0.0.1:20059]' for 'POST' to 'http://localhost:20059/session/45848d79f3d2422de50244ba1098f591/element'
[DEBUG] Using open Channel [id: 0x13242125, L:/127.0.0.1:52693 - R:localhost/127.0.0.1:20059] for POST '/session/45848d79f3d2422de50244ba1098f591/element'
[DEBUG] 

Request DefaultHttpRequest(decodeResult: success, version: HTTP/1.1)
POST /session/45848d79f3d2422de50244ba1098f591/element HTTP/1.1
User-Agent: selenium/4.8.3 (java windows)
Content-Length: 51
Content-Type: application/json; charset=utf-8
host: localhost:20059
accept: */*

Response DefaultHttpResponse(decodeResult: success, version: HTTP/1.1)
HTTP/1.1 404 Not Found
Content-Length: 935
Content-Type: application/json; charset=utf-8
cache-control: no-cache

[DEBUG] Adding key: http://localhost:20059 for channel [id: 0x13242125, L:/127.0.0.1:52693 - R:localhost/127.0.0.1:20059]
]]></system-out>
    <system-err><![CDATA[Starting ChromeDriver 112.0.5615.49 (bd2a7bcb881c11e8cfe3078709382934e3916914-refs/branch-heads/5615@{#936}) on port 20059
Only local connections are allowed.
Please see https://chromedriver.chromium.org/security-considerations for suggestions on keeping ChromeDriver safe.
ChromeDriver was started successfully.
Apr 22, 2023 4:13:43 PM org.openqa.selenium.devtools.CdpVersionFinder findNearestMatch
WARNING: Unable to find an exact match for CDP version 112, so returning the closest version found: 111
]]></system-err>
  </testcase>
  <testcase name="rediffCreateAccount" classname="com.automationcode_08thApril_2023.RediffCreateAccountTest" time="15.218">
    <failure message="unexpected alert open: {Alert text : &#10;The password field is either empty or less than 6 chars.&#10;&#10;Please enter your password.}&#10;  (Session info: chrome=112.0.5615.138): &#10;The password field is either empty or less than 6 chars.&#10;&#10;Please enter your password.&#10;Build info: version: &apos;4.8.3&apos;, revision: &apos;e5e76298c3&apos;&#10;System info: os.name: &apos;Windows 11&apos;, os.arch: &apos;amd64&apos;, os.version: &apos;10.0&apos;, java.version: &apos;1.8.0_351&apos;&#10;Driver info: org.openqa.selenium.chrome.ChromeDriver&#10;Command: [9121a2ca98e2354e571faef472bc182a, findElement {using=class name, value=errbody}]&#10;Capabilities {acceptInsecureCerts: false, browserName: chrome, browserVersion: 112.0.5615.138, chrome: {chromedriverVersion: 112.0.5615.49 (bd2a7bcb881c..., userDataDir: C:\Users\shams\AppData\Loca...}, goog:chromeOptions: {debuggerAddress: localhost:52853}, networkConnectionEnabled: false, pageLoadStrategy: normal, platformName: WINDOWS, proxy: Proxy(), se:cdp: ws://localhost:52853/devtoo..., se:cdpVersion: 112.0.5615.138, setWindowRect: true, strictFileInteractability: false, timeouts: {implicit: 0, pageLoad: 300000, script: 30000}, unhandledPromptBehavior: dismiss and notify, webauthn:extension:credBlob: true, webauthn:extension:largeBlob: true, webauthn:extension:minPinLength: true, webauthn:extension:prf: true, webauthn:virtualAuthenticators: true}&#10;Session ID: 9121a2ca98e2354e571faef472bc182a" type="org.openqa.selenium.UnhandledAlertException"><![CDATA[org.openqa.selenium.UnhandledAlertException: 
unexpected alert open: {Alert text : 
The password field is either empty or less than 6 chars.

Please enter your password.}
  (Session info: chrome=112.0.5615.138): 
The password field is either empty or less than 6 chars.

Please enter your password.
Build info: version: '4.8.3', revision: 'e5e76298c3'
System info: os.name: 'Windows 11', os.arch: 'amd64', os.version: '10.0', java.version: '1.8.0_351'
Driver info: org.openqa.selenium.chrome.ChromeDriver
Command: [9121a2ca98e2354e571faef472bc182a, findElement {using=class name, value=errbody}]
Capabilities {acceptInsecureCerts: false, browserName: chrome, browserVersion: 112.0.5615.138, chrome: {chromedriverVersion: 112.0.5615.49 (bd2a7bcb881c..., userDataDir: C:\Users\shams\AppData\Loca...}, goog:chromeOptions: {debuggerAddress: localhost:52853}, networkConnectionEnabled: false, pageLoadStrategy: normal, platformName: WINDOWS, proxy: Proxy(), se:cdp: ws://localhost:52853/devtoo..., se:cdpVersion: 112.0.5615.138, setWindowRect: true, strictFileInteractability: false, timeouts: {implicit: 0, pageLoad: 300000, script: 30000}, unhandledPromptBehavior: dismiss and notify, webauthn:extension:credBlob: true, webauthn:extension:largeBlob: true, webauthn:extension:minPinLength: true, webauthn:extension:prf: true, webauthn:virtualAuthenticators: true}
Session ID: 9121a2ca98e2354e571faef472bc182a
	at org.openqa.selenium.remote.codec.w3c.W3CHttpResponseCodec.decode(W3CHttpResponseCodec.java:131)
	at org.openqa.selenium.remote.codec.w3c.W3CHttpResponseCodec.decode(W3CHttpResponseCodec.java:53)
	at org.openqa.selenium.remote.HttpCommandExecutor.execute(HttpCommandExecutor.java:193)
	at org.openqa.selenium.remote.service.DriverCommandExecutor.invokeExecute(DriverCommandExecutor.java:183)
	at org.openqa.selenium.remote.service.DriverCommandExecutor.execute(DriverCommandExecutor.java:158)
	at org.openqa.selenium.remote.RemoteWebDriver.execute(RemoteWebDriver.java:543)
	at org.openqa.selenium.remote.ElementLocation$ElementFinder$2.findElement(ElementLocation.java:162)
	at org.openqa.selenium.remote.ElementLocation.findElement(ElementLocation.java:60)
	at org.openqa.selenium.remote.RemoteWebDriver.findElement(RemoteWebDriver.java:352)
	at org.openqa.selenium.remote.RemoteWebDriver.findElement(RemoteWebDriver.java:344)
	at com.automationcode_08thApril_2023.RediffCreateAccountTest.rediffCreateAccount(RediffCreateAccountTest.java:90)
	at sun.reflect.NativeMethodAccessorImpl.invoke0(Native Method)
	at sun.reflect.NativeMethodAccessorImpl.invoke(NativeMethodAccessorImpl.java:62)
	at sun.reflect.DelegatingMethodAccessorImpl.invoke(DelegatingMethodAccessorImpl.java:43)
	at java.lang.reflect.Method.invoke(Method.java:498)
	at org.testng.internal.MethodInvocationHelper.invokeMethod(MethodInvocationHelper.java:124)
	at org.testng.internal.Invoker.invokeMethod(Invoker.java:583)
	at org.testng.internal.Invoker.invokeTestMethod(Invoker.java:719)
	at org.testng.internal.Invoker.invokeTestMethods(Invoker.java:989)
	at org.testng.internal.TestMethodWorker.invokeTestMethods(TestMethodWorker.java:125)
	at org.testng.internal.TestMethodWorker.run(TestMethodWorker.java:109)
	at org.testng.TestRunner.privateRun(TestRunner.java:648)
	at org.testng.TestRunner.run(TestRunner.java:505)
	at org.testng.SuiteRunner.runTest(SuiteRunner.java:455)
	at org.testng.SuiteRunner.runSequentially(SuiteRunner.java:450)
	at org.testng.SuiteRunner.privateRun(SuiteRunner.java:415)
	at org.testng.SuiteRunner.run(SuiteRunner.java:364)
	at org.testng.SuiteRunnerWorker.runSuite(SuiteRunnerWorker.java:52)
	at org.testng.SuiteRunnerWorker.run(SuiteRunnerWorker.java:84)
	at org.testng.TestNG.runSuitesSequentially(TestNG.java:1208)
	at org.testng.TestNG.runSuitesLocally(TestNG.java:1137)
	at org.testng.TestNG.runSuites(TestNG.java:1049)
	at org.testng.TestNG.run(TestNG.java:1017)
	at org.apache.maven.surefire.testng.TestNGExecutor.run(TestNGExecutor.java:324)
	at org.apache.maven.surefire.testng.TestNGXmlTestSuite.execute(TestNGXmlTestSuite.java:74)
	at org.apache.maven.surefire.testng.TestNGProvider.invoke(TestNGProvider.java:123)
	at org.apache.maven.surefire.booter.ForkedBooter.runSuitesInProcess(ForkedBooter.java:456)
	at org.apache.maven.surefire.booter.ForkedBooter.execute(ForkedBooter.java:169)
	at org.apache.maven.surefire.booter.ForkedBooter.run(ForkedBooter.java:595)
	at org.apache.maven.surefire.booter.ForkedBooter.main(ForkedBooter.java:581)
]]></failure>
    <system-out><![CDATA[[DEBUG] Entry count for : http://localhost:52580 : 1
[DEBUG] Entry count for : http://localhost:52142 : 1
[DEBUG] Entry count for : http://localhost:18894 : 1
[DEBUG] Entry count for : http://localhost:31333 : 1
[DEBUG] Entry count for : http://localhost:52298 : 1
[DEBUG] Entry count for : http://localhost:52481 : 1
[DEBUG] Entry count for : http://localhost:27040 : 1
[DEBUG] Entry count for : http://localhost:52561 : 1
[DEBUG] Entry count for : http://localhost:52167 : 1
[DEBUG] Entry count for : http://localhost:20059 : 1
[DEBUG] Entry count for : http://localhost:21023 : 1
[DEBUG] Entry count for : http://localhost:52193 : 1
[DEBUG] Entry count for : http://localhost:3723 : 1
[DEBUG] Entry count for : http://localhost:41417 : 1
[DEBUG] Entry count for : http://localhost:52235 : 1
[DEBUG] Entry count for : http://localhost:26766 : 1
[DEBUG] Entry count for : http://localhost:52702 : 1
[DEBUG] Entry count for : http://localhost:51933 : 1
[DEBUG] Entry count for : http://localhost:27130 : 1
[DEBUG] Entry count for : http://localhost:21751 : 1
[DEBUG] Adding Candidate expired Channel [id: 0x894b446e, L:/127.0.0.1:51939 - R:localhost/127.0.0.1:51933] isIdleTimeoutExpired=true isRemotelyClosed=false isTtlExpired=false
[DEBUG] Closing Idle Channel [id: 0x894b446e, L:/127.0.0.1:51939 - R:localhost/127.0.0.1:51933]
[DEBUG] Closed 1 connections out of 20 in 0 ms
[DEBUG] Channel Closed: [id: 0x894b446e, L:/127.0.0.1:51939 ! R:localhost/127.0.0.1:51933] with attribute DISCARD
[DEBUG] Using new Channel '[id: 0xc32de353, L:/127.0.0.1:52821 - R:localhost/127.0.0.1:44805]' for 'POST' to '/session'
[DEBUG] Entry count for : http://localhost:52580 : 1
[DEBUG] Entry count for : http://localhost:52142 : 1
[DEBUG] Entry count for : http://localhost:18894 : 1
[DEBUG] Entry count for : http://localhost:31333 : 1
[DEBUG] Entry count for : http://localhost:52298 : 1
[DEBUG] Entry count for : http://localhost:52481 : 1
[DEBUG] Entry count for : http://localhost:27040 : 1
[DEBUG] Entry count for : http://localhost:52561 : 1
[DEBUG] Entry count for : http://localhost:52167 : 1
[DEBUG] Entry count for : http://localhost:20059 : 1
[DEBUG] Entry count for : http://localhost:21023 : 1
[DEBUG] Entry count for : http://localhost:52193 : 1
[DEBUG] Entry count for : http://localhost:3723 : 1
[DEBUG] Entry count for : http://localhost:41417 : 1
[DEBUG] Entry count for : http://localhost:52235 : 1
[DEBUG] Entry count for : http://localhost:26766 : 1
[DEBUG] Entry count for : http://localhost:52702 : 1
[DEBUG] Entry count for : http://localhost:27130 : 1
[DEBUG] Entry count for : http://localhost:21751 : 1
[DEBUG] 

Request DefaultHttpRequest(decodeResult: success, version: HTTP/1.1)
POST /session HTTP/1.1
User-Agent: selenium/4.8.3 (java windows)
Content-Length: 439
Content-Type: application/json; charset=utf-8
host: localhost:44805
accept: */*

Response DefaultHttpResponse(decodeResult: success, version: HTTP/1.1)
HTTP/1.1 200 OK
Content-Length: 859
Content-Type: application/json; charset=utf-8
cache-control: no-cache

[DEBUG] Adding key: http://localhost:44805 for channel [id: 0xc32de353, L:/127.0.0.1:52821 - R:localhost/127.0.0.1:44805]
[DEBUG] Using new Channel '[id: 0x9ed61a5d, L:/127.0.0.1:52881 - R:localhost/127.0.0.1:52853]' for 'GET' to '/json/version'
[DEBUG] 

Request DefaultFullHttpRequest(decodeResult: success, version: HTTP/1.1, content: EmptyByteBufBE)
GET /json/version HTTP/1.1
User-Agent: selenium/4.8.3 (java windows)
host: localhost:52853
accept: */*

Response DefaultHttpResponse(decodeResult: success, version: HTTP/1.1)
HTTP/1.1 200 OK
Content-Security-Policy: frame-ancestors 'none'
Content-Length: 424
Content-Type: application/json; charset=UTF-8

[DEBUG] Adding key: http://localhost:52853 for channel [id: 0x9ed61a5d, L:/127.0.0.1:52881 - R:localhost/127.0.0.1:52853]
[DEBUG] Using new Channel '[id: 0xeea42931, L:/127.0.0.1:52882 - R:localhost/127.0.0.1:52853]' for 'GET' to '/devtools/browser/a705edc8-763a-43f0-b291-0959c71de120'
[DEBUG] 

Request DefaultFullHttpRequest(decodeResult: success, version: HTTP/1.1, content: EmptyByteBufBE)
GET /devtools/browser/a705edc8-763a-43f0-b291-0959c71de120 HTTP/1.1
upgrade: websocket
connection: upgrade
sec-websocket-key: vcGS8Pznh8XI2vKt+wK5Lg==
sec-websocket-version: 13
origin: http://localhost:52853
host: localhost:52853
accept: */*
user-agent: AHC/2.1

Response DefaultHttpResponse(decodeResult: success, version: HTTP/1.1)
HTTP/1.1 101 WebSocket Protocol Handshake
Upgrade: WebSocket
Connection: Upgrade
Sec-WebSocket-Accept: nwU5Fh+CRNSAbrDcir8Dx2Nb7Bw=

[DEBUG] Using pooled Channel '[id: 0xc32de353, L:/127.0.0.1:52821 - R:localhost/127.0.0.1:44805]' for 'POST' to 'http://localhost:44805/session/9121a2ca98e2354e571faef472bc182a/window/maximize'
[DEBUG] Using open Channel [id: 0xc32de353, L:/127.0.0.1:52821 - R:localhost/127.0.0.1:44805] for POST '/session/9121a2ca98e2354e571faef472bc182a/window/maximize'
[DEBUG] 

Request DefaultHttpRequest(decodeResult: success, version: HTTP/1.1)
POST /session/9121a2ca98e2354e571faef472bc182a/window/maximize HTTP/1.1
User-Agent: selenium/4.8.3 (java windows)
Content-Length: 3
Content-Type: application/json; charset=utf-8
host: localhost:44805
accept: */*

Response DefaultHttpResponse(decodeResult: success, version: HTTP/1.1)
HTTP/1.1 200 OK
Content-Length: 52
Content-Type: application/json; charset=utf-8
cache-control: no-cache

[DEBUG] Adding key: http://localhost:44805 for channel [id: 0xc32de353, L:/127.0.0.1:52821 - R:localhost/127.0.0.1:44805]
[DEBUG] Using pooled Channel '[id: 0xc32de353, L:/127.0.0.1:52821 - R:localhost/127.0.0.1:44805]' for 'POST' to 'http://localhost:44805/session/9121a2ca98e2354e571faef472bc182a/timeouts'
[DEBUG] Using open Channel [id: 0xc32de353, L:/127.0.0.1:52821 - R:localhost/127.0.0.1:44805] for POST '/session/9121a2ca98e2354e571faef472bc182a/timeouts'
[DEBUG] 

Request DefaultHttpRequest(decodeResult: success, version: HTTP/1.1)
POST /session/9121a2ca98e2354e571faef472bc182a/timeouts HTTP/1.1
User-Agent: selenium/4.8.3 (java windows)
Content-Length: 23
Content-Type: application/json; charset=utf-8
host: localhost:44805
accept: */*

Response DefaultHttpResponse(decodeResult: success, version: HTTP/1.1)
HTTP/1.1 200 OK
Content-Length: 14
Content-Type: application/json; charset=utf-8
cache-control: no-cache

[DEBUG] Adding key: http://localhost:44805 for channel [id: 0xc32de353, L:/127.0.0.1:52821 - R:localhost/127.0.0.1:44805]
[DEBUG] Using pooled Channel '[id: 0xc32de353, L:/127.0.0.1:52821 - R:localhost/127.0.0.1:44805]' for 'POST' to 'http://localhost:44805/session/9121a2ca98e2354e571faef472bc182a/url'
[DEBUG] Using open Channel [id: 0xc32de353, L:/127.0.0.1:52821 - R:localhost/127.0.0.1:44805] for POST '/session/9121a2ca98e2354e571faef472bc182a/url'
[DEBUG] Entry count for : http://localhost:52580 : 1
[DEBUG] Entry count for : http://localhost:52142 : 1
[DEBUG] Entry count for : http://localhost:52853 : 1
[DEBUG] Entry count for : http://localhost:18894 : 1
[DEBUG] Entry count for : http://localhost:31333 : 1
[DEBUG] Entry count for : http://localhost:52298 : 1
[DEBUG] Entry count for : http://localhost:52481 : 1
[DEBUG] Entry count for : http://localhost:27040 : 1
[DEBUG] Entry count for : http://localhost:52561 : 1
[DEBUG] Entry count for : http://localhost:52167 : 1
[DEBUG] Entry count for : http://localhost:20059 : 1
[DEBUG] Entry count for : http://localhost:21023 : 1
[DEBUG] Entry count for : http://localhost:52193 : 1
[DEBUG] Entry count for : http://localhost:3723 : 1
[DEBUG] Entry count for : http://localhost:41417 : 1
[DEBUG] Entry count for : http://localhost:52235 : 1
[DEBUG] Entry count for : http://localhost:26766 : 1
[DEBUG] Entry count for : http://localhost:52702 : 1
[DEBUG] Entry count for : http://localhost:27130 : 1
[DEBUG] Entry count for : http://localhost:21751 : 1
[DEBUG] Entry count for : http://localhost:52580 : 1
[DEBUG] Entry count for : http://localhost:52142 : 1
[DEBUG] Entry count for : http://localhost:52853 : 1
[DEBUG] Entry count for : http://localhost:18894 : 1
[DEBUG] Entry count for : http://localhost:31333 : 1
[DEBUG] Entry count for : http://localhost:52298 : 1
[DEBUG] Entry count for : http://localhost:52481 : 1
[DEBUG] Entry count for : http://localhost:27040 : 1
[DEBUG] Entry count for : http://localhost:52561 : 1
[DEBUG] Entry count for : http://localhost:52167 : 1
[DEBUG] Entry count for : http://localhost:20059 : 1
[DEBUG] Entry count for : http://localhost:21023 : 1
[DEBUG] Entry count for : http://localhost:52193 : 1
[DEBUG] Entry count for : http://localhost:3723 : 1
[DEBUG] Entry count for : http://localhost:41417 : 1
[DEBUG] Entry count for : http://localhost:52235 : 1
[DEBUG] Entry count for : http://localhost:26766 : 1
[DEBUG] Entry count for : http://localhost:52702 : 1
[DEBUG] Entry count for : http://localhost:27130 : 1
[DEBUG] Entry count for : http://localhost:21751 : 1
[DEBUG] Entry count for : http://localhost:52580 : 1
[DEBUG] Entry count for : http://localhost:52142 : 1
[DEBUG] Entry count for : http://localhost:52853 : 1
[DEBUG] Entry count for : http://localhost:18894 : 1
[DEBUG] Entry count for : http://localhost:31333 : 1
[DEBUG] Entry count for : http://localhost:52298 : 1
[DEBUG] Entry count for : http://localhost:52481 : 1
[DEBUG] Entry count for : http://localhost:27040 : 1
[DEBUG] Entry count for : http://localhost:52561 : 1
[DEBUG] Entry count for : http://localhost:52167 : 1
[DEBUG] Entry count for : http://localhost:20059 : 1
[DEBUG] Entry count for : http://localhost:21023 : 1
[DEBUG] Entry count for : http://localhost:52193 : 1
[DEBUG] Entry count for : http://localhost:3723 : 1
[DEBUG] Entry count for : http://localhost:41417 : 1
[DEBUG] Entry count for : http://localhost:52235 : 1
[DEBUG] Entry count for : http://localhost:26766 : 1
[DEBUG] Entry count for : http://localhost:52702 : 1
[DEBUG] Entry count for : http://localhost:27130 : 1
[DEBUG] Entry count for : http://localhost:21751 : 1
[DEBUG] Entry count for : http://localhost:52580 : 1
[DEBUG] Entry count for : http://localhost:52142 : 1
[DEBUG] Entry count for : http://localhost:52853 : 1
[DEBUG] Entry count for : http://localhost:18894 : 1
[DEBUG] Entry count for : http://localhost:31333 : 1
[DEBUG] Entry count for : http://localhost:52298 : 1
[DEBUG] Entry count for : http://localhost:52481 : 1
[DEBUG] Entry count for : http://localhost:27040 : 1
[DEBUG] Entry count for : http://localhost:52561 : 1
[DEBUG] Entry count for : http://localhost:52167 : 1
[DEBUG] Entry count for : http://localhost:20059 : 1
[DEBUG] Entry count for : http://localhost:21023 : 1
[DEBUG] Entry count for : http://localhost:52193 : 1
[DEBUG] Entry count for : http://localhost:3723 : 1
[DEBUG] Entry count for : http://localhost:41417 : 1
[DEBUG] Entry count for : http://localhost:52235 : 1
[DEBUG] Entry count for : http://localhost:26766 : 1
[DEBUG] Entry count for : http://localhost:52702 : 1
[DEBUG] Entry count for : http://localhost:27130 : 1
[DEBUG] Entry count for : http://localhost:21751 : 1
[DEBUG] Adding Candidate expired Channel [id: 0x96ed6241, L:/127.0.0.1:51932 - R:localhost/127.0.0.1:27130] isIdleTimeoutExpired=true isRemotelyClosed=false isTtlExpired=false
[DEBUG] Closing Idle Channel [id: 0x96ed6241, L:/127.0.0.1:51932 - R:localhost/127.0.0.1:27130]
[DEBUG] Closed 1 connections out of 20 in 0 ms
[DEBUG] Channel Closed: [id: 0x96ed6241, L:/127.0.0.1:51932 ! R:localhost/127.0.0.1:27130] with attribute DISCARD
[DEBUG] Entry count for : http://localhost:52580 : 1
[DEBUG] Entry count for : http://localhost:52142 : 1
[DEBUG] Entry count for : http://localhost:52853 : 1
[DEBUG] Entry count for : http://localhost:18894 : 1
[DEBUG] Entry count for : http://localhost:31333 : 1
[DEBUG] Entry count for : http://localhost:52298 : 1
[DEBUG] Entry count for : http://localhost:52481 : 1
[DEBUG] Entry count for : http://localhost:27040 : 1
[DEBUG] Entry count for : http://localhost:52561 : 1
[DEBUG] Entry count for : http://localhost:52167 : 1
[DEBUG] Entry count for : http://localhost:20059 : 1
[DEBUG] Entry count for : http://localhost:21023 : 1
[DEBUG] Entry count for : http://localhost:52193 : 1
[DEBUG] Entry count for : http://localhost:3723 : 1
[DEBUG] Entry count for : http://localhost:41417 : 1
[DEBUG] Entry count for : http://localhost:52235 : 1
[DEBUG] Entry count for : http://localhost:26766 : 1
[DEBUG] Entry count for : http://localhost:52702 : 1
[DEBUG] Entry count for : http://localhost:21751 : 1
[DEBUG] Entry count for : http://localhost:52580 : 1
[DEBUG] Entry count for : http://localhost:52142 : 1
[DEBUG] Entry count for : http://localhost:52853 : 1
[DEBUG] Entry count for : http://localhost:18894 : 1
[DEBUG] Entry count for : http://localhost:31333 : 1
[DEBUG] Entry count for : http://localhost:52298 : 1
[DEBUG] Entry count for : http://localhost:52481 : 1
[DEBUG] Entry count for : http://localhost:27040 : 1
[DEBUG] Entry count for : http://localhost:52561 : 1
[DEBUG] Entry count for : http://localhost:52167 : 1
[DEBUG] Entry count for : http://localhost:20059 : 1
[DEBUG] Entry count for : http://localhost:21023 : 1
[DEBUG] Entry count for : http://localhost:52193 : 1
[DEBUG] Entry count for : http://localhost:3723 : 1
[DEBUG] Entry count for : http://localhost:41417 : 1
[DEBUG] Entry count for : http://localhost:52235 : 1
[DEBUG] Entry count for : http://localhost:26766 : 1
[DEBUG] Entry count for : http://localhost:52702 : 1
[DEBUG] Entry count for : http://localhost:21751 : 1
[DEBUG] Entry count for : http://localhost:52580 : 1
[DEBUG] Entry count for : http://localhost:52142 : 1
[DEBUG] Entry count for : http://localhost:52853 : 1
[DEBUG] Entry count for : http://localhost:18894 : 1
[DEBUG] Entry count for : http://localhost:31333 : 1
[DEBUG] Entry count for : http://localhost:52298 : 1
[DEBUG] Entry count for : http://localhost:52481 : 1
[DEBUG] Entry count for : http://localhost:27040 : 1
[DEBUG] Entry count for : http://localhost:52561 : 1
[DEBUG] Entry count for : http://localhost:52167 : 1
[DEBUG] Entry count for : http://localhost:20059 : 1
[DEBUG] Entry count for : http://localhost:21023 : 1
[DEBUG] Entry count for : http://localhost:52193 : 1
[DEBUG] Entry count for : http://localhost:3723 : 1
[DEBUG] Entry count for : http://localhost:41417 : 1
[DEBUG] Entry count for : http://localhost:52235 : 1
[DEBUG] Entry count for : http://localhost:26766 : 1
[DEBUG] Entry count for : http://localhost:52702 : 1
[DEBUG] Entry count for : http://localhost:21751 : 1
[DEBUG] Entry count for : http://localhost:52580 : 1
[DEBUG] Entry count for : http://localhost:52142 : 1
[DEBUG] Entry count for : http://localhost:52853 : 1
[DEBUG] Entry count for : http://localhost:18894 : 1
[DEBUG] Entry count for : http://localhost:31333 : 1
[DEBUG] Entry count for : http://localhost:52298 : 1
[DEBUG] Entry count for : http://localhost:52481 : 1
[DEBUG] Entry count for : http://localhost:27040 : 1
[DEBUG] Entry count for : http://localhost:52561 : 1
[DEBUG] Entry count for : http://localhost:52167 : 1
[DEBUG] Entry count for : http://localhost:20059 : 1
[DEBUG] Entry count for : http://localhost:21023 : 1
[DEBUG] Entry count for : http://localhost:52193 : 1
[DEBUG] Entry count for : http://localhost:3723 : 1
[DEBUG] Entry count for : http://localhost:41417 : 1
[DEBUG] Entry count for : http://localhost:52235 : 1
[DEBUG] Entry count for : http://localhost:26766 : 1
[DEBUG] Entry count for : http://localhost:52702 : 1
[DEBUG] Entry count for : http://localhost:21751 : 1
[DEBUG] 

Request DefaultHttpRequest(decodeResult: success, version: HTTP/1.1)
POST /session/9121a2ca98e2354e571faef472bc182a/url HTTP/1.1
User-Agent: selenium/4.8.3 (java windows)
Content-Length: 53
Content-Type: application/json; charset=utf-8
host: localhost:44805
accept: */*

Response DefaultHttpResponse(decodeResult: success, version: HTTP/1.1)
HTTP/1.1 200 OK
Content-Length: 14
Content-Type: application/json; charset=utf-8
cache-control: no-cache

[DEBUG] Adding key: http://localhost:44805 for channel [id: 0xc32de353, L:/127.0.0.1:52821 - R:localhost/127.0.0.1:44805]
[DEBUG] Using pooled Channel '[id: 0xc32de353, L:/127.0.0.1:52821 - R:localhost/127.0.0.1:44805]' for 'POST' to 'http://localhost:44805/session/9121a2ca98e2354e571faef472bc182a/element'
[DEBUG] Using open Channel [id: 0xc32de353, L:/127.0.0.1:52821 - R:localhost/127.0.0.1:44805] for POST '/session/9121a2ca98e2354e571faef472bc182a/element'
[DEBUG] 

Request DefaultHttpRequest(decodeResult: success, version: HTTP/1.1)
POST /session/9121a2ca98e2354e571faef472bc182a/element HTTP/1.1
User-Agent: selenium/4.8.3 (java windows)
Content-Length: 55
Content-Type: application/json; charset=utf-8
host: localhost:44805
accept: */*

Response DefaultHttpResponse(decodeResult: success, version: HTTP/1.1)
HTTP/1.1 200 OK
Content-Length: 88
Content-Type: application/json; charset=utf-8
cache-control: no-cache

[DEBUG] Adding key: http://localhost:44805 for channel [id: 0xc32de353, L:/127.0.0.1:52821 - R:localhost/127.0.0.1:44805]
[DEBUG] Using pooled Channel '[id: 0xc32de353, L:/127.0.0.1:52821 - R:localhost/127.0.0.1:44805]' for 'POST' to 'http://localhost:44805/session/9121a2ca98e2354e571faef472bc182a/element/2425dbde-d700-47a9-9764-16debada3a76/click'
[DEBUG] Using open Channel [id: 0xc32de353, L:/127.0.0.1:52821 - R:localhost/127.0.0.1:44805] for POST '/session/9121a2ca98e2354e571faef472bc182a/element/2425dbde-d700-47a9-9764-16debada3a76/click'
[DEBUG] Entry count for : http://localhost:52580 : 1
[DEBUG] Entry count for : http://localhost:52142 : 1
[DEBUG] Entry count for : http://localhost:52853 : 1
[DEBUG] Entry count for : http://localhost:18894 : 1
[DEBUG] Entry count for : http://localhost:31333 : 1
[DEBUG] Entry count for : http://localhost:52298 : 1
[DEBUG] Entry count for : http://localhost:52481 : 1
[DEBUG] Entry count for : http://localhost:27040 : 1
[DEBUG] Entry count for : http://localhost:52561 : 1
[DEBUG] Entry count for : http://localhost:52167 : 1
[DEBUG] Entry count for : http://localhost:20059 : 1
[DEBUG] Entry count for : http://localhost:21023 : 1
[DEBUG] Entry count for : http://localhost:52193 : 1
[DEBUG] Entry count for : http://localhost:3723 : 1
[DEBUG] Entry count for : http://localhost:41417 : 1
[DEBUG] Entry count for : http://localhost:52235 : 1
[DEBUG] Entry count for : http://localhost:26766 : 1
[DEBUG] Entry count for : http://localhost:52702 : 1
[DEBUG] Entry count for : http://localhost:21751 : 1
[DEBUG] Entry count for : http://localhost:52580 : 1
[DEBUG] Entry count for : http://localhost:52142 : 1
[DEBUG] Entry count for : http://localhost:52853 : 1
[DEBUG] Entry count for : http://localhost:18894 : 1
[DEBUG] Entry count for : http://localhost:31333 : 1
[DEBUG] Entry count for : http://localhost:52298 : 1
[DEBUG] Entry count for : http://localhost:52481 : 1
[DEBUG] Entry count for : http://localhost:27040 : 1
[DEBUG] Entry count for : http://localhost:52561 : 1
[DEBUG] Entry count for : http://localhost:52167 : 1
[DEBUG] Entry count for : http://localhost:20059 : 1
[DEBUG] Entry count for : http://localhost:21023 : 1
[DEBUG] Entry count for : http://localhost:52193 : 1
[DEBUG] Entry count for : http://localhost:3723 : 1
[DEBUG] Entry count for : http://localhost:41417 : 1
[DEBUG] Entry count for : http://localhost:52235 : 1
[DEBUG] Entry count for : http://localhost:26766 : 1
[DEBUG] Entry count for : http://localhost:52702 : 1
[DEBUG] Entry count for : http://localhost:21751 : 1
[DEBUG] Entry count for : http://localhost:52580 : 1
[DEBUG] Entry count for : http://localhost:52142 : 1
[DEBUG] Entry count for : http://localhost:52853 : 1
[DEBUG] Entry count for : http://localhost:18894 : 1
[DEBUG] Entry count for : http://localhost:31333 : 1
[DEBUG] Entry count for : http://localhost:52298 : 1
[DEBUG] Entry count for : http://localhost:52481 : 1
[DEBUG] Entry count for : http://localhost:27040 : 1
[DEBUG] Entry count for : http://localhost:52561 : 1
[DEBUG] Entry count for : http://localhost:52167 : 1
[DEBUG] Entry count for : http://localhost:20059 : 1
[DEBUG] Entry count for : http://localhost:21023 : 1
[DEBUG] Entry count for : http://localhost:52193 : 1
[DEBUG] Entry count for : http://localhost:3723 : 1
[DEBUG] Entry count for : http://localhost:41417 : 1
[DEBUG] Entry count for : http://localhost:52235 : 1
[DEBUG] Entry count for : http://localhost:26766 : 1
[DEBUG] Entry count for : http://localhost:52702 : 1
[DEBUG] Entry count for : http://localhost:21751 : 1
[DEBUG] 

Request DefaultHttpRequest(decodeResult: success, version: HTTP/1.1)
POST /session/9121a2ca98e2354e571faef472bc182a/element/2425dbde-d700-47a9-9764-16debada3a76/click HTTP/1.1
User-Agent: selenium/4.8.3 (java windows)
Content-Length: 50
Content-Type: application/json; charset=utf-8
host: localhost:44805
accept: */*

Response DefaultHttpResponse(decodeResult: success, version: HTTP/1.1)
HTTP/1.1 200 OK
Content-Length: 14
Content-Type: application/json; charset=utf-8
cache-control: no-cache

[DEBUG] Adding key: http://localhost:44805 for channel [id: 0xc32de353, L:/127.0.0.1:52821 - R:localhost/127.0.0.1:44805]
[DEBUG] Using pooled Channel '[id: 0xc32de353, L:/127.0.0.1:52821 - R:localhost/127.0.0.1:44805]' for 'POST' to 'http://localhost:44805/session/9121a2ca98e2354e571faef472bc182a/element'
[DEBUG] Using open Channel [id: 0xc32de353, L:/127.0.0.1:52821 - R:localhost/127.0.0.1:44805] for POST '/session/9121a2ca98e2354e571faef472bc182a/element'
[DEBUG] 

Request DefaultHttpRequest(decodeResult: success, version: HTTP/1.1)
POST /session/9121a2ca98e2354e571faef472bc182a/element HTTP/1.1
User-Agent: selenium/4.8.3 (java windows)
Content-Length: 78
Content-Type: application/json; charset=utf-8
host: localhost:44805
accept: */*

Response DefaultHttpResponse(decodeResult: success, version: HTTP/1.1)
HTTP/1.1 200 OK
Content-Length: 88
Content-Type: application/json; charset=utf-8
cache-control: no-cache

[DEBUG] Adding key: http://localhost:44805 for channel [id: 0xc32de353, L:/127.0.0.1:52821 - R:localhost/127.0.0.1:44805]
[DEBUG] Using pooled Channel '[id: 0xc32de353, L:/127.0.0.1:52821 - R:localhost/127.0.0.1:44805]' for 'POST' to 'http://localhost:44805/session/9121a2ca98e2354e571faef472bc182a/element/456f02c0-6db4-42e3-8786-b5e5aed50c44/value'
[DEBUG] Using open Channel [id: 0xc32de353, L:/127.0.0.1:52821 - R:localhost/127.0.0.1:44805] for POST '/session/9121a2ca98e2354e571faef472bc182a/element/456f02c0-6db4-42e3-8786-b5e5aed50c44/value'
[DEBUG] 

Request DefaultHttpRequest(decodeResult: success, version: HTTP/1.1)
POST /session/9121a2ca98e2354e571faef472bc182a/element/456f02c0-6db4-42e3-8786-b5e5aed50c44/value HTTP/1.1
User-Agent: selenium/4.8.3 (java windows)
Content-Length: 121
Content-Type: application/json; charset=utf-8
host: localhost:44805
accept: */*

Response DefaultHttpResponse(decodeResult: success, version: HTTP/1.1)
HTTP/1.1 200 OK
Content-Length: 14
Content-Type: application/json; charset=utf-8
cache-control: no-cache

[DEBUG] Adding key: http://localhost:44805 for channel [id: 0xc32de353, L:/127.0.0.1:52821 - R:localhost/127.0.0.1:44805]
[DEBUG] Using pooled Channel '[id: 0xc32de353, L:/127.0.0.1:52821 - R:localhost/127.0.0.1:44805]' for 'POST' to 'http://localhost:44805/session/9121a2ca98e2354e571faef472bc182a/element'
[DEBUG] Using open Channel [id: 0xc32de353, L:/127.0.0.1:52821 - R:localhost/127.0.0.1:44805] for POST '/session/9121a2ca98e2354e571faef472bc182a/element'
[DEBUG] 

Request DefaultHttpRequest(decodeResult: success, version: HTTP/1.1)
POST /session/9121a2ca98e2354e571faef472bc182a/element HTTP/1.1
User-Agent: selenium/4.8.3 (java windows)
Content-Length: 82
Content-Type: application/json; charset=utf-8
host: localhost:44805
accept: */*

Response DefaultHttpResponse(decodeResult: success, version: HTTP/1.1)
HTTP/1.1 200 OK
Content-Length: 88
Content-Type: application/json; charset=utf-8
cache-control: no-cache

[DEBUG] Adding key: http://localhost:44805 for channel [id: 0xc32de353, L:/127.0.0.1:52821 - R:localhost/127.0.0.1:44805]
[DEBUG] Using pooled Channel '[id: 0xc32de353, L:/127.0.0.1:52821 - R:localhost/127.0.0.1:44805]' for 'POST' to 'http://localhost:44805/session/9121a2ca98e2354e571faef472bc182a/element/6977ddbb-960c-43c2-b0b3-b6a7104bf10c/value'
[DEBUG] Using open Channel [id: 0xc32de353, L:/127.0.0.1:52821 - R:localhost/127.0.0.1:44805] for POST '/session/9121a2ca98e2354e571faef472bc182a/element/6977ddbb-960c-43c2-b0b3-b6a7104bf10c/value'
[DEBUG] 

Request DefaultHttpRequest(decodeResult: success, version: HTTP/1.1)
POST /session/9121a2ca98e2354e571faef472bc182a/element/6977ddbb-960c-43c2-b0b3-b6a7104bf10c/value HTTP/1.1
User-Agent: selenium/4.8.3 (java windows)
Content-Length: 161
Content-Type: application/json; charset=utf-8
host: localhost:44805
accept: */*

Response DefaultHttpResponse(decodeResult: success, version: HTTP/1.1)
HTTP/1.1 200 OK
Content-Length: 14
Content-Type: application/json; charset=utf-8
cache-control: no-cache

[DEBUG] Adding key: http://localhost:44805 for channel [id: 0xc32de353, L:/127.0.0.1:52821 - R:localhost/127.0.0.1:44805]
[DEBUG] Using pooled Channel '[id: 0xc32de353, L:/127.0.0.1:52821 - R:localhost/127.0.0.1:44805]' for 'POST' to 'http://localhost:44805/session/9121a2ca98e2354e571faef472bc182a/element'
[DEBUG] Using open Channel [id: 0xc32de353, L:/127.0.0.1:52821 - R:localhost/127.0.0.1:44805] for POST '/session/9121a2ca98e2354e571faef472bc182a/element'
[DEBUG] 

Request DefaultHttpRequest(decodeResult: success, version: HTTP/1.1)
POST /session/9121a2ca98e2354e571faef472bc182a/element HTTP/1.1
User-Agent: selenium/4.8.3 (java windows)
Content-Length: 80
Content-Type: application/json; charset=utf-8
host: localhost:44805
accept: */*

Response DefaultHttpResponse(decodeResult: success, version: HTTP/1.1)
HTTP/1.1 200 OK
Content-Length: 88
Content-Type: application/json; charset=utf-8
cache-control: no-cache

[DEBUG] Adding key: http://localhost:44805 for channel [id: 0xc32de353, L:/127.0.0.1:52821 - R:localhost/127.0.0.1:44805]
[DEBUG] Using pooled Channel '[id: 0xc32de353, L:/127.0.0.1:52821 - R:localhost/127.0.0.1:44805]' for 'POST' to 'http://localhost:44805/session/9121a2ca98e2354e571faef472bc182a/element/3a31af01-736c-41d3-bdd2-6326019cf860/click'
[DEBUG] Using open Channel [id: 0xc32de353, L:/127.0.0.1:52821 - R:localhost/127.0.0.1:44805] for POST '/session/9121a2ca98e2354e571faef472bc182a/element/3a31af01-736c-41d3-bdd2-6326019cf860/click'
[DEBUG] 

Request DefaultHttpRequest(decodeResult: success, version: HTTP/1.1)
POST /session/9121a2ca98e2354e571faef472bc182a/element/3a31af01-736c-41d3-bdd2-6326019cf860/click HTTP/1.1
User-Agent: selenium/4.8.3 (java windows)
Content-Length: 50
Content-Type: application/json; charset=utf-8
host: localhost:44805
accept: */*

Response DefaultHttpResponse(decodeResult: success, version: HTTP/1.1)
HTTP/1.1 200 OK
Content-Length: 14
Content-Type: application/json; charset=utf-8
cache-control: no-cache

[DEBUG] Adding key: http://localhost:44805 for channel [id: 0xc32de353, L:/127.0.0.1:52821 - R:localhost/127.0.0.1:44805]
[DEBUG] Using pooled Channel '[id: 0xc32de353, L:/127.0.0.1:52821 - R:localhost/127.0.0.1:44805]' for 'POST' to 'http://localhost:44805/session/9121a2ca98e2354e571faef472bc182a/element'
[DEBUG] Using open Channel [id: 0xc32de353, L:/127.0.0.1:52821 - R:localhost/127.0.0.1:44805] for POST '/session/9121a2ca98e2354e571faef472bc182a/element'
[DEBUG] 

Request DefaultHttpRequest(decodeResult: success, version: HTTP/1.1)
POST /session/9121a2ca98e2354e571faef472bc182a/element HTTP/1.1
User-Agent: selenium/4.8.3 (java windows)
Content-Length: 78
Content-Type: application/json; charset=utf-8
host: localhost:44805
accept: */*

Response DefaultHttpResponse(decodeResult: success, version: HTTP/1.1)
HTTP/1.1 200 OK
Content-Length: 88
Content-Type: application/json; charset=utf-8
cache-control: no-cache

[DEBUG] Adding key: http://localhost:44805 for channel [id: 0xc32de353, L:/127.0.0.1:52821 - R:localhost/127.0.0.1:44805]
[DEBUG] Using pooled Channel '[id: 0xc32de353, L:/127.0.0.1:52821 - R:localhost/127.0.0.1:44805]' for 'GET' to 'http://localhost:44805/session/9121a2ca98e2354e571faef472bc182a/element/484efb80-e3b2-44e7-869a-c34e7f6a6033/text'
[DEBUG] Using open Channel [id: 0xc32de353, L:/127.0.0.1:52821 - R:localhost/127.0.0.1:44805] for GET '/session/9121a2ca98e2354e571faef472bc182a/element/484efb80-e3b2-44e7-869a-c34e7f6a6033/text'
[DEBUG] 

Request DefaultFullHttpRequest(decodeResult: success, version: HTTP/1.1, content: EmptyByteBufBE)
GET /session/9121a2ca98e2354e571faef472bc182a/element/484efb80-e3b2-44e7-869a-c34e7f6a6033/text HTTP/1.1
User-Agent: selenium/4.8.3 (java windows)
Cache-Control: no-cache
Content-Type: application/json; charset=utf-8
host: localhost:44805
accept: */*

Response DefaultHttpResponse(decodeResult: success, version: HTTP/1.1)
HTTP/1.1 200 OK
Content-Length: 36
Content-Type: application/json; charset=utf-8
cache-control: no-cache

[DEBUG] Adding key: http://localhost:44805 for channel [id: 0xc32de353, L:/127.0.0.1:52821 - R:localhost/127.0.0.1:44805]
[DEBUG] Using pooled Channel '[id: 0xc32de353, L:/127.0.0.1:52821 - R:localhost/127.0.0.1:44805]' for 'POST' to 'http://localhost:44805/session/9121a2ca98e2354e571faef472bc182a/element'
[DEBUG] Using open Channel [id: 0xc32de353, L:/127.0.0.1:52821 - R:localhost/127.0.0.1:44805] for POST '/session/9121a2ca98e2354e571faef472bc182a/element'
[DEBUG] 

Request DefaultHttpRequest(decodeResult: success, version: HTTP/1.1)
POST /session/9121a2ca98e2354e571faef472bc182a/element HTTP/1.1
User-Agent: selenium/4.8.3 (java windows)
Content-Length: 54
Content-Type: application/json; charset=utf-8
host: localhost:44805
accept: */*

Response DefaultHttpResponse(decodeResult: success, version: HTTP/1.1)
HTTP/1.1 200 OK
Content-Length: 88
Content-Type: application/json; charset=utf-8
cache-control: no-cache

[DEBUG] Adding key: http://localhost:44805 for channel [id: 0xc32de353, L:/127.0.0.1:52821 - R:localhost/127.0.0.1:44805]
[DEBUG] Using pooled Channel '[id: 0xc32de353, L:/127.0.0.1:52821 - R:localhost/127.0.0.1:44805]' for 'POST' to 'http://localhost:44805/session/9121a2ca98e2354e571faef472bc182a/element/14aff93e-98f3-4b95-8044-ba7e4573267a/value'
[DEBUG] Using open Channel [id: 0xc32de353, L:/127.0.0.1:52821 - R:localhost/127.0.0.1:44805] for POST '/session/9121a2ca98e2354e571faef472bc182a/element/14aff93e-98f3-4b95-8044-ba7e4573267a/value'
[DEBUG] 

Request DefaultHttpRequest(decodeResult: success, version: HTTP/1.1)
POST /session/9121a2ca98e2354e571faef472bc182a/element/14aff93e-98f3-4b95-8044-ba7e4573267a/value HTTP/1.1
User-Agent: selenium/4.8.3 (java windows)
Content-Length: 121
Content-Type: application/json; charset=utf-8
host: localhost:44805
accept: */*

Response DefaultHttpResponse(decodeResult: success, version: HTTP/1.1)
HTTP/1.1 200 OK
Content-Length: 14
Content-Type: application/json; charset=utf-8
cache-control: no-cache

[DEBUG] Adding key: http://localhost:44805 for channel [id: 0xc32de353, L:/127.0.0.1:52821 - R:localhost/127.0.0.1:44805]
[DEBUG] Using pooled Channel '[id: 0xc32de353, L:/127.0.0.1:52821 - R:localhost/127.0.0.1:44805]' for 'POST' to 'http://localhost:44805/session/9121a2ca98e2354e571faef472bc182a/element'
[DEBUG] Using open Channel [id: 0xc32de353, L:/127.0.0.1:52821 - R:localhost/127.0.0.1:44805] for POST '/session/9121a2ca98e2354e571faef472bc182a/element'
[DEBUG] 

Request DefaultHttpRequest(decodeResult: success, version: HTTP/1.1)
POST /session/9121a2ca98e2354e571faef472bc182a/element HTTP/1.1
User-Agent: selenium/4.8.3 (java windows)
Content-Length: 55
Content-Type: application/json; charset=utf-8
host: localhost:44805
accept: */*

Response DefaultHttpResponse(decodeResult: success, version: HTTP/1.1)
HTTP/1.1 200 OK
Content-Length: 88
Content-Type: application/json; charset=utf-8
cache-control: no-cache

[DEBUG] Adding key: http://localhost:44805 for channel [id: 0xc32de353, L:/127.0.0.1:52821 - R:localhost/127.0.0.1:44805]
[DEBUG] Using pooled Channel '[id: 0xc32de353, L:/127.0.0.1:52821 - R:localhost/127.0.0.1:44805]' for 'POST' to 'http://localhost:44805/session/9121a2ca98e2354e571faef472bc182a/element/370e30d5-7320-4ee5-9b1e-f9d5a97f5f96/value'
[DEBUG] Using open Channel [id: 0xc32de353, L:/127.0.0.1:52821 - R:localhost/127.0.0.1:44805] for POST '/session/9121a2ca98e2354e571faef472bc182a/element/370e30d5-7320-4ee5-9b1e-f9d5a97f5f96/value'
[DEBUG] 

Request DefaultHttpRequest(decodeResult: success, version: HTTP/1.1)
POST /session/9121a2ca98e2354e571faef472bc182a/element/370e30d5-7320-4ee5-9b1e-f9d5a97f5f96/value HTTP/1.1
User-Agent: selenium/4.8.3 (java windows)
Content-Length: 121
Content-Type: application/json; charset=utf-8
host: localhost:44805
accept: */*

Response DefaultHttpResponse(decodeResult: success, version: HTTP/1.1)
HTTP/1.1 200 OK
Content-Length: 14
Content-Type: application/json; charset=utf-8
cache-control: no-cache

[DEBUG] Adding key: http://localhost:44805 for channel [id: 0xc32de353, L:/127.0.0.1:52821 - R:localhost/127.0.0.1:44805]
[DEBUG] Using pooled Channel '[id: 0xc32de353, L:/127.0.0.1:52821 - R:localhost/127.0.0.1:44805]' for 'POST' to 'http://localhost:44805/session/9121a2ca98e2354e571faef472bc182a/element'
[DEBUG] Using open Channel [id: 0xc32de353, L:/127.0.0.1:52821 - R:localhost/127.0.0.1:44805] for POST '/session/9121a2ca98e2354e571faef472bc182a/element'
[DEBUG] 

Request DefaultHttpRequest(decodeResult: success, version: HTTP/1.1)
POST /session/9121a2ca98e2354e571faef472bc182a/element HTTP/1.1
User-Agent: selenium/4.8.3 (java windows)
Content-Length: 85
Content-Type: application/json; charset=utf-8
host: localhost:44805
accept: */*

Response DefaultHttpResponse(decodeResult: success, version: HTTP/1.1)
HTTP/1.1 200 OK
Content-Length: 88
Content-Type: application/json; charset=utf-8
cache-control: no-cache

[DEBUG] Adding key: http://localhost:44805 for channel [id: 0xc32de353, L:/127.0.0.1:52821 - R:localhost/127.0.0.1:44805]
[DEBUG] Using pooled Channel '[id: 0xc32de353, L:/127.0.0.1:52821 - R:localhost/127.0.0.1:44805]' for 'POST' to 'http://localhost:44805/session/9121a2ca98e2354e571faef472bc182a/element/9e286abd-b499-47fe-a1a5-772cec4c8a26/value'
[DEBUG] Using open Channel [id: 0xc32de353, L:/127.0.0.1:52821 - R:localhost/127.0.0.1:44805] for POST '/session/9121a2ca98e2354e571faef472bc182a/element/9e286abd-b499-47fe-a1a5-772cec4c8a26/value'
[DEBUG] 

Request DefaultHttpRequest(decodeResult: success, version: HTTP/1.1)
POST /session/9121a2ca98e2354e571faef472bc182a/element/9e286abd-b499-47fe-a1a5-772cec4c8a26/value HTTP/1.1
User-Agent: selenium/4.8.3 (java windows)
Content-Length: 211
Content-Type: application/json; charset=utf-8
host: localhost:44805
accept: */*

Response DefaultHttpResponse(decodeResult: success, version: HTTP/1.1)
HTTP/1.1 200 OK
Content-Length: 14
Content-Type: application/json; charset=utf-8
cache-control: no-cache

[DEBUG] Adding key: http://localhost:44805 for channel [id: 0xc32de353, L:/127.0.0.1:52821 - R:localhost/127.0.0.1:44805]
[DEBUG] Using pooled Channel '[id: 0xc32de353, L:/127.0.0.1:52821 - R:localhost/127.0.0.1:44805]' for 'POST' to 'http://localhost:44805/session/9121a2ca98e2354e571faef472bc182a/element'
[DEBUG] Using open Channel [id: 0xc32de353, L:/127.0.0.1:52821 - R:localhost/127.0.0.1:44805] for POST '/session/9121a2ca98e2354e571faef472bc182a/element'
[DEBUG] 

Request DefaultHttpRequest(decodeResult: success, version: HTTP/1.1)
POST /session/9121a2ca98e2354e571faef472bc182a/element HTTP/1.1
User-Agent: selenium/4.8.3 (java windows)
Content-Length: 50
Content-Type: application/json; charset=utf-8
host: localhost:44805
accept: */*

Response DefaultHttpResponse(decodeResult: success, version: HTTP/1.1)
HTTP/1.1 200 OK
Content-Length: 88
Content-Type: application/json; charset=utf-8
cache-control: no-cache

[DEBUG] Adding key: http://localhost:44805 for channel [id: 0xc32de353, L:/127.0.0.1:52821 - R:localhost/127.0.0.1:44805]
[DEBUG] Using pooled Channel '[id: 0xc32de353, L:/127.0.0.1:52821 - R:localhost/127.0.0.1:44805]' for 'POST' to 'http://localhost:44805/session/9121a2ca98e2354e571faef472bc182a/element/f83461e8-521b-44b0-9857-65a213f16558/value'
[DEBUG] Using open Channel [id: 0xc32de353, L:/127.0.0.1:52821 - R:localhost/127.0.0.1:44805] for POST '/session/9121a2ca98e2354e571faef472bc182a/element/f83461e8-521b-44b0-9857-65a213f16558/value'
[DEBUG] 

Request DefaultHttpRequest(decodeResult: success, version: HTTP/1.1)
POST /session/9121a2ca98e2354e571faef472bc182a/element/f83461e8-521b-44b0-9857-65a213f16558/value HTTP/1.1
User-Agent: selenium/4.8.3 (java windows)
Content-Length: 131
Content-Type: application/json; charset=utf-8
host: localhost:44805
accept: */*

Response DefaultHttpResponse(decodeResult: success, version: HTTP/1.1)
HTTP/1.1 200 OK
Content-Length: 14
Content-Type: application/json; charset=utf-8
cache-control: no-cache

[DEBUG] Adding key: http://localhost:44805 for channel [id: 0xc32de353, L:/127.0.0.1:52821 - R:localhost/127.0.0.1:44805]
[DEBUG] Using pooled Channel '[id: 0xc32de353, L:/127.0.0.1:52821 - R:localhost/127.0.0.1:44805]' for 'POST' to 'http://localhost:44805/session/9121a2ca98e2354e571faef472bc182a/element'
[DEBUG] Using open Channel [id: 0xc32de353, L:/127.0.0.1:52821 - R:localhost/127.0.0.1:44805] for POST '/session/9121a2ca98e2354e571faef472bc182a/element'
[DEBUG] 

Request DefaultHttpRequest(decodeResult: success, version: HTTP/1.1)
POST /session/9121a2ca98e2354e571faef472bc182a/element HTTP/1.1
User-Agent: selenium/4.8.3 (java windows)
Content-Length: 85
Content-Type: application/json; charset=utf-8
host: localhost:44805
accept: */*

Response DefaultHttpResponse(decodeResult: success, version: HTTP/1.1)
HTTP/1.1 200 OK
Content-Length: 88
Content-Type: application/json; charset=utf-8
cache-control: no-cache

[DEBUG] Adding key: http://localhost:44805 for channel [id: 0xc32de353, L:/127.0.0.1:52821 - R:localhost/127.0.0.1:44805]
[DEBUG] Using pooled Channel '[id: 0xc32de353, L:/127.0.0.1:52821 - R:localhost/127.0.0.1:44805]' for 'GET' to 'http://localhost:44805/session/9121a2ca98e2354e571faef472bc182a/element/df7acf76-6fd2-4b55-97ee-5d3cd0b3ef4a/name'
[DEBUG] Using open Channel [id: 0xc32de353, L:/127.0.0.1:52821 - R:localhost/127.0.0.1:44805] for GET '/session/9121a2ca98e2354e571faef472bc182a/element/df7acf76-6fd2-4b55-97ee-5d3cd0b3ef4a/name'
[DEBUG] 

Request DefaultFullHttpRequest(decodeResult: success, version: HTTP/1.1, content: EmptyByteBufBE)
GET /session/9121a2ca98e2354e571faef472bc182a/element/df7acf76-6fd2-4b55-97ee-5d3cd0b3ef4a/name HTTP/1.1
User-Agent: selenium/4.8.3 (java windows)
Cache-Control: no-cache
Content-Type: application/json; charset=utf-8
host: localhost:44805
accept: */*

Response DefaultHttpResponse(decodeResult: success, version: HTTP/1.1)
HTTP/1.1 200 OK
Content-Length: 18
Content-Type: application/json; charset=utf-8
cache-control: no-cache

[DEBUG] Adding key: http://localhost:44805 for channel [id: 0xc32de353, L:/127.0.0.1:52821 - R:localhost/127.0.0.1:44805]
[DEBUG] Using pooled Channel '[id: 0xc32de353, L:/127.0.0.1:52821 - R:localhost/127.0.0.1:44805]' for 'GET' to 'http://localhost:44805/session/9121a2ca98e2354e571faef472bc182a/element/df7acf76-6fd2-4b55-97ee-5d3cd0b3ef4a/attribute/multiple'
[DEBUG] Using open Channel [id: 0xc32de353, L:/127.0.0.1:52821 - R:localhost/127.0.0.1:44805] for GET '/session/9121a2ca98e2354e571faef472bc182a/element/df7acf76-6fd2-4b55-97ee-5d3cd0b3ef4a/attribute/multiple'
[DEBUG] 

Request DefaultFullHttpRequest(decodeResult: success, version: HTTP/1.1, content: EmptyByteBufBE)
GET /session/9121a2ca98e2354e571faef472bc182a/element/df7acf76-6fd2-4b55-97ee-5d3cd0b3ef4a/attribute/multiple HTTP/1.1
User-Agent: selenium/4.8.3 (java windows)
Cache-Control: no-cache
Content-Type: application/json; charset=utf-8
host: localhost:44805
accept: */*

Response DefaultHttpResponse(decodeResult: success, version: HTTP/1.1)
HTTP/1.1 200 OK
Content-Length: 14
Content-Type: application/json; charset=utf-8
cache-control: no-cache

[DEBUG] Adding key: http://localhost:44805 for channel [id: 0xc32de353, L:/127.0.0.1:52821 - R:localhost/127.0.0.1:44805]
[DEBUG] Using pooled Channel '[id: 0xc32de353, L:/127.0.0.1:52821 - R:localhost/127.0.0.1:44805]' for 'GET' to 'http://localhost:44805/session/9121a2ca98e2354e571faef472bc182a/element/df7acf76-6fd2-4b55-97ee-5d3cd0b3ef4a/enabled'
[DEBUG] Using open Channel [id: 0xc32de353, L:/127.0.0.1:52821 - R:localhost/127.0.0.1:44805] for GET '/session/9121a2ca98e2354e571faef472bc182a/element/df7acf76-6fd2-4b55-97ee-5d3cd0b3ef4a/enabled'
[DEBUG] 

Request DefaultFullHttpRequest(decodeResult: success, version: HTTP/1.1, content: EmptyByteBufBE)
GET /session/9121a2ca98e2354e571faef472bc182a/element/df7acf76-6fd2-4b55-97ee-5d3cd0b3ef4a/enabled HTTP/1.1
User-Agent: selenium/4.8.3 (java windows)
Cache-Control: no-cache
Content-Type: application/json; charset=utf-8
host: localhost:44805
accept: */*

Response DefaultHttpResponse(decodeResult: success, version: HTTP/1.1)
HTTP/1.1 200 OK
Content-Length: 14
Content-Type: application/json; charset=utf-8
cache-control: no-cache

[DEBUG] Adding key: http://localhost:44805 for channel [id: 0xc32de353, L:/127.0.0.1:52821 - R:localhost/127.0.0.1:44805]
[DEBUG] Using pooled Channel '[id: 0xc32de353, L:/127.0.0.1:52821 - R:localhost/127.0.0.1:44805]' for 'POST' to 'http://localhost:44805/session/9121a2ca98e2354e571faef472bc182a/element/df7acf76-6fd2-4b55-97ee-5d3cd0b3ef4a/elements'
[DEBUG] Using open Channel [id: 0xc32de353, L:/127.0.0.1:52821 - R:localhost/127.0.0.1:44805] for POST '/session/9121a2ca98e2354e571faef472bc182a/element/df7acf76-6fd2-4b55-97ee-5d3cd0b3ef4a/elements'
[DEBUG] 

Request DefaultHttpRequest(decodeResult: success, version: HTTP/1.1)
POST /session/9121a2ca98e2354e571faef472bc182a/element/df7acf76-6fd2-4b55-97ee-5d3cd0b3ef4a/elements HTTP/1.1
User-Agent: selenium/4.8.3 (java windows)
Content-Length: 133
Content-Type: application/json; charset=utf-8
host: localhost:44805
accept: */*

Response DefaultHttpResponse(decodeResult: success, version: HTTP/1.1)
HTTP/1.1 200 OK
Content-Length: 90
Content-Type: application/json; charset=utf-8
cache-control: no-cache

[DEBUG] Adding key: http://localhost:44805 for channel [id: 0xc32de353, L:/127.0.0.1:52821 - R:localhost/127.0.0.1:44805]
[DEBUG] Using pooled Channel '[id: 0xc32de353, L:/127.0.0.1:52821 - R:localhost/127.0.0.1:44805]' for 'GET' to 'http://localhost:44805/session/9121a2ca98e2354e571faef472bc182a/element/29addec3-08d8-4986-9c9f-015f03f03cbb/enabled'
[DEBUG] Using open Channel [id: 0xc32de353, L:/127.0.0.1:52821 - R:localhost/127.0.0.1:44805] for GET '/session/9121a2ca98e2354e571faef472bc182a/element/29addec3-08d8-4986-9c9f-015f03f03cbb/enabled'
[DEBUG] 

Request DefaultFullHttpRequest(decodeResult: success, version: HTTP/1.1, content: EmptyByteBufBE)
GET /session/9121a2ca98e2354e571faef472bc182a/element/29addec3-08d8-4986-9c9f-015f03f03cbb/enabled HTTP/1.1
User-Agent: selenium/4.8.3 (java windows)
Cache-Control: no-cache
Content-Type: application/json; charset=utf-8
host: localhost:44805
accept: */*

Response DefaultHttpResponse(decodeResult: success, version: HTTP/1.1)
HTTP/1.1 200 OK
Content-Length: 14
Content-Type: application/json; charset=utf-8
cache-control: no-cache

[DEBUG] Adding key: http://localhost:44805 for channel [id: 0xc32de353, L:/127.0.0.1:52821 - R:localhost/127.0.0.1:44805]
[DEBUG] Using pooled Channel '[id: 0xc32de353, L:/127.0.0.1:52821 - R:localhost/127.0.0.1:44805]' for 'GET' to 'http://localhost:44805/session/9121a2ca98e2354e571faef472bc182a/element/29addec3-08d8-4986-9c9f-015f03f03cbb/selected'
[DEBUG] Using open Channel [id: 0xc32de353, L:/127.0.0.1:52821 - R:localhost/127.0.0.1:44805] for GET '/session/9121a2ca98e2354e571faef472bc182a/element/29addec3-08d8-4986-9c9f-015f03f03cbb/selected'
[DEBUG] 

Request DefaultFullHttpRequest(decodeResult: success, version: HTTP/1.1, content: EmptyByteBufBE)
GET /session/9121a2ca98e2354e571faef472bc182a/element/29addec3-08d8-4986-9c9f-015f03f03cbb/selected HTTP/1.1
User-Agent: selenium/4.8.3 (java windows)
Cache-Control: no-cache
Content-Type: application/json; charset=utf-8
host: localhost:44805
accept: */*

Response DefaultHttpResponse(decodeResult: success, version: HTTP/1.1)
HTTP/1.1 200 OK
Content-Length: 15
Content-Type: application/json; charset=utf-8
cache-control: no-cache

[DEBUG] Adding key: http://localhost:44805 for channel [id: 0xc32de353, L:/127.0.0.1:52821 - R:localhost/127.0.0.1:44805]
[DEBUG] Using pooled Channel '[id: 0xc32de353, L:/127.0.0.1:52821 - R:localhost/127.0.0.1:44805]' for 'POST' to 'http://localhost:44805/session/9121a2ca98e2354e571faef472bc182a/element/29addec3-08d8-4986-9c9f-015f03f03cbb/click'
[DEBUG] Using open Channel [id: 0xc32de353, L:/127.0.0.1:52821 - R:localhost/127.0.0.1:44805] for POST '/session/9121a2ca98e2354e571faef472bc182a/element/29addec3-08d8-4986-9c9f-015f03f03cbb/click'
[DEBUG] 

Request DefaultHttpRequest(decodeResult: success, version: HTTP/1.1)
POST /session/9121a2ca98e2354e571faef472bc182a/element/29addec3-08d8-4986-9c9f-015f03f03cbb/click HTTP/1.1
User-Agent: selenium/4.8.3 (java windows)
Content-Length: 50
Content-Type: application/json; charset=utf-8
host: localhost:44805
accept: */*

Response DefaultHttpResponse(decodeResult: success, version: HTTP/1.1)
HTTP/1.1 200 OK
Content-Length: 14
Content-Type: application/json; charset=utf-8
cache-control: no-cache

[DEBUG] Adding key: http://localhost:44805 for channel [id: 0xc32de353, L:/127.0.0.1:52821 - R:localhost/127.0.0.1:44805]
[DEBUG] Using pooled Channel '[id: 0xc32de353, L:/127.0.0.1:52821 - R:localhost/127.0.0.1:44805]' for 'POST' to 'http://localhost:44805/session/9121a2ca98e2354e571faef472bc182a/element'
[DEBUG] Using open Channel [id: 0xc32de353, L:/127.0.0.1:52821 - R:localhost/127.0.0.1:44805] for POST '/session/9121a2ca98e2354e571faef472bc182a/element'
[DEBUG] 

Request DefaultHttpRequest(decodeResult: success, version: HTTP/1.1)
POST /session/9121a2ca98e2354e571faef472bc182a/element HTTP/1.1
User-Agent: selenium/4.8.3 (java windows)
Content-Length: 87
Content-Type: application/json; charset=utf-8
host: localhost:44805
accept: */*

Response DefaultHttpResponse(decodeResult: success, version: HTTP/1.1)
HTTP/1.1 200 OK
Content-Length: 88
Content-Type: application/json; charset=utf-8
cache-control: no-cache

[DEBUG] Adding key: http://localhost:44805 for channel [id: 0xc32de353, L:/127.0.0.1:52821 - R:localhost/127.0.0.1:44805]
[DEBUG] Using pooled Channel '[id: 0xc32de353, L:/127.0.0.1:52821 - R:localhost/127.0.0.1:44805]' for 'GET' to 'http://localhost:44805/session/9121a2ca98e2354e571faef472bc182a/element/e854e5ba-8421-49e2-acc1-1485237457fc/name'
[DEBUG] Using open Channel [id: 0xc32de353, L:/127.0.0.1:52821 - R:localhost/127.0.0.1:44805] for GET '/session/9121a2ca98e2354e571faef472bc182a/element/e854e5ba-8421-49e2-acc1-1485237457fc/name'
[DEBUG] 

Request DefaultFullHttpRequest(decodeResult: success, version: HTTP/1.1, content: EmptyByteBufBE)
GET /session/9121a2ca98e2354e571faef472bc182a/element/e854e5ba-8421-49e2-acc1-1485237457fc/name HTTP/1.1
User-Agent: selenium/4.8.3 (java windows)
Cache-Control: no-cache
Content-Type: application/json; charset=utf-8
host: localhost:44805
accept: */*

Response DefaultHttpResponse(decodeResult: success, version: HTTP/1.1)
HTTP/1.1 200 OK
Content-Length: 18
Content-Type: application/json; charset=utf-8
cache-control: no-cache

[DEBUG] Adding key: http://localhost:44805 for channel [id: 0xc32de353, L:/127.0.0.1:52821 - R:localhost/127.0.0.1:44805]
[DEBUG] Using pooled Channel '[id: 0xc32de353, L:/127.0.0.1:52821 - R:localhost/127.0.0.1:44805]' for 'GET' to 'http://localhost:44805/session/9121a2ca98e2354e571faef472bc182a/element/e854e5ba-8421-49e2-acc1-1485237457fc/attribute/multiple'
[DEBUG] Using open Channel [id: 0xc32de353, L:/127.0.0.1:52821 - R:localhost/127.0.0.1:44805] for GET '/session/9121a2ca98e2354e571faef472bc182a/element/e854e5ba-8421-49e2-acc1-1485237457fc/attribute/multiple'
[DEBUG] 

Request DefaultFullHttpRequest(decodeResult: success, version: HTTP/1.1, content: EmptyByteBufBE)
GET /session/9121a2ca98e2354e571faef472bc182a/element/e854e5ba-8421-49e2-acc1-1485237457fc/attribute/multiple HTTP/1.1
User-Agent: selenium/4.8.3 (java windows)
Cache-Control: no-cache
Content-Type: application/json; charset=utf-8
host: localhost:44805
accept: */*

Response DefaultHttpResponse(decodeResult: success, version: HTTP/1.1)
HTTP/1.1 200 OK
Content-Length: 14
Content-Type: application/json; charset=utf-8
cache-control: no-cache

[DEBUG] Adding key: http://localhost:44805 for channel [id: 0xc32de353, L:/127.0.0.1:52821 - R:localhost/127.0.0.1:44805]
[DEBUG] Using pooled Channel '[id: 0xc32de353, L:/127.0.0.1:52821 - R:localhost/127.0.0.1:44805]' for 'GET' to 'http://localhost:44805/session/9121a2ca98e2354e571faef472bc182a/element/e854e5ba-8421-49e2-acc1-1485237457fc/enabled'
[DEBUG] Using open Channel [id: 0xc32de353, L:/127.0.0.1:52821 - R:localhost/127.0.0.1:44805] for GET '/session/9121a2ca98e2354e571faef472bc182a/element/e854e5ba-8421-49e2-acc1-1485237457fc/enabled'
[DEBUG] 

Request DefaultFullHttpRequest(decodeResult: success, version: HTTP/1.1, content: EmptyByteBufBE)
GET /session/9121a2ca98e2354e571faef472bc182a/element/e854e5ba-8421-49e2-acc1-1485237457fc/enabled HTTP/1.1
User-Agent: selenium/4.8.3 (java windows)
Cache-Control: no-cache
Content-Type: application/json; charset=utf-8
host: localhost:44805
accept: */*

Response DefaultHttpResponse(decodeResult: success, version: HTTP/1.1)
HTTP/1.1 200 OK
Content-Length: 14
Content-Type: application/json; charset=utf-8
cache-control: no-cache

[DEBUG] Adding key: http://localhost:44805 for channel [id: 0xc32de353, L:/127.0.0.1:52821 - R:localhost/127.0.0.1:44805]
[DEBUG] Using pooled Channel '[id: 0xc32de353, L:/127.0.0.1:52821 - R:localhost/127.0.0.1:44805]' for 'POST' to 'http://localhost:44805/session/9121a2ca98e2354e571faef472bc182a/element/e854e5ba-8421-49e2-acc1-1485237457fc/elements'
[DEBUG] Using open Channel [id: 0xc32de353, L:/127.0.0.1:52821 - R:localhost/127.0.0.1:44805] for POST '/session/9121a2ca98e2354e571faef472bc182a/element/e854e5ba-8421-49e2-acc1-1485237457fc/elements'
[DEBUG] 

Request DefaultHttpRequest(decodeResult: success, version: HTTP/1.1)
POST /session/9121a2ca98e2354e571faef472bc182a/element/e854e5ba-8421-49e2-acc1-1485237457fc/elements HTTP/1.1
User-Agent: selenium/4.8.3 (java windows)
Content-Length: 134
Content-Type: application/json; charset=utf-8
host: localhost:44805
accept: */*

Response DefaultHttpResponse(decodeResult: success, version: HTTP/1.1)
HTTP/1.1 200 OK
Content-Length: 90
Content-Type: application/json; charset=utf-8
cache-control: no-cache

[DEBUG] Adding key: http://localhost:44805 for channel [id: 0xc32de353, L:/127.0.0.1:52821 - R:localhost/127.0.0.1:44805]
[DEBUG] Using pooled Channel '[id: 0xc32de353, L:/127.0.0.1:52821 - R:localhost/127.0.0.1:44805]' for 'GET' to 'http://localhost:44805/session/9121a2ca98e2354e571faef472bc182a/element/efb78b76-f2df-49ed-9845-fcd9d39b4843/enabled'
[DEBUG] Using open Channel [id: 0xc32de353, L:/127.0.0.1:52821 - R:localhost/127.0.0.1:44805] for GET '/session/9121a2ca98e2354e571faef472bc182a/element/efb78b76-f2df-49ed-9845-fcd9d39b4843/enabled'
[DEBUG] 

Request DefaultFullHttpRequest(decodeResult: success, version: HTTP/1.1, content: EmptyByteBufBE)
GET /session/9121a2ca98e2354e571faef472bc182a/element/efb78b76-f2df-49ed-9845-fcd9d39b4843/enabled HTTP/1.1
User-Agent: selenium/4.8.3 (java windows)
Cache-Control: no-cache
Content-Type: application/json; charset=utf-8
host: localhost:44805
accept: */*

Response DefaultHttpResponse(decodeResult: success, version: HTTP/1.1)
HTTP/1.1 200 OK
Content-Length: 14
Content-Type: application/json; charset=utf-8
cache-control: no-cache

[DEBUG] Adding key: http://localhost:44805 for channel [id: 0xc32de353, L:/127.0.0.1:52821 - R:localhost/127.0.0.1:44805]
[DEBUG] Using pooled Channel '[id: 0xc32de353, L:/127.0.0.1:52821 - R:localhost/127.0.0.1:44805]' for 'GET' to 'http://localhost:44805/session/9121a2ca98e2354e571faef472bc182a/element/efb78b76-f2df-49ed-9845-fcd9d39b4843/selected'
[DEBUG] Using open Channel [id: 0xc32de353, L:/127.0.0.1:52821 - R:localhost/127.0.0.1:44805] for GET '/session/9121a2ca98e2354e571faef472bc182a/element/efb78b76-f2df-49ed-9845-fcd9d39b4843/selected'
[DEBUG] 

Request DefaultFullHttpRequest(decodeResult: success, version: HTTP/1.1, content: EmptyByteBufBE)
GET /session/9121a2ca98e2354e571faef472bc182a/element/efb78b76-f2df-49ed-9845-fcd9d39b4843/selected HTTP/1.1
User-Agent: selenium/4.8.3 (java windows)
Cache-Control: no-cache
Content-Type: application/json; charset=utf-8
host: localhost:44805
accept: */*

Response DefaultHttpResponse(decodeResult: success, version: HTTP/1.1)
HTTP/1.1 200 OK
Content-Length: 15
Content-Type: application/json; charset=utf-8
cache-control: no-cache

[DEBUG] Adding key: http://localhost:44805 for channel [id: 0xc32de353, L:/127.0.0.1:52821 - R:localhost/127.0.0.1:44805]
[DEBUG] Using pooled Channel '[id: 0xc32de353, L:/127.0.0.1:52821 - R:localhost/127.0.0.1:44805]' for 'POST' to 'http://localhost:44805/session/9121a2ca98e2354e571faef472bc182a/element/efb78b76-f2df-49ed-9845-fcd9d39b4843/click'
[DEBUG] Using open Channel [id: 0xc32de353, L:/127.0.0.1:52821 - R:localhost/127.0.0.1:44805] for POST '/session/9121a2ca98e2354e571faef472bc182a/element/efb78b76-f2df-49ed-9845-fcd9d39b4843/click'
[DEBUG] 

Request DefaultHttpRequest(decodeResult: success, version: HTTP/1.1)
POST /session/9121a2ca98e2354e571faef472bc182a/element/efb78b76-f2df-49ed-9845-fcd9d39b4843/click HTTP/1.1
User-Agent: selenium/4.8.3 (java windows)
Content-Length: 50
Content-Type: application/json; charset=utf-8
host: localhost:44805
accept: */*

Response DefaultHttpResponse(decodeResult: success, version: HTTP/1.1)
HTTP/1.1 200 OK
Content-Length: 14
Content-Type: application/json; charset=utf-8
cache-control: no-cache

[DEBUG] Adding key: http://localhost:44805 for channel [id: 0xc32de353, L:/127.0.0.1:52821 - R:localhost/127.0.0.1:44805]
[DEBUG] Using pooled Channel '[id: 0xc32de353, L:/127.0.0.1:52821 - R:localhost/127.0.0.1:44805]' for 'POST' to 'http://localhost:44805/session/9121a2ca98e2354e571faef472bc182a/element'
[DEBUG] Using open Channel [id: 0xc32de353, L:/127.0.0.1:52821 - R:localhost/127.0.0.1:44805] for POST '/session/9121a2ca98e2354e571faef472bc182a/element'
[DEBUG] 

Request DefaultHttpRequest(decodeResult: success, version: HTTP/1.1)
POST /session/9121a2ca98e2354e571faef472bc182a/element HTTP/1.1
User-Agent: selenium/4.8.3 (java windows)
Content-Length: 86
Content-Type: application/json; charset=utf-8
host: localhost:44805
accept: */*

Response DefaultHttpResponse(decodeResult: success, version: HTTP/1.1)
HTTP/1.1 200 OK
Content-Length: 88
Content-Type: application/json; charset=utf-8
cache-control: no-cache

[DEBUG] Adding key: http://localhost:44805 for channel [id: 0xc32de353, L:/127.0.0.1:52821 - R:localhost/127.0.0.1:44805]
[DEBUG] Using pooled Channel '[id: 0xc32de353, L:/127.0.0.1:52821 - R:localhost/127.0.0.1:44805]' for 'GET' to 'http://localhost:44805/session/9121a2ca98e2354e571faef472bc182a/element/ee8c2650-b8d8-4514-b943-ade7a025908e/name'
[DEBUG] Using open Channel [id: 0xc32de353, L:/127.0.0.1:52821 - R:localhost/127.0.0.1:44805] for GET '/session/9121a2ca98e2354e571faef472bc182a/element/ee8c2650-b8d8-4514-b943-ade7a025908e/name'
[DEBUG] 

Request DefaultFullHttpRequest(decodeResult: success, version: HTTP/1.1, content: EmptyByteBufBE)
GET /session/9121a2ca98e2354e571faef472bc182a/element/ee8c2650-b8d8-4514-b943-ade7a025908e/name HTTP/1.1
User-Agent: selenium/4.8.3 (java windows)
Cache-Control: no-cache
Content-Type: application/json; charset=utf-8
host: localhost:44805
accept: */*

Response DefaultHttpResponse(decodeResult: success, version: HTTP/1.1)
HTTP/1.1 200 OK
Content-Length: 18
Content-Type: application/json; charset=utf-8
cache-control: no-cache

[DEBUG] Adding key: http://localhost:44805 for channel [id: 0xc32de353, L:/127.0.0.1:52821 - R:localhost/127.0.0.1:44805]
[DEBUG] Using pooled Channel '[id: 0xc32de353, L:/127.0.0.1:52821 - R:localhost/127.0.0.1:44805]' for 'GET' to 'http://localhost:44805/session/9121a2ca98e2354e571faef472bc182a/element/ee8c2650-b8d8-4514-b943-ade7a025908e/attribute/multiple'
[DEBUG] Using open Channel [id: 0xc32de353, L:/127.0.0.1:52821 - R:localhost/127.0.0.1:44805] for GET '/session/9121a2ca98e2354e571faef472bc182a/element/ee8c2650-b8d8-4514-b943-ade7a025908e/attribute/multiple'
[DEBUG] 

Request DefaultFullHttpRequest(decodeResult: success, version: HTTP/1.1, content: EmptyByteBufBE)
GET /session/9121a2ca98e2354e571faef472bc182a/element/ee8c2650-b8d8-4514-b943-ade7a025908e/attribute/multiple HTTP/1.1
User-Agent: selenium/4.8.3 (java windows)
Cache-Control: no-cache
Content-Type: application/json; charset=utf-8
host: localhost:44805
accept: */*

Response DefaultHttpResponse(decodeResult: success, version: HTTP/1.1)
HTTP/1.1 200 OK
Content-Length: 14
Content-Type: application/json; charset=utf-8
cache-control: no-cache

[DEBUG] Adding key: http://localhost:44805 for channel [id: 0xc32de353, L:/127.0.0.1:52821 - R:localhost/127.0.0.1:44805]
[DEBUG] Using pooled Channel '[id: 0xc32de353, L:/127.0.0.1:52821 - R:localhost/127.0.0.1:44805]' for 'GET' to 'http://localhost:44805/session/9121a2ca98e2354e571faef472bc182a/element/ee8c2650-b8d8-4514-b943-ade7a025908e/enabled'
[DEBUG] Using open Channel [id: 0xc32de353, L:/127.0.0.1:52821 - R:localhost/127.0.0.1:44805] for GET '/session/9121a2ca98e2354e571faef472bc182a/element/ee8c2650-b8d8-4514-b943-ade7a025908e/enabled'
[DEBUG] 

Request DefaultFullHttpRequest(decodeResult: success, version: HTTP/1.1, content: EmptyByteBufBE)
GET /session/9121a2ca98e2354e571faef472bc182a/element/ee8c2650-b8d8-4514-b943-ade7a025908e/enabled HTTP/1.1
User-Agent: selenium/4.8.3 (java windows)
Cache-Control: no-cache
Content-Type: application/json; charset=utf-8
host: localhost:44805
accept: */*

Response DefaultHttpResponse(decodeResult: success, version: HTTP/1.1)
HTTP/1.1 200 OK
Content-Length: 14
Content-Type: application/json; charset=utf-8
cache-control: no-cache

[DEBUG] Adding key: http://localhost:44805 for channel [id: 0xc32de353, L:/127.0.0.1:52821 - R:localhost/127.0.0.1:44805]
[DEBUG] Using pooled Channel '[id: 0xc32de353, L:/127.0.0.1:52821 - R:localhost/127.0.0.1:44805]' for 'POST' to 'http://localhost:44805/session/9121a2ca98e2354e571faef472bc182a/element/ee8c2650-b8d8-4514-b943-ade7a025908e/elements'
[DEBUG] Using open Channel [id: 0xc32de353, L:/127.0.0.1:52821 - R:localhost/127.0.0.1:44805] for POST '/session/9121a2ca98e2354e571faef472bc182a/element/ee8c2650-b8d8-4514-b943-ade7a025908e/elements'
[DEBUG] 

Request DefaultHttpRequest(decodeResult: success, version: HTTP/1.1)
POST /session/9121a2ca98e2354e571faef472bc182a/element/ee8c2650-b8d8-4514-b943-ade7a025908e/elements HTTP/1.1
User-Agent: selenium/4.8.3 (java windows)
Content-Length: 135
Content-Type: application/json; charset=utf-8
host: localhost:44805
accept: */*

Response DefaultHttpResponse(decodeResult: success, version: HTTP/1.1)
HTTP/1.1 200 OK
Content-Length: 90
Content-Type: application/json; charset=utf-8
cache-control: no-cache

[DEBUG] Adding key: http://localhost:44805 for channel [id: 0xc32de353, L:/127.0.0.1:52821 - R:localhost/127.0.0.1:44805]
[DEBUG] Using pooled Channel '[id: 0xc32de353, L:/127.0.0.1:52821 - R:localhost/127.0.0.1:44805]' for 'GET' to 'http://localhost:44805/session/9121a2ca98e2354e571faef472bc182a/element/5446366e-e3d5-4f37-bd1a-7fdc6089cf66/enabled'
[DEBUG] Using open Channel [id: 0xc32de353, L:/127.0.0.1:52821 - R:localhost/127.0.0.1:44805] for GET '/session/9121a2ca98e2354e571faef472bc182a/element/5446366e-e3d5-4f37-bd1a-7fdc6089cf66/enabled'
[DEBUG] 

Request DefaultFullHttpRequest(decodeResult: success, version: HTTP/1.1, content: EmptyByteBufBE)
GET /session/9121a2ca98e2354e571faef472bc182a/element/5446366e-e3d5-4f37-bd1a-7fdc6089cf66/enabled HTTP/1.1
User-Agent: selenium/4.8.3 (java windows)
Cache-Control: no-cache
Content-Type: application/json; charset=utf-8
host: localhost:44805
accept: */*

Response DefaultHttpResponse(decodeResult: success, version: HTTP/1.1)
HTTP/1.1 200 OK
Content-Length: 14
Content-Type: application/json; charset=utf-8
cache-control: no-cache

[DEBUG] Adding key: http://localhost:44805 for channel [id: 0xc32de353, L:/127.0.0.1:52821 - R:localhost/127.0.0.1:44805]
[DEBUG] Using pooled Channel '[id: 0xc32de353, L:/127.0.0.1:52821 - R:localhost/127.0.0.1:44805]' for 'GET' to 'http://localhost:44805/session/9121a2ca98e2354e571faef472bc182a/element/5446366e-e3d5-4f37-bd1a-7fdc6089cf66/selected'
[DEBUG] Using open Channel [id: 0xc32de353, L:/127.0.0.1:52821 - R:localhost/127.0.0.1:44805] for GET '/session/9121a2ca98e2354e571faef472bc182a/element/5446366e-e3d5-4f37-bd1a-7fdc6089cf66/selected'
[DEBUG] 

Request DefaultFullHttpRequest(decodeResult: success, version: HTTP/1.1, content: EmptyByteBufBE)
GET /session/9121a2ca98e2354e571faef472bc182a/element/5446366e-e3d5-4f37-bd1a-7fdc6089cf66/selected HTTP/1.1
User-Agent: selenium/4.8.3 (java windows)
Cache-Control: no-cache
Content-Type: application/json; charset=utf-8
host: localhost:44805
accept: */*

Response DefaultHttpResponse(decodeResult: success, version: HTTP/1.1)
HTTP/1.1 200 OK
Content-Length: 15
Content-Type: application/json; charset=utf-8
cache-control: no-cache

[DEBUG] Adding key: http://localhost:44805 for channel [id: 0xc32de353, L:/127.0.0.1:52821 - R:localhost/127.0.0.1:44805]
[DEBUG] Using pooled Channel '[id: 0xc32de353, L:/127.0.0.1:52821 - R:localhost/127.0.0.1:44805]' for 'POST' to 'http://localhost:44805/session/9121a2ca98e2354e571faef472bc182a/element/5446366e-e3d5-4f37-bd1a-7fdc6089cf66/click'
[DEBUG] Using open Channel [id: 0xc32de353, L:/127.0.0.1:52821 - R:localhost/127.0.0.1:44805] for POST '/session/9121a2ca98e2354e571faef472bc182a/element/5446366e-e3d5-4f37-bd1a-7fdc6089cf66/click'
[DEBUG] 

Request DefaultHttpRequest(decodeResult: success, version: HTTP/1.1)
POST /session/9121a2ca98e2354e571faef472bc182a/element/5446366e-e3d5-4f37-bd1a-7fdc6089cf66/click HTTP/1.1
User-Agent: selenium/4.8.3 (java windows)
Content-Length: 50
Content-Type: application/json; charset=utf-8
host: localhost:44805
accept: */*

Response DefaultHttpResponse(decodeResult: success, version: HTTP/1.1)
HTTP/1.1 200 OK
Content-Length: 14
Content-Type: application/json; charset=utf-8
cache-control: no-cache

[DEBUG] Adding key: http://localhost:44805 for channel [id: 0xc32de353, L:/127.0.0.1:52821 - R:localhost/127.0.0.1:44805]
[DEBUG] Using pooled Channel '[id: 0xc32de353, L:/127.0.0.1:52821 - R:localhost/127.0.0.1:44805]' for 'POST' to 'http://localhost:44805/session/9121a2ca98e2354e571faef472bc182a/element'
[DEBUG] Using open Channel [id: 0xc32de353, L:/127.0.0.1:52821 - R:localhost/127.0.0.1:44805] for POST '/session/9121a2ca98e2354e571faef472bc182a/element'
[DEBUG] 

Request DefaultHttpRequest(decodeResult: success, version: HTTP/1.1)
POST /session/9121a2ca98e2354e571faef472bc182a/element HTTP/1.1
User-Agent: selenium/4.8.3 (java windows)
Content-Length: 98
Content-Type: application/json; charset=utf-8
host: localhost:44805
accept: */*

Response DefaultHttpResponse(decodeResult: success, version: HTTP/1.1)
HTTP/1.1 200 OK
Content-Length: 88
Content-Type: application/json; charset=utf-8
cache-control: no-cache

[DEBUG] Adding key: http://localhost:44805 for channel [id: 0xc32de353, L:/127.0.0.1:52821 - R:localhost/127.0.0.1:44805]
[DEBUG] Using pooled Channel '[id: 0xc32de353, L:/127.0.0.1:52821 - R:localhost/127.0.0.1:44805]' for 'POST' to 'http://localhost:44805/session/9121a2ca98e2354e571faef472bc182a/element/5ec579bb-da03-42bf-83f8-a192bf06ccfd/click'
[DEBUG] Using open Channel [id: 0xc32de353, L:/127.0.0.1:52821 - R:localhost/127.0.0.1:44805] for POST '/session/9121a2ca98e2354e571faef472bc182a/element/5ec579bb-da03-42bf-83f8-a192bf06ccfd/click'
[DEBUG] Entry count for : http://localhost:52580 : 1
[DEBUG] Entry count for : http://localhost:52142 : 1
[DEBUG] Entry count for : http://localhost:52853 : 1
[DEBUG] Entry count for : http://localhost:18894 : 1
[DEBUG] Entry count for : http://localhost:31333 : 1
[DEBUG] Entry count for : http://localhost:52298 : 1
[DEBUG] Entry count for : http://localhost:52481 : 1
[DEBUG] Entry count for : http://localhost:27040 : 1
[DEBUG] Entry count for : http://localhost:52561 : 1
[DEBUG] Entry count for : http://localhost:52167 : 1
[DEBUG] Entry count for : http://localhost:20059 : 1
[DEBUG] Entry count for : http://localhost:21023 : 1
[DEBUG] Entry count for : http://localhost:52193 : 1
[DEBUG] Entry count for : http://localhost:3723 : 1
[DEBUG] Entry count for : http://localhost:41417 : 1
[DEBUG] Entry count for : http://localhost:52235 : 1
[DEBUG] Entry count for : http://localhost:26766 : 1
[DEBUG] Entry count for : http://localhost:52702 : 1
[DEBUG] Entry count for : http://localhost:21751 : 1
[DEBUG] 

Request DefaultHttpRequest(decodeResult: success, version: HTTP/1.1)
POST /session/9121a2ca98e2354e571faef472bc182a/element/5ec579bb-da03-42bf-83f8-a192bf06ccfd/click HTTP/1.1
User-Agent: selenium/4.8.3 (java windows)
Content-Length: 50
Content-Type: application/json; charset=utf-8
host: localhost:44805
accept: */*

Response DefaultHttpResponse(decodeResult: success, version: HTTP/1.1)
HTTP/1.1 200 OK
Content-Length: 14
Content-Type: application/json; charset=utf-8
cache-control: no-cache

[DEBUG] Adding key: http://localhost:44805 for channel [id: 0xc32de353, L:/127.0.0.1:52821 - R:localhost/127.0.0.1:44805]
[DEBUG] Using pooled Channel '[id: 0xc32de353, L:/127.0.0.1:52821 - R:localhost/127.0.0.1:44805]' for 'POST' to 'http://localhost:44805/session/9121a2ca98e2354e571faef472bc182a/element'
[DEBUG] Using open Channel [id: 0xc32de353, L:/127.0.0.1:52821 - R:localhost/127.0.0.1:44805] for POST '/session/9121a2ca98e2354e571faef472bc182a/element'
[DEBUG] 

Request DefaultHttpRequest(decodeResult: success, version: HTTP/1.1)
POST /session/9121a2ca98e2354e571faef472bc182a/element HTTP/1.1
User-Agent: selenium/4.8.3 (java windows)
Content-Length: 52
Content-Type: application/json; charset=utf-8
host: localhost:44805
accept: */*

Response DefaultHttpResponse(decodeResult: success, version: HTTP/1.1)
HTTP/1.1 200 OK
Content-Length: 88
Content-Type: application/json; charset=utf-8
cache-control: no-cache

[DEBUG] Adding key: http://localhost:44805 for channel [id: 0xc32de353, L:/127.0.0.1:52821 - R:localhost/127.0.0.1:44805]
[DEBUG] Using pooled Channel '[id: 0xc32de353, L:/127.0.0.1:52821 - R:localhost/127.0.0.1:44805]' for 'GET' to 'http://localhost:44805/session/9121a2ca98e2354e571faef472bc182a/element/82ed3b45-fb6f-4a2e-b151-02149c20017b/name'
[DEBUG] Using open Channel [id: 0xc32de353, L:/127.0.0.1:52821 - R:localhost/127.0.0.1:44805] for GET '/session/9121a2ca98e2354e571faef472bc182a/element/82ed3b45-fb6f-4a2e-b151-02149c20017b/name'
[DEBUG] 

Request DefaultFullHttpRequest(decodeResult: success, version: HTTP/1.1, content: EmptyByteBufBE)
GET /session/9121a2ca98e2354e571faef472bc182a/element/82ed3b45-fb6f-4a2e-b151-02149c20017b/name HTTP/1.1
User-Agent: selenium/4.8.3 (java windows)
Cache-Control: no-cache
Content-Type: application/json; charset=utf-8
host: localhost:44805
accept: */*

Response DefaultHttpResponse(decodeResult: success, version: HTTP/1.1)
HTTP/1.1 200 OK
Content-Length: 18
Content-Type: application/json; charset=utf-8
cache-control: no-cache

[DEBUG] Adding key: http://localhost:44805 for channel [id: 0xc32de353, L:/127.0.0.1:52821 - R:localhost/127.0.0.1:44805]
[DEBUG] Using pooled Channel '[id: 0xc32de353, L:/127.0.0.1:52821 - R:localhost/127.0.0.1:44805]' for 'GET' to 'http://localhost:44805/session/9121a2ca98e2354e571faef472bc182a/element/82ed3b45-fb6f-4a2e-b151-02149c20017b/attribute/multiple'
[DEBUG] Using open Channel [id: 0xc32de353, L:/127.0.0.1:52821 - R:localhost/127.0.0.1:44805] for GET '/session/9121a2ca98e2354e571faef472bc182a/element/82ed3b45-fb6f-4a2e-b151-02149c20017b/attribute/multiple'
[DEBUG] 

Request DefaultFullHttpRequest(decodeResult: success, version: HTTP/1.1, content: EmptyByteBufBE)
GET /session/9121a2ca98e2354e571faef472bc182a/element/82ed3b45-fb6f-4a2e-b151-02149c20017b/attribute/multiple HTTP/1.1
User-Agent: selenium/4.8.3 (java windows)
Cache-Control: no-cache
Content-Type: application/json; charset=utf-8
host: localhost:44805
accept: */*

Response DefaultHttpResponse(decodeResult: success, version: HTTP/1.1)
HTTP/1.1 200 OK
Content-Length: 14
Content-Type: application/json; charset=utf-8
cache-control: no-cache

[DEBUG] Adding key: http://localhost:44805 for channel [id: 0xc32de353, L:/127.0.0.1:52821 - R:localhost/127.0.0.1:44805]
[DEBUG] Using pooled Channel '[id: 0xc32de353, L:/127.0.0.1:52821 - R:localhost/127.0.0.1:44805]' for 'GET' to 'http://localhost:44805/session/9121a2ca98e2354e571faef472bc182a/element/82ed3b45-fb6f-4a2e-b151-02149c20017b/enabled'
[DEBUG] Using open Channel [id: 0xc32de353, L:/127.0.0.1:52821 - R:localhost/127.0.0.1:44805] for GET '/session/9121a2ca98e2354e571faef472bc182a/element/82ed3b45-fb6f-4a2e-b151-02149c20017b/enabled'
[DEBUG] 

Request DefaultFullHttpRequest(decodeResult: success, version: HTTP/1.1, content: EmptyByteBufBE)
GET /session/9121a2ca98e2354e571faef472bc182a/element/82ed3b45-fb6f-4a2e-b151-02149c20017b/enabled HTTP/1.1
User-Agent: selenium/4.8.3 (java windows)
Cache-Control: no-cache
Content-Type: application/json; charset=utf-8
host: localhost:44805
accept: */*

Response DefaultHttpResponse(decodeResult: success, version: HTTP/1.1)
HTTP/1.1 200 OK
Content-Length: 14
Content-Type: application/json; charset=utf-8
cache-control: no-cache

[DEBUG] Adding key: http://localhost:44805 for channel [id: 0xc32de353, L:/127.0.0.1:52821 - R:localhost/127.0.0.1:44805]
[DEBUG] Using pooled Channel '[id: 0xc32de353, L:/127.0.0.1:52821 - R:localhost/127.0.0.1:44805]' for 'POST' to 'http://localhost:44805/session/9121a2ca98e2354e571faef472bc182a/element/82ed3b45-fb6f-4a2e-b151-02149c20017b/elements'
[DEBUG] Using open Channel [id: 0xc32de353, L:/127.0.0.1:52821 - R:localhost/127.0.0.1:44805] for POST '/session/9121a2ca98e2354e571faef472bc182a/element/82ed3b45-fb6f-4a2e-b151-02149c20017b/elements'
[DEBUG] 

Request DefaultHttpRequest(decodeResult: success, version: HTTP/1.1)
POST /session/9121a2ca98e2354e571faef472bc182a/element/82ed3b45-fb6f-4a2e-b151-02149c20017b/elements HTTP/1.1
User-Agent: selenium/4.8.3 (java windows)
Content-Length: 144
Content-Type: application/json; charset=utf-8
host: localhost:44805
accept: */*

Response DefaultHttpResponse(decodeResult: success, version: HTTP/1.1)
HTTP/1.1 200 OK
Content-Length: 90
Content-Type: application/json; charset=utf-8
cache-control: no-cache

[DEBUG] Adding key: http://localhost:44805 for channel [id: 0xc32de353, L:/127.0.0.1:52821 - R:localhost/127.0.0.1:44805]
[DEBUG] Using pooled Channel '[id: 0xc32de353, L:/127.0.0.1:52821 - R:localhost/127.0.0.1:44805]' for 'GET' to 'http://localhost:44805/session/9121a2ca98e2354e571faef472bc182a/element/c3e4b9f3-ad3a-42b5-aa26-53b5f8a52163/enabled'
[DEBUG] Using open Channel [id: 0xc32de353, L:/127.0.0.1:52821 - R:localhost/127.0.0.1:44805] for GET '/session/9121a2ca98e2354e571faef472bc182a/element/c3e4b9f3-ad3a-42b5-aa26-53b5f8a52163/enabled'
[DEBUG] 

Request DefaultFullHttpRequest(decodeResult: success, version: HTTP/1.1, content: EmptyByteBufBE)
GET /session/9121a2ca98e2354e571faef472bc182a/element/c3e4b9f3-ad3a-42b5-aa26-53b5f8a52163/enabled HTTP/1.1
User-Agent: selenium/4.8.3 (java windows)
Cache-Control: no-cache
Content-Type: application/json; charset=utf-8
host: localhost:44805
accept: */*

Response DefaultHttpResponse(decodeResult: success, version: HTTP/1.1)
HTTP/1.1 200 OK
Content-Length: 14
Content-Type: application/json; charset=utf-8
cache-control: no-cache

[DEBUG] Adding key: http://localhost:44805 for channel [id: 0xc32de353, L:/127.0.0.1:52821 - R:localhost/127.0.0.1:44805]
[DEBUG] Using pooled Channel '[id: 0xc32de353, L:/127.0.0.1:52821 - R:localhost/127.0.0.1:44805]' for 'GET' to 'http://localhost:44805/session/9121a2ca98e2354e571faef472bc182a/element/c3e4b9f3-ad3a-42b5-aa26-53b5f8a52163/selected'
[DEBUG] Using open Channel [id: 0xc32de353, L:/127.0.0.1:52821 - R:localhost/127.0.0.1:44805] for GET '/session/9121a2ca98e2354e571faef472bc182a/element/c3e4b9f3-ad3a-42b5-aa26-53b5f8a52163/selected'
[DEBUG] 

Request DefaultFullHttpRequest(decodeResult: success, version: HTTP/1.1, content: EmptyByteBufBE)
GET /session/9121a2ca98e2354e571faef472bc182a/element/c3e4b9f3-ad3a-42b5-aa26-53b5f8a52163/selected HTTP/1.1
User-Agent: selenium/4.8.3 (java windows)
Cache-Control: no-cache
Content-Type: application/json; charset=utf-8
host: localhost:44805
accept: */*

Response DefaultHttpResponse(decodeResult: success, version: HTTP/1.1)
HTTP/1.1 200 OK
Content-Length: 15
Content-Type: application/json; charset=utf-8
cache-control: no-cache

[DEBUG] Adding key: http://localhost:44805 for channel [id: 0xc32de353, L:/127.0.0.1:52821 - R:localhost/127.0.0.1:44805]
[DEBUG] Using pooled Channel '[id: 0xc32de353, L:/127.0.0.1:52821 - R:localhost/127.0.0.1:44805]' for 'POST' to 'http://localhost:44805/session/9121a2ca98e2354e571faef472bc182a/element/c3e4b9f3-ad3a-42b5-aa26-53b5f8a52163/click'
[DEBUG] Using open Channel [id: 0xc32de353, L:/127.0.0.1:52821 - R:localhost/127.0.0.1:44805] for POST '/session/9121a2ca98e2354e571faef472bc182a/element/c3e4b9f3-ad3a-42b5-aa26-53b5f8a52163/click'
[DEBUG] 

Request DefaultHttpRequest(decodeResult: success, version: HTTP/1.1)
POST /session/9121a2ca98e2354e571faef472bc182a/element/c3e4b9f3-ad3a-42b5-aa26-53b5f8a52163/click HTTP/1.1
User-Agent: selenium/4.8.3 (java windows)
Content-Length: 50
Content-Type: application/json; charset=utf-8
host: localhost:44805
accept: */*

Response DefaultHttpResponse(decodeResult: success, version: HTTP/1.1)
HTTP/1.1 200 OK
Content-Length: 14
Content-Type: application/json; charset=utf-8
cache-control: no-cache

[DEBUG] Adding key: http://localhost:44805 for channel [id: 0xc32de353, L:/127.0.0.1:52821 - R:localhost/127.0.0.1:44805]
[DEBUG] Using pooled Channel '[id: 0xc32de353, L:/127.0.0.1:52821 - R:localhost/127.0.0.1:44805]' for 'POST' to 'http://localhost:44805/session/9121a2ca98e2354e571faef472bc182a/element'
[DEBUG] Using open Channel [id: 0xc32de353, L:/127.0.0.1:52821 - R:localhost/127.0.0.1:44805] for POST '/session/9121a2ca98e2354e571faef472bc182a/element'
[DEBUG] 

Request DefaultHttpRequest(decodeResult: success, version: HTTP/1.1)
POST /session/9121a2ca98e2354e571faef472bc182a/element HTTP/1.1
User-Agent: selenium/4.8.3 (java windows)
Content-Length: 52
Content-Type: application/json; charset=utf-8
host: localhost:44805
accept: */*

Response DefaultHttpResponse(decodeResult: success, version: HTTP/1.1)
HTTP/1.1 200 OK
Content-Length: 88
Content-Type: application/json; charset=utf-8
cache-control: no-cache

[DEBUG] Adding key: http://localhost:44805 for channel [id: 0xc32de353, L:/127.0.0.1:52821 - R:localhost/127.0.0.1:44805]
[DEBUG] Using pooled Channel '[id: 0xc32de353, L:/127.0.0.1:52821 - R:localhost/127.0.0.1:44805]' for 'POST' to 'http://localhost:44805/session/9121a2ca98e2354e571faef472bc182a/element/c4d2320a-d124-494b-a347-527902d3b73c/value'
[DEBUG] Using open Channel [id: 0xc32de353, L:/127.0.0.1:52821 - R:localhost/127.0.0.1:44805] for POST '/session/9121a2ca98e2354e571faef472bc182a/element/c4d2320a-d124-494b-a347-527902d3b73c/value'
[DEBUG] 

Request DefaultHttpRequest(decodeResult: success, version: HTTP/1.1)
POST /session/9121a2ca98e2354e571faef472bc182a/element/c4d2320a-d124-494b-a347-527902d3b73c/value HTTP/1.1
User-Agent: selenium/4.8.3 (java windows)
Content-Length: 121
Content-Type: application/json; charset=utf-8
host: localhost:44805
accept: */*

Response DefaultHttpResponse(decodeResult: success, version: HTTP/1.1)
HTTP/1.1 200 OK
Content-Length: 14
Content-Type: application/json; charset=utf-8
cache-control: no-cache

[DEBUG] Adding key: http://localhost:44805 for channel [id: 0xc32de353, L:/127.0.0.1:52821 - R:localhost/127.0.0.1:44805]
[DEBUG] Using pooled Channel '[id: 0xc32de353, L:/127.0.0.1:52821 - R:localhost/127.0.0.1:44805]' for 'POST' to 'http://localhost:44805/session/9121a2ca98e2354e571faef472bc182a/element'
[DEBUG] Using open Channel [id: 0xc32de353, L:/127.0.0.1:52821 - R:localhost/127.0.0.1:44805] for POST '/session/9121a2ca98e2354e571faef472bc182a/element'
[DEBUG] 

Request DefaultHttpRequest(decodeResult: success, version: HTTP/1.1)
POST /session/9121a2ca98e2354e571faef472bc182a/element HTTP/1.1
User-Agent: selenium/4.8.3 (java windows)
Content-Length: 53
Content-Type: application/json; charset=utf-8
host: localhost:44805
accept: */*

Response DefaultHttpResponse(decodeResult: success, version: HTTP/1.1)
HTTP/1.1 200 OK
Content-Length: 88
Content-Type: application/json; charset=utf-8
cache-control: no-cache

[DEBUG] Adding key: http://localhost:44805 for channel [id: 0xc32de353, L:/127.0.0.1:52821 - R:localhost/127.0.0.1:44805]
[DEBUG] Using pooled Channel '[id: 0xc32de353, L:/127.0.0.1:52821 - R:localhost/127.0.0.1:44805]' for 'POST' to 'http://localhost:44805/session/9121a2ca98e2354e571faef472bc182a/element/581511a8-2a7c-4215-94d4-f9b1794bf8c9/click'
[DEBUG] Using open Channel [id: 0xc32de353, L:/127.0.0.1:52821 - R:localhost/127.0.0.1:44805] for POST '/session/9121a2ca98e2354e571faef472bc182a/element/581511a8-2a7c-4215-94d4-f9b1794bf8c9/click'
[DEBUG] 

Request DefaultHttpRequest(decodeResult: success, version: HTTP/1.1)
POST /session/9121a2ca98e2354e571faef472bc182a/element/581511a8-2a7c-4215-94d4-f9b1794bf8c9/click HTTP/1.1
User-Agent: selenium/4.8.3 (java windows)
Content-Length: 50
Content-Type: application/json; charset=utf-8
host: localhost:44805
accept: */*

Response DefaultHttpResponse(decodeResult: success, version: HTTP/1.1)
HTTP/1.1 200 OK
Content-Length: 14
Content-Type: application/json; charset=utf-8
cache-control: no-cache

[DEBUG] Adding key: http://localhost:44805 for channel [id: 0xc32de353, L:/127.0.0.1:52821 - R:localhost/127.0.0.1:44805]
[DEBUG] Using pooled Channel '[id: 0xc32de353, L:/127.0.0.1:52821 - R:localhost/127.0.0.1:44805]' for 'POST' to 'http://localhost:44805/session/9121a2ca98e2354e571faef472bc182a/element'
[DEBUG] Using open Channel [id: 0xc32de353, L:/127.0.0.1:52821 - R:localhost/127.0.0.1:44805] for POST '/session/9121a2ca98e2354e571faef472bc182a/element'
[DEBUG] 

Request DefaultHttpRequest(decodeResult: success, version: HTTP/1.1)
POST /session/9121a2ca98e2354e571faef472bc182a/element HTTP/1.1
User-Agent: selenium/4.8.3 (java windows)
Content-Length: 52
Content-Type: application/json; charset=utf-8
host: localhost:44805
accept: */*

Response DefaultHttpResponse(decodeResult: success, version: HTTP/1.1)
HTTP/1.1 500 Internal Server Error
Content-Length: 967
Content-Type: application/json; charset=utf-8
cache-control: no-cache

[DEBUG] Adding key: http://localhost:44805 for channel [id: 0xc32de353, L:/127.0.0.1:52821 - R:localhost/127.0.0.1:44805]
]]></system-out>
    <system-err><![CDATA[Starting ChromeDriver 112.0.5615.49 (bd2a7bcb881c11e8cfe3078709382934e3916914-refs/branch-heads/5615@{#936}) on port 44805
Only local connections are allowed.
Please see https://chromedriver.chromium.org/security-considerations for suggestions on keeping ChromeDriver safe.
ChromeDriver was started successfully.
Apr 22, 2023 4:13:46 PM org.openqa.selenium.devtools.CdpVersionFinder findNearestMatch
WARNING: Unable to find an exact match for CDP version 112, so returning the closest version found: 111
]]></system-err>
  </testcase>
</testsuite>