<?xml version="1.0" encoding="UTF-8"?>
<!-- Generated by org.testng.reporters.JUnitReportReporter -->
<testsuite hostname="LAPTOP-MBB97ED5" failures="0" tests="1" name="com.automationcode_19thMarch_2023.Facebook" time="2.830" errors="0" timestamp="2023-03-19T12:05:57 EDT" skipped="0">
  <testcase classname="com.automationcode_19thMarch_2023.Facebook" name="logIn" time="2.830"/>
  <system-out/>
</testsuite> <!-- com.automationcode_19thMarch_2023.Facebook -->
