<?xml version="1.0" encoding="UTF-8"?>
<!-- Generated by org.testng.reporters.JUnitReportReporter -->
<testsuite hostname="LAPTOP-MBB97ED5" failures="0" tests="3" name="learningTestNG.SeleniumCode" time="22.657" errors="0" timestamp="2023-03-12T12:39:18 EDT" skipped="1">
  <testcase classname="learningTestNG.SeleniumCode" name="loginWithValidCredentials" time="11.905"/>
  <system-out/>
  <testcase classname="learningTestNG.SeleniumCode" name="loginWithInvalidCredentials" time="10.752"/>
  <system-out/>
  <testcase classname="learningTestNG.SeleniumCode" name="loginWithoutCredentials">
    <skipped/>
  </testcase> <!-- loginWithoutCredentials -->
  <system-out/>
</testsuite> <!-- learningTestNG.SeleniumCode -->
