<?xml version="1.0" encoding="UTF-8"?>
<!-- Generated by org.testng.reporters.JUnitReportReporter -->
<testsuite hostname="LAPTOP-MBB97ED5" failures="0" tests="6" name="com.fileHandling_08thApril_2023.Rediff_TN_Login_ExcelSheet" time="23.060" errors="0" timestamp="2023-04-10T18:20:37 EDT" skipped="1">
  <testcase classname="com.fileHandling_08thApril_2023.Rediff_TN_Login_ExcelSheet" name="TNLogin" time="5.534"/>
  <system-out/>
  <testcase classname="com.fileHandling_08thApril_2023.Rediff_TN_Login_ExcelSheet" name="TNLogin" time="4.316"/>
  <system-out/>
  <testcase classname="com.fileHandling_08thApril_2023.Rediff_TN_Login_ExcelSheet" name="TNLogin" time="4.494"/>
  <system-out/>
  <testcase classname="com.fileHandling_08thApril_2023.Rediff_TN_Login_ExcelSheet" name="TNLogin" time="4.330"/>
  <system-out/>
  <testcase classname="com.fileHandling_08thApril_2023.Rediff_TN_Login_ExcelSheet" name="TNLogin" time="4.386"/>
  <system-out/>
  <testcase classname="com.fileHandling_08thApril_2023.Rediff_TN_Login_ExcelSheet" name="rediffLogin">
    <skipped/>
  </testcase> <!-- rediffLogin -->
  <system-out/>
</testsuite> <!-- com.fileHandling_08thApril_2023.Rediff_TN_Login_ExcelSheet -->
