<?xml version="1.0" encoding="UTF-8"?>
<!-- Generated by org.testng.reporters.JUnitReportReporter -->
<testsuite hostname="LAPTOP-MBB97ED5" failures="0" tests="1" name="com.automationcode_25thMarch_2023.CSS_Rediff" time="7.147" errors="0" timestamp="2023-03-25T14:10:58 EDT" skipped="0">
  <testcase classname="com.automationcode_25thMarch_2023.CSS_Rediff" name="test" time="7.147"/>
  <system-out/>
</testsuite> <!-- com.automationcode_25thMarch_2023.CSS_Rediff -->
