<?xml version="1.0" encoding="UTF-8"?>
<!-- Generated by org.testng.reporters.JUnitReportReporter -->
<testsuite hostname="LAPTOP-MBB97ED5" failures="0" tests="5" name="com.fileHandling_08thApril_2023.RediffLogin_ExcelSheet" time="31.773" errors="0" timestamp="2023-04-10T17:58:25 EDT" skipped="0">
  <testcase classname="com.fileHandling_08thApril_2023.RediffLogin_ExcelSheet" name="rediffLogin" time="5.629"/>
  <system-out/>
  <testcase classname="com.fileHandling_08thApril_2023.RediffLogin_ExcelSheet" name="rediffLogin" time="5.426"/>
  <system-out/>
  <testcase classname="com.fileHandling_08thApril_2023.RediffLogin_ExcelSheet" name="rediffLogin" time="7.661"/>
  <system-out/>
  <testcase classname="com.fileHandling_08thApril_2023.RediffLogin_ExcelSheet" name="rediffLogin" time="5.729"/>
  <system-out/>
  <testcase classname="com.fileHandling_08thApril_2023.RediffLogin_ExcelSheet" name="rediffLogin" time="7.328"/>
  <system-out/>
</testsuite> <!-- com.fileHandling_08thApril_2023.RediffLogin_ExcelSheet -->
