<?xml version="1.0" encoding="UTF-8"?>
<!-- Generated by org.testng.reporters.JUnitReportReporter -->
<testsuite hostname="LAPTOP-MBB97ED5" failures="0" tests="1" name="com.automationcode_25thMarch_2023.BlogSpotDropdown" time="6.259" errors="0" timestamp="2023-03-26T19:12:47 EDT" skipped="0">
  <testcase classname="com.automationcode_25thMarch_2023.BlogSpotDropdown" name="demoTest" time="6.259"/>
  <system-out/>
</testsuite> <!-- com.automationcode_25thMarch_2023.BlogSpotDropdown -->
