<?xml version="1.0" encoding="UTF-8"?>
<!-- Generated by org.testng.reporters.JUnitReportReporter -->
<testsuite hostname="LAPTOP-MBB97ED5" failures="0" tests="1" name="com.fileHandling_08thApril_2023.Reading_From_Properties_File" time="5.657" errors="0" timestamp="2023-04-10T13:54:27 EDT" skipped="0">
  <testcase classname="com.fileHandling_08thApril_2023.Reading_From_Properties_File" name="TNLogin" time="5.657"/>
  <system-out/>
</testsuite> <!-- com.fileHandling_08thApril_2023.Reading_From_Properties_File -->
