<?xml version="1.0" encoding="UTF-8"?>
<!-- Generated by org.testng.reporters.JUnitReportReporter -->
<testsuite hostname="LAPTOP-MBB97ED5" failures="0" tests="1" name="com.automationcode_25thMarch_2023.Facebook_Dropdown" time="6.123" errors="0" timestamp="2023-03-26T18:24:41 EDT" skipped="0">
  <testcase classname="com.automationcode_25thMarch_2023.Facebook_Dropdown" name="dropDownTest" time="6.123"/>
  <system-out/>
</testsuite> <!-- com.automationcode_25thMarch_2023.Facebook_Dropdown -->
