<?xml version="1.0" encoding="UTF-8"?>
<!-- Generated by org.testng.reporters.JUnitReportReporter -->
<testsuite hostname="LAPTOP-MBB97ED5" failures="0" tests="1" name="com.automationcode_19thMarch_2023.IntroductionToXpath" time="4.684" errors="0" timestamp="2023-03-19T11:02:30 EDT" skipped="0">
  <testcase classname="com.automationcode_19thMarch_2023.IntroductionToXpath" name="clickOnSignInLink" time="4.684"/>
  <system-out/>
</testsuite> <!-- com.automationcode_19thMarch_2023.IntroductionToXpath -->
