<?xml version="1.0" encoding="UTF-8"?>
<!-- Generated by org.testng.reporters.JUnitReportReporter -->
<testsuite hostname="LAPTOP-MBB97ED5" failures="0" tests="1" name="com.testngcode_8thApr_2023.Parameterize_Rediff" time="10.969" errors="0" timestamp="2023-04-10T12:49:14 EDT" skipped="0">
  <testcase classname="com.testngcode_8thApr_2023.Parameterize_Rediff" name="rediffLogin" time="10.969"/>
  <system-out/>
</testsuite> <!-- com.testngcode_8thApr_2023.Parameterize_Rediff -->
