<?xml version="1.0" encoding="UTF-8"?>
<!-- Generated by org.testng.reporters.JUnitReportReporter -->
<testsuite hostname="LAPTOP-MBB97ED5" failures="0" tests="1" name="com.testng.assertion_2ndApril_2023.Soft_Assert_concept" time="0.010" errors="0" timestamp="2023-04-06T16:34:09 EDT" skipped="0">
  <testcase classname="com.testng.assertion_2ndApril_2023.Soft_Assert_concept" name="logicTest" time="0.010"/>
  <system-out/>
</testsuite> <!-- com.testng.assertion_2ndApril_2023.Soft_Assert_concept -->
