<?xml version="1.0" encoding="UTF-8"?>
<!-- Generated by org.testng.reporters.JUnitReportReporter -->
<testsuite hostname="LAPTOP-MBB97ED5" failures="0" tests="1" name="com.automationcode_08thApril_2023.TutorialNinjaRegisterTest" time="6.070" errors="0" timestamp="2023-04-09T15:31:00 EDT" skipped="0">
  <testcase classname="com.automationcode_08thApril_2023.TutorialNinjaRegisterTest" name="TNLogin" time="6.070"/>
  <system-out/>
</testsuite> <!-- com.automationcode_08thApril_2023.TutorialNinjaRegisterTest -->
