<?xml version="1.0" encoding="UTF-8"?>
<!-- Generated by org.testng.reporters.JUnitReportReporter -->
<testsuite hostname="LAPTOP-MBB97ED5" failures="0" tests="1" name="com.automationcode_01stApril_2023.Actioms_Mouse_keyboard" time="5.788" errors="0" timestamp="2023-04-01T14:07:30 EDT" skipped="0">
  <testcase classname="com.automationcode_01stApril_2023.Actioms_Mouse_keyboard" name="mouseActionsTest" time="5.788"/>
  <system-out/>
</testsuite> <!-- com.automationcode_01stApril_2023.Actioms_Mouse_keyboard -->
