<?xml version="1.0" encoding="UTF-8"?>
<!-- Generated by org.testng.reporters.JUnitReportReporter -->
<testsuite hostname="LAPTOP-MBB97ED5" failures="0" tests="4" name="com.automationcode_18thMarch_2023.classAssign" time="16.302" errors="0" timestamp="2023-03-18T12:31:48 EDT" skipped="0">
  <testcase classname="com.automationcode_18thMarch_2023.classAssign" name="clickOnMyAccount" time="2.800"/>
  <system-out/>
  <testcase classname="com.automationcode_18thMarch_2023.classAssign" name="clickOnLoginLink" time="4.321"/>
  <system-out/>
  <testcase classname="com.automationcode_18thMarch_2023.classAssign" name="enterLoginCredentials" time="4.252"/>
  <system-out/>
  <testcase classname="com.automationcode_18thMarch_2023.classAssign" name="clickOnLogoutLink" time="4.929"/>
  <system-out/>
</testsuite> <!-- com.automationcode_18thMarch_2023.classAssign -->
