<?xml version="1.0" encoding="UTF-8"?>
<!-- Generated by org.testng.reporters.JUnitReportReporter -->
<testsuite hostname="LAPTOP-MBB97ED5" failures="0" tests="2" name="com.automationcode_08thApril_2023.RediffLoginTest" time="12.065" errors="0" timestamp="2023-04-16T12:37:52 EDT" skipped="0">
  <testcase classname="com.automationcode_08thApril_2023.RediffLoginTest" name="rediffLogin" time="5.920"/>
  <system-out/>
  <testcase classname="com.automationcode_08thApril_2023.RediffLoginTest" name="TNLogin" time="6.145"/>
  <system-out/>
</testsuite> <!-- com.automationcode_08thApril_2023.RediffLoginTest -->
