<?xml version="1.0" encoding="UTF-8"?>
<!-- Generated by org.testng.reporters.JUnitReportReporter -->
<testsuite hostname="LAPTOP-MBB97ED5" failures="0" tests="7" name="com.automationcode_18thMarch_2023.InvocationCountUse" time="0.013" errors="0" timestamp="2023-03-18T12:29:37 EDT" skipped="0">
  <testcase classname="com.automationcode_18thMarch_2023.InvocationCountUse" name="sample3" time="0.001"/>
  <system-out/>
  <testcase classname="com.automationcode_18thMarch_2023.InvocationCountUse" name="sample3" time="0.001"/>
  <system-out/>
  <testcase classname="com.automationcode_18thMarch_2023.InvocationCountUse" name="sample3" time="0.001"/>
  <system-out/>
  <testcase classname="com.automationcode_18thMarch_2023.InvocationCountUse" name="sample3" time="0.000"/>
  <system-out/>
  <testcase classname="com.automationcode_18thMarch_2023.InvocationCountUse" name="sample1" time="0.007"/>
  <system-out/>
  <testcase classname="com.automationcode_18thMarch_2023.InvocationCountUse" name="sample3" time="0.001"/>
  <system-out/>
  <testcase classname="com.automationcode_18thMarch_2023.InvocationCountUse" name="sample2" time="0.002"/>
  <system-out/>
</testsuite> <!-- com.automationcode_18thMarch_2023.InvocationCountUse -->
