<?xml version="1.0" encoding="UTF-8"?>
<!-- Generated by org.testng.reporters.JUnitReportReporter -->
<testsuite hostname="LAPTOP-MBB97ED5" failures="0" tests="1" name="com.automationcode_15thApril_2023.TutorialsNinjaListenerLoginTest" time="7.604" errors="0" timestamp="2023-04-18T00:20:17 EDT" skipped="0">
  <testcase classname="com.automationcode_15thApril_2023.TutorialsNinjaListenerLoginTest" name="enterLoginCredentials" time="7.604"/>
  <system-out/>
</testsuite> <!-- com.automationcode_15thApril_2023.TutorialsNinjaListenerLoginTest -->
