<?xml version="1.0" encoding="UTF-8"?>
<!-- Generated by org.testng.reporters.JUnitReportReporter -->
<testsuite hostname="LAPTOP-MBB97ED5" failures="0" tests="1" name="com.automationcode_08thApril_2023.TutorialNinjaLoginTest" time="5.664" errors="0" timestamp="2023-04-16T12:38:47 EDT" skipped="0">
  <testcase classname="com.automationcode_08thApril_2023.TutorialNinjaLoginTest" name="TNLogin" time="5.664"/>
  <system-out/>
</testsuite> <!-- com.automationcode_08thApril_2023.TutorialNinjaLoginTest -->
