<?xml version="1.0" encoding="UTF-8"?>
<!-- Generated by org.testng.reporters.JUnitReportReporter -->
<testsuite hostname="LAPTOP-MBB97ED5" failures="0" tests="1" name="com.automationcode_25thMarch_2023.SelfPractice_Advanced_Xpath" time="4.454" errors="0" timestamp="2023-03-25T13:53:43 EDT" skipped="0">
  <testcase classname="com.automationcode_25thMarch_2023.SelfPractice_Advanced_Xpath" name="test" time="4.454"/>
  <system-out/>
</testsuite> <!-- com.automationcode_25thMarch_2023.SelfPractice_Advanced_Xpath -->
