<?xml version="1.0" encoding="UTF-8"?>
<!-- Generated by org.testng.reporters.JUnitReportReporter -->
<testsuite hostname="LAPTOP-MBB97ED5" failures="0" tests="3" name="learningTestNG.ImportanceOfBM_Test_AM" time="0.013" errors="0" timestamp="2023-03-12T11:54:13 EDT" skipped="0">
  <testcase classname="learningTestNG.ImportanceOfBM_Test_AM" name="testCase2" time="0.003"/>
  <system-out/>
  <testcase classname="learningTestNG.ImportanceOfBM_Test_AM" name="testCase3" time="0.003"/>
  <system-out/>
  <testcase classname="learningTestNG.ImportanceOfBM_Test_AM" name="testCase1" time="0.007"/>
  <system-out/>
</testsuite> <!-- learningTestNG.ImportanceOfBM_Test_AM -->
