<?xml version="1.0" encoding="UTF-8"?>
<!-- Generated by org.testng.reporters.JUnitReportReporter -->
<testsuite hostname="LAPTOP-MBB97ED5" failures="0" tests="2" name="com.automationcode_25thMarch_2023.Basic_Xpath_Revision" time="4.638" errors="0" timestamp="2023-03-26T19:03:39 EDT" skipped="0">
  <testcase classname="com.automationcode_25thMarch_2023.Basic_Xpath_Revision" name="tearDown" time="1.739"/>
  <system-out/>
  <testcase classname="com.automationcode_25thMarch_2023.Basic_Xpath_Revision" name="dropDowntest" time="2.899"/>
  <system-out/>
</testsuite> <!-- com.automationcode_25thMarch_2023.Basic_Xpath_Revision -->
