<?xml version="1.0" encoding="UTF-8"?>
<!-- Generated by org.testng.reporters.JUnitReportReporter -->
<testsuite hostname="LAPTOP-MBB97ED5" failures="0" tests="1" name="com.automationcode_01stApril_2023.Actions_keyboard" time="7.994" errors="0" timestamp="2023-04-01T14:32:08 EDT" skipped="0">
  <testcase classname="com.automationcode_01stApril_2023.Actions_keyboard" name="keyBoardActionsItems" time="7.994"/>
  <system-out/>
</testsuite> <!-- com.automationcode_01stApril_2023.Actions_keyboard -->
