<?xml version="1.0" encoding="UTF-8"?>
<!-- Generated by org.testng.reporters.JUnitReportReporter -->
<testsuite hostname="LAPTOP-MBB97ED5" failures="0" tests="1" name="com.automationcode_5thMarch_2023.RediffLogin" time="2.809" errors="0" timestamp="2023-03-08T19:51:16 EST" skipped="0">
  <testcase classname="com.automationcode_5thMarch_2023.RediffLogin" name="rediffTest" time="2.809"/>
  <system-out/>
</testsuite> <!-- com.automationcode_5thMarch_2023.RediffLogin -->
