<?xml version="1.0" encoding="UTF-8"?>
<!-- Generated by org.testng.reporters.JUnitReportReporter -->
<testsuite skipped="0" hostname="LAPTOP-MBB97ED5" name="com.automationcode_08thApril_2023.TutorialNinjaLoginTest" tests="1" failures="0" timestamp="22 Apr 2023 20:13:59 GMT" time="5.302" errors="0">
  <testcase name="TNLogin" time="5.302" classname="com.automationcode_08thApril_2023.TutorialNinjaLoginTest"/>
</testsuite> <!-- com.automationcode_08thApril_2023.TutorialNinjaLoginTest -->
