<?xml version="1.0" encoding="UTF-8"?>
<!-- Generated by org.testng.reporters.JUnitReportReporter -->
<testsuite skipped="0" hostname="LAPTOP-MBB97ED5" name="learningTestNG.ImportanceOfBM_Test_AM" tests="3" failures="0" timestamp="22 Apr 2023 20:13:59 GMT" time="0.000" errors="0">
  <testcase name="testCase2" time="0.000" classname="learningTestNG.ImportanceOfBM_Test_AM"/>
  <testcase name="testCase3" time="0.000" classname="learningTestNG.ImportanceOfBM_Test_AM"/>
  <testcase name="testCase1" time="0.000" classname="learningTestNG.ImportanceOfBM_Test_AM"/>
</testsuite> <!-- learningTestNG.ImportanceOfBM_Test_AM -->
