<?xml version="1.0" encoding="UTF-8"?>
<!-- Generated by org.testng.reporters.JUnitReportReporter -->
<testsuite skipped="0" hostname="LAPTOP-MBB97ED5" name="com.automationcode_ExtentReport_16thApril_2023.TNRegisterTest" tests="1" failures="0" timestamp="22 Apr 2023 20:13:59 GMT" time="17.199" errors="0">
  <testcase name="registerPage" time="17.199" classname="com.automationcode_ExtentReport_16thApril_2023.TNRegisterTest"/>
</testsuite> <!-- com.automationcode_ExtentReport_16thApril_2023.TNRegisterTest -->
