<?xml version="1.0" encoding="UTF-8"?>
<!-- Generated by org.testng.reporters.JUnitReportReporter -->
<testsuite skipped="0" hostname="LAPTOP-MBB97ED5" name="com.automationcode_25thMarch_2023.Facebook_Dropdown" tests="1" failures="0" timestamp="22 Apr 2023 20:13:59 GMT" time="4.460" errors="0">
  <testcase name="dropDownTest" time="4.460" classname="com.automationcode_25thMarch_2023.Facebook_Dropdown"/>
</testsuite> <!-- com.automationcode_25thMarch_2023.Facebook_Dropdown -->
