<?xml version="1.0" encoding="UTF-8"?>
<!-- Generated by org.testng.reporters.JUnitReportReporter -->
<testsuite skipped="0" hostname="LAPTOP-MBB97ED5" name="learningTestNG.ClaasAssignment_TN" tests="1" failures="0" timestamp="22 Apr 2023 20:13:59 GMT" time="12.173" errors="0">
  <testcase name="verification" time="12.173" classname="learningTestNG.ClaasAssignment_TN"/>
</testsuite> <!-- learningTestNG.ClaasAssignment_TN -->
