<?xml version="1.0" encoding="UTF-8"?>
<!-- Generated by org.testng.reporters.JUnitReportReporter -->
<testsuite skipped="0" hostname="LAPTOP-MBB97ED5" name="com.testngcode_9thApr_2023_Retry_Failed_TestCases.TNRediffTest" tests="1" failures="0" timestamp="22 Apr 2023 20:13:59 GMT" time="6.274" errors="0">
  <testcase name="rediffLogin" time="6.274" classname="com.testngcode_9thApr_2023_Retry_Failed_TestCases.TNRediffTest"/>
</testsuite> <!-- com.testngcode_9thApr_2023_Retry_Failed_TestCases.TNRediffTest -->
