<?xml version="1.0" encoding="UTF-8"?>
<!-- Generated by org.testng.reporters.JUnitReportReporter -->
<testsuite skipped="0" hostname="LAPTOP-MBB97ED5" name="com.automationcode_01stApril_2023.Actioms_Mouse_keyboard" tests="1" failures="0" timestamp="22 Apr 2023 20:13:59 GMT" time="6.082" errors="0">
  <testcase name="mouseActionsTest" time="6.082" classname="com.automationcode_01stApril_2023.Actioms_Mouse_keyboard"/>
</testsuite> <!-- com.automationcode_01stApril_2023.Actioms_Mouse_keyboard -->
