<?xml version="1.0" encoding="UTF-8"?>
<!-- Generated by org.testng.reporters.JUnitReportReporter -->
<testsuite skipped="0" hostname="LAPTOP-MBB97ED5" name="com.automationcode_25thMarch_2023.Advanced_Xpath" tests="1" failures="0" timestamp="22 Apr 2023 20:13:59 GMT" time="4.243" errors="0">
  <testcase name="testXpath" time="4.243" classname="com.automationcode_25thMarch_2023.Advanced_Xpath"/>
</testsuite> <!-- com.automationcode_25thMarch_2023.Advanced_Xpath -->
