<?xml version="1.0" encoding="UTF-8"?>
<!-- Generated by org.testng.reporters.JUnitReportReporter -->
<testsuite skipped="0" hostname="LAPTOP-MBB97ED5" name="com.automationcode_08thApril_2023.RediffLoginTest" tests="2" failures="0" timestamp="22 Apr 2023 20:13:59 GMT" time="11.912" errors="0">
  <testcase name="rediffLogin" time="6.168" classname="com.automationcode_08thApril_2023.RediffLoginTest"/>
  <testcase name="TNLogin" time="5.744" classname="com.automationcode_08thApril_2023.RediffLoginTest"/>
</testsuite> <!-- com.automationcode_08thApril_2023.RediffLoginTest -->
