<?xml version="1.0" encoding="UTF-8"?>
<!-- Generated by org.testng.reporters.JUnitReportReporter -->
<testsuite skipped="0" hostname="LAPTOP-MBB97ED5" name="com.automationcode_15thApril_2023.ApplyingInterfaceLogic" tests="1" failures="0" timestamp="22 Apr 2023 20:13:59 GMT" time="0.875" errors="0">
  <testcase name="test" time="0.875" classname="com.automationcode_15thApril_2023.ApplyingInterfaceLogic"/>
</testsuite> <!-- com.automationcode_15thApril_2023.ApplyingInterfaceLogic -->
