<?xml version="1.0" encoding="UTF-8"?>
<!-- Generated by org.testng.reporters.JUnitReportReporter -->
<testsuite skipped="0" hostname="LAPTOP-MBB97ED5" name="com.automationcode_19thMarch_2023.HomeWork_Xpath" tests="1" failures="0" timestamp="22 Apr 2023 20:13:59 GMT" time="1.981" errors="0">
  <testcase name="headerLinks" time="1.981" classname="com.automationcode_19thMarch_2023.HomeWork_Xpath"/>
</testsuite> <!-- com.automationcode_19thMarch_2023.HomeWork_Xpath -->
