<?xml version="1.0" encoding="UTF-8"?>
<!-- Generated by org.testng.reporters.JUnitReportReporter -->
<testsuite skipped="0" hostname="LAPTOP-MBB97ED5" name="com.automationcode_25thMarch_2023.Basic_Xpath_Revision" tests="1" failures="0" timestamp="22 Apr 2023 20:13:59 GMT" time="6.896" errors="0">
  <testcase name="demoTest" time="6.896" classname="com.automationcode_25thMarch_2023.Basic_Xpath_Revision"/>
</testsuite> <!-- com.automationcode_25thMarch_2023.Basic_Xpath_Revision -->
