<?xml version="1.0" encoding="UTF-8"?>
<!-- Generated by org.testng.reporters.JUnitReportReporter -->
<testsuite skipped="0" hostname="LAPTOP-MBB97ED5" name="com.automationcode_15thApril_2023.TutorialsNinjaListenerRegisterTest" tests="1" failures="0" timestamp="22 Apr 2023 20:13:59 GMT" time="16.132" errors="0">
  <testcase name="registerPage" time="16.132" classname="com.automationcode_15thApril_2023.TutorialsNinjaListenerRegisterTest"/>
</testsuite> <!-- com.automationcode_15thApril_2023.TutorialsNinjaListenerRegisterTest -->
